[2023-12-30T12:23:00.075+0500] {taskinstance.py:1159} INFO - Dependencies all met for dep_context=non-requeueable deps ti=<TaskInstance: KOH.data_ml manual__2023-12-30T07:21:58.394068+00:00 [queued]>
[2023-12-30T12:23:00.080+0500] {taskinstance.py:1159} INFO - Dependencies all met for dep_context=requeueable deps ti=<TaskInstance: KOH.data_ml manual__2023-12-30T07:21:58.394068+00:00 [queued]>
[2023-12-30T12:23:00.080+0500] {taskinstance.py:1361} INFO - Starting attempt 1 of 2
[2023-12-30T12:23:00.097+0500] {taskinstance.py:1382} INFO - Executing <Task(BashOperator): data_ml> on 2023-12-30 07:21:58.394068+00:00
[2023-12-30T12:23:00.099+0500] {standard_task_runner.py:57} INFO - Started process 18759 to run task
[2023-12-30T12:23:00.103+0500] {standard_task_runner.py:84} INFO - Running: ['airflow', 'tasks', 'run', 'KOH', 'data_ml', 'manual__2023-12-30T07:21:58.394068+00:00', '--job-id', '308', '--raw', '--subdir', 'DAGS_FOLDER/text.py', '--cfg-path', '/tmp/tmpmcwo9h_3']
[2023-12-30T12:23:00.104+0500] {standard_task_runner.py:85} INFO - Job 308: Subtask data_ml
[2023-12-30T12:23:00.137+0500] {task_command.py:416} INFO - Running <TaskInstance: KOH.data_ml manual__2023-12-30T07:21:58.394068+00:00 [running]> on host vm2.myguest.virtualbox.org
[2023-12-30T12:23:00.223+0500] {taskinstance.py:1662} INFO - Exporting env vars: AIRFLOW_CTX_DAG_OWNER='Admin' AIRFLOW_CTX_DAG_ID='KOH' AIRFLOW_CTX_TASK_ID='data_ml' AIRFLOW_CTX_EXECUTION_DATE='2023-12-30T07:21:58.394068+00:00' AIRFLOW_CTX_TRY_NUMBER='1' AIRFLOW_CTX_DAG_RUN_ID='manual__2023-12-30T07:21:58.394068+00:00'
[2023-12-30T12:23:00.224+0500] {subprocess.py:63} INFO - Tmp dir root location: /tmp
[2023-12-30T12:23:00.225+0500] {subprocess.py:75} INFO - Running command: ['/usr/bin/bash', '-c', 'cd /home/kda/ML_lab3/MLops_lab3/ && python /home/kda/ML_lab3/MLops_lab3/scripts/model_learn.py']
[2023-12-30T12:23:00.232+0500] {subprocess.py:86} INFO - Output:
[2023-12-30T12:23:10.192+0500] {subprocess.py:93} INFO - Registered model 'tree' already exists. Creating a new version of this model...
[2023-12-30T12:23:10.302+0500] {subprocess.py:93} INFO - 2023/12/30 12:23:10 INFO mlflow.store.model_registry.abstract_store: Waiting up to 300 seconds for model version to finish creation. Model name: tree, version 55
[2023-12-30T12:23:10.302+0500] {subprocess.py:93} INFO - Created version '55' of model 'tree'.
[2023-12-30T12:23:14.018+0500] {subprocess.py:93} INFO - /home/kda/ML_lab3/MLops_lab3/lab3/lib/python3.10/site-packages/_distutils_hack/__init__.py:18: UserWarning: Distutils was imported before Setuptools, but importing Setuptools also replaces the `distutils` module in `sys.modules`. This may lead to undesirable behaviors or errors. To avoid these issues, avoid using distutils directly, ensure that setuptools is installed in the traditional way (e.g. not an editable install), and/or make sure that setuptools is always imported before distutils.
[2023-12-30T12:23:14.018+0500] {subprocess.py:93} INFO -   warnings.warn(
[2023-12-30T12:23:14.018+0500] {subprocess.py:93} INFO - /home/kda/ML_lab3/MLops_lab3/lab3/lib/python3.10/site-packages/_distutils_hack/__init__.py:33: UserWarning: Setuptools is replacing distutils.
[2023-12-30T12:23:14.018+0500] {subprocess.py:93} INFO -   warnings.warn("Setuptools is replacing distutils.")
[2023-12-30T12:23:14.162+0500] {subprocess.py:93} INFO - Registered model 'tree' already exists. Creating a new version of this model...
[2023-12-30T12:23:14.328+0500] {subprocess.py:93} INFO - 2023/12/30 12:23:14 INFO mlflow.store.model_registry.abstract_store: Waiting up to 300 seconds for model version to finish creation. Model name: tree, version 56
[2023-12-30T12:23:14.328+0500] {subprocess.py:93} INFO - Created version '56' of model 'tree'.
[2023-12-30T12:23:17.286+0500] {subprocess.py:93} INFO - /home/kda/ML_lab3/MLops_lab3/lab3/lib/python3.10/site-packages/_distutils_hack/__init__.py:18: UserWarning: Distutils was imported before Setuptools, but importing Setuptools also replaces the `distutils` module in `sys.modules`. This may lead to undesirable behaviors or errors. To avoid these issues, avoid using distutils directly, ensure that setuptools is installed in the traditional way (e.g. not an editable install), and/or make sure that setuptools is always imported before distutils.
[2023-12-30T12:23:17.287+0500] {subprocess.py:93} INFO -   warnings.warn(
[2023-12-30T12:23:17.288+0500] {subprocess.py:93} INFO - /home/kda/ML_lab3/MLops_lab3/lab3/lib/python3.10/site-packages/_distutils_hack/__init__.py:33: UserWarning: Setuptools is replacing distutils.
[2023-12-30T12:23:17.288+0500] {subprocess.py:93} INFO -   warnings.warn("Setuptools is replacing distutils.")
[2023-12-30T12:23:17.362+0500] {subprocess.py:93} INFO - Registered model 'tree' already exists. Creating a new version of this model...
[2023-12-30T12:23:17.439+0500] {subprocess.py:93} INFO - 2023/12/30 12:23:17 INFO mlflow.store.model_registry.abstract_store: Waiting up to 300 seconds for model version to finish creation. Model name: tree, version 57
[2023-12-30T12:23:17.440+0500] {subprocess.py:93} INFO - Created version '57' of model 'tree'.
[2023-12-30T12:23:19.435+0500] {subprocess.py:93} INFO - /home/kda/ML_lab3/MLops_lab3/lab3/lib/python3.10/site-packages/_distutils_hack/__init__.py:18: UserWarning: Distutils was imported before Setuptools, but importing Setuptools also replaces the `distutils` module in `sys.modules`. This may lead to undesirable behaviors or errors. To avoid these issues, avoid using distutils directly, ensure that setuptools is installed in the traditional way (e.g. not an editable install), and/or make sure that setuptools is always imported before distutils.
[2023-12-30T12:23:19.435+0500] {subprocess.py:93} INFO -   warnings.warn(
[2023-12-30T12:23:19.435+0500] {subprocess.py:93} INFO - /home/kda/ML_lab3/MLops_lab3/lab3/lib/python3.10/site-packages/_distutils_hack/__init__.py:33: UserWarning: Setuptools is replacing distutils.
[2023-12-30T12:23:19.436+0500] {subprocess.py:93} INFO -   warnings.warn("Setuptools is replacing distutils.")
[2023-12-30T12:23:19.476+0500] {subprocess.py:93} INFO - Registered model 'tree' already exists. Creating a new version of this model...
[2023-12-30T12:23:19.504+0500] {subprocess.py:93} INFO - 2023/12/30 12:23:19 INFO mlflow.store.model_registry.abstract_store: Waiting up to 300 seconds for model version to finish creation. Model name: tree, version 58
[2023-12-30T12:23:19.504+0500] {subprocess.py:93} INFO - Created version '58' of model 'tree'.
[2023-12-30T12:23:21.300+0500] {subprocess.py:93} INFO - /home/kda/ML_lab3/MLops_lab3/lab3/lib/python3.10/site-packages/_distutils_hack/__init__.py:18: UserWarning: Distutils was imported before Setuptools, but importing Setuptools also replaces the `distutils` module in `sys.modules`. This may lead to undesirable behaviors or errors. To avoid these issues, avoid using distutils directly, ensure that setuptools is installed in the traditional way (e.g. not an editable install), and/or make sure that setuptools is always imported before distutils.
[2023-12-30T12:23:21.301+0500] {subprocess.py:93} INFO -   warnings.warn(
[2023-12-30T12:23:21.301+0500] {subprocess.py:93} INFO - /home/kda/ML_lab3/MLops_lab3/lab3/lib/python3.10/site-packages/_distutils_hack/__init__.py:33: UserWarning: Setuptools is replacing distutils.
[2023-12-30T12:23:21.301+0500] {subprocess.py:93} INFO -   warnings.warn("Setuptools is replacing distutils.")
[2023-12-30T12:23:21.337+0500] {subprocess.py:93} INFO - Registered model 'tree' already exists. Creating a new version of this model...
[2023-12-30T12:23:21.366+0500] {subprocess.py:93} INFO - 2023/12/30 12:23:21 INFO mlflow.store.model_registry.abstract_store: Waiting up to 300 seconds for model version to finish creation. Model name: tree, version 59
[2023-12-30T12:23:21.366+0500] {subprocess.py:93} INFO - Created version '59' of model 'tree'.
[2023-12-30T12:23:23.162+0500] {subprocess.py:93} INFO - /home/kda/ML_lab3/MLops_lab3/lab3/lib/python3.10/site-packages/_distutils_hack/__init__.py:18: UserWarning: Distutils was imported before Setuptools, but importing Setuptools also replaces the `distutils` module in `sys.modules`. This may lead to undesirable behaviors or errors. To avoid these issues, avoid using distutils directly, ensure that setuptools is installed in the traditional way (e.g. not an editable install), and/or make sure that setuptools is always imported before distutils.
[2023-12-30T12:23:23.162+0500] {subprocess.py:93} INFO -   warnings.warn(
[2023-12-30T12:23:23.162+0500] {subprocess.py:93} INFO - /home/kda/ML_lab3/MLops_lab3/lab3/lib/python3.10/site-packages/_distutils_hack/__init__.py:33: UserWarning: Setuptools is replacing distutils.
[2023-12-30T12:23:23.162+0500] {subprocess.py:93} INFO -   warnings.warn("Setuptools is replacing distutils.")
[2023-12-30T12:23:23.198+0500] {subprocess.py:93} INFO - Registered model 'tree' already exists. Creating a new version of this model...
[2023-12-30T12:23:23.235+0500] {subprocess.py:93} INFO - 2023/12/30 12:23:23 INFO mlflow.store.model_registry.abstract_store: Waiting up to 300 seconds for model version to finish creation. Model name: tree, version 60
[2023-12-30T12:23:23.236+0500] {subprocess.py:93} INFO - Created version '60' of model 'tree'.
[2023-12-30T12:23:25.775+0500] {subprocess.py:93} INFO - /home/kda/ML_lab3/MLops_lab3/lab3/lib/python3.10/site-packages/_distutils_hack/__init__.py:18: UserWarning: Distutils was imported before Setuptools, but importing Setuptools also replaces the `distutils` module in `sys.modules`. This may lead to undesirable behaviors or errors. To avoid these issues, avoid using distutils directly, ensure that setuptools is installed in the traditional way (e.g. not an editable install), and/or make sure that setuptools is always imported before distutils.
[2023-12-30T12:23:25.775+0500] {subprocess.py:93} INFO -   warnings.warn(
[2023-12-30T12:23:25.775+0500] {subprocess.py:93} INFO - /home/kda/ML_lab3/MLops_lab3/lab3/lib/python3.10/site-packages/_distutils_hack/__init__.py:33: UserWarning: Setuptools is replacing distutils.
[2023-12-30T12:23:25.775+0500] {subprocess.py:93} INFO -   warnings.warn("Setuptools is replacing distutils.")
[2023-12-30T12:23:25.812+0500] {subprocess.py:93} INFO - Registered model 'tree' already exists. Creating a new version of this model...
[2023-12-30T12:23:25.845+0500] {subprocess.py:93} INFO - 2023/12/30 12:23:25 INFO mlflow.store.model_registry.abstract_store: Waiting up to 300 seconds for model version to finish creation. Model name: tree, version 61
[2023-12-30T12:23:25.845+0500] {subprocess.py:93} INFO - Created version '61' of model 'tree'.
[2023-12-30T12:23:27.518+0500] {subprocess.py:93} INFO - /home/kda/ML_lab3/MLops_lab3/lab3/lib/python3.10/site-packages/_distutils_hack/__init__.py:18: UserWarning: Distutils was imported before Setuptools, but importing Setuptools also replaces the `distutils` module in `sys.modules`. This may lead to undesirable behaviors or errors. To avoid these issues, avoid using distutils directly, ensure that setuptools is installed in the traditional way (e.g. not an editable install), and/or make sure that setuptools is always imported before distutils.
[2023-12-30T12:23:27.518+0500] {subprocess.py:93} INFO -   warnings.warn(
[2023-12-30T12:23:27.518+0500] {subprocess.py:93} INFO - /home/kda/ML_lab3/MLops_lab3/lab3/lib/python3.10/site-packages/_distutils_hack/__init__.py:33: UserWarning: Setuptools is replacing distutils.
[2023-12-30T12:23:27.519+0500] {subprocess.py:93} INFO -   warnings.warn("Setuptools is replacing distutils.")
[2023-12-30T12:23:27.552+0500] {subprocess.py:93} INFO - Registered model 'tree' already exists. Creating a new version of this model...
[2023-12-30T12:23:28.945+0500] {subprocess.py:93} INFO - 2023/12/30 12:23:28 INFO mlflow.store.model_registry.abstract_store: Waiting up to 300 seconds for model version to finish creation. Model name: tree, version 62
[2023-12-30T12:23:28.945+0500] {subprocess.py:93} INFO - Created version '62' of model 'tree'.
[2023-12-30T12:23:30.541+0500] {subprocess.py:93} INFO - /home/kda/ML_lab3/MLops_lab3/lab3/lib/python3.10/site-packages/_distutils_hack/__init__.py:18: UserWarning: Distutils was imported before Setuptools, but importing Setuptools also replaces the `distutils` module in `sys.modules`. This may lead to undesirable behaviors or errors. To avoid these issues, avoid using distutils directly, ensure that setuptools is installed in the traditional way (e.g. not an editable install), and/or make sure that setuptools is always imported before distutils.
[2023-12-30T12:23:30.542+0500] {subprocess.py:93} INFO -   warnings.warn(
[2023-12-30T12:23:30.542+0500] {subprocess.py:93} INFO - /home/kda/ML_lab3/MLops_lab3/lab3/lib/python3.10/site-packages/_distutils_hack/__init__.py:33: UserWarning: Setuptools is replacing distutils.
[2023-12-30T12:23:30.542+0500] {subprocess.py:93} INFO -   warnings.warn("Setuptools is replacing distutils.")
[2023-12-30T12:23:30.584+0500] {subprocess.py:93} INFO - Registered model 'tree' already exists. Creating a new version of this model...
[2023-12-30T12:23:30.609+0500] {subprocess.py:93} INFO - 2023/12/30 12:23:30 INFO mlflow.store.model_registry.abstract_store: Waiting up to 300 seconds for model version to finish creation. Model name: tree, version 63
[2023-12-30T12:23:30.609+0500] {subprocess.py:93} INFO - Created version '63' of model 'tree'.
[2023-12-30T12:23:32.254+0500] {subprocess.py:93} INFO - /home/kda/ML_lab3/MLops_lab3/lab3/lib/python3.10/site-packages/_distutils_hack/__init__.py:18: UserWarning: Distutils was imported before Setuptools, but importing Setuptools also replaces the `distutils` module in `sys.modules`. This may lead to undesirable behaviors or errors. To avoid these issues, avoid using distutils directly, ensure that setuptools is installed in the traditional way (e.g. not an editable install), and/or make sure that setuptools is always imported before distutils.
[2023-12-30T12:23:32.255+0500] {subprocess.py:93} INFO -   warnings.warn(
[2023-12-30T12:23:32.255+0500] {subprocess.py:93} INFO - /home/kda/ML_lab3/MLops_lab3/lab3/lib/python3.10/site-packages/_distutils_hack/__init__.py:33: UserWarning: Setuptools is replacing distutils.
[2023-12-30T12:23:32.255+0500] {subprocess.py:93} INFO -   warnings.warn("Setuptools is replacing distutils.")
[2023-12-30T12:23:32.290+0500] {subprocess.py:93} INFO - Registered model 'tree' already exists. Creating a new version of this model...
[2023-12-30T12:23:32.324+0500] {subprocess.py:93} INFO - 2023/12/30 12:23:32 INFO mlflow.store.model_registry.abstract_store: Waiting up to 300 seconds for model version to finish creation. Model name: tree, version 64
[2023-12-30T12:23:32.324+0500] {subprocess.py:93} INFO - Created version '64' of model 'tree'.
[2023-12-30T12:23:33.948+0500] {subprocess.py:93} INFO - /home/kda/ML_lab3/MLops_lab3/lab3/lib/python3.10/site-packages/_distutils_hack/__init__.py:18: UserWarning: Distutils was imported before Setuptools, but importing Setuptools also replaces the `distutils` module in `sys.modules`. This may lead to undesirable behaviors or errors. To avoid these issues, avoid using distutils directly, ensure that setuptools is installed in the traditional way (e.g. not an editable install), and/or make sure that setuptools is always imported before distutils.
[2023-12-30T12:23:33.948+0500] {subprocess.py:93} INFO -   warnings.warn(
[2023-12-30T12:23:33.948+0500] {subprocess.py:93} INFO - /home/kda/ML_lab3/MLops_lab3/lab3/lib/python3.10/site-packages/_distutils_hack/__init__.py:33: UserWarning: Setuptools is replacing distutils.
[2023-12-30T12:23:33.948+0500] {subprocess.py:93} INFO -   warnings.warn("Setuptools is replacing distutils.")
[2023-12-30T12:23:33.983+0500] {subprocess.py:93} INFO - Registered model 'tree' already exists. Creating a new version of this model...
[2023-12-30T12:23:34.011+0500] {subprocess.py:93} INFO - 2023/12/30 12:23:34 INFO mlflow.store.model_registry.abstract_store: Waiting up to 300 seconds for model version to finish creation. Model name: tree, version 65
[2023-12-30T12:23:34.011+0500] {subprocess.py:93} INFO - Created version '65' of model 'tree'.
[2023-12-30T12:23:35.858+0500] {subprocess.py:93} INFO - /home/kda/ML_lab3/MLops_lab3/lab3/lib/python3.10/site-packages/_distutils_hack/__init__.py:18: UserWarning: Distutils was imported before Setuptools, but importing Setuptools also replaces the `distutils` module in `sys.modules`. This may lead to undesirable behaviors or errors. To avoid these issues, avoid using distutils directly, ensure that setuptools is installed in the traditional way (e.g. not an editable install), and/or make sure that setuptools is always imported before distutils.
[2023-12-30T12:23:35.859+0500] {subprocess.py:93} INFO -   warnings.warn(
[2023-12-30T12:23:35.860+0500] {subprocess.py:93} INFO - /home/kda/ML_lab3/MLops_lab3/lab3/lib/python3.10/site-packages/_distutils_hack/__init__.py:33: UserWarning: Setuptools is replacing distutils.
[2023-12-30T12:23:35.860+0500] {subprocess.py:93} INFO -   warnings.warn("Setuptools is replacing distutils.")
[2023-12-30T12:23:35.902+0500] {subprocess.py:93} INFO - Registered model 'tree' already exists. Creating a new version of this model...
[2023-12-30T12:23:35.938+0500] {subprocess.py:93} INFO - 2023/12/30 12:23:35 INFO mlflow.store.model_registry.abstract_store: Waiting up to 300 seconds for model version to finish creation. Model name: tree, version 66
[2023-12-30T12:23:35.938+0500] {subprocess.py:93} INFO - Created version '66' of model 'tree'.
[2023-12-30T12:23:39.588+0500] {subprocess.py:93} INFO - /home/kda/ML_lab3/MLops_lab3/lab3/lib/python3.10/site-packages/_distutils_hack/__init__.py:18: UserWarning: Distutils was imported before Setuptools, but importing Setuptools also replaces the `distutils` module in `sys.modules`. This may lead to undesirable behaviors or errors. To avoid these issues, avoid using distutils directly, ensure that setuptools is installed in the traditional way (e.g. not an editable install), and/or make sure that setuptools is always imported before distutils.
[2023-12-30T12:23:39.588+0500] {subprocess.py:93} INFO -   warnings.warn(
[2023-12-30T12:23:39.589+0500] {subprocess.py:93} INFO - /home/kda/ML_lab3/MLops_lab3/lab3/lib/python3.10/site-packages/_distutils_hack/__init__.py:33: UserWarning: Setuptools is replacing distutils.
[2023-12-30T12:23:39.589+0500] {subprocess.py:93} INFO -   warnings.warn("Setuptools is replacing distutils.")
[2023-12-30T12:23:39.661+0500] {subprocess.py:93} INFO - Registered model 'tree' already exists. Creating a new version of this model...
[2023-12-30T12:23:39.697+0500] {subprocess.py:93} INFO - 2023/12/30 12:23:39 INFO mlflow.store.model_registry.abstract_store: Waiting up to 300 seconds for model version to finish creation. Model name: tree, version 67
[2023-12-30T12:23:39.698+0500] {subprocess.py:93} INFO - Created version '67' of model 'tree'.
[2023-12-30T12:23:41.449+0500] {subprocess.py:93} INFO - /home/kda/ML_lab3/MLops_lab3/lab3/lib/python3.10/site-packages/_distutils_hack/__init__.py:18: UserWarning: Distutils was imported before Setuptools, but importing Setuptools also replaces the `distutils` module in `sys.modules`. This may lead to undesirable behaviors or errors. To avoid these issues, avoid using distutils directly, ensure that setuptools is installed in the traditional way (e.g. not an editable install), and/or make sure that setuptools is always imported before distutils.
[2023-12-30T12:23:41.450+0500] {subprocess.py:93} INFO -   warnings.warn(
[2023-12-30T12:23:41.450+0500] {subprocess.py:93} INFO - /home/kda/ML_lab3/MLops_lab3/lab3/lib/python3.10/site-packages/_distutils_hack/__init__.py:33: UserWarning: Setuptools is replacing distutils.
[2023-12-30T12:23:41.450+0500] {subprocess.py:93} INFO -   warnings.warn("Setuptools is replacing distutils.")
[2023-12-30T12:23:41.486+0500] {subprocess.py:93} INFO - Registered model 'tree' already exists. Creating a new version of this model...
[2023-12-30T12:23:41.515+0500] {subprocess.py:93} INFO - 2023/12/30 12:23:41 INFO mlflow.store.model_registry.abstract_store: Waiting up to 300 seconds for model version to finish creation. Model name: tree, version 68
[2023-12-30T12:23:41.515+0500] {subprocess.py:93} INFO - Created version '68' of model 'tree'.
[2023-12-30T12:23:43.275+0500] {subprocess.py:93} INFO - /home/kda/ML_lab3/MLops_lab3/lab3/lib/python3.10/site-packages/_distutils_hack/__init__.py:18: UserWarning: Distutils was imported before Setuptools, but importing Setuptools also replaces the `distutils` module in `sys.modules`. This may lead to undesirable behaviors or errors. To avoid these issues, avoid using distutils directly, ensure that setuptools is installed in the traditional way (e.g. not an editable install), and/or make sure that setuptools is always imported before distutils.
[2023-12-30T12:23:43.275+0500] {subprocess.py:93} INFO -   warnings.warn(
[2023-12-30T12:23:43.275+0500] {subprocess.py:93} INFO - /home/kda/ML_lab3/MLops_lab3/lab3/lib/python3.10/site-packages/_distutils_hack/__init__.py:33: UserWarning: Setuptools is replacing distutils.
[2023-12-30T12:23:43.275+0500] {subprocess.py:93} INFO -   warnings.warn("Setuptools is replacing distutils.")
[2023-12-30T12:23:43.348+0500] {subprocess.py:93} INFO - Registered model 'tree' already exists. Creating a new version of this model...
[2023-12-30T12:23:43.385+0500] {subprocess.py:93} INFO - 2023/12/30 12:23:43 INFO mlflow.store.model_registry.abstract_store: Waiting up to 300 seconds for model version to finish creation. Model name: tree, version 69
[2023-12-30T12:23:43.385+0500] {subprocess.py:93} INFO - Created version '69' of model 'tree'.
[2023-12-30T12:23:45.014+0500] {subprocess.py:93} INFO - /home/kda/ML_lab3/MLops_lab3/lab3/lib/python3.10/site-packages/_distutils_hack/__init__.py:18: UserWarning: Distutils was imported before Setuptools, but importing Setuptools also replaces the `distutils` module in `sys.modules`. This may lead to undesirable behaviors or errors. To avoid these issues, avoid using distutils directly, ensure that setuptools is installed in the traditional way (e.g. not an editable install), and/or make sure that setuptools is always imported before distutils.
[2023-12-30T12:23:45.014+0500] {subprocess.py:93} INFO -   warnings.warn(
[2023-12-30T12:23:45.014+0500] {subprocess.py:93} INFO - /home/kda/ML_lab3/MLops_lab3/lab3/lib/python3.10/site-packages/_distutils_hack/__init__.py:33: UserWarning: Setuptools is replacing distutils.
[2023-12-30T12:23:45.014+0500] {subprocess.py:93} INFO -   warnings.warn("Setuptools is replacing distutils.")
[2023-12-30T12:23:45.077+0500] {subprocess.py:93} INFO - Registered model 'tree' already exists. Creating a new version of this model...
[2023-12-30T12:23:45.112+0500] {subprocess.py:93} INFO - 2023/12/30 12:23:45 INFO mlflow.store.model_registry.abstract_store: Waiting up to 300 seconds for model version to finish creation. Model name: tree, version 70
[2023-12-30T12:23:45.113+0500] {subprocess.py:93} INFO - Created version '70' of model 'tree'.
[2023-12-30T12:23:46.931+0500] {subprocess.py:93} INFO - /home/kda/ML_lab3/MLops_lab3/lab3/lib/python3.10/site-packages/_distutils_hack/__init__.py:18: UserWarning: Distutils was imported before Setuptools, but importing Setuptools also replaces the `distutils` module in `sys.modules`. This may lead to undesirable behaviors or errors. To avoid these issues, avoid using distutils directly, ensure that setuptools is installed in the traditional way (e.g. not an editable install), and/or make sure that setuptools is always imported before distutils.
[2023-12-30T12:23:46.932+0500] {subprocess.py:93} INFO -   warnings.warn(
[2023-12-30T12:23:46.932+0500] {subprocess.py:93} INFO - /home/kda/ML_lab3/MLops_lab3/lab3/lib/python3.10/site-packages/_distutils_hack/__init__.py:33: UserWarning: Setuptools is replacing distutils.
[2023-12-30T12:23:46.932+0500] {subprocess.py:93} INFO -   warnings.warn("Setuptools is replacing distutils.")
[2023-12-30T12:23:47.001+0500] {subprocess.py:93} INFO - Registered model 'tree' already exists. Creating a new version of this model...
[2023-12-30T12:23:47.053+0500] {subprocess.py:93} INFO - 2023/12/30 12:23:47 INFO mlflow.store.model_registry.abstract_store: Waiting up to 300 seconds for model version to finish creation. Model name: tree, version 71
[2023-12-30T12:23:47.053+0500] {subprocess.py:93} INFO - Created version '71' of model 'tree'.
[2023-12-30T12:23:48.904+0500] {subprocess.py:93} INFO - /home/kda/ML_lab3/MLops_lab3/lab3/lib/python3.10/site-packages/_distutils_hack/__init__.py:18: UserWarning: Distutils was imported before Setuptools, but importing Setuptools also replaces the `distutils` module in `sys.modules`. This may lead to undesirable behaviors or errors. To avoid these issues, avoid using distutils directly, ensure that setuptools is installed in the traditional way (e.g. not an editable install), and/or make sure that setuptools is always imported before distutils.
[2023-12-30T12:23:48.904+0500] {subprocess.py:93} INFO -   warnings.warn(
[2023-12-30T12:23:48.904+0500] {subprocess.py:93} INFO - /home/kda/ML_lab3/MLops_lab3/lab3/lib/python3.10/site-packages/_distutils_hack/__init__.py:33: UserWarning: Setuptools is replacing distutils.
[2023-12-30T12:23:48.904+0500] {subprocess.py:93} INFO -   warnings.warn("Setuptools is replacing distutils.")
[2023-12-30T12:23:48.941+0500] {subprocess.py:93} INFO - Registered model 'tree' already exists. Creating a new version of this model...
[2023-12-30T12:23:48.978+0500] {subprocess.py:93} INFO - 2023/12/30 12:23:48 INFO mlflow.store.model_registry.abstract_store: Waiting up to 300 seconds for model version to finish creation. Model name: tree, version 72
[2023-12-30T12:23:48.979+0500] {subprocess.py:93} INFO - Created version '72' of model 'tree'.
[2023-12-30T12:23:50.994+0500] {subprocess.py:93} INFO - /home/kda/ML_lab3/MLops_lab3/lab3/lib/python3.10/site-packages/_distutils_hack/__init__.py:18: UserWarning: Distutils was imported before Setuptools, but importing Setuptools also replaces the `distutils` module in `sys.modules`. This may lead to undesirable behaviors or errors. To avoid these issues, avoid using distutils directly, ensure that setuptools is installed in the traditional way (e.g. not an editable install), and/or make sure that setuptools is always imported before distutils.
[2023-12-30T12:23:50.994+0500] {subprocess.py:93} INFO -   warnings.warn(
[2023-12-30T12:23:50.994+0500] {subprocess.py:93} INFO - /home/kda/ML_lab3/MLops_lab3/lab3/lib/python3.10/site-packages/_distutils_hack/__init__.py:33: UserWarning: Setuptools is replacing distutils.
[2023-12-30T12:23:50.994+0500] {subprocess.py:93} INFO -   warnings.warn("Setuptools is replacing distutils.")
[2023-12-30T12:23:51.038+0500] {subprocess.py:93} INFO - Registered model 'tree' already exists. Creating a new version of this model...
[2023-12-30T12:23:51.067+0500] {subprocess.py:93} INFO - 2023/12/30 12:23:51 INFO mlflow.store.model_registry.abstract_store: Waiting up to 300 seconds for model version to finish creation. Model name: tree, version 73
[2023-12-30T12:23:51.067+0500] {subprocess.py:93} INFO - Created version '73' of model 'tree'.
[2023-12-30T12:23:52.706+0500] {subprocess.py:93} INFO - /home/kda/ML_lab3/MLops_lab3/lab3/lib/python3.10/site-packages/_distutils_hack/__init__.py:18: UserWarning: Distutils was imported before Setuptools, but importing Setuptools also replaces the `distutils` module in `sys.modules`. This may lead to undesirable behaviors or errors. To avoid these issues, avoid using distutils directly, ensure that setuptools is installed in the traditional way (e.g. not an editable install), and/or make sure that setuptools is always imported before distutils.
[2023-12-30T12:23:52.706+0500] {subprocess.py:93} INFO -   warnings.warn(
[2023-12-30T12:23:52.707+0500] {subprocess.py:93} INFO - /home/kda/ML_lab3/MLops_lab3/lab3/lib/python3.10/site-packages/_distutils_hack/__init__.py:33: UserWarning: Setuptools is replacing distutils.
[2023-12-30T12:23:52.707+0500] {subprocess.py:93} INFO -   warnings.warn("Setuptools is replacing distutils.")
[2023-12-30T12:23:52.749+0500] {subprocess.py:93} INFO - Registered model 'tree' already exists. Creating a new version of this model...
[2023-12-30T12:23:52.790+0500] {subprocess.py:93} INFO - 2023/12/30 12:23:52 INFO mlflow.store.model_registry.abstract_store: Waiting up to 300 seconds for model version to finish creation. Model name: tree, version 74
[2023-12-30T12:23:52.791+0500] {subprocess.py:93} INFO - Created version '74' of model 'tree'.
[2023-12-30T12:23:54.977+0500] {subprocess.py:93} INFO - /home/kda/ML_lab3/MLops_lab3/lab3/lib/python3.10/site-packages/_distutils_hack/__init__.py:18: UserWarning: Distutils was imported before Setuptools, but importing Setuptools also replaces the `distutils` module in `sys.modules`. This may lead to undesirable behaviors or errors. To avoid these issues, avoid using distutils directly, ensure that setuptools is installed in the traditional way (e.g. not an editable install), and/or make sure that setuptools is always imported before distutils.
[2023-12-30T12:23:54.978+0500] {subprocess.py:93} INFO -   warnings.warn(
[2023-12-30T12:23:54.978+0500] {subprocess.py:93} INFO - /home/kda/ML_lab3/MLops_lab3/lab3/lib/python3.10/site-packages/_distutils_hack/__init__.py:33: UserWarning: Setuptools is replacing distutils.
[2023-12-30T12:23:54.978+0500] {subprocess.py:93} INFO -   warnings.warn("Setuptools is replacing distutils.")
[2023-12-30T12:23:55.028+0500] {subprocess.py:93} INFO - Registered model 'tree' already exists. Creating a new version of this model...
[2023-12-30T12:23:55.073+0500] {subprocess.py:93} INFO - 2023/12/30 12:23:55 INFO mlflow.store.model_registry.abstract_store: Waiting up to 300 seconds for model version to finish creation. Model name: tree, version 75
[2023-12-30T12:23:55.073+0500] {subprocess.py:93} INFO - Created version '75' of model 'tree'.
[2023-12-30T12:23:57.089+0500] {subprocess.py:93} INFO - /home/kda/ML_lab3/MLops_lab3/lab3/lib/python3.10/site-packages/_distutils_hack/__init__.py:18: UserWarning: Distutils was imported before Setuptools, but importing Setuptools also replaces the `distutils` module in `sys.modules`. This may lead to undesirable behaviors or errors. To avoid these issues, avoid using distutils directly, ensure that setuptools is installed in the traditional way (e.g. not an editable install), and/or make sure that setuptools is always imported before distutils.
[2023-12-30T12:23:57.089+0500] {subprocess.py:93} INFO -   warnings.warn(
[2023-12-30T12:23:57.089+0500] {subprocess.py:93} INFO - /home/kda/ML_lab3/MLops_lab3/lab3/lib/python3.10/site-packages/_distutils_hack/__init__.py:33: UserWarning: Setuptools is replacing distutils.
[2023-12-30T12:23:57.089+0500] {subprocess.py:93} INFO -   warnings.warn("Setuptools is replacing distutils.")
[2023-12-30T12:23:57.121+0500] {subprocess.py:93} INFO - Registered model 'tree' already exists. Creating a new version of this model...
[2023-12-30T12:23:57.157+0500] {subprocess.py:93} INFO - 2023/12/30 12:23:57 INFO mlflow.store.model_registry.abstract_store: Waiting up to 300 seconds for model version to finish creation. Model name: tree, version 76
[2023-12-30T12:23:57.157+0500] {subprocess.py:93} INFO - Created version '76' of model 'tree'.
[2023-12-30T12:24:00.163+0500] {subprocess.py:93} INFO - /home/kda/ML_lab3/MLops_lab3/lab3/lib/python3.10/site-packages/_distutils_hack/__init__.py:18: UserWarning: Distutils was imported before Setuptools, but importing Setuptools also replaces the `distutils` module in `sys.modules`. This may lead to undesirable behaviors or errors. To avoid these issues, avoid using distutils directly, ensure that setuptools is installed in the traditional way (e.g. not an editable install), and/or make sure that setuptools is always imported before distutils.
[2023-12-30T12:24:00.163+0500] {subprocess.py:93} INFO -   warnings.warn(
[2023-12-30T12:24:00.163+0500] {subprocess.py:93} INFO - /home/kda/ML_lab3/MLops_lab3/lab3/lib/python3.10/site-packages/_distutils_hack/__init__.py:33: UserWarning: Setuptools is replacing distutils.
[2023-12-30T12:24:00.163+0500] {subprocess.py:93} INFO -   warnings.warn("Setuptools is replacing distutils.")
[2023-12-30T12:24:00.198+0500] {subprocess.py:93} INFO - Registered model 'tree' already exists. Creating a new version of this model...
[2023-12-30T12:24:00.230+0500] {subprocess.py:93} INFO - 2023/12/30 12:24:00 INFO mlflow.store.model_registry.abstract_store: Waiting up to 300 seconds for model version to finish creation. Model name: tree, version 77
[2023-12-30T12:24:00.230+0500] {subprocess.py:93} INFO - Created version '77' of model 'tree'.
[2023-12-30T12:24:02.300+0500] {subprocess.py:93} INFO - /home/kda/ML_lab3/MLops_lab3/lab3/lib/python3.10/site-packages/_distutils_hack/__init__.py:18: UserWarning: Distutils was imported before Setuptools, but importing Setuptools also replaces the `distutils` module in `sys.modules`. This may lead to undesirable behaviors or errors. To avoid these issues, avoid using distutils directly, ensure that setuptools is installed in the traditional way (e.g. not an editable install), and/or make sure that setuptools is always imported before distutils.
[2023-12-30T12:24:02.301+0500] {subprocess.py:93} INFO -   warnings.warn(
[2023-12-30T12:24:02.301+0500] {subprocess.py:93} INFO - /home/kda/ML_lab3/MLops_lab3/lab3/lib/python3.10/site-packages/_distutils_hack/__init__.py:33: UserWarning: Setuptools is replacing distutils.
[2023-12-30T12:24:02.301+0500] {subprocess.py:93} INFO -   warnings.warn("Setuptools is replacing distutils.")
[2023-12-30T12:24:02.375+0500] {subprocess.py:93} INFO - Registered model 'tree' already exists. Creating a new version of this model...
[2023-12-30T12:24:02.425+0500] {subprocess.py:93} INFO - 2023/12/30 12:24:02 INFO mlflow.store.model_registry.abstract_store: Waiting up to 300 seconds for model version to finish creation. Model name: tree, version 78
[2023-12-30T12:24:02.425+0500] {subprocess.py:93} INFO - Created version '78' of model 'tree'.
[2023-12-30T12:24:04.699+0500] {subprocess.py:93} INFO - /home/kda/ML_lab3/MLops_lab3/lab3/lib/python3.10/site-packages/_distutils_hack/__init__.py:18: UserWarning: Distutils was imported before Setuptools, but importing Setuptools also replaces the `distutils` module in `sys.modules`. This may lead to undesirable behaviors or errors. To avoid these issues, avoid using distutils directly, ensure that setuptools is installed in the traditional way (e.g. not an editable install), and/or make sure that setuptools is always imported before distutils.
[2023-12-30T12:24:04.700+0500] {subprocess.py:93} INFO -   warnings.warn(
[2023-12-30T12:24:04.705+0500] {subprocess.py:93} INFO - /home/kda/ML_lab3/MLops_lab3/lab3/lib/python3.10/site-packages/_distutils_hack/__init__.py:33: UserWarning: Setuptools is replacing distutils.
[2023-12-30T12:24:04.705+0500] {subprocess.py:93} INFO -   warnings.warn("Setuptools is replacing distutils.")
[2023-12-30T12:24:04.786+0500] {subprocess.py:93} INFO - Registered model 'tree' already exists. Creating a new version of this model...
[2023-12-30T12:24:04.854+0500] {subprocess.py:93} INFO - 2023/12/30 12:24:04 INFO mlflow.store.model_registry.abstract_store: Waiting up to 300 seconds for model version to finish creation. Model name: tree, version 79
[2023-12-30T12:24:04.855+0500] {subprocess.py:93} INFO - Created version '79' of model 'tree'.
[2023-12-30T12:24:07.033+0500] {subprocess.py:93} INFO - /home/kda/ML_lab3/MLops_lab3/lab3/lib/python3.10/site-packages/_distutils_hack/__init__.py:18: UserWarning: Distutils was imported before Setuptools, but importing Setuptools also replaces the `distutils` module in `sys.modules`. This may lead to undesirable behaviors or errors. To avoid these issues, avoid using distutils directly, ensure that setuptools is installed in the traditional way (e.g. not an editable install), and/or make sure that setuptools is always imported before distutils.
[2023-12-30T12:24:07.033+0500] {subprocess.py:93} INFO -   warnings.warn(
[2023-12-30T12:24:07.034+0500] {subprocess.py:93} INFO - /home/kda/ML_lab3/MLops_lab3/lab3/lib/python3.10/site-packages/_distutils_hack/__init__.py:33: UserWarning: Setuptools is replacing distutils.
[2023-12-30T12:24:07.034+0500] {subprocess.py:93} INFO -   warnings.warn("Setuptools is replacing distutils.")
[2023-12-30T12:24:07.084+0500] {subprocess.py:93} INFO - Registered model 'tree' already exists. Creating a new version of this model...
[2023-12-30T12:24:07.117+0500] {subprocess.py:93} INFO - 2023/12/30 12:24:07 INFO mlflow.store.model_registry.abstract_store: Waiting up to 300 seconds for model version to finish creation. Model name: tree, version 80
[2023-12-30T12:24:07.117+0500] {subprocess.py:93} INFO - Created version '80' of model 'tree'.
[2023-12-30T12:24:08.980+0500] {subprocess.py:93} INFO - /home/kda/ML_lab3/MLops_lab3/lab3/lib/python3.10/site-packages/_distutils_hack/__init__.py:18: UserWarning: Distutils was imported before Setuptools, but importing Setuptools also replaces the `distutils` module in `sys.modules`. This may lead to undesirable behaviors or errors. To avoid these issues, avoid using distutils directly, ensure that setuptools is installed in the traditional way (e.g. not an editable install), and/or make sure that setuptools is always imported before distutils.
[2023-12-30T12:24:08.980+0500] {subprocess.py:93} INFO -   warnings.warn(
[2023-12-30T12:24:08.980+0500] {subprocess.py:93} INFO - /home/kda/ML_lab3/MLops_lab3/lab3/lib/python3.10/site-packages/_distutils_hack/__init__.py:33: UserWarning: Setuptools is replacing distutils.
[2023-12-30T12:24:08.980+0500] {subprocess.py:93} INFO -   warnings.warn("Setuptools is replacing distutils.")
[2023-12-30T12:24:09.012+0500] {subprocess.py:93} INFO - Registered model 'tree' already exists. Creating a new version of this model...
[2023-12-30T12:24:09.041+0500] {subprocess.py:93} INFO - 2023/12/30 12:24:09 INFO mlflow.store.model_registry.abstract_store: Waiting up to 300 seconds for model version to finish creation. Model name: tree, version 81
[2023-12-30T12:24:09.041+0500] {subprocess.py:93} INFO - Created version '81' of model 'tree'.
[2023-12-30T12:24:09.082+0500] {subprocess.py:93} INFO - <class 'pandas.core.frame.DataFrame'>
[2023-12-30T12:24:09.082+0500] {subprocess.py:93} INFO - RangeIndex: 704 entries, 0 to 703
[2023-12-30T12:24:09.083+0500] {subprocess.py:93} INFO - Columns: 220 entries, Price (in USD) to i8
[2023-12-30T12:24:09.083+0500] {subprocess.py:93} INFO - dtypes: bool(212), float64(2), int64(6)
[2023-12-30T12:24:09.083+0500] {subprocess.py:93} INFO - memory usage: 189.9 KB
[2023-12-30T12:24:09.083+0500] {subprocess.py:93} INFO - {'max_depth': 10, 'max_features': 10, 'min_samples_leaf': 5}
[2023-12-30T12:24:09.083+0500] {subprocess.py:93} INFO - 0.15625
[2023-12-30T12:24:09.083+0500] {subprocess.py:93} INFO - {'max_depth': 10, 'max_features': 10, 'min_samples_leaf': 10}
[2023-12-30T12:24:09.083+0500] {subprocess.py:93} INFO - 0.032670454545454544
[2023-12-30T12:24:09.083+0500] {subprocess.py:93} INFO - {'max_depth': 10, 'max_features': 10, 'min_samples_leaf': 15}
[2023-12-30T12:24:09.083+0500] {subprocess.py:93} INFO - 0.10653409090909091
[2023-12-30T12:24:09.083+0500] {subprocess.py:93} INFO - {'max_depth': 10, 'max_features': 20, 'min_samples_leaf': 5}
[2023-12-30T12:24:09.083+0500] {subprocess.py:93} INFO - 0.23011363636363635
[2023-12-30T12:24:09.083+0500] {subprocess.py:93} INFO - {'max_depth': 10, 'max_features': 20, 'min_samples_leaf': 10}
[2023-12-30T12:24:09.083+0500] {subprocess.py:93} INFO - 0.1846590909090909
[2023-12-30T12:24:09.083+0500] {subprocess.py:93} INFO - {'max_depth': 10, 'max_features': 20, 'min_samples_leaf': 15}
[2023-12-30T12:24:09.083+0500] {subprocess.py:93} INFO - 0.05539772727272727
[2023-12-30T12:24:09.083+0500] {subprocess.py:93} INFO - {'max_depth': 10, 'max_features': 30, 'min_samples_leaf': 5}
[2023-12-30T12:24:09.083+0500] {subprocess.py:93} INFO - 0.20454545454545456
[2023-12-30T12:24:09.084+0500] {subprocess.py:93} INFO - {'max_depth': 10, 'max_features': 30, 'min_samples_leaf': 10}
[2023-12-30T12:24:09.084+0500] {subprocess.py:93} INFO - 0.19460227272727273
[2023-12-30T12:24:09.084+0500] {subprocess.py:93} INFO - {'max_depth': 10, 'max_features': 30, 'min_samples_leaf': 15}
[2023-12-30T12:24:09.084+0500] {subprocess.py:93} INFO - 0.203125
[2023-12-30T12:24:09.085+0500] {subprocess.py:93} INFO - {'max_depth': 20, 'max_features': 10, 'min_samples_leaf': 5}
[2023-12-30T12:24:09.085+0500] {subprocess.py:93} INFO - 0.19318181818181818
[2023-12-30T12:24:09.086+0500] {subprocess.py:93} INFO - {'max_depth': 20, 'max_features': 10, 'min_samples_leaf': 10}
[2023-12-30T12:24:09.086+0500] {subprocess.py:93} INFO - 0.032670454545454544
[2023-12-30T12:24:09.086+0500] {subprocess.py:93} INFO - {'max_depth': 20, 'max_features': 10, 'min_samples_leaf': 15}
[2023-12-30T12:24:09.086+0500] {subprocess.py:93} INFO - 0.14488636363636365
[2023-12-30T12:24:09.086+0500] {subprocess.py:93} INFO - {'max_depth': 20, 'max_features': 20, 'min_samples_leaf': 5}
[2023-12-30T12:24:09.086+0500] {subprocess.py:93} INFO - 0.2883522727272727
[2023-12-30T12:24:09.086+0500] {subprocess.py:93} INFO - {'max_depth': 20, 'max_features': 20, 'min_samples_leaf': 10}
[2023-12-30T12:24:09.086+0500] {subprocess.py:93} INFO - 0.24289772727272727
[2023-12-30T12:24:09.086+0500] {subprocess.py:93} INFO - {'max_depth': 20, 'max_features': 20, 'min_samples_leaf': 15}
[2023-12-30T12:24:09.086+0500] {subprocess.py:93} INFO - 0.05823863636363636
[2023-12-30T12:24:09.086+0500] {subprocess.py:93} INFO - {'max_depth': 20, 'max_features': 30, 'min_samples_leaf': 5}
[2023-12-30T12:24:09.086+0500] {subprocess.py:93} INFO - 0.2727272727272727
[2023-12-30T12:24:09.086+0500] {subprocess.py:93} INFO - {'max_depth': 20, 'max_features': 30, 'min_samples_leaf': 10}
[2023-12-30T12:24:09.086+0500] {subprocess.py:93} INFO - 0.3025568181818182
[2023-12-30T12:24:09.086+0500] {subprocess.py:93} INFO - {'max_depth': 20, 'max_features': 30, 'min_samples_leaf': 15}
[2023-12-30T12:24:09.086+0500] {subprocess.py:93} INFO - 0.12357954545454546
[2023-12-30T12:24:09.086+0500] {subprocess.py:93} INFO - {'max_depth': 30, 'max_features': 10, 'min_samples_leaf': 5}
[2023-12-30T12:24:09.087+0500] {subprocess.py:93} INFO - 0.29545454545454547
[2023-12-30T12:24:09.087+0500] {subprocess.py:93} INFO - {'max_depth': 30, 'max_features': 10, 'min_samples_leaf': 10}
[2023-12-30T12:24:09.087+0500] {subprocess.py:93} INFO - 0.17045454545454544
[2023-12-30T12:24:09.087+0500] {subprocess.py:93} INFO - {'max_depth': 30, 'max_features': 10, 'min_samples_leaf': 15}
[2023-12-30T12:24:09.087+0500] {subprocess.py:93} INFO - 0.08380681818181818
[2023-12-30T12:24:09.087+0500] {subprocess.py:93} INFO - {'max_depth': 30, 'max_features': 20, 'min_samples_leaf': 5}
[2023-12-30T12:24:09.087+0500] {subprocess.py:93} INFO - 0.3053977272727273
[2023-12-30T12:24:09.087+0500] {subprocess.py:93} INFO - {'max_depth': 30, 'max_features': 20, 'min_samples_leaf': 10}
[2023-12-30T12:24:09.087+0500] {subprocess.py:93} INFO - 0.31392045454545453
[2023-12-30T12:24:09.087+0500] {subprocess.py:93} INFO - {'max_depth': 30, 'max_features': 20, 'min_samples_leaf': 15}
[2023-12-30T12:24:09.087+0500] {subprocess.py:93} INFO - 0.1747159090909091
[2023-12-30T12:24:09.087+0500] {subprocess.py:93} INFO - {'max_depth': 30, 'max_features': 30, 'min_samples_leaf': 5}
[2023-12-30T12:24:09.087+0500] {subprocess.py:93} INFO - 0.4559659090909091
[2023-12-30T12:24:09.087+0500] {subprocess.py:93} INFO - {'max_depth': 30, 'max_features': 30, 'min_samples_leaf': 10}
[2023-12-30T12:24:09.087+0500] {subprocess.py:93} INFO - 0.296875
[2023-12-30T12:24:09.087+0500] {subprocess.py:93} INFO - {'max_depth': 30, 'max_features': 30, 'min_samples_leaf': 15}
[2023-12-30T12:24:09.087+0500] {subprocess.py:93} INFO - 0.18181818181818182
[2023-12-30T12:24:09.427+0500] {subprocess.py:97} INFO - Command exited with return code 0
[2023-12-30T12:24:09.450+0500] {taskinstance.py:1400} INFO - Marking task as SUCCESS. dag_id=KOH, task_id=data_ml, execution_date=20231230T072158, start_date=20231230T072300, end_date=20231230T072409
[2023-12-30T12:24:09.482+0500] {local_task_job_runner.py:228} INFO - Task exited with return code 0
[2023-12-30T12:24:09.491+0500] {taskinstance.py:2778} INFO - 1 downstream tasks scheduled from follow-on schedule check
