[2023-12-26T23:19:20.690+0500] {taskinstance.py:1159} INFO - Dependencies all met for dep_context=non-requeueable deps ti=<TaskInstance: KOH.data_ml manual__2023-12-26T18:18:39.374602+00:00 [queued]>
[2023-12-26T23:19:20.714+0500] {taskinstance.py:1159} INFO - Dependencies all met for dep_context=requeueable deps ti=<TaskInstance: KOH.data_ml manual__2023-12-26T18:18:39.374602+00:00 [queued]>
[2023-12-26T23:19:20.716+0500] {taskinstance.py:1361} INFO - Starting attempt 1 of 2
[2023-12-26T23:19:20.834+0500] {taskinstance.py:1382} INFO - Executing <Task(BashOperator): data_ml> on 2023-12-26 18:18:39.374602+00:00
[2023-12-26T23:19:20.843+0500] {standard_task_runner.py:57} INFO - Started process 12192 to run task
[2023-12-26T23:19:20.848+0500] {standard_task_runner.py:84} INFO - Running: ['airflow', 'tasks', 'run', 'KOH', 'data_ml', 'manual__2023-12-26T18:18:39.374602+00:00', '--job-id', '89', '--raw', '--subdir', 'DAGS_FOLDER/text.py', '--cfg-path', '/tmp/tmp13doamxe']
[2023-12-26T23:19:20.850+0500] {standard_task_runner.py:85} INFO - Job 89: Subtask data_ml
[2023-12-26T23:19:21.005+0500] {task_command.py:416} INFO - Running <TaskInstance: KOH.data_ml manual__2023-12-26T18:18:39.374602+00:00 [running]> on host vm2.myguest.virtualbox.org
[2023-12-26T23:19:21.190+0500] {taskinstance.py:1662} INFO - Exporting env vars: AIRFLOW_CTX_DAG_OWNER='Admin' AIRFLOW_CTX_DAG_ID='KOH' AIRFLOW_CTX_TASK_ID='data_ml' AIRFLOW_CTX_EXECUTION_DATE='2023-12-26T18:18:39.374602+00:00' AIRFLOW_CTX_TRY_NUMBER='1' AIRFLOW_CTX_DAG_RUN_ID='manual__2023-12-26T18:18:39.374602+00:00'
[2023-12-26T23:19:21.191+0500] {subprocess.py:63} INFO - Tmp dir root location: /tmp
[2023-12-26T23:19:21.193+0500] {subprocess.py:75} INFO - Running command: ['/usr/bin/bash', '-c', 'cd /home/kda/ML_lab3/MLops_lab3/ && python /home/kda/ML_lab3/MLops_lab3/scripts/model_learn.py']
[2023-12-26T23:19:21.212+0500] {subprocess.py:86} INFO - Output:
[2023-12-26T23:19:37.690+0500] {subprocess.py:93} INFO - Registered model 'lr' already exists. Creating a new version of this model...
[2023-12-26T23:19:37.841+0500] {subprocess.py:93} INFO - 2023/12/26 23:19:37 INFO mlflow.store.model_registry.abstract_store: Waiting up to 300 seconds for model version to finish creation. Model name: lr, version 8
[2023-12-26T23:19:37.842+0500] {subprocess.py:93} INFO - Created version '8' of model 'lr'.
[2023-12-26T23:19:38.110+0500] {subprocess.py:93} INFO - <class 'pandas.core.frame.DataFrame'>
[2023-12-26T23:19:38.111+0500] {subprocess.py:93} INFO - RangeIndex: 704 entries, 0 to 703
[2023-12-26T23:19:38.111+0500] {subprocess.py:93} INFO - Columns: 220 entries, Price (in USD) to i8
[2023-12-26T23:19:38.111+0500] {subprocess.py:93} INFO - dtypes: bool(212), float64(2), int64(6)
[2023-12-26T23:19:38.111+0500] {subprocess.py:93} INFO - memory usage: 189.9 KB
[2023-12-26T23:19:39.022+0500] {subprocess.py:97} INFO - Command exited with return code 0
[2023-12-26T23:19:39.069+0500] {taskinstance.py:1400} INFO - Marking task as SUCCESS. dag_id=KOH, task_id=data_ml, execution_date=20231226T181839, start_date=20231226T181920, end_date=20231226T181939
[2023-12-26T23:19:39.127+0500] {local_task_job_runner.py:228} INFO - Task exited with return code 0
[2023-12-26T23:19:39.171+0500] {taskinstance.py:2778} INFO - 0 downstream tasks scheduled from follow-on schedule check
