[2023-12-30T12:24:11.035+0500] {taskinstance.py:1159} INFO - Dependencies all met for dep_context=non-requeueable deps ti=<TaskInstance: KOH.data_ml manual__2023-12-30T07:21:58.394623+00:00 [queued]>
[2023-12-30T12:24:11.041+0500] {taskinstance.py:1159} INFO - Dependencies all met for dep_context=requeueable deps ti=<TaskInstance: KOH.data_ml manual__2023-12-30T07:21:58.394623+00:00 [queued]>
[2023-12-30T12:24:11.041+0500] {taskinstance.py:1361} INFO - Starting attempt 1 of 2
[2023-12-30T12:24:11.060+0500] {taskinstance.py:1382} INFO - Executing <Task(BashOperator): data_ml> on 2023-12-30 07:21:58.394623+00:00
[2023-12-30T12:24:11.063+0500] {standard_task_runner.py:57} INFO - Started process 19080 to run task
[2023-12-30T12:24:11.065+0500] {standard_task_runner.py:84} INFO - Running: ['airflow', 'tasks', 'run', 'KOH', 'data_ml', 'manual__2023-12-30T07:21:58.394623+00:00', '--job-id', '309', '--raw', '--subdir', 'DAGS_FOLDER/text.py', '--cfg-path', '/tmp/tmpzf1zom1g']
[2023-12-30T12:24:11.067+0500] {standard_task_runner.py:85} INFO - Job 309: Subtask data_ml
[2023-12-30T12:24:11.104+0500] {task_command.py:416} INFO - Running <TaskInstance: KOH.data_ml manual__2023-12-30T07:21:58.394623+00:00 [running]> on host vm2.myguest.virtualbox.org
[2023-12-30T12:24:11.171+0500] {taskinstance.py:1662} INFO - Exporting env vars: AIRFLOW_CTX_DAG_OWNER='Admin' AIRFLOW_CTX_DAG_ID='KOH' AIRFLOW_CTX_TASK_ID='data_ml' AIRFLOW_CTX_EXECUTION_DATE='2023-12-30T07:21:58.394623+00:00' AIRFLOW_CTX_TRY_NUMBER='1' AIRFLOW_CTX_DAG_RUN_ID='manual__2023-12-30T07:21:58.394623+00:00'
[2023-12-30T12:24:11.171+0500] {subprocess.py:63} INFO - Tmp dir root location: /tmp
[2023-12-30T12:24:11.172+0500] {subprocess.py:75} INFO - Running command: ['/usr/bin/bash', '-c', 'cd /home/kda/ML_lab3/MLops_lab3/ && python /home/kda/ML_lab3/MLops_lab3/scripts/model_learn.py']
[2023-12-30T12:24:11.178+0500] {subprocess.py:86} INFO - Output:
[2023-12-30T12:24:15.415+0500] {subprocess.py:93} INFO - Registered model 'tree' already exists. Creating a new version of this model...
[2023-12-30T12:24:15.444+0500] {subprocess.py:93} INFO - 2023/12/30 12:24:15 INFO mlflow.store.model_registry.abstract_store: Waiting up to 300 seconds for model version to finish creation. Model name: tree, version 82
[2023-12-30T12:24:15.445+0500] {subprocess.py:93} INFO - Created version '82' of model 'tree'.
[2023-12-30T12:24:17.067+0500] {subprocess.py:93} INFO - /home/kda/ML_lab3/MLops_lab3/lab3/lib/python3.10/site-packages/_distutils_hack/__init__.py:18: UserWarning: Distutils was imported before Setuptools, but importing Setuptools also replaces the `distutils` module in `sys.modules`. This may lead to undesirable behaviors or errors. To avoid these issues, avoid using distutils directly, ensure that setuptools is installed in the traditional way (e.g. not an editable install), and/or make sure that setuptools is always imported before distutils.
[2023-12-30T12:24:17.067+0500] {subprocess.py:93} INFO -   warnings.warn(
[2023-12-30T12:24:17.068+0500] {subprocess.py:93} INFO - /home/kda/ML_lab3/MLops_lab3/lab3/lib/python3.10/site-packages/_distutils_hack/__init__.py:33: UserWarning: Setuptools is replacing distutils.
[2023-12-30T12:24:17.068+0500] {subprocess.py:93} INFO -   warnings.warn("Setuptools is replacing distutils.")
[2023-12-30T12:24:17.107+0500] {subprocess.py:93} INFO - Registered model 'tree' already exists. Creating a new version of this model...
[2023-12-30T12:24:17.139+0500] {subprocess.py:93} INFO - 2023/12/30 12:24:17 INFO mlflow.store.model_registry.abstract_store: Waiting up to 300 seconds for model version to finish creation. Model name: tree, version 83
[2023-12-30T12:24:17.139+0500] {subprocess.py:93} INFO - Created version '83' of model 'tree'.
[2023-12-30T12:24:18.892+0500] {subprocess.py:93} INFO - /home/kda/ML_lab3/MLops_lab3/lab3/lib/python3.10/site-packages/_distutils_hack/__init__.py:18: UserWarning: Distutils was imported before Setuptools, but importing Setuptools also replaces the `distutils` module in `sys.modules`. This may lead to undesirable behaviors or errors. To avoid these issues, avoid using distutils directly, ensure that setuptools is installed in the traditional way (e.g. not an editable install), and/or make sure that setuptools is always imported before distutils.
[2023-12-30T12:24:18.892+0500] {subprocess.py:93} INFO -   warnings.warn(
[2023-12-30T12:24:18.892+0500] {subprocess.py:93} INFO - /home/kda/ML_lab3/MLops_lab3/lab3/lib/python3.10/site-packages/_distutils_hack/__init__.py:33: UserWarning: Setuptools is replacing distutils.
[2023-12-30T12:24:18.892+0500] {subprocess.py:93} INFO -   warnings.warn("Setuptools is replacing distutils.")
[2023-12-30T12:24:18.926+0500] {subprocess.py:93} INFO - Registered model 'tree' already exists. Creating a new version of this model...
[2023-12-30T12:24:18.955+0500] {subprocess.py:93} INFO - 2023/12/30 12:24:18 INFO mlflow.store.model_registry.abstract_store: Waiting up to 300 seconds for model version to finish creation. Model name: tree, version 84
[2023-12-30T12:24:18.955+0500] {subprocess.py:93} INFO - Created version '84' of model 'tree'.
[2023-12-30T12:24:20.749+0500] {subprocess.py:93} INFO - /home/kda/ML_lab3/MLops_lab3/lab3/lib/python3.10/site-packages/_distutils_hack/__init__.py:18: UserWarning: Distutils was imported before Setuptools, but importing Setuptools also replaces the `distutils` module in `sys.modules`. This may lead to undesirable behaviors or errors. To avoid these issues, avoid using distutils directly, ensure that setuptools is installed in the traditional way (e.g. not an editable install), and/or make sure that setuptools is always imported before distutils.
[2023-12-30T12:24:20.750+0500] {subprocess.py:93} INFO -   warnings.warn(
[2023-12-30T12:24:20.750+0500] {subprocess.py:93} INFO - /home/kda/ML_lab3/MLops_lab3/lab3/lib/python3.10/site-packages/_distutils_hack/__init__.py:33: UserWarning: Setuptools is replacing distutils.
[2023-12-30T12:24:20.750+0500] {subprocess.py:93} INFO -   warnings.warn("Setuptools is replacing distutils.")
[2023-12-30T12:24:20.790+0500] {subprocess.py:93} INFO - Registered model 'tree' already exists. Creating a new version of this model...
[2023-12-30T12:24:20.817+0500] {subprocess.py:93} INFO - 2023/12/30 12:24:20 INFO mlflow.store.model_registry.abstract_store: Waiting up to 300 seconds for model version to finish creation. Model name: tree, version 85
[2023-12-30T12:24:20.818+0500] {subprocess.py:93} INFO - Created version '85' of model 'tree'.
[2023-12-30T12:24:22.690+0500] {subprocess.py:93} INFO - /home/kda/ML_lab3/MLops_lab3/lab3/lib/python3.10/site-packages/_distutils_hack/__init__.py:18: UserWarning: Distutils was imported before Setuptools, but importing Setuptools also replaces the `distutils` module in `sys.modules`. This may lead to undesirable behaviors or errors. To avoid these issues, avoid using distutils directly, ensure that setuptools is installed in the traditional way (e.g. not an editable install), and/or make sure that setuptools is always imported before distutils.
[2023-12-30T12:24:22.690+0500] {subprocess.py:93} INFO -   warnings.warn(
[2023-12-30T12:24:22.690+0500] {subprocess.py:93} INFO - /home/kda/ML_lab3/MLops_lab3/lab3/lib/python3.10/site-packages/_distutils_hack/__init__.py:33: UserWarning: Setuptools is replacing distutils.
[2023-12-30T12:24:22.690+0500] {subprocess.py:93} INFO -   warnings.warn("Setuptools is replacing distutils.")
[2023-12-30T12:24:22.726+0500] {subprocess.py:93} INFO - Registered model 'tree' already exists. Creating a new version of this model...
[2023-12-30T12:24:22.756+0500] {subprocess.py:93} INFO - 2023/12/30 12:24:22 INFO mlflow.store.model_registry.abstract_store: Waiting up to 300 seconds for model version to finish creation. Model name: tree, version 86
[2023-12-30T12:24:22.756+0500] {subprocess.py:93} INFO - Created version '86' of model 'tree'.
[2023-12-30T12:24:24.466+0500] {subprocess.py:93} INFO - /home/kda/ML_lab3/MLops_lab3/lab3/lib/python3.10/site-packages/_distutils_hack/__init__.py:18: UserWarning: Distutils was imported before Setuptools, but importing Setuptools also replaces the `distutils` module in `sys.modules`. This may lead to undesirable behaviors or errors. To avoid these issues, avoid using distutils directly, ensure that setuptools is installed in the traditional way (e.g. not an editable install), and/or make sure that setuptools is always imported before distutils.
[2023-12-30T12:24:24.466+0500] {subprocess.py:93} INFO -   warnings.warn(
[2023-12-30T12:24:24.466+0500] {subprocess.py:93} INFO - /home/kda/ML_lab3/MLops_lab3/lab3/lib/python3.10/site-packages/_distutils_hack/__init__.py:33: UserWarning: Setuptools is replacing distutils.
[2023-12-30T12:24:24.466+0500] {subprocess.py:93} INFO -   warnings.warn("Setuptools is replacing distutils.")
[2023-12-30T12:24:24.503+0500] {subprocess.py:93} INFO - Registered model 'tree' already exists. Creating a new version of this model...
[2023-12-30T12:24:24.530+0500] {subprocess.py:93} INFO - 2023/12/30 12:24:24 INFO mlflow.store.model_registry.abstract_store: Waiting up to 300 seconds for model version to finish creation. Model name: tree, version 87
[2023-12-30T12:24:24.531+0500] {subprocess.py:93} INFO - Created version '87' of model 'tree'.
[2023-12-30T12:24:26.261+0500] {subprocess.py:93} INFO - /home/kda/ML_lab3/MLops_lab3/lab3/lib/python3.10/site-packages/_distutils_hack/__init__.py:18: UserWarning: Distutils was imported before Setuptools, but importing Setuptools also replaces the `distutils` module in `sys.modules`. This may lead to undesirable behaviors or errors. To avoid these issues, avoid using distutils directly, ensure that setuptools is installed in the traditional way (e.g. not an editable install), and/or make sure that setuptools is always imported before distutils.
[2023-12-30T12:24:26.261+0500] {subprocess.py:93} INFO -   warnings.warn(
[2023-12-30T12:24:26.262+0500] {subprocess.py:93} INFO - /home/kda/ML_lab3/MLops_lab3/lab3/lib/python3.10/site-packages/_distutils_hack/__init__.py:33: UserWarning: Setuptools is replacing distutils.
[2023-12-30T12:24:26.262+0500] {subprocess.py:93} INFO -   warnings.warn("Setuptools is replacing distutils.")
[2023-12-30T12:24:26.297+0500] {subprocess.py:93} INFO - Registered model 'tree' already exists. Creating a new version of this model...
[2023-12-30T12:24:26.335+0500] {subprocess.py:93} INFO - 2023/12/30 12:24:26 INFO mlflow.store.model_registry.abstract_store: Waiting up to 300 seconds for model version to finish creation. Model name: tree, version 88
[2023-12-30T12:24:26.336+0500] {subprocess.py:93} INFO - Created version '88' of model 'tree'.
[2023-12-30T12:24:28.068+0500] {subprocess.py:93} INFO - /home/kda/ML_lab3/MLops_lab3/lab3/lib/python3.10/site-packages/_distutils_hack/__init__.py:18: UserWarning: Distutils was imported before Setuptools, but importing Setuptools also replaces the `distutils` module in `sys.modules`. This may lead to undesirable behaviors or errors. To avoid these issues, avoid using distutils directly, ensure that setuptools is installed in the traditional way (e.g. not an editable install), and/or make sure that setuptools is always imported before distutils.
[2023-12-30T12:24:28.068+0500] {subprocess.py:93} INFO -   warnings.warn(
[2023-12-30T12:24:28.068+0500] {subprocess.py:93} INFO - /home/kda/ML_lab3/MLops_lab3/lab3/lib/python3.10/site-packages/_distutils_hack/__init__.py:33: UserWarning: Setuptools is replacing distutils.
[2023-12-30T12:24:28.068+0500] {subprocess.py:93} INFO -   warnings.warn("Setuptools is replacing distutils.")
[2023-12-30T12:24:28.105+0500] {subprocess.py:93} INFO - Registered model 'tree' already exists. Creating a new version of this model...
[2023-12-30T12:24:28.135+0500] {subprocess.py:93} INFO - 2023/12/30 12:24:28 INFO mlflow.store.model_registry.abstract_store: Waiting up to 300 seconds for model version to finish creation. Model name: tree, version 89
[2023-12-30T12:24:28.135+0500] {subprocess.py:93} INFO - Created version '89' of model 'tree'.
[2023-12-30T12:24:29.795+0500] {subprocess.py:93} INFO - /home/kda/ML_lab3/MLops_lab3/lab3/lib/python3.10/site-packages/_distutils_hack/__init__.py:18: UserWarning: Distutils was imported before Setuptools, but importing Setuptools also replaces the `distutils` module in `sys.modules`. This may lead to undesirable behaviors or errors. To avoid these issues, avoid using distutils directly, ensure that setuptools is installed in the traditional way (e.g. not an editable install), and/or make sure that setuptools is always imported before distutils.
[2023-12-30T12:24:29.795+0500] {subprocess.py:93} INFO -   warnings.warn(
[2023-12-30T12:24:29.795+0500] {subprocess.py:93} INFO - /home/kda/ML_lab3/MLops_lab3/lab3/lib/python3.10/site-packages/_distutils_hack/__init__.py:33: UserWarning: Setuptools is replacing distutils.
[2023-12-30T12:24:29.795+0500] {subprocess.py:93} INFO -   warnings.warn("Setuptools is replacing distutils.")
[2023-12-30T12:24:29.834+0500] {subprocess.py:93} INFO - Registered model 'tree' already exists. Creating a new version of this model...
[2023-12-30T12:24:29.888+0500] {subprocess.py:93} INFO - 2023/12/30 12:24:29 INFO mlflow.store.model_registry.abstract_store: Waiting up to 300 seconds for model version to finish creation. Model name: tree, version 90
[2023-12-30T12:24:29.889+0500] {subprocess.py:93} INFO - Created version '90' of model 'tree'.
[2023-12-30T12:24:31.679+0500] {subprocess.py:93} INFO - /home/kda/ML_lab3/MLops_lab3/lab3/lib/python3.10/site-packages/_distutils_hack/__init__.py:18: UserWarning: Distutils was imported before Setuptools, but importing Setuptools also replaces the `distutils` module in `sys.modules`. This may lead to undesirable behaviors or errors. To avoid these issues, avoid using distutils directly, ensure that setuptools is installed in the traditional way (e.g. not an editable install), and/or make sure that setuptools is always imported before distutils.
[2023-12-30T12:24:31.679+0500] {subprocess.py:93} INFO -   warnings.warn(
[2023-12-30T12:24:31.679+0500] {subprocess.py:93} INFO - /home/kda/ML_lab3/MLops_lab3/lab3/lib/python3.10/site-packages/_distutils_hack/__init__.py:33: UserWarning: Setuptools is replacing distutils.
[2023-12-30T12:24:31.679+0500] {subprocess.py:93} INFO -   warnings.warn("Setuptools is replacing distutils.")
[2023-12-30T12:24:31.718+0500] {subprocess.py:93} INFO - Registered model 'tree' already exists. Creating a new version of this model...
[2023-12-30T12:24:31.747+0500] {subprocess.py:93} INFO - 2023/12/30 12:24:31 INFO mlflow.store.model_registry.abstract_store: Waiting up to 300 seconds for model version to finish creation. Model name: tree, version 91
[2023-12-30T12:24:31.747+0500] {subprocess.py:93} INFO - Created version '91' of model 'tree'.
[2023-12-30T12:24:33.578+0500] {subprocess.py:93} INFO - /home/kda/ML_lab3/MLops_lab3/lab3/lib/python3.10/site-packages/_distutils_hack/__init__.py:18: UserWarning: Distutils was imported before Setuptools, but importing Setuptools also replaces the `distutils` module in `sys.modules`. This may lead to undesirable behaviors or errors. To avoid these issues, avoid using distutils directly, ensure that setuptools is installed in the traditional way (e.g. not an editable install), and/or make sure that setuptools is always imported before distutils.
[2023-12-30T12:24:33.578+0500] {subprocess.py:93} INFO -   warnings.warn(
[2023-12-30T12:24:33.578+0500] {subprocess.py:93} INFO - /home/kda/ML_lab3/MLops_lab3/lab3/lib/python3.10/site-packages/_distutils_hack/__init__.py:33: UserWarning: Setuptools is replacing distutils.
[2023-12-30T12:24:33.578+0500] {subprocess.py:93} INFO -   warnings.warn("Setuptools is replacing distutils.")
[2023-12-30T12:24:33.628+0500] {subprocess.py:93} INFO - Registered model 'tree' already exists. Creating a new version of this model...
[2023-12-30T12:24:33.658+0500] {subprocess.py:93} INFO - 2023/12/30 12:24:33 INFO mlflow.store.model_registry.abstract_store: Waiting up to 300 seconds for model version to finish creation. Model name: tree, version 92
[2023-12-30T12:24:33.658+0500] {subprocess.py:93} INFO - Created version '92' of model 'tree'.
[2023-12-30T12:24:35.460+0500] {subprocess.py:93} INFO - /home/kda/ML_lab3/MLops_lab3/lab3/lib/python3.10/site-packages/_distutils_hack/__init__.py:18: UserWarning: Distutils was imported before Setuptools, but importing Setuptools also replaces the `distutils` module in `sys.modules`. This may lead to undesirable behaviors or errors. To avoid these issues, avoid using distutils directly, ensure that setuptools is installed in the traditional way (e.g. not an editable install), and/or make sure that setuptools is always imported before distutils.
[2023-12-30T12:24:35.460+0500] {subprocess.py:93} INFO -   warnings.warn(
[2023-12-30T12:24:35.460+0500] {subprocess.py:93} INFO - /home/kda/ML_lab3/MLops_lab3/lab3/lib/python3.10/site-packages/_distutils_hack/__init__.py:33: UserWarning: Setuptools is replacing distutils.
[2023-12-30T12:24:35.460+0500] {subprocess.py:93} INFO -   warnings.warn("Setuptools is replacing distutils.")
[2023-12-30T12:24:35.496+0500] {subprocess.py:93} INFO - Registered model 'tree' already exists. Creating a new version of this model...
[2023-12-30T12:24:35.527+0500] {subprocess.py:93} INFO - 2023/12/30 12:24:35 INFO mlflow.store.model_registry.abstract_store: Waiting up to 300 seconds for model version to finish creation. Model name: tree, version 93
[2023-12-30T12:24:35.528+0500] {subprocess.py:93} INFO - Created version '93' of model 'tree'.
[2023-12-30T12:24:38.406+0500] {subprocess.py:93} INFO - /home/kda/ML_lab3/MLops_lab3/lab3/lib/python3.10/site-packages/_distutils_hack/__init__.py:18: UserWarning: Distutils was imported before Setuptools, but importing Setuptools also replaces the `distutils` module in `sys.modules`. This may lead to undesirable behaviors or errors. To avoid these issues, avoid using distutils directly, ensure that setuptools is installed in the traditional way (e.g. not an editable install), and/or make sure that setuptools is always imported before distutils.
[2023-12-30T12:24:38.406+0500] {subprocess.py:93} INFO -   warnings.warn(
[2023-12-30T12:24:38.406+0500] {subprocess.py:93} INFO - /home/kda/ML_lab3/MLops_lab3/lab3/lib/python3.10/site-packages/_distutils_hack/__init__.py:33: UserWarning: Setuptools is replacing distutils.
[2023-12-30T12:24:38.406+0500] {subprocess.py:93} INFO -   warnings.warn("Setuptools is replacing distutils.")
[2023-12-30T12:24:38.470+0500] {subprocess.py:93} INFO - Registered model 'tree' already exists. Creating a new version of this model...
[2023-12-30T12:24:38.505+0500] {subprocess.py:93} INFO - 2023/12/30 12:24:38 INFO mlflow.store.model_registry.abstract_store: Waiting up to 300 seconds for model version to finish creation. Model name: tree, version 94
[2023-12-30T12:24:38.505+0500] {subprocess.py:93} INFO - Created version '94' of model 'tree'.
[2023-12-30T12:24:40.822+0500] {subprocess.py:93} INFO - /home/kda/ML_lab3/MLops_lab3/lab3/lib/python3.10/site-packages/_distutils_hack/__init__.py:18: UserWarning: Distutils was imported before Setuptools, but importing Setuptools also replaces the `distutils` module in `sys.modules`. This may lead to undesirable behaviors or errors. To avoid these issues, avoid using distutils directly, ensure that setuptools is installed in the traditional way (e.g. not an editable install), and/or make sure that setuptools is always imported before distutils.
[2023-12-30T12:24:40.822+0500] {subprocess.py:93} INFO -   warnings.warn(
[2023-12-30T12:24:40.822+0500] {subprocess.py:93} INFO - /home/kda/ML_lab3/MLops_lab3/lab3/lib/python3.10/site-packages/_distutils_hack/__init__.py:33: UserWarning: Setuptools is replacing distutils.
[2023-12-30T12:24:40.822+0500] {subprocess.py:93} INFO -   warnings.warn("Setuptools is replacing distutils.")
[2023-12-30T12:24:40.885+0500] {subprocess.py:93} INFO - Registered model 'tree' already exists. Creating a new version of this model...
[2023-12-30T12:24:40.940+0500] {subprocess.py:93} INFO - 2023/12/30 12:24:40 INFO mlflow.store.model_registry.abstract_store: Waiting up to 300 seconds for model version to finish creation. Model name: tree, version 95
[2023-12-30T12:24:40.941+0500] {subprocess.py:93} INFO - Created version '95' of model 'tree'.
[2023-12-30T12:24:42.781+0500] {subprocess.py:93} INFO - /home/kda/ML_lab3/MLops_lab3/lab3/lib/python3.10/site-packages/_distutils_hack/__init__.py:18: UserWarning: Distutils was imported before Setuptools, but importing Setuptools also replaces the `distutils` module in `sys.modules`. This may lead to undesirable behaviors or errors. To avoid these issues, avoid using distutils directly, ensure that setuptools is installed in the traditional way (e.g. not an editable install), and/or make sure that setuptools is always imported before distutils.
[2023-12-30T12:24:42.781+0500] {subprocess.py:93} INFO -   warnings.warn(
[2023-12-30T12:24:42.781+0500] {subprocess.py:93} INFO - /home/kda/ML_lab3/MLops_lab3/lab3/lib/python3.10/site-packages/_distutils_hack/__init__.py:33: UserWarning: Setuptools is replacing distutils.
[2023-12-30T12:24:42.781+0500] {subprocess.py:93} INFO -   warnings.warn("Setuptools is replacing distutils.")
[2023-12-30T12:24:42.854+0500] {subprocess.py:93} INFO - Registered model 'tree' already exists. Creating a new version of this model...
[2023-12-30T12:24:42.887+0500] {subprocess.py:93} INFO - 2023/12/30 12:24:42 INFO mlflow.store.model_registry.abstract_store: Waiting up to 300 seconds for model version to finish creation. Model name: tree, version 96
[2023-12-30T12:24:42.888+0500] {subprocess.py:93} INFO - Created version '96' of model 'tree'.
[2023-12-30T12:24:44.524+0500] {subprocess.py:93} INFO - /home/kda/ML_lab3/MLops_lab3/lab3/lib/python3.10/site-packages/_distutils_hack/__init__.py:18: UserWarning: Distutils was imported before Setuptools, but importing Setuptools also replaces the `distutils` module in `sys.modules`. This may lead to undesirable behaviors or errors. To avoid these issues, avoid using distutils directly, ensure that setuptools is installed in the traditional way (e.g. not an editable install), and/or make sure that setuptools is always imported before distutils.
[2023-12-30T12:24:44.524+0500] {subprocess.py:93} INFO -   warnings.warn(
[2023-12-30T12:24:44.524+0500] {subprocess.py:93} INFO - /home/kda/ML_lab3/MLops_lab3/lab3/lib/python3.10/site-packages/_distutils_hack/__init__.py:33: UserWarning: Setuptools is replacing distutils.
[2023-12-30T12:24:44.525+0500] {subprocess.py:93} INFO -   warnings.warn("Setuptools is replacing distutils.")
[2023-12-30T12:24:44.560+0500] {subprocess.py:93} INFO - Registered model 'tree' already exists. Creating a new version of this model...
[2023-12-30T12:24:44.595+0500] {subprocess.py:93} INFO - 2023/12/30 12:24:44 INFO mlflow.store.model_registry.abstract_store: Waiting up to 300 seconds for model version to finish creation. Model name: tree, version 97
[2023-12-30T12:24:44.595+0500] {subprocess.py:93} INFO - Created version '97' of model 'tree'.
[2023-12-30T12:24:46.994+0500] {subprocess.py:93} INFO - /home/kda/ML_lab3/MLops_lab3/lab3/lib/python3.10/site-packages/_distutils_hack/__init__.py:18: UserWarning: Distutils was imported before Setuptools, but importing Setuptools also replaces the `distutils` module in `sys.modules`. This may lead to undesirable behaviors or errors. To avoid these issues, avoid using distutils directly, ensure that setuptools is installed in the traditional way (e.g. not an editable install), and/or make sure that setuptools is always imported before distutils.
[2023-12-30T12:24:46.994+0500] {subprocess.py:93} INFO -   warnings.warn(
[2023-12-30T12:24:46.994+0500] {subprocess.py:93} INFO - /home/kda/ML_lab3/MLops_lab3/lab3/lib/python3.10/site-packages/_distutils_hack/__init__.py:33: UserWarning: Setuptools is replacing distutils.
[2023-12-30T12:24:46.994+0500] {subprocess.py:93} INFO -   warnings.warn("Setuptools is replacing distutils.")
[2023-12-30T12:24:47.030+0500] {subprocess.py:93} INFO - Registered model 'tree' already exists. Creating a new version of this model...
[2023-12-30T12:24:47.058+0500] {subprocess.py:93} INFO - 2023/12/30 12:24:47 INFO mlflow.store.model_registry.abstract_store: Waiting up to 300 seconds for model version to finish creation. Model name: tree, version 98
[2023-12-30T12:24:47.058+0500] {subprocess.py:93} INFO - Created version '98' of model 'tree'.
[2023-12-30T12:24:49.073+0500] {subprocess.py:93} INFO - /home/kda/ML_lab3/MLops_lab3/lab3/lib/python3.10/site-packages/_distutils_hack/__init__.py:18: UserWarning: Distutils was imported before Setuptools, but importing Setuptools also replaces the `distutils` module in `sys.modules`. This may lead to undesirable behaviors or errors. To avoid these issues, avoid using distutils directly, ensure that setuptools is installed in the traditional way (e.g. not an editable install), and/or make sure that setuptools is always imported before distutils.
[2023-12-30T12:24:49.073+0500] {subprocess.py:93} INFO -   warnings.warn(
[2023-12-30T12:24:49.073+0500] {subprocess.py:93} INFO - /home/kda/ML_lab3/MLops_lab3/lab3/lib/python3.10/site-packages/_distutils_hack/__init__.py:33: UserWarning: Setuptools is replacing distutils.
[2023-12-30T12:24:49.073+0500] {subprocess.py:93} INFO -   warnings.warn("Setuptools is replacing distutils.")
[2023-12-30T12:24:49.115+0500] {subprocess.py:93} INFO - Registered model 'tree' already exists. Creating a new version of this model...
[2023-12-30T12:24:49.154+0500] {subprocess.py:93} INFO - 2023/12/30 12:24:49 INFO mlflow.store.model_registry.abstract_store: Waiting up to 300 seconds for model version to finish creation. Model name: tree, version 99
[2023-12-30T12:24:49.154+0500] {subprocess.py:93} INFO - Created version '99' of model 'tree'.
[2023-12-30T12:24:50.984+0500] {subprocess.py:93} INFO - /home/kda/ML_lab3/MLops_lab3/lab3/lib/python3.10/site-packages/_distutils_hack/__init__.py:18: UserWarning: Distutils was imported before Setuptools, but importing Setuptools also replaces the `distutils` module in `sys.modules`. This may lead to undesirable behaviors or errors. To avoid these issues, avoid using distutils directly, ensure that setuptools is installed in the traditional way (e.g. not an editable install), and/or make sure that setuptools is always imported before distutils.
[2023-12-30T12:24:50.985+0500] {subprocess.py:93} INFO -   warnings.warn(
[2023-12-30T12:24:50.985+0500] {subprocess.py:93} INFO - /home/kda/ML_lab3/MLops_lab3/lab3/lib/python3.10/site-packages/_distutils_hack/__init__.py:33: UserWarning: Setuptools is replacing distutils.
[2023-12-30T12:24:50.985+0500] {subprocess.py:93} INFO -   warnings.warn("Setuptools is replacing distutils.")
[2023-12-30T12:24:51.034+0500] {subprocess.py:93} INFO - Registered model 'tree' already exists. Creating a new version of this model...
[2023-12-30T12:24:51.065+0500] {subprocess.py:93} INFO - 2023/12/30 12:24:51 INFO mlflow.store.model_registry.abstract_store: Waiting up to 300 seconds for model version to finish creation. Model name: tree, version 100
[2023-12-30T12:24:51.065+0500] {subprocess.py:93} INFO - Created version '100' of model 'tree'.
[2023-12-30T12:24:52.790+0500] {subprocess.py:93} INFO - /home/kda/ML_lab3/MLops_lab3/lab3/lib/python3.10/site-packages/_distutils_hack/__init__.py:18: UserWarning: Distutils was imported before Setuptools, but importing Setuptools also replaces the `distutils` module in `sys.modules`. This may lead to undesirable behaviors or errors. To avoid these issues, avoid using distutils directly, ensure that setuptools is installed in the traditional way (e.g. not an editable install), and/or make sure that setuptools is always imported before distutils.
[2023-12-30T12:24:52.791+0500] {subprocess.py:93} INFO -   warnings.warn(
[2023-12-30T12:24:52.791+0500] {subprocess.py:93} INFO - /home/kda/ML_lab3/MLops_lab3/lab3/lib/python3.10/site-packages/_distutils_hack/__init__.py:33: UserWarning: Setuptools is replacing distutils.
[2023-12-30T12:24:52.791+0500] {subprocess.py:93} INFO -   warnings.warn("Setuptools is replacing distutils.")
[2023-12-30T12:24:52.833+0500] {subprocess.py:93} INFO - Registered model 'tree' already exists. Creating a new version of this model...
[2023-12-30T12:24:52.878+0500] {subprocess.py:93} INFO - 2023/12/30 12:24:52 INFO mlflow.store.model_registry.abstract_store: Waiting up to 300 seconds for model version to finish creation. Model name: tree, version 101
[2023-12-30T12:24:52.878+0500] {subprocess.py:93} INFO - Created version '101' of model 'tree'.
[2023-12-30T12:24:54.593+0500] {subprocess.py:93} INFO - /home/kda/ML_lab3/MLops_lab3/lab3/lib/python3.10/site-packages/_distutils_hack/__init__.py:18: UserWarning: Distutils was imported before Setuptools, but importing Setuptools also replaces the `distutils` module in `sys.modules`. This may lead to undesirable behaviors or errors. To avoid these issues, avoid using distutils directly, ensure that setuptools is installed in the traditional way (e.g. not an editable install), and/or make sure that setuptools is always imported before distutils.
[2023-12-30T12:24:54.593+0500] {subprocess.py:93} INFO -   warnings.warn(
[2023-12-30T12:24:54.593+0500] {subprocess.py:93} INFO - /home/kda/ML_lab3/MLops_lab3/lab3/lib/python3.10/site-packages/_distutils_hack/__init__.py:33: UserWarning: Setuptools is replacing distutils.
[2023-12-30T12:24:54.593+0500] {subprocess.py:93} INFO -   warnings.warn("Setuptools is replacing distutils.")
[2023-12-30T12:24:54.628+0500] {subprocess.py:93} INFO - Registered model 'tree' already exists. Creating a new version of this model...
[2023-12-30T12:24:54.656+0500] {subprocess.py:93} INFO - 2023/12/30 12:24:54 INFO mlflow.store.model_registry.abstract_store: Waiting up to 300 seconds for model version to finish creation. Model name: tree, version 102
[2023-12-30T12:24:54.657+0500] {subprocess.py:93} INFO - Created version '102' of model 'tree'.
[2023-12-30T12:24:56.324+0500] {subprocess.py:93} INFO - /home/kda/ML_lab3/MLops_lab3/lab3/lib/python3.10/site-packages/_distutils_hack/__init__.py:18: UserWarning: Distutils was imported before Setuptools, but importing Setuptools also replaces the `distutils` module in `sys.modules`. This may lead to undesirable behaviors or errors. To avoid these issues, avoid using distutils directly, ensure that setuptools is installed in the traditional way (e.g. not an editable install), and/or make sure that setuptools is always imported before distutils.
[2023-12-30T12:24:56.325+0500] {subprocess.py:93} INFO -   warnings.warn(
[2023-12-30T12:24:56.325+0500] {subprocess.py:93} INFO - /home/kda/ML_lab3/MLops_lab3/lab3/lib/python3.10/site-packages/_distutils_hack/__init__.py:33: UserWarning: Setuptools is replacing distutils.
[2023-12-30T12:24:56.325+0500] {subprocess.py:93} INFO -   warnings.warn("Setuptools is replacing distutils.")
[2023-12-30T12:24:56.359+0500] {subprocess.py:93} INFO - Registered model 'tree' already exists. Creating a new version of this model...
[2023-12-30T12:24:56.391+0500] {subprocess.py:93} INFO - 2023/12/30 12:24:56 INFO mlflow.store.model_registry.abstract_store: Waiting up to 300 seconds for model version to finish creation. Model name: tree, version 103
[2023-12-30T12:24:56.392+0500] {subprocess.py:93} INFO - Created version '103' of model 'tree'.
[2023-12-30T12:24:57.978+0500] {subprocess.py:93} INFO - /home/kda/ML_lab3/MLops_lab3/lab3/lib/python3.10/site-packages/_distutils_hack/__init__.py:18: UserWarning: Distutils was imported before Setuptools, but importing Setuptools also replaces the `distutils` module in `sys.modules`. This may lead to undesirable behaviors or errors. To avoid these issues, avoid using distutils directly, ensure that setuptools is installed in the traditional way (e.g. not an editable install), and/or make sure that setuptools is always imported before distutils.
[2023-12-30T12:24:57.978+0500] {subprocess.py:93} INFO -   warnings.warn(
[2023-12-30T12:24:57.978+0500] {subprocess.py:93} INFO - /home/kda/ML_lab3/MLops_lab3/lab3/lib/python3.10/site-packages/_distutils_hack/__init__.py:33: UserWarning: Setuptools is replacing distutils.
[2023-12-30T12:24:57.978+0500] {subprocess.py:93} INFO -   warnings.warn("Setuptools is replacing distutils.")
[2023-12-30T12:24:58.010+0500] {subprocess.py:93} INFO - Registered model 'tree' already exists. Creating a new version of this model...
[2023-12-30T12:24:58.040+0500] {subprocess.py:93} INFO - 2023/12/30 12:24:58 INFO mlflow.store.model_registry.abstract_store: Waiting up to 300 seconds for model version to finish creation. Model name: tree, version 104
[2023-12-30T12:24:58.040+0500] {subprocess.py:93} INFO - Created version '104' of model 'tree'.
[2023-12-30T12:24:59.615+0500] {subprocess.py:93} INFO - /home/kda/ML_lab3/MLops_lab3/lab3/lib/python3.10/site-packages/_distutils_hack/__init__.py:18: UserWarning: Distutils was imported before Setuptools, but importing Setuptools also replaces the `distutils` module in `sys.modules`. This may lead to undesirable behaviors or errors. To avoid these issues, avoid using distutils directly, ensure that setuptools is installed in the traditional way (e.g. not an editable install), and/or make sure that setuptools is always imported before distutils.
[2023-12-30T12:24:59.616+0500] {subprocess.py:93} INFO -   warnings.warn(
[2023-12-30T12:24:59.616+0500] {subprocess.py:93} INFO - /home/kda/ML_lab3/MLops_lab3/lab3/lib/python3.10/site-packages/_distutils_hack/__init__.py:33: UserWarning: Setuptools is replacing distutils.
[2023-12-30T12:24:59.616+0500] {subprocess.py:93} INFO -   warnings.warn("Setuptools is replacing distutils.")
[2023-12-30T12:24:59.676+0500] {subprocess.py:93} INFO - Registered model 'tree' already exists. Creating a new version of this model...
[2023-12-30T12:24:59.713+0500] {subprocess.py:93} INFO - 2023/12/30 12:24:59 INFO mlflow.store.model_registry.abstract_store: Waiting up to 300 seconds for model version to finish creation. Model name: tree, version 105
[2023-12-30T12:24:59.713+0500] {subprocess.py:93} INFO - Created version '105' of model 'tree'.
[2023-12-30T12:25:01.454+0500] {subprocess.py:93} INFO - /home/kda/ML_lab3/MLops_lab3/lab3/lib/python3.10/site-packages/_distutils_hack/__init__.py:18: UserWarning: Distutils was imported before Setuptools, but importing Setuptools also replaces the `distutils` module in `sys.modules`. This may lead to undesirable behaviors or errors. To avoid these issues, avoid using distutils directly, ensure that setuptools is installed in the traditional way (e.g. not an editable install), and/or make sure that setuptools is always imported before distutils.
[2023-12-30T12:25:01.454+0500] {subprocess.py:93} INFO -   warnings.warn(
[2023-12-30T12:25:01.454+0500] {subprocess.py:93} INFO - /home/kda/ML_lab3/MLops_lab3/lab3/lib/python3.10/site-packages/_distutils_hack/__init__.py:33: UserWarning: Setuptools is replacing distutils.
[2023-12-30T12:25:01.454+0500] {subprocess.py:93} INFO -   warnings.warn("Setuptools is replacing distutils.")
[2023-12-30T12:25:01.489+0500] {subprocess.py:93} INFO - Registered model 'tree' already exists. Creating a new version of this model...
[2023-12-30T12:25:01.519+0500] {subprocess.py:93} INFO - 2023/12/30 12:25:01 INFO mlflow.store.model_registry.abstract_store: Waiting up to 300 seconds for model version to finish creation. Model name: tree, version 106
[2023-12-30T12:25:01.520+0500] {subprocess.py:93} INFO - Created version '106' of model 'tree'.
[2023-12-30T12:25:03.416+0500] {subprocess.py:93} INFO - /home/kda/ML_lab3/MLops_lab3/lab3/lib/python3.10/site-packages/_distutils_hack/__init__.py:18: UserWarning: Distutils was imported before Setuptools, but importing Setuptools also replaces the `distutils` module in `sys.modules`. This may lead to undesirable behaviors or errors. To avoid these issues, avoid using distutils directly, ensure that setuptools is installed in the traditional way (e.g. not an editable install), and/or make sure that setuptools is always imported before distutils.
[2023-12-30T12:25:03.416+0500] {subprocess.py:93} INFO -   warnings.warn(
[2023-12-30T12:25:03.416+0500] {subprocess.py:93} INFO - /home/kda/ML_lab3/MLops_lab3/lab3/lib/python3.10/site-packages/_distutils_hack/__init__.py:33: UserWarning: Setuptools is replacing distutils.
[2023-12-30T12:25:03.416+0500] {subprocess.py:93} INFO -   warnings.warn("Setuptools is replacing distutils.")
[2023-12-30T12:25:03.453+0500] {subprocess.py:93} INFO - Registered model 'tree' already exists. Creating a new version of this model...
[2023-12-30T12:25:03.500+0500] {subprocess.py:93} INFO - 2023/12/30 12:25:03 INFO mlflow.store.model_registry.abstract_store: Waiting up to 300 seconds for model version to finish creation. Model name: tree, version 107
[2023-12-30T12:25:03.500+0500] {subprocess.py:93} INFO - Created version '107' of model 'tree'.
[2023-12-30T12:25:05.308+0500] {subprocess.py:93} INFO - /home/kda/ML_lab3/MLops_lab3/lab3/lib/python3.10/site-packages/_distutils_hack/__init__.py:18: UserWarning: Distutils was imported before Setuptools, but importing Setuptools also replaces the `distutils` module in `sys.modules`. This may lead to undesirable behaviors or errors. To avoid these issues, avoid using distutils directly, ensure that setuptools is installed in the traditional way (e.g. not an editable install), and/or make sure that setuptools is always imported before distutils.
[2023-12-30T12:25:05.308+0500] {subprocess.py:93} INFO -   warnings.warn(
[2023-12-30T12:25:05.309+0500] {subprocess.py:93} INFO - /home/kda/ML_lab3/MLops_lab3/lab3/lib/python3.10/site-packages/_distutils_hack/__init__.py:33: UserWarning: Setuptools is replacing distutils.
[2023-12-30T12:25:05.309+0500] {subprocess.py:93} INFO -   warnings.warn("Setuptools is replacing distutils.")
[2023-12-30T12:25:05.340+0500] {subprocess.py:93} INFO - Registered model 'tree' already exists. Creating a new version of this model...
[2023-12-30T12:25:05.372+0500] {subprocess.py:93} INFO - 2023/12/30 12:25:05 INFO mlflow.store.model_registry.abstract_store: Waiting up to 300 seconds for model version to finish creation. Model name: tree, version 108
[2023-12-30T12:25:05.372+0500] {subprocess.py:93} INFO - Created version '108' of model 'tree'.
[2023-12-30T12:25:05.417+0500] {subprocess.py:93} INFO - <class 'pandas.core.frame.DataFrame'>
[2023-12-30T12:25:05.417+0500] {subprocess.py:93} INFO - RangeIndex: 704 entries, 0 to 703
[2023-12-30T12:25:05.417+0500] {subprocess.py:93} INFO - Columns: 220 entries, Price (in USD) to i8
[2023-12-30T12:25:05.417+0500] {subprocess.py:93} INFO - dtypes: bool(212), float64(2), int64(6)
[2023-12-30T12:25:05.417+0500] {subprocess.py:93} INFO - memory usage: 189.9 KB
[2023-12-30T12:25:05.417+0500] {subprocess.py:93} INFO - {'max_depth': 10, 'max_features': 10, 'min_samples_leaf': 5}
[2023-12-30T12:25:05.417+0500] {subprocess.py:93} INFO - 0.17329545454545456
[2023-12-30T12:25:05.417+0500] {subprocess.py:93} INFO - {'max_depth': 10, 'max_features': 10, 'min_samples_leaf': 10}
[2023-12-30T12:25:05.418+0500] {subprocess.py:93} INFO - 0.1747159090909091
[2023-12-30T12:25:05.418+0500] {subprocess.py:93} INFO - {'max_depth': 10, 'max_features': 10, 'min_samples_leaf': 15}
[2023-12-30T12:25:05.418+0500] {subprocess.py:93} INFO - 0.1434659090909091
[2023-12-30T12:25:05.418+0500] {subprocess.py:93} INFO - {'max_depth': 10, 'max_features': 20, 'min_samples_leaf': 5}
[2023-12-30T12:25:05.418+0500] {subprocess.py:93} INFO - 0.20880681818181818
[2023-12-30T12:25:05.418+0500] {subprocess.py:93} INFO - {'max_depth': 10, 'max_features': 20, 'min_samples_leaf': 10}
[2023-12-30T12:25:05.418+0500] {subprocess.py:93} INFO - 0.16619318181818182
[2023-12-30T12:25:05.418+0500] {subprocess.py:93} INFO - {'max_depth': 10, 'max_features': 20, 'min_samples_leaf': 15}
[2023-12-30T12:25:05.418+0500] {subprocess.py:93} INFO - 0.17329545454545456
[2023-12-30T12:25:05.418+0500] {subprocess.py:93} INFO - {'max_depth': 10, 'max_features': 30, 'min_samples_leaf': 5}
[2023-12-30T12:25:05.418+0500] {subprocess.py:93} INFO - 0.1846590909090909
[2023-12-30T12:25:05.418+0500] {subprocess.py:93} INFO - {'max_depth': 10, 'max_features': 30, 'min_samples_leaf': 10}
[2023-12-30T12:25:05.418+0500] {subprocess.py:93} INFO - 0.18181818181818182
[2023-12-30T12:25:05.418+0500] {subprocess.py:93} INFO - {'max_depth': 10, 'max_features': 30, 'min_samples_leaf': 15}
[2023-12-30T12:25:05.418+0500] {subprocess.py:93} INFO - 0.20738636363636365
[2023-12-30T12:25:05.418+0500] {subprocess.py:93} INFO - {'max_depth': 20, 'max_features': 10, 'min_samples_leaf': 5}
[2023-12-30T12:25:05.419+0500] {subprocess.py:93} INFO - 0.28125
[2023-12-30T12:25:05.419+0500] {subprocess.py:93} INFO - {'max_depth': 20, 'max_features': 10, 'min_samples_leaf': 10}
[2023-12-30T12:25:05.419+0500] {subprocess.py:93} INFO - 0.12357954545454546
[2023-12-30T12:25:05.419+0500] {subprocess.py:93} INFO - {'max_depth': 20, 'max_features': 10, 'min_samples_leaf': 15}
[2023-12-30T12:25:05.419+0500] {subprocess.py:93} INFO - 0.048295454545454544
[2023-12-30T12:25:05.419+0500] {subprocess.py:93} INFO - {'max_depth': 20, 'max_features': 20, 'min_samples_leaf': 5}
[2023-12-30T12:25:05.419+0500] {subprocess.py:93} INFO - 0.3053977272727273
[2023-12-30T12:25:05.419+0500] {subprocess.py:93} INFO - {'max_depth': 20, 'max_features': 20, 'min_samples_leaf': 10}
[2023-12-30T12:25:05.419+0500] {subprocess.py:93} INFO - 0.22869318181818182
[2023-12-30T12:25:05.419+0500] {subprocess.py:93} INFO - {'max_depth': 20, 'max_features': 20, 'min_samples_leaf': 15}
[2023-12-30T12:25:05.419+0500] {subprocess.py:93} INFO - 0.2627840909090909
[2023-12-30T12:25:05.419+0500] {subprocess.py:93} INFO - {'max_depth': 20, 'max_features': 30, 'min_samples_leaf': 5}
[2023-12-30T12:25:05.420+0500] {subprocess.py:93} INFO - 0.38920454545454547
[2023-12-30T12:25:05.420+0500] {subprocess.py:93} INFO - {'max_depth': 20, 'max_features': 30, 'min_samples_leaf': 10}
[2023-12-30T12:25:05.420+0500] {subprocess.py:93} INFO - 0.3224431818181818
[2023-12-30T12:25:05.420+0500] {subprocess.py:93} INFO - {'max_depth': 20, 'max_features': 30, 'min_samples_leaf': 15}
[2023-12-30T12:25:05.420+0500] {subprocess.py:93} INFO - 0.21732954545454544
[2023-12-30T12:25:05.420+0500] {subprocess.py:93} INFO - {'max_depth': 30, 'max_features': 10, 'min_samples_leaf': 5}
[2023-12-30T12:25:05.420+0500] {subprocess.py:93} INFO - 0.25
[2023-12-30T12:25:05.420+0500] {subprocess.py:93} INFO - {'max_depth': 30, 'max_features': 10, 'min_samples_leaf': 10}
[2023-12-30T12:25:05.420+0500] {subprocess.py:93} INFO - 0.16761363636363635
[2023-12-30T12:25:05.420+0500] {subprocess.py:93} INFO - {'max_depth': 30, 'max_features': 10, 'min_samples_leaf': 15}
[2023-12-30T12:25:05.420+0500] {subprocess.py:93} INFO - 0.052556818181818184
[2023-12-30T12:25:05.420+0500] {subprocess.py:93} INFO - {'max_depth': 30, 'max_features': 20, 'min_samples_leaf': 5}
[2023-12-30T12:25:05.420+0500] {subprocess.py:93} INFO - 0.3565340909090909
[2023-12-30T12:25:05.420+0500] {subprocess.py:93} INFO - {'max_depth': 30, 'max_features': 20, 'min_samples_leaf': 10}
[2023-12-30T12:25:05.421+0500] {subprocess.py:93} INFO - 0.26420454545454547
[2023-12-30T12:25:05.422+0500] {subprocess.py:93} INFO - {'max_depth': 30, 'max_features': 20, 'min_samples_leaf': 15}
[2023-12-30T12:25:05.422+0500] {subprocess.py:93} INFO - 0.14488636363636365
[2023-12-30T12:25:05.422+0500] {subprocess.py:93} INFO - {'max_depth': 30, 'max_features': 30, 'min_samples_leaf': 5}
[2023-12-30T12:25:05.422+0500] {subprocess.py:93} INFO - 0.41051136363636365
[2023-12-30T12:25:05.422+0500] {subprocess.py:93} INFO - {'max_depth': 30, 'max_features': 30, 'min_samples_leaf': 10}
[2023-12-30T12:25:05.422+0500] {subprocess.py:93} INFO - 0.34801136363636365
[2023-12-30T12:25:05.423+0500] {subprocess.py:93} INFO - {'max_depth': 30, 'max_features': 30, 'min_samples_leaf': 15}
[2023-12-30T12:25:05.423+0500] {subprocess.py:93} INFO - 0.2911931818181818
[2023-12-30T12:25:05.740+0500] {subprocess.py:97} INFO - Command exited with return code 0
[2023-12-30T12:25:05.758+0500] {taskinstance.py:1400} INFO - Marking task as SUCCESS. dag_id=KOH, task_id=data_ml, execution_date=20231230T072158, start_date=20231230T072411, end_date=20231230T072505
[2023-12-30T12:25:05.805+0500] {local_task_job_runner.py:228} INFO - Task exited with return code 0
[2023-12-30T12:25:05.822+0500] {taskinstance.py:2778} INFO - 1 downstream tasks scheduled from follow-on schedule check
