[2023-12-10T18:28:43.477+0500] {taskinstance.py:1159} INFO - Dependencies all met for dep_context=non-requeueable deps ti=<TaskInstance: KOH.get_data manual__2023-12-10T13:28:39.337420+00:00 [queued]>
[2023-12-10T18:28:43.488+0500] {taskinstance.py:1159} INFO - Dependencies all met for dep_context=requeueable deps ti=<TaskInstance: KOH.get_data manual__2023-12-10T13:28:39.337420+00:00 [queued]>
[2023-12-10T18:28:43.489+0500] {taskinstance.py:1361} INFO - Starting attempt 1 of 2
[2023-12-10T18:28:43.534+0500] {taskinstance.py:1382} INFO - Executing <Task(BashOperator): get_data> on 2023-12-10 13:28:39.337420+00:00
[2023-12-10T18:28:43.539+0500] {standard_task_runner.py:57} INFO - Started process 6091 to run task
[2023-12-10T18:28:43.568+0500] {standard_task_runner.py:84} INFO - Running: ['airflow', 'tasks', 'run', 'KOH', 'get_data', 'manual__2023-12-10T13:28:39.337420+00:00', '--job-id', '45', '--raw', '--subdir', 'DAGS_FOLDER/text.py', '--cfg-path', '/tmp/tmphzfv0g9n']
[2023-12-10T18:28:43.577+0500] {standard_task_runner.py:85} INFO - Job 45: Subtask get_data
[2023-12-10T18:28:43.745+0500] {task_command.py:416} INFO - Running <TaskInstance: KOH.get_data manual__2023-12-10T13:28:39.337420+00:00 [running]> on host vm2.myguest.virtualbox.org
[2023-12-10T18:28:43.924+0500] {taskinstance.py:1662} INFO - Exporting env vars: AIRFLOW_CTX_DAG_OWNER='Admin' AIRFLOW_CTX_DAG_ID='KOH' AIRFLOW_CTX_TASK_ID='get_data' AIRFLOW_CTX_EXECUTION_DATE='2023-12-10T13:28:39.337420+00:00' AIRFLOW_CTX_TRY_NUMBER='1' AIRFLOW_CTX_DAG_RUN_ID='manual__2023-12-10T13:28:39.337420+00:00'
[2023-12-10T18:28:43.936+0500] {subprocess.py:63} INFO - Tmp dir root location: /tmp
[2023-12-10T18:28:43.945+0500] {subprocess.py:75} INFO - Running command: ['/usr/bin/bash', '-c', 'cd /home/kda/ML_lab3/MLops_lab3/datasets && gdown 1X-mGhWO8DwPLljP1e0gkdAloD-GL8SLq']
[2023-12-10T18:28:43.978+0500] {subprocess.py:86} INFO - Output:
[2023-12-10T18:28:45.773+0500] {subprocess.py:93} INFO - Downloading...
[2023-12-10T18:28:45.774+0500] {subprocess.py:93} INFO - From: https://drive.google.com/uc?id=1X-mGhWO8DwPLljP1e0gkdAloD-GL8SLq
[2023-12-10T18:28:45.774+0500] {subprocess.py:93} INFO - To: /home/kda/ML_lab3/MLops_lab3/datasets/Sport_car_price.csv
[2023-12-10T18:28:45.843+0500] {subprocess.py:93} INFO -   0%|          | 0.00/49.2k [00:00<?, ?B/s]100%|##########| 49.2k/49.2k [00:00<00:00, 23.2MB/s]
[2023-12-10T18:28:45.942+0500] {subprocess.py:97} INFO - Command exited with return code 0
[2023-12-10T18:28:45.970+0500] {taskinstance.py:1400} INFO - Marking task as SUCCESS. dag_id=KOH, task_id=get_data, execution_date=20231210T132839, start_date=20231210T132843, end_date=20231210T132845
[2023-12-10T18:28:46.036+0500] {local_task_job_runner.py:228} INFO - Task exited with return code 0
[2023-12-10T18:28:46.080+0500] {taskinstance.py:2778} INFO - 1 downstream tasks scheduled from follow-on schedule check
