[2023-12-30T17:34:38.068+0500] {taskinstance.py:1159} INFO - Dependencies all met for dep_context=non-requeueable deps ti=<TaskInstance: KOH.data_ml manual__2023-12-30T12:34:11.466924+00:00 [queued]>
[2023-12-30T17:34:38.077+0500] {taskinstance.py:1159} INFO - Dependencies all met for dep_context=requeueable deps ti=<TaskInstance: KOH.data_ml manual__2023-12-30T12:34:11.466924+00:00 [queued]>
[2023-12-30T17:34:38.078+0500] {taskinstance.py:1361} INFO - Starting attempt 1 of 2
[2023-12-30T17:34:38.141+0500] {taskinstance.py:1382} INFO - Executing <Task(BashOperator): data_ml> on 2023-12-30 12:34:11.466924+00:00
[2023-12-30T17:34:38.150+0500] {standard_task_runner.py:57} INFO - Started process 22562 to run task
[2023-12-30T17:34:38.155+0500] {standard_task_runner.py:84} INFO - Running: ['airflow', 'tasks', 'run', 'KOH', 'data_ml', 'manual__2023-12-30T12:34:11.466924+00:00', '--job-id', '356', '--raw', '--subdir', 'DAGS_FOLDER/text.py', '--cfg-path', '/tmp/tmpnvl6syw1']
[2023-12-30T17:34:38.159+0500] {standard_task_runner.py:85} INFO - Job 356: Subtask data_ml
[2023-12-30T17:34:38.299+0500] {task_command.py:416} INFO - Running <TaskInstance: KOH.data_ml manual__2023-12-30T12:34:11.466924+00:00 [running]> on host vm2.myguest.virtualbox.org
[2023-12-30T17:34:38.480+0500] {taskinstance.py:1662} INFO - Exporting env vars: AIRFLOW_CTX_DAG_OWNER='Admin' AIRFLOW_CTX_DAG_ID='KOH' AIRFLOW_CTX_TASK_ID='data_ml' AIRFLOW_CTX_EXECUTION_DATE='2023-12-30T12:34:11.466924+00:00' AIRFLOW_CTX_TRY_NUMBER='1' AIRFLOW_CTX_DAG_RUN_ID='manual__2023-12-30T12:34:11.466924+00:00'
[2023-12-30T17:34:38.482+0500] {subprocess.py:63} INFO - Tmp dir root location: /tmp
[2023-12-30T17:34:38.484+0500] {subprocess.py:75} INFO - Running command: ['/usr/bin/bash', '-c', 'cd /home/kda/ML_lab3/MLops_lab3/ && python /home/kda/ML_lab3/MLops_lab3/scripts/model_learn.py']
[2023-12-30T17:34:38.497+0500] {subprocess.py:86} INFO - Output:
[2023-12-30T17:34:48.360+0500] {subprocess.py:93} INFO - Registered model 'tree' already exists. Creating a new version of this model...
[2023-12-30T17:34:48.455+0500] {subprocess.py:93} INFO - 2023/12/30 17:34:48 INFO mlflow.store.model_registry.abstract_store: Waiting up to 300 seconds for model version to finish creation. Model name: tree, version 271
[2023-12-30T17:34:48.456+0500] {subprocess.py:93} INFO - Created version '271' of model 'tree'.
[2023-12-30T17:34:51.794+0500] {subprocess.py:93} INFO - /home/kda/ML_lab3/MLops_lab3/lab3/lib/python3.10/site-packages/_distutils_hack/__init__.py:18: UserWarning: Distutils was imported before Setuptools, but importing Setuptools also replaces the `distutils` module in `sys.modules`. This may lead to undesirable behaviors or errors. To avoid these issues, avoid using distutils directly, ensure that setuptools is installed in the traditional way (e.g. not an editable install), and/or make sure that setuptools is always imported before distutils.
[2023-12-30T17:34:51.794+0500] {subprocess.py:93} INFO -   warnings.warn(
[2023-12-30T17:34:51.795+0500] {subprocess.py:93} INFO - /home/kda/ML_lab3/MLops_lab3/lab3/lib/python3.10/site-packages/_distutils_hack/__init__.py:33: UserWarning: Setuptools is replacing distutils.
[2023-12-30T17:34:51.795+0500] {subprocess.py:93} INFO -   warnings.warn("Setuptools is replacing distutils.")
[2023-12-30T17:34:51.916+0500] {subprocess.py:93} INFO - Registered model 'tree' already exists. Creating a new version of this model...
[2023-12-30T17:34:51.978+0500] {subprocess.py:93} INFO - 2023/12/30 17:34:51 INFO mlflow.store.model_registry.abstract_store: Waiting up to 300 seconds for model version to finish creation. Model name: tree, version 272
[2023-12-30T17:34:51.978+0500] {subprocess.py:93} INFO - Created version '272' of model 'tree'.
[2023-12-30T17:34:55.086+0500] {subprocess.py:93} INFO - /home/kda/ML_lab3/MLops_lab3/lab3/lib/python3.10/site-packages/_distutils_hack/__init__.py:18: UserWarning: Distutils was imported before Setuptools, but importing Setuptools also replaces the `distutils` module in `sys.modules`. This may lead to undesirable behaviors or errors. To avoid these issues, avoid using distutils directly, ensure that setuptools is installed in the traditional way (e.g. not an editable install), and/or make sure that setuptools is always imported before distutils.
[2023-12-30T17:34:55.086+0500] {subprocess.py:93} INFO -   warnings.warn(
[2023-12-30T17:34:55.088+0500] {subprocess.py:93} INFO - /home/kda/ML_lab3/MLops_lab3/lab3/lib/python3.10/site-packages/_distutils_hack/__init__.py:33: UserWarning: Setuptools is replacing distutils.
[2023-12-30T17:34:55.088+0500] {subprocess.py:93} INFO -   warnings.warn("Setuptools is replacing distutils.")
[2023-12-30T17:34:55.174+0500] {subprocess.py:93} INFO - Registered model 'tree' already exists. Creating a new version of this model...
[2023-12-30T17:34:55.248+0500] {subprocess.py:93} INFO - 2023/12/30 17:34:55 INFO mlflow.store.model_registry.abstract_store: Waiting up to 300 seconds for model version to finish creation. Model name: tree, version 273
[2023-12-30T17:34:55.248+0500] {subprocess.py:93} INFO - Created version '273' of model 'tree'.
[2023-12-30T17:34:58.245+0500] {subprocess.py:93} INFO - /home/kda/ML_lab3/MLops_lab3/lab3/lib/python3.10/site-packages/_distutils_hack/__init__.py:18: UserWarning: Distutils was imported before Setuptools, but importing Setuptools also replaces the `distutils` module in `sys.modules`. This may lead to undesirable behaviors or errors. To avoid these issues, avoid using distutils directly, ensure that setuptools is installed in the traditional way (e.g. not an editable install), and/or make sure that setuptools is always imported before distutils.
[2023-12-30T17:34:58.245+0500] {subprocess.py:93} INFO -   warnings.warn(
[2023-12-30T17:34:58.245+0500] {subprocess.py:93} INFO - /home/kda/ML_lab3/MLops_lab3/lab3/lib/python3.10/site-packages/_distutils_hack/__init__.py:33: UserWarning: Setuptools is replacing distutils.
[2023-12-30T17:34:58.245+0500] {subprocess.py:93} INFO -   warnings.warn("Setuptools is replacing distutils.")
[2023-12-30T17:34:58.314+0500] {subprocess.py:93} INFO - Registered model 'tree' already exists. Creating a new version of this model...
[2023-12-30T17:34:58.404+0500] {subprocess.py:93} INFO - 2023/12/30 17:34:58 INFO mlflow.store.model_registry.abstract_store: Waiting up to 300 seconds for model version to finish creation. Model name: tree, version 274
[2023-12-30T17:34:58.404+0500] {subprocess.py:93} INFO - Created version '274' of model 'tree'.
[2023-12-30T17:35:01.694+0500] {subprocess.py:93} INFO - /home/kda/ML_lab3/MLops_lab3/lab3/lib/python3.10/site-packages/_distutils_hack/__init__.py:18: UserWarning: Distutils was imported before Setuptools, but importing Setuptools also replaces the `distutils` module in `sys.modules`. This may lead to undesirable behaviors or errors. To avoid these issues, avoid using distutils directly, ensure that setuptools is installed in the traditional way (e.g. not an editable install), and/or make sure that setuptools is always imported before distutils.
[2023-12-30T17:35:01.694+0500] {subprocess.py:93} INFO -   warnings.warn(
[2023-12-30T17:35:01.695+0500] {subprocess.py:93} INFO - /home/kda/ML_lab3/MLops_lab3/lab3/lib/python3.10/site-packages/_distutils_hack/__init__.py:33: UserWarning: Setuptools is replacing distutils.
[2023-12-30T17:35:01.695+0500] {subprocess.py:93} INFO -   warnings.warn("Setuptools is replacing distutils.")
[2023-12-30T17:35:01.825+0500] {subprocess.py:93} INFO - Registered model 'tree' already exists. Creating a new version of this model...
[2023-12-30T17:35:01.883+0500] {subprocess.py:93} INFO - 2023/12/30 17:35:01 INFO mlflow.store.model_registry.abstract_store: Waiting up to 300 seconds for model version to finish creation. Model name: tree, version 275
[2023-12-30T17:35:01.883+0500] {subprocess.py:93} INFO - Created version '275' of model 'tree'.
[2023-12-30T17:35:04.142+0500] {subprocess.py:93} INFO - /home/kda/ML_lab3/MLops_lab3/lab3/lib/python3.10/site-packages/_distutils_hack/__init__.py:18: UserWarning: Distutils was imported before Setuptools, but importing Setuptools also replaces the `distutils` module in `sys.modules`. This may lead to undesirable behaviors or errors. To avoid these issues, avoid using distutils directly, ensure that setuptools is installed in the traditional way (e.g. not an editable install), and/or make sure that setuptools is always imported before distutils.
[2023-12-30T17:35:04.143+0500] {subprocess.py:93} INFO -   warnings.warn(
[2023-12-30T17:35:04.143+0500] {subprocess.py:93} INFO - /home/kda/ML_lab3/MLops_lab3/lab3/lib/python3.10/site-packages/_distutils_hack/__init__.py:33: UserWarning: Setuptools is replacing distutils.
[2023-12-30T17:35:04.143+0500] {subprocess.py:93} INFO -   warnings.warn("Setuptools is replacing distutils.")
[2023-12-30T17:35:04.267+0500] {subprocess.py:93} INFO - Registered model 'tree' already exists. Creating a new version of this model...
[2023-12-30T17:35:04.336+0500] {subprocess.py:93} INFO - 2023/12/30 17:35:04 INFO mlflow.store.model_registry.abstract_store: Waiting up to 300 seconds for model version to finish creation. Model name: tree, version 276
[2023-12-30T17:35:04.337+0500] {subprocess.py:93} INFO - Created version '276' of model 'tree'.
[2023-12-30T17:35:06.763+0500] {subprocess.py:93} INFO - /home/kda/ML_lab3/MLops_lab3/lab3/lib/python3.10/site-packages/_distutils_hack/__init__.py:18: UserWarning: Distutils was imported before Setuptools, but importing Setuptools also replaces the `distutils` module in `sys.modules`. This may lead to undesirable behaviors or errors. To avoid these issues, avoid using distutils directly, ensure that setuptools is installed in the traditional way (e.g. not an editable install), and/or make sure that setuptools is always imported before distutils.
[2023-12-30T17:35:06.764+0500] {subprocess.py:93} INFO -   warnings.warn(
[2023-12-30T17:35:06.765+0500] {subprocess.py:93} INFO - /home/kda/ML_lab3/MLops_lab3/lab3/lib/python3.10/site-packages/_distutils_hack/__init__.py:33: UserWarning: Setuptools is replacing distutils.
[2023-12-30T17:35:06.765+0500] {subprocess.py:93} INFO -   warnings.warn("Setuptools is replacing distutils.")
[2023-12-30T17:35:06.821+0500] {subprocess.py:93} INFO - Registered model 'tree' already exists. Creating a new version of this model...
[2023-12-30T17:35:06.889+0500] {subprocess.py:93} INFO - 2023/12/30 17:35:06 INFO mlflow.store.model_registry.abstract_store: Waiting up to 300 seconds for model version to finish creation. Model name: tree, version 277
[2023-12-30T17:35:06.889+0500] {subprocess.py:93} INFO - Created version '277' of model 'tree'.
[2023-12-30T17:35:09.854+0500] {subprocess.py:93} INFO - /home/kda/ML_lab3/MLops_lab3/lab3/lib/python3.10/site-packages/_distutils_hack/__init__.py:18: UserWarning: Distutils was imported before Setuptools, but importing Setuptools also replaces the `distutils` module in `sys.modules`. This may lead to undesirable behaviors or errors. To avoid these issues, avoid using distutils directly, ensure that setuptools is installed in the traditional way (e.g. not an editable install), and/or make sure that setuptools is always imported before distutils.
[2023-12-30T17:35:09.854+0500] {subprocess.py:93} INFO -   warnings.warn(
[2023-12-30T17:35:09.855+0500] {subprocess.py:93} INFO - /home/kda/ML_lab3/MLops_lab3/lab3/lib/python3.10/site-packages/_distutils_hack/__init__.py:33: UserWarning: Setuptools is replacing distutils.
[2023-12-30T17:35:09.855+0500] {subprocess.py:93} INFO -   warnings.warn("Setuptools is replacing distutils.")
[2023-12-30T17:35:09.952+0500] {subprocess.py:93} INFO - Registered model 'tree' already exists. Creating a new version of this model...
[2023-12-30T17:35:10.019+0500] {subprocess.py:93} INFO - 2023/12/30 17:35:10 INFO mlflow.store.model_registry.abstract_store: Waiting up to 300 seconds for model version to finish creation. Model name: tree, version 278
[2023-12-30T17:35:10.020+0500] {subprocess.py:93} INFO - Created version '278' of model 'tree'.
[2023-12-30T17:35:12.730+0500] {subprocess.py:93} INFO - /home/kda/ML_lab3/MLops_lab3/lab3/lib/python3.10/site-packages/_distutils_hack/__init__.py:18: UserWarning: Distutils was imported before Setuptools, but importing Setuptools also replaces the `distutils` module in `sys.modules`. This may lead to undesirable behaviors or errors. To avoid these issues, avoid using distutils directly, ensure that setuptools is installed in the traditional way (e.g. not an editable install), and/or make sure that setuptools is always imported before distutils.
[2023-12-30T17:35:12.731+0500] {subprocess.py:93} INFO -   warnings.warn(
[2023-12-30T17:35:12.731+0500] {subprocess.py:93} INFO - /home/kda/ML_lab3/MLops_lab3/lab3/lib/python3.10/site-packages/_distutils_hack/__init__.py:33: UserWarning: Setuptools is replacing distutils.
[2023-12-30T17:35:12.731+0500] {subprocess.py:93} INFO -   warnings.warn("Setuptools is replacing distutils.")
[2023-12-30T17:35:12.790+0500] {subprocess.py:93} INFO - Registered model 'tree' already exists. Creating a new version of this model...
[2023-12-30T17:35:12.854+0500] {subprocess.py:93} INFO - 2023/12/30 17:35:12 INFO mlflow.store.model_registry.abstract_store: Waiting up to 300 seconds for model version to finish creation. Model name: tree, version 279
[2023-12-30T17:35:12.855+0500] {subprocess.py:93} INFO - Created version '279' of model 'tree'.
[2023-12-30T17:35:14.881+0500] {subprocess.py:93} INFO - /home/kda/ML_lab3/MLops_lab3/lab3/lib/python3.10/site-packages/_distutils_hack/__init__.py:18: UserWarning: Distutils was imported before Setuptools, but importing Setuptools also replaces the `distutils` module in `sys.modules`. This may lead to undesirable behaviors or errors. To avoid these issues, avoid using distutils directly, ensure that setuptools is installed in the traditional way (e.g. not an editable install), and/or make sure that setuptools is always imported before distutils.
[2023-12-30T17:35:14.882+0500] {subprocess.py:93} INFO -   warnings.warn(
[2023-12-30T17:35:14.882+0500] {subprocess.py:93} INFO - /home/kda/ML_lab3/MLops_lab3/lab3/lib/python3.10/site-packages/_distutils_hack/__init__.py:33: UserWarning: Setuptools is replacing distutils.
[2023-12-30T17:35:14.882+0500] {subprocess.py:93} INFO -   warnings.warn("Setuptools is replacing distutils.")
[2023-12-30T17:35:14.982+0500] {subprocess.py:93} INFO - Registered model 'tree' already exists. Creating a new version of this model...
[2023-12-30T17:35:15.078+0500] {subprocess.py:93} INFO - 2023/12/30 17:35:15 INFO mlflow.store.model_registry.abstract_store: Waiting up to 300 seconds for model version to finish creation. Model name: tree, version 280
[2023-12-30T17:35:15.078+0500] {subprocess.py:93} INFO - Created version '280' of model 'tree'.
[2023-12-30T17:35:18.176+0500] {subprocess.py:93} INFO - /home/kda/ML_lab3/MLops_lab3/lab3/lib/python3.10/site-packages/_distutils_hack/__init__.py:18: UserWarning: Distutils was imported before Setuptools, but importing Setuptools also replaces the `distutils` module in `sys.modules`. This may lead to undesirable behaviors or errors. To avoid these issues, avoid using distutils directly, ensure that setuptools is installed in the traditional way (e.g. not an editable install), and/or make sure that setuptools is always imported before distutils.
[2023-12-30T17:35:18.176+0500] {subprocess.py:93} INFO -   warnings.warn(
[2023-12-30T17:35:18.176+0500] {subprocess.py:93} INFO - /home/kda/ML_lab3/MLops_lab3/lab3/lib/python3.10/site-packages/_distutils_hack/__init__.py:33: UserWarning: Setuptools is replacing distutils.
[2023-12-30T17:35:18.177+0500] {subprocess.py:93} INFO -   warnings.warn("Setuptools is replacing distutils.")
[2023-12-30T17:35:18.305+0500] {subprocess.py:93} INFO - Registered model 'tree' already exists. Creating a new version of this model...
[2023-12-30T17:35:18.371+0500] {subprocess.py:93} INFO - 2023/12/30 17:35:18 INFO mlflow.store.model_registry.abstract_store: Waiting up to 300 seconds for model version to finish creation. Model name: tree, version 281
[2023-12-30T17:35:18.371+0500] {subprocess.py:93} INFO - Created version '281' of model 'tree'.
[2023-12-30T17:35:21.786+0500] {subprocess.py:93} INFO - /home/kda/ML_lab3/MLops_lab3/lab3/lib/python3.10/site-packages/_distutils_hack/__init__.py:18: UserWarning: Distutils was imported before Setuptools, but importing Setuptools also replaces the `distutils` module in `sys.modules`. This may lead to undesirable behaviors or errors. To avoid these issues, avoid using distutils directly, ensure that setuptools is installed in the traditional way (e.g. not an editable install), and/or make sure that setuptools is always imported before distutils.
[2023-12-30T17:35:21.787+0500] {subprocess.py:93} INFO -   warnings.warn(
[2023-12-30T17:35:21.787+0500] {subprocess.py:93} INFO - /home/kda/ML_lab3/MLops_lab3/lab3/lib/python3.10/site-packages/_distutils_hack/__init__.py:33: UserWarning: Setuptools is replacing distutils.
[2023-12-30T17:35:21.787+0500] {subprocess.py:93} INFO -   warnings.warn("Setuptools is replacing distutils.")
[2023-12-30T17:35:21.864+0500] {subprocess.py:93} INFO - Registered model 'tree' already exists. Creating a new version of this model...
[2023-12-30T17:35:21.994+0500] {subprocess.py:93} INFO - 2023/12/30 17:35:21 INFO mlflow.store.model_registry.abstract_store: Waiting up to 300 seconds for model version to finish creation. Model name: tree, version 282
[2023-12-30T17:35:21.994+0500] {subprocess.py:93} INFO - Created version '282' of model 'tree'.
[2023-12-30T17:35:24.797+0500] {subprocess.py:93} INFO - /home/kda/ML_lab3/MLops_lab3/lab3/lib/python3.10/site-packages/_distutils_hack/__init__.py:18: UserWarning: Distutils was imported before Setuptools, but importing Setuptools also replaces the `distutils` module in `sys.modules`. This may lead to undesirable behaviors or errors. To avoid these issues, avoid using distutils directly, ensure that setuptools is installed in the traditional way (e.g. not an editable install), and/or make sure that setuptools is always imported before distutils.
[2023-12-30T17:35:24.798+0500] {subprocess.py:93} INFO -   warnings.warn(
[2023-12-30T17:35:24.798+0500] {subprocess.py:93} INFO - /home/kda/ML_lab3/MLops_lab3/lab3/lib/python3.10/site-packages/_distutils_hack/__init__.py:33: UserWarning: Setuptools is replacing distutils.
[2023-12-30T17:35:24.798+0500] {subprocess.py:93} INFO -   warnings.warn("Setuptools is replacing distutils.")
[2023-12-30T17:35:24.897+0500] {subprocess.py:93} INFO - Registered model 'tree' already exists. Creating a new version of this model...
[2023-12-30T17:35:24.969+0500] {subprocess.py:93} INFO - 2023/12/30 17:35:24 INFO mlflow.store.model_registry.abstract_store: Waiting up to 300 seconds for model version to finish creation. Model name: tree, version 283
[2023-12-30T17:35:24.969+0500] {subprocess.py:93} INFO - Created version '283' of model 'tree'.
[2023-12-30T17:35:28.014+0500] {subprocess.py:93} INFO - /home/kda/ML_lab3/MLops_lab3/lab3/lib/python3.10/site-packages/_distutils_hack/__init__.py:18: UserWarning: Distutils was imported before Setuptools, but importing Setuptools also replaces the `distutils` module in `sys.modules`. This may lead to undesirable behaviors or errors. To avoid these issues, avoid using distutils directly, ensure that setuptools is installed in the traditional way (e.g. not an editable install), and/or make sure that setuptools is always imported before distutils.
[2023-12-30T17:35:28.014+0500] {subprocess.py:93} INFO -   warnings.warn(
[2023-12-30T17:35:28.014+0500] {subprocess.py:93} INFO - /home/kda/ML_lab3/MLops_lab3/lab3/lib/python3.10/site-packages/_distutils_hack/__init__.py:33: UserWarning: Setuptools is replacing distutils.
[2023-12-30T17:35:28.014+0500] {subprocess.py:93} INFO -   warnings.warn("Setuptools is replacing distutils.")
[2023-12-30T17:35:28.111+0500] {subprocess.py:93} INFO - Registered model 'tree' already exists. Creating a new version of this model...
[2023-12-30T17:35:28.172+0500] {subprocess.py:93} INFO - 2023/12/30 17:35:28 INFO mlflow.store.model_registry.abstract_store: Waiting up to 300 seconds for model version to finish creation. Model name: tree, version 284
[2023-12-30T17:35:28.172+0500] {subprocess.py:93} INFO - Created version '284' of model 'tree'.
[2023-12-30T17:35:30.855+0500] {subprocess.py:93} INFO - /home/kda/ML_lab3/MLops_lab3/lab3/lib/python3.10/site-packages/_distutils_hack/__init__.py:18: UserWarning: Distutils was imported before Setuptools, but importing Setuptools also replaces the `distutils` module in `sys.modules`. This may lead to undesirable behaviors or errors. To avoid these issues, avoid using distutils directly, ensure that setuptools is installed in the traditional way (e.g. not an editable install), and/or make sure that setuptools is always imported before distutils.
[2023-12-30T17:35:30.855+0500] {subprocess.py:93} INFO -   warnings.warn(
[2023-12-30T17:35:30.855+0500] {subprocess.py:93} INFO - /home/kda/ML_lab3/MLops_lab3/lab3/lib/python3.10/site-packages/_distutils_hack/__init__.py:33: UserWarning: Setuptools is replacing distutils.
[2023-12-30T17:35:30.855+0500] {subprocess.py:93} INFO -   warnings.warn("Setuptools is replacing distutils.")
[2023-12-30T17:35:30.983+0500] {subprocess.py:93} INFO - Registered model 'tree' already exists. Creating a new version of this model...
[2023-12-30T17:35:31.086+0500] {subprocess.py:93} INFO - 2023/12/30 17:35:31 INFO mlflow.store.model_registry.abstract_store: Waiting up to 300 seconds for model version to finish creation. Model name: tree, version 285
[2023-12-30T17:35:31.087+0500] {subprocess.py:93} INFO - Created version '285' of model 'tree'.
[2023-12-30T17:35:33.659+0500] {subprocess.py:93} INFO - /home/kda/ML_lab3/MLops_lab3/lab3/lib/python3.10/site-packages/_distutils_hack/__init__.py:18: UserWarning: Distutils was imported before Setuptools, but importing Setuptools also replaces the `distutils` module in `sys.modules`. This may lead to undesirable behaviors or errors. To avoid these issues, avoid using distutils directly, ensure that setuptools is installed in the traditional way (e.g. not an editable install), and/or make sure that setuptools is always imported before distutils.
[2023-12-30T17:35:33.659+0500] {subprocess.py:93} INFO -   warnings.warn(
[2023-12-30T17:35:33.659+0500] {subprocess.py:93} INFO - /home/kda/ML_lab3/MLops_lab3/lab3/lib/python3.10/site-packages/_distutils_hack/__init__.py:33: UserWarning: Setuptools is replacing distutils.
[2023-12-30T17:35:33.659+0500] {subprocess.py:93} INFO -   warnings.warn("Setuptools is replacing distutils.")
[2023-12-30T17:35:33.782+0500] {subprocess.py:93} INFO - Registered model 'tree' already exists. Creating a new version of this model...
[2023-12-30T17:35:33.939+0500] {subprocess.py:93} INFO - 2023/12/30 17:35:33 INFO mlflow.store.model_registry.abstract_store: Waiting up to 300 seconds for model version to finish creation. Model name: tree, version 286
[2023-12-30T17:35:33.939+0500] {subprocess.py:93} INFO - Created version '286' of model 'tree'.
[2023-12-30T17:35:36.716+0500] {subprocess.py:93} INFO - /home/kda/ML_lab3/MLops_lab3/lab3/lib/python3.10/site-packages/_distutils_hack/__init__.py:18: UserWarning: Distutils was imported before Setuptools, but importing Setuptools also replaces the `distutils` module in `sys.modules`. This may lead to undesirable behaviors or errors. To avoid these issues, avoid using distutils directly, ensure that setuptools is installed in the traditional way (e.g. not an editable install), and/or make sure that setuptools is always imported before distutils.
[2023-12-30T17:35:36.716+0500] {subprocess.py:93} INFO -   warnings.warn(
[2023-12-30T17:35:36.716+0500] {subprocess.py:93} INFO - /home/kda/ML_lab3/MLops_lab3/lab3/lib/python3.10/site-packages/_distutils_hack/__init__.py:33: UserWarning: Setuptools is replacing distutils.
[2023-12-30T17:35:36.716+0500] {subprocess.py:93} INFO -   warnings.warn("Setuptools is replacing distutils.")
[2023-12-30T17:35:36.809+0500] {subprocess.py:93} INFO - Registered model 'tree' already exists. Creating a new version of this model...
[2023-12-30T17:35:36.904+0500] {subprocess.py:93} INFO - 2023/12/30 17:35:36 INFO mlflow.store.model_registry.abstract_store: Waiting up to 300 seconds for model version to finish creation. Model name: tree, version 287
[2023-12-30T17:35:36.904+0500] {subprocess.py:93} INFO - Created version '287' of model 'tree'.
[2023-12-30T17:35:39.740+0500] {subprocess.py:93} INFO - /home/kda/ML_lab3/MLops_lab3/lab3/lib/python3.10/site-packages/_distutils_hack/__init__.py:18: UserWarning: Distutils was imported before Setuptools, but importing Setuptools also replaces the `distutils` module in `sys.modules`. This may lead to undesirable behaviors or errors. To avoid these issues, avoid using distutils directly, ensure that setuptools is installed in the traditional way (e.g. not an editable install), and/or make sure that setuptools is always imported before distutils.
[2023-12-30T17:35:39.740+0500] {subprocess.py:93} INFO -   warnings.warn(
[2023-12-30T17:35:39.740+0500] {subprocess.py:93} INFO - /home/kda/ML_lab3/MLops_lab3/lab3/lib/python3.10/site-packages/_distutils_hack/__init__.py:33: UserWarning: Setuptools is replacing distutils.
[2023-12-30T17:35:39.740+0500] {subprocess.py:93} INFO -   warnings.warn("Setuptools is replacing distutils.")
[2023-12-30T17:35:39.856+0500] {subprocess.py:93} INFO - Registered model 'tree' already exists. Creating a new version of this model...
[2023-12-30T17:35:39.968+0500] {subprocess.py:93} INFO - 2023/12/30 17:35:39 INFO mlflow.store.model_registry.abstract_store: Waiting up to 300 seconds for model version to finish creation. Model name: tree, version 288
[2023-12-30T17:35:39.968+0500] {subprocess.py:93} INFO - Created version '288' of model 'tree'.
[2023-12-30T17:35:42.909+0500] {subprocess.py:93} INFO - /home/kda/ML_lab3/MLops_lab3/lab3/lib/python3.10/site-packages/_distutils_hack/__init__.py:18: UserWarning: Distutils was imported before Setuptools, but importing Setuptools also replaces the `distutils` module in `sys.modules`. This may lead to undesirable behaviors or errors. To avoid these issues, avoid using distutils directly, ensure that setuptools is installed in the traditional way (e.g. not an editable install), and/or make sure that setuptools is always imported before distutils.
[2023-12-30T17:35:42.909+0500] {subprocess.py:93} INFO -   warnings.warn(
[2023-12-30T17:35:42.910+0500] {subprocess.py:93} INFO - /home/kda/ML_lab3/MLops_lab3/lab3/lib/python3.10/site-packages/_distutils_hack/__init__.py:33: UserWarning: Setuptools is replacing distutils.
[2023-12-30T17:35:42.910+0500] {subprocess.py:93} INFO -   warnings.warn("Setuptools is replacing distutils.")
[2023-12-30T17:35:42.979+0500] {subprocess.py:93} INFO - Registered model 'tree' already exists. Creating a new version of this model...
[2023-12-30T17:35:43.071+0500] {subprocess.py:93} INFO - 2023/12/30 17:35:43 INFO mlflow.store.model_registry.abstract_store: Waiting up to 300 seconds for model version to finish creation. Model name: tree, version 289
[2023-12-30T17:35:43.071+0500] {subprocess.py:93} INFO - Created version '289' of model 'tree'.
[2023-12-30T17:35:45.778+0500] {subprocess.py:93} INFO - /home/kda/ML_lab3/MLops_lab3/lab3/lib/python3.10/site-packages/_distutils_hack/__init__.py:18: UserWarning: Distutils was imported before Setuptools, but importing Setuptools also replaces the `distutils` module in `sys.modules`. This may lead to undesirable behaviors or errors. To avoid these issues, avoid using distutils directly, ensure that setuptools is installed in the traditional way (e.g. not an editable install), and/or make sure that setuptools is always imported before distutils.
[2023-12-30T17:35:45.778+0500] {subprocess.py:93} INFO -   warnings.warn(
[2023-12-30T17:35:45.778+0500] {subprocess.py:93} INFO - /home/kda/ML_lab3/MLops_lab3/lab3/lib/python3.10/site-packages/_distutils_hack/__init__.py:33: UserWarning: Setuptools is replacing distutils.
[2023-12-30T17:35:45.778+0500] {subprocess.py:93} INFO -   warnings.warn("Setuptools is replacing distutils.")
[2023-12-30T17:35:45.850+0500] {subprocess.py:93} INFO - Registered model 'tree' already exists. Creating a new version of this model...
[2023-12-30T17:35:45.923+0500] {subprocess.py:93} INFO - 2023/12/30 17:35:45 INFO mlflow.store.model_registry.abstract_store: Waiting up to 300 seconds for model version to finish creation. Model name: tree, version 290
[2023-12-30T17:35:45.924+0500] {subprocess.py:93} INFO - Created version '290' of model 'tree'.
[2023-12-30T17:35:48.764+0500] {subprocess.py:93} INFO - /home/kda/ML_lab3/MLops_lab3/lab3/lib/python3.10/site-packages/_distutils_hack/__init__.py:18: UserWarning: Distutils was imported before Setuptools, but importing Setuptools also replaces the `distutils` module in `sys.modules`. This may lead to undesirable behaviors or errors. To avoid these issues, avoid using distutils directly, ensure that setuptools is installed in the traditional way (e.g. not an editable install), and/or make sure that setuptools is always imported before distutils.
[2023-12-30T17:35:48.764+0500] {subprocess.py:93} INFO -   warnings.warn(
[2023-12-30T17:35:48.765+0500] {subprocess.py:93} INFO - /home/kda/ML_lab3/MLops_lab3/lab3/lib/python3.10/site-packages/_distutils_hack/__init__.py:33: UserWarning: Setuptools is replacing distutils.
[2023-12-30T17:35:48.765+0500] {subprocess.py:93} INFO -   warnings.warn("Setuptools is replacing distutils.")
[2023-12-30T17:35:48.874+0500] {subprocess.py:93} INFO - Registered model 'tree' already exists. Creating a new version of this model...
[2023-12-30T17:35:48.951+0500] {subprocess.py:93} INFO - 2023/12/30 17:35:48 INFO mlflow.store.model_registry.abstract_store: Waiting up to 300 seconds for model version to finish creation. Model name: tree, version 291
[2023-12-30T17:35:48.951+0500] {subprocess.py:93} INFO - Created version '291' of model 'tree'.
[2023-12-30T17:35:51.607+0500] {subprocess.py:93} INFO - /home/kda/ML_lab3/MLops_lab3/lab3/lib/python3.10/site-packages/_distutils_hack/__init__.py:18: UserWarning: Distutils was imported before Setuptools, but importing Setuptools also replaces the `distutils` module in `sys.modules`. This may lead to undesirable behaviors or errors. To avoid these issues, avoid using distutils directly, ensure that setuptools is installed in the traditional way (e.g. not an editable install), and/or make sure that setuptools is always imported before distutils.
[2023-12-30T17:35:51.607+0500] {subprocess.py:93} INFO -   warnings.warn(
[2023-12-30T17:35:51.607+0500] {subprocess.py:93} INFO - /home/kda/ML_lab3/MLops_lab3/lab3/lib/python3.10/site-packages/_distutils_hack/__init__.py:33: UserWarning: Setuptools is replacing distutils.
[2023-12-30T17:35:51.607+0500] {subprocess.py:93} INFO -   warnings.warn("Setuptools is replacing distutils.")
[2023-12-30T17:35:51.751+0500] {subprocess.py:93} INFO - Registered model 'tree' already exists. Creating a new version of this model...
[2023-12-30T17:35:51.855+0500] {subprocess.py:93} INFO - 2023/12/30 17:35:51 INFO mlflow.store.model_registry.abstract_store: Waiting up to 300 seconds for model version to finish creation. Model name: tree, version 292
[2023-12-30T17:35:51.855+0500] {subprocess.py:93} INFO - Created version '292' of model 'tree'.
[2023-12-30T17:35:55.028+0500] {subprocess.py:93} INFO - /home/kda/ML_lab3/MLops_lab3/lab3/lib/python3.10/site-packages/_distutils_hack/__init__.py:18: UserWarning: Distutils was imported before Setuptools, but importing Setuptools also replaces the `distutils` module in `sys.modules`. This may lead to undesirable behaviors or errors. To avoid these issues, avoid using distutils directly, ensure that setuptools is installed in the traditional way (e.g. not an editable install), and/or make sure that setuptools is always imported before distutils.
[2023-12-30T17:35:55.028+0500] {subprocess.py:93} INFO -   warnings.warn(
[2023-12-30T17:35:55.028+0500] {subprocess.py:93} INFO - /home/kda/ML_lab3/MLops_lab3/lab3/lib/python3.10/site-packages/_distutils_hack/__init__.py:33: UserWarning: Setuptools is replacing distutils.
[2023-12-30T17:35:55.028+0500] {subprocess.py:93} INFO -   warnings.warn("Setuptools is replacing distutils.")
[2023-12-30T17:35:55.100+0500] {subprocess.py:93} INFO - Registered model 'tree' already exists. Creating a new version of this model...
[2023-12-30T17:35:55.188+0500] {subprocess.py:93} INFO - 2023/12/30 17:35:55 INFO mlflow.store.model_registry.abstract_store: Waiting up to 300 seconds for model version to finish creation. Model name: tree, version 293
[2023-12-30T17:35:55.188+0500] {subprocess.py:93} INFO - Created version '293' of model 'tree'.
[2023-12-30T17:35:57.907+0500] {subprocess.py:93} INFO - /home/kda/ML_lab3/MLops_lab3/lab3/lib/python3.10/site-packages/_distutils_hack/__init__.py:18: UserWarning: Distutils was imported before Setuptools, but importing Setuptools also replaces the `distutils` module in `sys.modules`. This may lead to undesirable behaviors or errors. To avoid these issues, avoid using distutils directly, ensure that setuptools is installed in the traditional way (e.g. not an editable install), and/or make sure that setuptools is always imported before distutils.
[2023-12-30T17:35:57.907+0500] {subprocess.py:93} INFO -   warnings.warn(
[2023-12-30T17:35:57.907+0500] {subprocess.py:93} INFO - /home/kda/ML_lab3/MLops_lab3/lab3/lib/python3.10/site-packages/_distutils_hack/__init__.py:33: UserWarning: Setuptools is replacing distutils.
[2023-12-30T17:35:57.907+0500] {subprocess.py:93} INFO -   warnings.warn("Setuptools is replacing distutils.")
[2023-12-30T17:35:58.064+0500] {subprocess.py:93} INFO - Registered model 'tree' already exists. Creating a new version of this model...
[2023-12-30T17:35:58.179+0500] {subprocess.py:93} INFO - 2023/12/30 17:35:58 INFO mlflow.store.model_registry.abstract_store: Waiting up to 300 seconds for model version to finish creation. Model name: tree, version 294
[2023-12-30T17:35:58.179+0500] {subprocess.py:93} INFO - Created version '294' of model 'tree'.
[2023-12-30T17:36:01.145+0500] {subprocess.py:93} INFO - /home/kda/ML_lab3/MLops_lab3/lab3/lib/python3.10/site-packages/_distutils_hack/__init__.py:18: UserWarning: Distutils was imported before Setuptools, but importing Setuptools also replaces the `distutils` module in `sys.modules`. This may lead to undesirable behaviors or errors. To avoid these issues, avoid using distutils directly, ensure that setuptools is installed in the traditional way (e.g. not an editable install), and/or make sure that setuptools is always imported before distutils.
[2023-12-30T17:36:01.145+0500] {subprocess.py:93} INFO -   warnings.warn(
[2023-12-30T17:36:01.145+0500] {subprocess.py:93} INFO - /home/kda/ML_lab3/MLops_lab3/lab3/lib/python3.10/site-packages/_distutils_hack/__init__.py:33: UserWarning: Setuptools is replacing distutils.
[2023-12-30T17:36:01.145+0500] {subprocess.py:93} INFO -   warnings.warn("Setuptools is replacing distutils.")
[2023-12-30T17:36:01.204+0500] {subprocess.py:93} INFO - Registered model 'tree' already exists. Creating a new version of this model...
[2023-12-30T17:36:01.290+0500] {subprocess.py:93} INFO - 2023/12/30 17:36:01 INFO mlflow.store.model_registry.abstract_store: Waiting up to 300 seconds for model version to finish creation. Model name: tree, version 295
[2023-12-30T17:36:01.290+0500] {subprocess.py:93} INFO - Created version '295' of model 'tree'.
[2023-12-30T17:36:04.504+0500] {subprocess.py:93} INFO - /home/kda/ML_lab3/MLops_lab3/lab3/lib/python3.10/site-packages/_distutils_hack/__init__.py:18: UserWarning: Distutils was imported before Setuptools, but importing Setuptools also replaces the `distutils` module in `sys.modules`. This may lead to undesirable behaviors or errors. To avoid these issues, avoid using distutils directly, ensure that setuptools is installed in the traditional way (e.g. not an editable install), and/or make sure that setuptools is always imported before distutils.
[2023-12-30T17:36:04.505+0500] {subprocess.py:93} INFO -   warnings.warn(
[2023-12-30T17:36:04.505+0500] {subprocess.py:93} INFO - /home/kda/ML_lab3/MLops_lab3/lab3/lib/python3.10/site-packages/_distutils_hack/__init__.py:33: UserWarning: Setuptools is replacing distutils.
[2023-12-30T17:36:04.505+0500] {subprocess.py:93} INFO -   warnings.warn("Setuptools is replacing distutils.")
[2023-12-30T17:36:04.583+0500] {subprocess.py:93} INFO - Registered model 'tree' already exists. Creating a new version of this model...
[2023-12-30T17:36:04.646+0500] {subprocess.py:93} INFO - 2023/12/30 17:36:04 INFO mlflow.store.model_registry.abstract_store: Waiting up to 300 seconds for model version to finish creation. Model name: tree, version 296
[2023-12-30T17:36:04.647+0500] {subprocess.py:93} INFO - Created version '296' of model 'tree'.
[2023-12-30T17:36:07.350+0500] {subprocess.py:93} INFO - /home/kda/ML_lab3/MLops_lab3/lab3/lib/python3.10/site-packages/_distutils_hack/__init__.py:18: UserWarning: Distutils was imported before Setuptools, but importing Setuptools also replaces the `distutils` module in `sys.modules`. This may lead to undesirable behaviors or errors. To avoid these issues, avoid using distutils directly, ensure that setuptools is installed in the traditional way (e.g. not an editable install), and/or make sure that setuptools is always imported before distutils.
[2023-12-30T17:36:07.351+0500] {subprocess.py:93} INFO -   warnings.warn(
[2023-12-30T17:36:07.351+0500] {subprocess.py:93} INFO - /home/kda/ML_lab3/MLops_lab3/lab3/lib/python3.10/site-packages/_distutils_hack/__init__.py:33: UserWarning: Setuptools is replacing distutils.
[2023-12-30T17:36:07.351+0500] {subprocess.py:93} INFO -   warnings.warn("Setuptools is replacing distutils.")
[2023-12-30T17:36:07.434+0500] {subprocess.py:93} INFO - Registered model 'tree' already exists. Creating a new version of this model...
[2023-12-30T17:36:07.494+0500] {subprocess.py:93} INFO - 2023/12/30 17:36:07 INFO mlflow.store.model_registry.abstract_store: Waiting up to 300 seconds for model version to finish creation. Model name: tree, version 297
[2023-12-30T17:36:07.494+0500] {subprocess.py:93} INFO - Created version '297' of model 'tree'.
[2023-12-30T17:36:09.942+0500] {subprocess.py:93} INFO - /home/kda/ML_lab3/MLops_lab3/lab3/lib/python3.10/site-packages/_distutils_hack/__init__.py:18: UserWarning: Distutils was imported before Setuptools, but importing Setuptools also replaces the `distutils` module in `sys.modules`. This may lead to undesirable behaviors or errors. To avoid these issues, avoid using distutils directly, ensure that setuptools is installed in the traditional way (e.g. not an editable install), and/or make sure that setuptools is always imported before distutils.
[2023-12-30T17:36:09.942+0500] {subprocess.py:93} INFO -   warnings.warn(
[2023-12-30T17:36:09.943+0500] {subprocess.py:93} INFO - /home/kda/ML_lab3/MLops_lab3/lab3/lib/python3.10/site-packages/_distutils_hack/__init__.py:33: UserWarning: Setuptools is replacing distutils.
[2023-12-30T17:36:09.943+0500] {subprocess.py:93} INFO -   warnings.warn("Setuptools is replacing distutils.")
[2023-12-30T17:36:10.071+0500] {subprocess.py:93} INFO - Registered model 'best_tree' already exists. Creating a new version of this model...
[2023-12-30T17:36:10.162+0500] {subprocess.py:93} INFO - 2023/12/30 17:36:10 INFO mlflow.store.model_registry.abstract_store: Waiting up to 300 seconds for model version to finish creation. Model name: best_tree, version 6
[2023-12-30T17:36:10.162+0500] {subprocess.py:93} INFO - Created version '6' of model 'best_tree'.
[2023-12-30T17:36:10.257+0500] {subprocess.py:93} INFO - <class 'pandas.core.frame.DataFrame'>
[2023-12-30T17:36:10.258+0500] {subprocess.py:93} INFO - RangeIndex: 704 entries, 0 to 703
[2023-12-30T17:36:10.258+0500] {subprocess.py:93} INFO - Columns: 220 entries, Price (in USD) to i8
[2023-12-30T17:36:10.258+0500] {subprocess.py:93} INFO - dtypes: bool(212), float64(2), int64(6)
[2023-12-30T17:36:10.258+0500] {subprocess.py:93} INFO - memory usage: 189.9 KB
[2023-12-30T17:36:10.258+0500] {subprocess.py:93} INFO - {'max_depth': 10, 'max_features': 10, 'min_samples_leaf': 5}
[2023-12-30T17:36:10.258+0500] {subprocess.py:93} INFO - 0.10795454545454546
[2023-12-30T17:36:10.258+0500] {subprocess.py:93} INFO - {'max_depth': 10, 'max_features': 10, 'min_samples_leaf': 10}
[2023-12-30T17:36:10.258+0500] {subprocess.py:93} INFO - 0.1747159090909091
[2023-12-30T17:36:10.259+0500] {subprocess.py:93} INFO - {'max_depth': 10, 'max_features': 10, 'min_samples_leaf': 15}
[2023-12-30T17:36:10.259+0500] {subprocess.py:93} INFO - 0.13352272727272727
[2023-12-30T17:36:10.259+0500] {subprocess.py:93} INFO - {'max_depth': 10, 'max_features': 20, 'min_samples_leaf': 5}
[2023-12-30T17:36:10.259+0500] {subprocess.py:93} INFO - 0.16051136363636365
[2023-12-30T17:36:10.259+0500] {subprocess.py:93} INFO - {'max_depth': 10, 'max_features': 20, 'min_samples_leaf': 10}
[2023-12-30T17:36:10.259+0500] {subprocess.py:93} INFO - 0.17613636363636365
[2023-12-30T17:36:10.259+0500] {subprocess.py:93} INFO - {'max_depth': 10, 'max_features': 20, 'min_samples_leaf': 15}
[2023-12-30T17:36:10.259+0500] {subprocess.py:93} INFO - 0.048295454545454544
[2023-12-30T17:36:10.259+0500] {subprocess.py:93} INFO - {'max_depth': 10, 'max_features': 30, 'min_samples_leaf': 5}
[2023-12-30T17:36:10.259+0500] {subprocess.py:93} INFO - 0.20880681818181818
[2023-12-30T17:36:10.259+0500] {subprocess.py:93} INFO - {'max_depth': 10, 'max_features': 30, 'min_samples_leaf': 10}
[2023-12-30T17:36:10.259+0500] {subprocess.py:93} INFO - 0.19602272727272727
[2023-12-30T17:36:10.259+0500] {subprocess.py:93} INFO - {'max_depth': 10, 'max_features': 30, 'min_samples_leaf': 15}
[2023-12-30T17:36:10.260+0500] {subprocess.py:93} INFO - 0.10653409090909091
[2023-12-30T17:36:10.260+0500] {subprocess.py:93} INFO - {'max_depth': 20, 'max_features': 10, 'min_samples_leaf': 5}
[2023-12-30T17:36:10.260+0500] {subprocess.py:93} INFO - 0.2372159090909091
[2023-12-30T17:36:10.260+0500] {subprocess.py:93} INFO - {'max_depth': 20, 'max_features': 10, 'min_samples_leaf': 10}
[2023-12-30T17:36:10.260+0500] {subprocess.py:93} INFO - 0.10227272727272728
[2023-12-30T17:36:10.260+0500] {subprocess.py:93} INFO - {'max_depth': 20, 'max_features': 10, 'min_samples_leaf': 15}
[2023-12-30T17:36:10.260+0500] {subprocess.py:93} INFO - 0.07670454545454546
[2023-12-30T17:36:10.260+0500] {subprocess.py:93} INFO - {'max_depth': 20, 'max_features': 20, 'min_samples_leaf': 5}
[2023-12-30T17:36:10.260+0500] {subprocess.py:93} INFO - 0.2897727272727273
[2023-12-30T17:36:10.260+0500] {subprocess.py:93} INFO - {'max_depth': 20, 'max_features': 20, 'min_samples_leaf': 10}
[2023-12-30T17:36:10.261+0500] {subprocess.py:93} INFO - 0.19460227272727273
[2023-12-30T17:36:10.261+0500] {subprocess.py:93} INFO - {'max_depth': 20, 'max_features': 20, 'min_samples_leaf': 15}
[2023-12-30T17:36:10.261+0500] {subprocess.py:93} INFO - 0.18892045454545456
[2023-12-30T17:36:10.261+0500] {subprocess.py:93} INFO - {'max_depth': 20, 'max_features': 30, 'min_samples_leaf': 5}
[2023-12-30T17:36:10.261+0500] {subprocess.py:93} INFO - 0.3125
[2023-12-30T17:36:10.261+0500] {subprocess.py:93} INFO - {'max_depth': 20, 'max_features': 30, 'min_samples_leaf': 10}
[2023-12-30T17:36:10.261+0500] {subprocess.py:93} INFO - 0.3053977272727273
[2023-12-30T17:36:10.261+0500] {subprocess.py:93} INFO - {'max_depth': 20, 'max_features': 30, 'min_samples_leaf': 15}
[2023-12-30T17:36:10.261+0500] {subprocess.py:93} INFO - 0.24005681818181818
[2023-12-30T17:36:10.261+0500] {subprocess.py:93} INFO - {'max_depth': 30, 'max_features': 10, 'min_samples_leaf': 5}
[2023-12-30T17:36:10.261+0500] {subprocess.py:93} INFO - 0.14488636363636365
[2023-12-30T17:36:10.261+0500] {subprocess.py:93} INFO - {'max_depth': 30, 'max_features': 10, 'min_samples_leaf': 10}
[2023-12-30T17:36:10.261+0500] {subprocess.py:93} INFO - 0.15056818181818182
[2023-12-30T17:36:10.261+0500] {subprocess.py:93} INFO - {'max_depth': 30, 'max_features': 10, 'min_samples_leaf': 15}
[2023-12-30T17:36:10.261+0500] {subprocess.py:93} INFO - 0.07244318181818182
[2023-12-30T17:36:10.261+0500] {subprocess.py:93} INFO - {'max_depth': 30, 'max_features': 20, 'min_samples_leaf': 5}
[2023-12-30T17:36:10.262+0500] {subprocess.py:93} INFO - 0.35795454545454547
[2023-12-30T17:36:10.262+0500] {subprocess.py:93} INFO - {'max_depth': 30, 'max_features': 20, 'min_samples_leaf': 10}
[2023-12-30T17:36:10.262+0500] {subprocess.py:93} INFO - 0.13210227272727273
[2023-12-30T17:36:10.262+0500] {subprocess.py:93} INFO - {'max_depth': 30, 'max_features': 20, 'min_samples_leaf': 15}
[2023-12-30T17:36:10.262+0500] {subprocess.py:93} INFO - 0.16761363636363635
[2023-12-30T17:36:10.262+0500] {subprocess.py:93} INFO - {'max_depth': 30, 'max_features': 30, 'min_samples_leaf': 5}
[2023-12-30T17:36:10.262+0500] {subprocess.py:93} INFO - 0.3977272727272727
[2023-12-30T17:36:10.262+0500] {subprocess.py:93} INFO - {'max_depth': 30, 'max_features': 30, 'min_samples_leaf': 10}
[2023-12-30T17:36:10.262+0500] {subprocess.py:93} INFO - 0.34801136363636365
[2023-12-30T17:36:10.262+0500] {subprocess.py:93} INFO - {'max_depth': 30, 'max_features': 30, 'min_samples_leaf': 15}
[2023-12-30T17:36:10.262+0500] {subprocess.py:93} INFO - 0.2159090909090909
[2023-12-30T17:36:10.262+0500] {subprocess.py:93} INFO - TESTEST BEST EXPEREMENT:      f7cb07aa01b34a5b874d24aab1f6c792
[2023-12-30T17:36:10.952+0500] {subprocess.py:97} INFO - Command exited with return code 0
[2023-12-30T17:36:11.019+0500] {taskinstance.py:1400} INFO - Marking task as SUCCESS. dag_id=KOH, task_id=data_ml, execution_date=20231230T123411, start_date=20231230T123438, end_date=20231230T123611
[2023-12-30T17:36:11.106+0500] {local_task_job_runner.py:228} INFO - Task exited with return code 0
[2023-12-30T17:36:11.121+0500] {taskinstance.py:2778} INFO - 1 downstream tasks scheduled from follow-on schedule check
