[2023-12-30T17:37:46.551+0500] {taskinstance.py:1159} INFO - Dependencies all met for dep_context=non-requeueable deps ti=<TaskInstance: KOH.evaluate manual__2023-12-30T12:30:31.083881+00:00 [queued]>
[2023-12-30T17:37:46.555+0500] {taskinstance.py:1159} INFO - Dependencies all met for dep_context=requeueable deps ti=<TaskInstance: KOH.evaluate manual__2023-12-30T12:30:31.083881+00:00 [queued]>
[2023-12-30T17:37:46.555+0500] {taskinstance.py:1361} INFO - Starting attempt 2 of 2
[2023-12-30T17:37:46.580+0500] {taskinstance.py:1382} INFO - Executing <Task(BashOperator): evaluate> on 2023-12-30 12:30:31.083881+00:00
[2023-12-30T17:37:46.582+0500] {standard_task_runner.py:84} INFO - Running: ['airflow', 'tasks', 'run', 'KOH', 'evaluate', 'manual__2023-12-30T12:30:31.083881+00:00', '--job-id', '358', '--raw', '--subdir', 'DAGS_FOLDER/text.py', '--cfg-path', '/tmp/tmpdq55l9fv']
[2023-12-30T17:37:46.583+0500] {standard_task_runner.py:85} INFO - Job 358: Subtask evaluate
[2023-12-30T17:37:46.583+0500] {standard_task_runner.py:57} INFO - Started process 22897 to run task
[2023-12-30T17:37:46.637+0500] {task_command.py:416} INFO - Running <TaskInstance: KOH.evaluate manual__2023-12-30T12:30:31.083881+00:00 [running]> on host vm2.myguest.virtualbox.org
[2023-12-30T17:37:46.729+0500] {taskinstance.py:1662} INFO - Exporting env vars: AIRFLOW_CTX_DAG_OWNER='Admin' AIRFLOW_CTX_DAG_ID='KOH' AIRFLOW_CTX_TASK_ID='evaluate' AIRFLOW_CTX_EXECUTION_DATE='2023-12-30T12:30:31.083881+00:00' AIRFLOW_CTX_TRY_NUMBER='2' AIRFLOW_CTX_DAG_RUN_ID='manual__2023-12-30T12:30:31.083881+00:00'
[2023-12-30T17:37:46.733+0500] {subprocess.py:63} INFO - Tmp dir root location: /tmp
[2023-12-30T17:37:46.733+0500] {subprocess.py:75} INFO - Running command: ['/usr/bin/bash', '-c', 'cd /home/kda/ML_lab3/MLops_lab3/ && python /home/kda/ML_lab3/MLops_lab3/scripts/evaluate.py']
[2023-12-30T17:37:46.739+0500] {subprocess.py:86} INFO - Output:
[2023-12-30T17:37:48.337+0500] {subprocess.py:93} INFO -      Price (in USD)  Unnamed: 0.2  Unnamed: 0.1  ...  Z4 M40i  Z4 Roadster     i8
[2023-12-30T17:37:48.337+0500] {subprocess.py:93} INFO - 0             67600           912           912  ...    False        False  False
[2023-12-30T17:37:48.338+0500] {subprocess.py:93} INFO - 1             81250           843           843  ...    False        False  False
[2023-12-30T17:37:48.338+0500] {subprocess.py:93} INFO - 2             69000           293           293  ...    False        False  False
[2023-12-30T17:37:48.338+0500] {subprocess.py:93} INFO - 3            180000           554           554  ...    False        False  False
[2023-12-30T17:37:48.338+0500] {subprocess.py:93} INFO - 4             64695           581           581  ...    False        False  False
[2023-12-30T17:37:48.338+0500] {subprocess.py:93} INFO - ..              ...           ...           ...  ...      ...          ...    ...
[2023-12-30T17:37:48.338+0500] {subprocess.py:93} INFO - 298          250000           951           951  ...    False        False  False
[2023-12-30T17:37:48.338+0500] {subprocess.py:93} INFO - 299         2600000           523           523  ...    False        False  False
[2023-12-30T17:37:48.338+0500] {subprocess.py:93} INFO - 300          103500            61            61  ...    False        False  False
[2023-12-30T17:37:48.338+0500] {subprocess.py:93} INFO - 301          157500           355           355  ...    False        False  False
[2023-12-30T17:37:48.338+0500] {subprocess.py:93} INFO - 302          200000           335           335  ...    False        False  False
[2023-12-30T17:37:48.338+0500] {subprocess.py:93} INFO - 
[2023-12-30T17:37:48.338+0500] {subprocess.py:93} INFO - [303 rows x 220 columns]
[2023-12-30T17:37:48.338+0500] {subprocess.py:93} INFO - 0.2871287128712871
[2023-12-30T17:37:48.649+0500] {subprocess.py:97} INFO - Command exited with return code 0
[2023-12-30T17:37:48.717+0500] {taskinstance.py:1400} INFO - Marking task as SUCCESS. dag_id=KOH, task_id=evaluate, execution_date=20231230T123031, start_date=20231230T123746, end_date=20231230T123748
[2023-12-30T17:37:48.805+0500] {local_task_job_runner.py:228} INFO - Task exited with return code 0
[2023-12-30T17:37:48.813+0500] {taskinstance.py:2778} INFO - 0 downstream tasks scheduled from follow-on schedule check
