[2023-12-26T23:40:22.427+0500] {taskinstance.py:1159} INFO - Dependencies all met for dep_context=non-requeueable deps ti=<TaskInstance: KOH.evaluate manual__2023-12-26T18:33:56.569644+00:00 [queued]>
[2023-12-26T23:40:22.466+0500] {taskinstance.py:1159} INFO - Dependencies all met for dep_context=requeueable deps ti=<TaskInstance: KOH.evaluate manual__2023-12-26T18:33:56.569644+00:00 [queued]>
[2023-12-26T23:40:22.466+0500] {taskinstance.py:1361} INFO - Starting attempt 2 of 2
[2023-12-26T23:40:22.584+0500] {taskinstance.py:1382} INFO - Executing <Task(BashOperator): evaluate> on 2023-12-26 18:33:56.569644+00:00
[2023-12-26T23:40:22.603+0500] {standard_task_runner.py:57} INFO - Started process 13016 to run task
[2023-12-26T23:40:22.625+0500] {standard_task_runner.py:84} INFO - Running: ['airflow', 'tasks', 'run', 'KOH', 'evaluate', 'manual__2023-12-26T18:33:56.569644+00:00', '--job-id', '130', '--raw', '--subdir', 'DAGS_FOLDER/text.py', '--cfg-path', '/tmp/tmplakjtqbl']
[2023-12-26T23:40:22.633+0500] {standard_task_runner.py:85} INFO - Job 130: Subtask evaluate
[2023-12-26T23:40:22.835+0500] {task_command.py:416} INFO - Running <TaskInstance: KOH.evaluate manual__2023-12-26T18:33:56.569644+00:00 [running]> on host vm2.myguest.virtualbox.org
[2023-12-26T23:40:23.118+0500] {taskinstance.py:1662} INFO - Exporting env vars: AIRFLOW_CTX_DAG_OWNER='Admin' AIRFLOW_CTX_DAG_ID='KOH' AIRFLOW_CTX_TASK_ID='evaluate' AIRFLOW_CTX_EXECUTION_DATE='2023-12-26T18:33:56.569644+00:00' AIRFLOW_CTX_TRY_NUMBER='2' AIRFLOW_CTX_DAG_RUN_ID='manual__2023-12-26T18:33:56.569644+00:00'
[2023-12-26T23:40:23.121+0500] {subprocess.py:63} INFO - Tmp dir root location: /tmp
[2023-12-26T23:40:23.126+0500] {subprocess.py:75} INFO - Running command: ['/usr/bin/bash', '-c', 'cd /home/kda/ML_lab3/MLops_lab3/ && python /home/kda/ML_lab3/MLops_lab3/scripts/evaluate.py']
[2023-12-26T23:40:23.168+0500] {subprocess.py:86} INFO - Output:
[2023-12-26T23:40:34.673+0500] {subprocess.py:93} INFO - Successfully registered model 'eval'.
[2023-12-26T23:40:34.817+0500] {subprocess.py:93} INFO - 2023/12/26 23:40:34 INFO mlflow.store.model_registry.abstract_store: Waiting up to 300 seconds for model version to finish creation. Model name: eval, version 1
[2023-12-26T23:40:34.817+0500] {subprocess.py:93} INFO - Created version '1' of model 'eval'.
[2023-12-26T23:40:34.997+0500] {subprocess.py:93} INFO -      Price (in USD)  Unnamed: 0.2  Unnamed: 0.1  ...  Z4 M40i  Z4 Roadster     i8
[2023-12-26T23:40:34.997+0500] {subprocess.py:93} INFO - 0             67600           912           912  ...    False        False  False
[2023-12-26T23:40:34.997+0500] {subprocess.py:93} INFO - 1             81250           843           843  ...    False        False  False
[2023-12-26T23:40:34.997+0500] {subprocess.py:93} INFO - 2             69000           293           293  ...    False        False  False
[2023-12-26T23:40:34.997+0500] {subprocess.py:93} INFO - 3            180000           554           554  ...    False        False  False
[2023-12-26T23:40:34.997+0500] {subprocess.py:93} INFO - 4             64695           581           581  ...    False        False  False
[2023-12-26T23:40:34.997+0500] {subprocess.py:93} INFO - ..              ...           ...           ...  ...      ...          ...    ...
[2023-12-26T23:40:34.997+0500] {subprocess.py:93} INFO - 298          250000           951           951  ...    False        False  False
[2023-12-26T23:40:34.997+0500] {subprocess.py:93} INFO - 299         2600000           523           523  ...    False        False  False
[2023-12-26T23:40:34.997+0500] {subprocess.py:93} INFO - 300          103500            61            61  ...    False        False  False
[2023-12-26T23:40:34.997+0500] {subprocess.py:93} INFO - 301          157500           355           355  ...    False        False  False
[2023-12-26T23:40:34.997+0500] {subprocess.py:93} INFO - 302          200000           335           335  ...    False        False  False
[2023-12-26T23:40:34.998+0500] {subprocess.py:93} INFO - 
[2023-12-26T23:40:34.998+0500] {subprocess.py:93} INFO - [303 rows x 220 columns]
[2023-12-26T23:40:34.998+0500] {subprocess.py:93} INFO - 0.11221122112211221
[2023-12-26T23:40:35.405+0500] {subprocess.py:97} INFO - Command exited with return code 0
[2023-12-26T23:40:35.458+0500] {taskinstance.py:1400} INFO - Marking task as SUCCESS. dag_id=KOH, task_id=evaluate, execution_date=20231226T183356, start_date=20231226T184022, end_date=20231226T184035
[2023-12-26T23:40:35.550+0500] {local_task_job_runner.py:228} INFO - Task exited with return code 0
[2023-12-26T23:40:35.569+0500] {taskinstance.py:2778} INFO - 0 downstream tasks scheduled from follow-on schedule check
