[2023-12-26T23:34:12.207+0500] {taskinstance.py:1159} INFO - Dependencies all met for dep_context=non-requeueable deps ti=<TaskInstance: KOH.data_1 manual__2023-12-26T18:33:56.569644+00:00 [queued]>
[2023-12-26T23:34:12.227+0500] {taskinstance.py:1159} INFO - Dependencies all met for dep_context=requeueable deps ti=<TaskInstance: KOH.data_1 manual__2023-12-26T18:33:56.569644+00:00 [queued]>
[2023-12-26T23:34:12.228+0500] {taskinstance.py:1361} INFO - Starting attempt 1 of 2
[2023-12-26T23:34:12.295+0500] {taskinstance.py:1382} INFO - Executing <Task(BashOperator): data_1> on 2023-12-26 18:33:56.569644+00:00
[2023-12-26T23:34:12.305+0500] {standard_task_runner.py:57} INFO - Started process 12715 to run task
[2023-12-26T23:34:12.320+0500] {standard_task_runner.py:84} INFO - Running: ['airflow', 'tasks', 'run', 'KOH', 'data_1', 'manual__2023-12-26T18:33:56.569644+00:00', '--job-id', '110', '--raw', '--subdir', 'DAGS_FOLDER/text.py', '--cfg-path', '/tmp/tmpjmx1om0p']
[2023-12-26T23:34:12.330+0500] {standard_task_runner.py:85} INFO - Job 110: Subtask data_1
[2023-12-26T23:34:12.442+0500] {task_command.py:416} INFO - Running <TaskInstance: KOH.data_1 manual__2023-12-26T18:33:56.569644+00:00 [running]> on host vm2.myguest.virtualbox.org
[2023-12-26T23:34:12.666+0500] {taskinstance.py:1662} INFO - Exporting env vars: AIRFLOW_CTX_DAG_OWNER='Admin' AIRFLOW_CTX_DAG_ID='KOH' AIRFLOW_CTX_TASK_ID='data_1' AIRFLOW_CTX_EXECUTION_DATE='2023-12-26T18:33:56.569644+00:00' AIRFLOW_CTX_TRY_NUMBER='1' AIRFLOW_CTX_DAG_RUN_ID='manual__2023-12-26T18:33:56.569644+00:00'
[2023-12-26T23:34:12.667+0500] {subprocess.py:63} INFO - Tmp dir root location: /tmp
[2023-12-26T23:34:12.672+0500] {subprocess.py:75} INFO - Running command: ['/usr/bin/bash', '-c', 'python /home/kda/ML_lab3/MLops_lab3/scripts/script1.py']
[2023-12-26T23:34:12.697+0500] {subprocess.py:86} INFO - Output:
[2023-12-26T23:34:14.053+0500] {subprocess.py:93} INFO - Engine Size (L)
[2023-12-26T23:34:14.053+0500] {subprocess.py:93} INFO - Gas         974
[2023-12-26T23:34:14.053+0500] {subprocess.py:93} INFO - Electric     33
[2023-12-26T23:34:14.054+0500] {subprocess.py:93} INFO - Name: count, dtype: int64
[2023-12-26T23:34:14.054+0500] {subprocess.py:93} INFO - Car Make                   0
[2023-12-26T23:34:14.054+0500] {subprocess.py:93} INFO - Car Model                  0
[2023-12-26T23:34:14.054+0500] {subprocess.py:93} INFO - Year                       0
[2023-12-26T23:34:14.054+0500] {subprocess.py:93} INFO - Engine Size (L)            0
[2023-12-26T23:34:14.054+0500] {subprocess.py:93} INFO - Horsepower                 0
[2023-12-26T23:34:14.054+0500] {subprocess.py:93} INFO - Torque (lb-ft)             3
[2023-12-26T23:34:14.054+0500] {subprocess.py:93} INFO - 0-60 MPH Time (seconds)    0
[2023-12-26T23:34:14.054+0500] {subprocess.py:93} INFO - Price (in USD)             0
[2023-12-26T23:34:14.054+0500] {subprocess.py:93} INFO - dtype: int64
[2023-12-26T23:34:14.054+0500] {subprocess.py:93} INFO -      Car Make      Car Model  ...  0-60 MPH Time (seconds) Price (in USD)
[2023-12-26T23:34:14.054+0500] {subprocess.py:93} INFO - 642     Tesla  Model S Plaid  ...                      1.9        139,990
[2023-12-26T23:34:14.054+0500] {subprocess.py:93} INFO - 878  Maserati    GranTurismo  ...                      2.8        200,000
[2023-12-26T23:34:14.054+0500] {subprocess.py:93} INFO - 916     Tesla       Roadster  ...                      1.9        200,000
[2023-12-26T23:34:14.055+0500] {subprocess.py:93} INFO - 
[2023-12-26T23:34:14.055+0500] {subprocess.py:93} INFO - [3 rows x 8 columns]
[2023-12-26T23:34:14.055+0500] {subprocess.py:93} INFO - Car Make                    0
[2023-12-26T23:34:14.055+0500] {subprocess.py:93} INFO - Car Model                   0
[2023-12-26T23:34:14.055+0500] {subprocess.py:93} INFO - Year                       18
[2023-12-26T23:34:14.055+0500] {subprocess.py:93} INFO - Engine Size (L)             0
[2023-12-26T23:34:14.055+0500] {subprocess.py:93} INFO - Horsepower                  0
[2023-12-26T23:34:14.055+0500] {subprocess.py:93} INFO - Torque (lb-ft)              1
[2023-12-26T23:34:14.055+0500] {subprocess.py:93} INFO - 0-60 MPH Time (seconds)     0
[2023-12-26T23:34:14.055+0500] {subprocess.py:93} INFO - Price (in USD)              0
[2023-12-26T23:34:14.055+0500] {subprocess.py:93} INFO - dtype: int64
[2023-12-26T23:34:14.055+0500] {subprocess.py:93} INFO - Car Make                   0
[2023-12-26T23:34:14.056+0500] {subprocess.py:93} INFO - Car Model                  0
[2023-12-26T23:34:14.056+0500] {subprocess.py:93} INFO - Year                       0
[2023-12-26T23:34:14.056+0500] {subprocess.py:93} INFO - Engine Size (L)            0
[2023-12-26T23:34:14.056+0500] {subprocess.py:93} INFO - Horsepower                 0
[2023-12-26T23:34:14.058+0500] {subprocess.py:93} INFO - Torque (lb-ft)             1
[2023-12-26T23:34:14.058+0500] {subprocess.py:93} INFO - 0-60 MPH Time (seconds)    0
[2023-12-26T23:34:14.058+0500] {subprocess.py:93} INFO - Price (in USD)             0
[2023-12-26T23:34:14.058+0500] {subprocess.py:93} INFO - dtype: int64
[2023-12-26T23:34:14.322+0500] {subprocess.py:97} INFO - Command exited with return code 0
[2023-12-26T23:34:14.410+0500] {taskinstance.py:1400} INFO - Marking task as SUCCESS. dag_id=KOH, task_id=data_1, execution_date=20231226T183356, start_date=20231226T183412, end_date=20231226T183414
[2023-12-26T23:34:14.519+0500] {local_task_job_runner.py:228} INFO - Task exited with return code 0
[2023-12-26T23:34:14.627+0500] {taskinstance.py:2778} INFO - 1 downstream tasks scheduled from follow-on schedule check
