[2023-12-26T23:40:40.820+0500] {taskinstance.py:1159} INFO - Dependencies all met for dep_context=non-requeueable deps ti=<TaskInstance: KOH.evaluate manual__2023-12-26T18:39:22.473040+00:00 [queued]>
[2023-12-26T23:40:40.830+0500] {taskinstance.py:1159} INFO - Dependencies all met for dep_context=requeueable deps ti=<TaskInstance: KOH.evaluate manual__2023-12-26T18:39:22.473040+00:00 [queued]>
[2023-12-26T23:40:40.831+0500] {taskinstance.py:1361} INFO - Starting attempt 1 of 2
[2023-12-26T23:40:40.884+0500] {taskinstance.py:1382} INFO - Executing <Task(BashOperator): evaluate> on 2023-12-26 18:39:22.473040+00:00
[2023-12-26T23:40:40.892+0500] {standard_task_runner.py:57} INFO - Started process 13045 to run task
[2023-12-26T23:40:40.902+0500] {standard_task_runner.py:84} INFO - Running: ['airflow', 'tasks', 'run', 'KOH', 'evaluate', 'manual__2023-12-26T18:39:22.473040+00:00', '--job-id', '131', '--raw', '--subdir', 'DAGS_FOLDER/text.py', '--cfg-path', '/tmp/tmpncq5stdu']
[2023-12-26T23:40:40.905+0500] {standard_task_runner.py:85} INFO - Job 131: Subtask evaluate
[2023-12-26T23:40:41.073+0500] {task_command.py:416} INFO - Running <TaskInstance: KOH.evaluate manual__2023-12-26T18:39:22.473040+00:00 [running]> on host vm2.myguest.virtualbox.org
[2023-12-26T23:40:41.237+0500] {taskinstance.py:1662} INFO - Exporting env vars: AIRFLOW_CTX_DAG_OWNER='Admin' AIRFLOW_CTX_DAG_ID='KOH' AIRFLOW_CTX_TASK_ID='evaluate' AIRFLOW_CTX_EXECUTION_DATE='2023-12-26T18:39:22.473040+00:00' AIRFLOW_CTX_TRY_NUMBER='1' AIRFLOW_CTX_DAG_RUN_ID='manual__2023-12-26T18:39:22.473040+00:00'
[2023-12-26T23:40:41.238+0500] {subprocess.py:63} INFO - Tmp dir root location: /tmp
[2023-12-26T23:40:41.239+0500] {subprocess.py:75} INFO - Running command: ['/usr/bin/bash', '-c', 'cd /home/kda/ML_lab3/MLops_lab3/ && python /home/kda/ML_lab3/MLops_lab3/scripts/evaluate.py']
[2023-12-26T23:40:41.266+0500] {subprocess.py:86} INFO - Output:
[2023-12-26T23:40:52.936+0500] {subprocess.py:93} INFO - Registered model 'eval' already exists. Creating a new version of this model...
[2023-12-26T23:40:53.110+0500] {subprocess.py:93} INFO - 2023/12/26 23:40:53 INFO mlflow.store.model_registry.abstract_store: Waiting up to 300 seconds for model version to finish creation. Model name: eval, version 2
[2023-12-26T23:40:53.114+0500] {subprocess.py:93} INFO - Created version '2' of model 'eval'.
[2023-12-26T23:40:53.309+0500] {subprocess.py:93} INFO -      Price (in USD)  Unnamed: 0.2  Unnamed: 0.1  ...  Z4 M40i  Z4 Roadster     i8
[2023-12-26T23:40:53.309+0500] {subprocess.py:93} INFO - 0             67600           912           912  ...    False        False  False
[2023-12-26T23:40:53.309+0500] {subprocess.py:93} INFO - 1             81250           843           843  ...    False        False  False
[2023-12-26T23:40:53.309+0500] {subprocess.py:93} INFO - 2             69000           293           293  ...    False        False  False
[2023-12-26T23:40:53.309+0500] {subprocess.py:93} INFO - 3            180000           554           554  ...    False        False  False
[2023-12-26T23:40:53.310+0500] {subprocess.py:93} INFO - 4             64695           581           581  ...    False        False  False
[2023-12-26T23:40:53.310+0500] {subprocess.py:93} INFO - ..              ...           ...           ...  ...      ...          ...    ...
[2023-12-26T23:40:53.310+0500] {subprocess.py:93} INFO - 298          250000           951           951  ...    False        False  False
[2023-12-26T23:40:53.310+0500] {subprocess.py:93} INFO - 299         2600000           523           523  ...    False        False  False
[2023-12-26T23:40:53.310+0500] {subprocess.py:93} INFO - 300          103500            61            61  ...    False        False  False
[2023-12-26T23:40:53.310+0500] {subprocess.py:93} INFO - 301          157500           355           355  ...    False        False  False
[2023-12-26T23:40:53.311+0500] {subprocess.py:93} INFO - 302          200000           335           335  ...    False        False  False
[2023-12-26T23:40:53.311+0500] {subprocess.py:93} INFO - 
[2023-12-26T23:40:53.311+0500] {subprocess.py:93} INFO - [303 rows x 220 columns]
[2023-12-26T23:40:53.311+0500] {subprocess.py:93} INFO - 0.11221122112211221
[2023-12-26T23:40:54.634+0500] {subprocess.py:97} INFO - Command exited with return code 0
[2023-12-26T23:40:54.690+0500] {taskinstance.py:1400} INFO - Marking task as SUCCESS. dag_id=KOH, task_id=evaluate, execution_date=20231226T183922, start_date=20231226T184040, end_date=20231226T184054
[2023-12-26T23:40:54.801+0500] {local_task_job_runner.py:228} INFO - Task exited with return code 0
[2023-12-26T23:40:54.825+0500] {taskinstance.py:2778} INFO - 0 downstream tasks scheduled from follow-on schedule check
