[2023-12-30T12:31:27.182+0500] {taskinstance.py:1159} INFO - Dependencies all met for dep_context=non-requeueable deps ti=<TaskInstance: KOH.data_ml manual__2023-12-30T07:31:04.729448+00:00 [queued]>
[2023-12-30T12:31:27.190+0500] {taskinstance.py:1159} INFO - Dependencies all met for dep_context=requeueable deps ti=<TaskInstance: KOH.data_ml manual__2023-12-30T07:31:04.729448+00:00 [queued]>
[2023-12-30T12:31:27.190+0500] {taskinstance.py:1361} INFO - Starting attempt 1 of 2
[2023-12-30T12:31:27.205+0500] {taskinstance.py:1382} INFO - Executing <Task(BashOperator): data_ml> on 2023-12-30 07:31:04.729448+00:00
[2023-12-30T12:31:27.207+0500] {standard_task_runner.py:57} INFO - Started process 19594 to run task
[2023-12-30T12:31:27.210+0500] {standard_task_runner.py:84} INFO - Running: ['airflow', 'tasks', 'run', 'KOH', 'data_ml', 'manual__2023-12-30T07:31:04.729448+00:00', '--job-id', '319', '--raw', '--subdir', 'DAGS_FOLDER/text.py', '--cfg-path', '/tmp/tmpriodmk31']
[2023-12-30T12:31:27.215+0500] {standard_task_runner.py:85} INFO - Job 319: Subtask data_ml
[2023-12-30T12:31:27.260+0500] {task_command.py:416} INFO - Running <TaskInstance: KOH.data_ml manual__2023-12-30T07:31:04.729448+00:00 [running]> on host vm2.myguest.virtualbox.org
[2023-12-30T12:31:27.399+0500] {taskinstance.py:1662} INFO - Exporting env vars: AIRFLOW_CTX_DAG_OWNER='Admin' AIRFLOW_CTX_DAG_ID='KOH' AIRFLOW_CTX_TASK_ID='data_ml' AIRFLOW_CTX_EXECUTION_DATE='2023-12-30T07:31:04.729448+00:00' AIRFLOW_CTX_TRY_NUMBER='1' AIRFLOW_CTX_DAG_RUN_ID='manual__2023-12-30T07:31:04.729448+00:00'
[2023-12-30T12:31:27.402+0500] {subprocess.py:63} INFO - Tmp dir root location: /tmp
[2023-12-30T12:31:27.403+0500] {subprocess.py:75} INFO - Running command: ['/usr/bin/bash', '-c', 'cd /home/kda/ML_lab3/MLops_lab3/ && python /home/kda/ML_lab3/MLops_lab3/scripts/model_learn.py']
[2023-12-30T12:31:27.414+0500] {subprocess.py:86} INFO - Output:
[2023-12-30T12:31:40.047+0500] {subprocess.py:93} INFO - Registered model 'tree' already exists. Creating a new version of this model...
[2023-12-30T12:31:40.200+0500] {subprocess.py:93} INFO - 2023/12/30 12:31:40 INFO mlflow.store.model_registry.abstract_store: Waiting up to 300 seconds for model version to finish creation. Model name: tree, version 109
[2023-12-30T12:31:40.201+0500] {subprocess.py:93} INFO - Created version '109' of model 'tree'.
[2023-12-30T12:31:42.416+0500] {subprocess.py:93} INFO - /home/kda/ML_lab3/MLops_lab3/lab3/lib/python3.10/site-packages/_distutils_hack/__init__.py:18: UserWarning: Distutils was imported before Setuptools, but importing Setuptools also replaces the `distutils` module in `sys.modules`. This may lead to undesirable behaviors or errors. To avoid these issues, avoid using distutils directly, ensure that setuptools is installed in the traditional way (e.g. not an editable install), and/or make sure that setuptools is always imported before distutils.
[2023-12-30T12:31:42.416+0500] {subprocess.py:93} INFO -   warnings.warn(
[2023-12-30T12:31:42.416+0500] {subprocess.py:93} INFO - /home/kda/ML_lab3/MLops_lab3/lab3/lib/python3.10/site-packages/_distutils_hack/__init__.py:33: UserWarning: Setuptools is replacing distutils.
[2023-12-30T12:31:42.416+0500] {subprocess.py:93} INFO -   warnings.warn("Setuptools is replacing distutils.")
[2023-12-30T12:31:42.568+0500] {subprocess.py:93} INFO - Registered model 'tree' already exists. Creating a new version of this model...
[2023-12-30T12:31:42.673+0500] {subprocess.py:93} INFO - 2023/12/30 12:31:42 INFO mlflow.store.model_registry.abstract_store: Waiting up to 300 seconds for model version to finish creation. Model name: tree, version 110
[2023-12-30T12:31:42.673+0500] {subprocess.py:93} INFO - Created version '110' of model 'tree'.
[2023-12-30T12:31:45.717+0500] {subprocess.py:93} INFO - /home/kda/ML_lab3/MLops_lab3/lab3/lib/python3.10/site-packages/_distutils_hack/__init__.py:18: UserWarning: Distutils was imported before Setuptools, but importing Setuptools also replaces the `distutils` module in `sys.modules`. This may lead to undesirable behaviors or errors. To avoid these issues, avoid using distutils directly, ensure that setuptools is installed in the traditional way (e.g. not an editable install), and/or make sure that setuptools is always imported before distutils.
[2023-12-30T12:31:45.717+0500] {subprocess.py:93} INFO -   warnings.warn(
[2023-12-30T12:31:45.717+0500] {subprocess.py:93} INFO - /home/kda/ML_lab3/MLops_lab3/lab3/lib/python3.10/site-packages/_distutils_hack/__init__.py:33: UserWarning: Setuptools is replacing distutils.
[2023-12-30T12:31:45.717+0500] {subprocess.py:93} INFO -   warnings.warn("Setuptools is replacing distutils.")
[2023-12-30T12:31:45.797+0500] {subprocess.py:93} INFO - Registered model 'tree' already exists. Creating a new version of this model...
[2023-12-30T12:31:45.915+0500] {subprocess.py:93} INFO - 2023/12/30 12:31:45 INFO mlflow.store.model_registry.abstract_store: Waiting up to 300 seconds for model version to finish creation. Model name: tree, version 111
[2023-12-30T12:31:45.916+0500] {subprocess.py:93} INFO - Created version '111' of model 'tree'.
[2023-12-30T12:31:48.737+0500] {subprocess.py:93} INFO - /home/kda/ML_lab3/MLops_lab3/lab3/lib/python3.10/site-packages/_distutils_hack/__init__.py:18: UserWarning: Distutils was imported before Setuptools, but importing Setuptools also replaces the `distutils` module in `sys.modules`. This may lead to undesirable behaviors or errors. To avoid these issues, avoid using distutils directly, ensure that setuptools is installed in the traditional way (e.g. not an editable install), and/or make sure that setuptools is always imported before distutils.
[2023-12-30T12:31:48.737+0500] {subprocess.py:93} INFO -   warnings.warn(
[2023-12-30T12:31:48.737+0500] {subprocess.py:93} INFO - /home/kda/ML_lab3/MLops_lab3/lab3/lib/python3.10/site-packages/_distutils_hack/__init__.py:33: UserWarning: Setuptools is replacing distutils.
[2023-12-30T12:31:48.737+0500] {subprocess.py:93} INFO -   warnings.warn("Setuptools is replacing distutils.")
[2023-12-30T12:31:48.902+0500] {subprocess.py:93} INFO - Registered model 'tree' already exists. Creating a new version of this model...
[2023-12-30T12:31:49.046+0500] {subprocess.py:93} INFO - 2023/12/30 12:31:49 INFO mlflow.store.model_registry.abstract_store: Waiting up to 300 seconds for model version to finish creation. Model name: tree, version 112
[2023-12-30T12:31:49.046+0500] {subprocess.py:93} INFO - Created version '112' of model 'tree'.
[2023-12-30T12:31:52.009+0500] {subprocess.py:93} INFO - /home/kda/ML_lab3/MLops_lab3/lab3/lib/python3.10/site-packages/_distutils_hack/__init__.py:18: UserWarning: Distutils was imported before Setuptools, but importing Setuptools also replaces the `distutils` module in `sys.modules`. This may lead to undesirable behaviors or errors. To avoid these issues, avoid using distutils directly, ensure that setuptools is installed in the traditional way (e.g. not an editable install), and/or make sure that setuptools is always imported before distutils.
[2023-12-30T12:31:52.009+0500] {subprocess.py:93} INFO -   warnings.warn(
[2023-12-30T12:31:52.009+0500] {subprocess.py:93} INFO - /home/kda/ML_lab3/MLops_lab3/lab3/lib/python3.10/site-packages/_distutils_hack/__init__.py:33: UserWarning: Setuptools is replacing distutils.
[2023-12-30T12:31:52.009+0500] {subprocess.py:93} INFO -   warnings.warn("Setuptools is replacing distutils.")
[2023-12-30T12:31:52.148+0500] {subprocess.py:93} INFO - Registered model 'tree' already exists. Creating a new version of this model...
[2023-12-30T12:31:52.267+0500] {subprocess.py:93} INFO - 2023/12/30 12:31:52 INFO mlflow.store.model_registry.abstract_store: Waiting up to 300 seconds for model version to finish creation. Model name: tree, version 113
[2023-12-30T12:31:52.267+0500] {subprocess.py:93} INFO - Created version '113' of model 'tree'.
[2023-12-30T12:31:55.409+0500] {subprocess.py:93} INFO - /home/kda/ML_lab3/MLops_lab3/lab3/lib/python3.10/site-packages/_distutils_hack/__init__.py:18: UserWarning: Distutils was imported before Setuptools, but importing Setuptools also replaces the `distutils` module in `sys.modules`. This may lead to undesirable behaviors or errors. To avoid these issues, avoid using distutils directly, ensure that setuptools is installed in the traditional way (e.g. not an editable install), and/or make sure that setuptools is always imported before distutils.
[2023-12-30T12:31:55.409+0500] {subprocess.py:93} INFO -   warnings.warn(
[2023-12-30T12:31:55.409+0500] {subprocess.py:93} INFO - /home/kda/ML_lab3/MLops_lab3/lab3/lib/python3.10/site-packages/_distutils_hack/__init__.py:33: UserWarning: Setuptools is replacing distutils.
[2023-12-30T12:31:55.409+0500] {subprocess.py:93} INFO -   warnings.warn("Setuptools is replacing distutils.")
[2023-12-30T12:31:55.502+0500] {subprocess.py:93} INFO - Registered model 'tree' already exists. Creating a new version of this model...
[2023-12-30T12:31:55.579+0500] {subprocess.py:93} INFO - 2023/12/30 12:31:55 INFO mlflow.store.model_registry.abstract_store: Waiting up to 300 seconds for model version to finish creation. Model name: tree, version 114
[2023-12-30T12:31:55.580+0500] {subprocess.py:93} INFO - Created version '114' of model 'tree'.
[2023-12-30T12:31:58.581+0500] {subprocess.py:93} INFO - /home/kda/ML_lab3/MLops_lab3/lab3/lib/python3.10/site-packages/_distutils_hack/__init__.py:18: UserWarning: Distutils was imported before Setuptools, but importing Setuptools also replaces the `distutils` module in `sys.modules`. This may lead to undesirable behaviors or errors. To avoid these issues, avoid using distutils directly, ensure that setuptools is installed in the traditional way (e.g. not an editable install), and/or make sure that setuptools is always imported before distutils.
[2023-12-30T12:31:58.582+0500] {subprocess.py:93} INFO -   warnings.warn(
[2023-12-30T12:31:58.582+0500] {subprocess.py:93} INFO - /home/kda/ML_lab3/MLops_lab3/lab3/lib/python3.10/site-packages/_distutils_hack/__init__.py:33: UserWarning: Setuptools is replacing distutils.
[2023-12-30T12:31:58.582+0500] {subprocess.py:93} INFO -   warnings.warn("Setuptools is replacing distutils.")
[2023-12-30T12:31:58.692+0500] {subprocess.py:93} INFO - Registered model 'tree' already exists. Creating a new version of this model...
[2023-12-30T12:31:58.840+0500] {subprocess.py:93} INFO - 2023/12/30 12:31:58 INFO mlflow.store.model_registry.abstract_store: Waiting up to 300 seconds for model version to finish creation. Model name: tree, version 115
[2023-12-30T12:31:58.841+0500] {subprocess.py:93} INFO - Created version '115' of model 'tree'.
[2023-12-30T12:32:01.829+0500] {subprocess.py:93} INFO - /home/kda/ML_lab3/MLops_lab3/lab3/lib/python3.10/site-packages/_distutils_hack/__init__.py:18: UserWarning: Distutils was imported before Setuptools, but importing Setuptools also replaces the `distutils` module in `sys.modules`. This may lead to undesirable behaviors or errors. To avoid these issues, avoid using distutils directly, ensure that setuptools is installed in the traditional way (e.g. not an editable install), and/or make sure that setuptools is always imported before distutils.
[2023-12-30T12:32:01.829+0500] {subprocess.py:93} INFO -   warnings.warn(
[2023-12-30T12:32:01.830+0500] {subprocess.py:93} INFO - /home/kda/ML_lab3/MLops_lab3/lab3/lib/python3.10/site-packages/_distutils_hack/__init__.py:33: UserWarning: Setuptools is replacing distutils.
[2023-12-30T12:32:01.830+0500] {subprocess.py:93} INFO -   warnings.warn("Setuptools is replacing distutils.")
[2023-12-30T12:32:01.941+0500] {subprocess.py:93} INFO - Registered model 'tree' already exists. Creating a new version of this model...
[2023-12-30T12:32:02.085+0500] {subprocess.py:93} INFO - 2023/12/30 12:32:02 INFO mlflow.store.model_registry.abstract_store: Waiting up to 300 seconds for model version to finish creation. Model name: tree, version 116
[2023-12-30T12:32:02.085+0500] {subprocess.py:93} INFO - Created version '116' of model 'tree'.
[2023-12-30T12:32:05.251+0500] {subprocess.py:93} INFO - /home/kda/ML_lab3/MLops_lab3/lab3/lib/python3.10/site-packages/_distutils_hack/__init__.py:18: UserWarning: Distutils was imported before Setuptools, but importing Setuptools also replaces the `distutils` module in `sys.modules`. This may lead to undesirable behaviors or errors. To avoid these issues, avoid using distutils directly, ensure that setuptools is installed in the traditional way (e.g. not an editable install), and/or make sure that setuptools is always imported before distutils.
[2023-12-30T12:32:05.251+0500] {subprocess.py:93} INFO -   warnings.warn(
[2023-12-30T12:32:05.251+0500] {subprocess.py:93} INFO - /home/kda/ML_lab3/MLops_lab3/lab3/lib/python3.10/site-packages/_distutils_hack/__init__.py:33: UserWarning: Setuptools is replacing distutils.
[2023-12-30T12:32:05.252+0500] {subprocess.py:93} INFO -   warnings.warn("Setuptools is replacing distutils.")
[2023-12-30T12:32:05.364+0500] {subprocess.py:93} INFO - Registered model 'tree' already exists. Creating a new version of this model...
[2023-12-30T12:32:05.419+0500] {subprocess.py:93} INFO - 2023/12/30 12:32:05 INFO mlflow.store.model_registry.abstract_store: Waiting up to 300 seconds for model version to finish creation. Model name: tree, version 117
[2023-12-30T12:32:05.419+0500] {subprocess.py:93} INFO - Created version '117' of model 'tree'.
[2023-12-30T12:32:08.513+0500] {subprocess.py:93} INFO - /home/kda/ML_lab3/MLops_lab3/lab3/lib/python3.10/site-packages/_distutils_hack/__init__.py:18: UserWarning: Distutils was imported before Setuptools, but importing Setuptools also replaces the `distutils` module in `sys.modules`. This may lead to undesirable behaviors or errors. To avoid these issues, avoid using distutils directly, ensure that setuptools is installed in the traditional way (e.g. not an editable install), and/or make sure that setuptools is always imported before distutils.
[2023-12-30T12:32:08.514+0500] {subprocess.py:93} INFO -   warnings.warn(
[2023-12-30T12:32:08.514+0500] {subprocess.py:93} INFO - /home/kda/ML_lab3/MLops_lab3/lab3/lib/python3.10/site-packages/_distutils_hack/__init__.py:33: UserWarning: Setuptools is replacing distutils.
[2023-12-30T12:32:08.514+0500] {subprocess.py:93} INFO -   warnings.warn("Setuptools is replacing distutils.")
[2023-12-30T12:32:08.590+0500] {subprocess.py:93} INFO - Registered model 'tree' already exists. Creating a new version of this model...
[2023-12-30T12:32:08.667+0500] {subprocess.py:93} INFO - 2023/12/30 12:32:08 INFO mlflow.store.model_registry.abstract_store: Waiting up to 300 seconds for model version to finish creation. Model name: tree, version 118
[2023-12-30T12:32:08.668+0500] {subprocess.py:93} INFO - Created version '118' of model 'tree'.
[2023-12-30T12:32:11.994+0500] {subprocess.py:93} INFO - /home/kda/ML_lab3/MLops_lab3/lab3/lib/python3.10/site-packages/_distutils_hack/__init__.py:18: UserWarning: Distutils was imported before Setuptools, but importing Setuptools also replaces the `distutils` module in `sys.modules`. This may lead to undesirable behaviors or errors. To avoid these issues, avoid using distutils directly, ensure that setuptools is installed in the traditional way (e.g. not an editable install), and/or make sure that setuptools is always imported before distutils.
[2023-12-30T12:32:11.994+0500] {subprocess.py:93} INFO -   warnings.warn(
[2023-12-30T12:32:11.994+0500] {subprocess.py:93} INFO - /home/kda/ML_lab3/MLops_lab3/lab3/lib/python3.10/site-packages/_distutils_hack/__init__.py:33: UserWarning: Setuptools is replacing distutils.
[2023-12-30T12:32:11.994+0500] {subprocess.py:93} INFO -   warnings.warn("Setuptools is replacing distutils.")
[2023-12-30T12:32:12.075+0500] {subprocess.py:93} INFO - Registered model 'tree' already exists. Creating a new version of this model...
[2023-12-30T12:32:12.138+0500] {subprocess.py:93} INFO - 2023/12/30 12:32:12 INFO mlflow.store.model_registry.abstract_store: Waiting up to 300 seconds for model version to finish creation. Model name: tree, version 119
[2023-12-30T12:32:12.139+0500] {subprocess.py:93} INFO - Created version '119' of model 'tree'.
[2023-12-30T12:32:14.987+0500] {subprocess.py:93} INFO - /home/kda/ML_lab3/MLops_lab3/lab3/lib/python3.10/site-packages/_distutils_hack/__init__.py:18: UserWarning: Distutils was imported before Setuptools, but importing Setuptools also replaces the `distutils` module in `sys.modules`. This may lead to undesirable behaviors or errors. To avoid these issues, avoid using distutils directly, ensure that setuptools is installed in the traditional way (e.g. not an editable install), and/or make sure that setuptools is always imported before distutils.
[2023-12-30T12:32:14.987+0500] {subprocess.py:93} INFO -   warnings.warn(
[2023-12-30T12:32:14.987+0500] {subprocess.py:93} INFO - /home/kda/ML_lab3/MLops_lab3/lab3/lib/python3.10/site-packages/_distutils_hack/__init__.py:33: UserWarning: Setuptools is replacing distutils.
[2023-12-30T12:32:14.987+0500] {subprocess.py:93} INFO -   warnings.warn("Setuptools is replacing distutils.")
[2023-12-30T12:32:15.117+0500] {subprocess.py:93} INFO - Registered model 'tree' already exists. Creating a new version of this model...
[2023-12-30T12:32:15.209+0500] {subprocess.py:93} INFO - 2023/12/30 12:32:15 INFO mlflow.store.model_registry.abstract_store: Waiting up to 300 seconds for model version to finish creation. Model name: tree, version 120
[2023-12-30T12:32:15.209+0500] {subprocess.py:93} INFO - Created version '120' of model 'tree'.
[2023-12-30T12:32:17.078+0500] {subprocess.py:93} INFO - /home/kda/ML_lab3/MLops_lab3/lab3/lib/python3.10/site-packages/_distutils_hack/__init__.py:18: UserWarning: Distutils was imported before Setuptools, but importing Setuptools also replaces the `distutils` module in `sys.modules`. This may lead to undesirable behaviors or errors. To avoid these issues, avoid using distutils directly, ensure that setuptools is installed in the traditional way (e.g. not an editable install), and/or make sure that setuptools is always imported before distutils.
[2023-12-30T12:32:17.079+0500] {subprocess.py:93} INFO -   warnings.warn(
[2023-12-30T12:32:17.079+0500] {subprocess.py:93} INFO - /home/kda/ML_lab3/MLops_lab3/lab3/lib/python3.10/site-packages/_distutils_hack/__init__.py:33: UserWarning: Setuptools is replacing distutils.
[2023-12-30T12:32:17.079+0500] {subprocess.py:93} INFO -   warnings.warn("Setuptools is replacing distutils.")
[2023-12-30T12:32:17.136+0500] {subprocess.py:93} INFO - Registered model 'tree' already exists. Creating a new version of this model...
[2023-12-30T12:32:17.225+0500] {subprocess.py:93} INFO - 2023/12/30 12:32:17 INFO mlflow.store.model_registry.abstract_store: Waiting up to 300 seconds for model version to finish creation. Model name: tree, version 121
[2023-12-30T12:32:17.225+0500] {subprocess.py:93} INFO - Created version '121' of model 'tree'.
[2023-12-30T12:32:20.070+0500] {subprocess.py:93} INFO - /home/kda/ML_lab3/MLops_lab3/lab3/lib/python3.10/site-packages/_distutils_hack/__init__.py:18: UserWarning: Distutils was imported before Setuptools, but importing Setuptools also replaces the `distutils` module in `sys.modules`. This may lead to undesirable behaviors or errors. To avoid these issues, avoid using distutils directly, ensure that setuptools is installed in the traditional way (e.g. not an editable install), and/or make sure that setuptools is always imported before distutils.
[2023-12-30T12:32:20.071+0500] {subprocess.py:93} INFO -   warnings.warn(
[2023-12-30T12:32:20.071+0500] {subprocess.py:93} INFO - /home/kda/ML_lab3/MLops_lab3/lab3/lib/python3.10/site-packages/_distutils_hack/__init__.py:33: UserWarning: Setuptools is replacing distutils.
[2023-12-30T12:32:20.071+0500] {subprocess.py:93} INFO -   warnings.warn("Setuptools is replacing distutils.")
[2023-12-30T12:32:20.119+0500] {subprocess.py:93} INFO - Registered model 'tree' already exists. Creating a new version of this model...
[2023-12-30T12:32:20.178+0500] {subprocess.py:93} INFO - 2023/12/30 12:32:20 INFO mlflow.store.model_registry.abstract_store: Waiting up to 300 seconds for model version to finish creation. Model name: tree, version 122
[2023-12-30T12:32:20.179+0500] {subprocess.py:93} INFO - Created version '122' of model 'tree'.
[2023-12-30T12:32:23.204+0500] {subprocess.py:93} INFO - /home/kda/ML_lab3/MLops_lab3/lab3/lib/python3.10/site-packages/_distutils_hack/__init__.py:18: UserWarning: Distutils was imported before Setuptools, but importing Setuptools also replaces the `distutils` module in `sys.modules`. This may lead to undesirable behaviors or errors. To avoid these issues, avoid using distutils directly, ensure that setuptools is installed in the traditional way (e.g. not an editable install), and/or make sure that setuptools is always imported before distutils.
[2023-12-30T12:32:23.205+0500] {subprocess.py:93} INFO -   warnings.warn(
[2023-12-30T12:32:23.205+0500] {subprocess.py:93} INFO - /home/kda/ML_lab3/MLops_lab3/lab3/lib/python3.10/site-packages/_distutils_hack/__init__.py:33: UserWarning: Setuptools is replacing distutils.
[2023-12-30T12:32:23.206+0500] {subprocess.py:93} INFO -   warnings.warn("Setuptools is replacing distutils.")
[2023-12-30T12:32:23.265+0500] {subprocess.py:93} INFO - Registered model 'tree' already exists. Creating a new version of this model...
[2023-12-30T12:32:23.351+0500] {subprocess.py:93} INFO - 2023/12/30 12:32:23 INFO mlflow.store.model_registry.abstract_store: Waiting up to 300 seconds for model version to finish creation. Model name: tree, version 123
[2023-12-30T12:32:23.351+0500] {subprocess.py:93} INFO - Created version '123' of model 'tree'.
[2023-12-30T12:32:26.591+0500] {subprocess.py:93} INFO - /home/kda/ML_lab3/MLops_lab3/lab3/lib/python3.10/site-packages/_distutils_hack/__init__.py:18: UserWarning: Distutils was imported before Setuptools, but importing Setuptools also replaces the `distutils` module in `sys.modules`. This may lead to undesirable behaviors or errors. To avoid these issues, avoid using distutils directly, ensure that setuptools is installed in the traditional way (e.g. not an editable install), and/or make sure that setuptools is always imported before distutils.
[2023-12-30T12:32:26.592+0500] {subprocess.py:93} INFO -   warnings.warn(
[2023-12-30T12:32:26.592+0500] {subprocess.py:93} INFO - /home/kda/ML_lab3/MLops_lab3/lab3/lib/python3.10/site-packages/_distutils_hack/__init__.py:33: UserWarning: Setuptools is replacing distutils.
[2023-12-30T12:32:26.593+0500] {subprocess.py:93} INFO -   warnings.warn("Setuptools is replacing distutils.")
[2023-12-30T12:32:26.675+0500] {subprocess.py:93} INFO - Registered model 'tree' already exists. Creating a new version of this model...
[2023-12-30T12:32:26.742+0500] {subprocess.py:93} INFO - 2023/12/30 12:32:26 INFO mlflow.store.model_registry.abstract_store: Waiting up to 300 seconds for model version to finish creation. Model name: tree, version 124
[2023-12-30T12:32:26.742+0500] {subprocess.py:93} INFO - Created version '124' of model 'tree'.
[2023-12-30T12:32:29.801+0500] {subprocess.py:93} INFO - /home/kda/ML_lab3/MLops_lab3/lab3/lib/python3.10/site-packages/_distutils_hack/__init__.py:18: UserWarning: Distutils was imported before Setuptools, but importing Setuptools also replaces the `distutils` module in `sys.modules`. This may lead to undesirable behaviors or errors. To avoid these issues, avoid using distutils directly, ensure that setuptools is installed in the traditional way (e.g. not an editable install), and/or make sure that setuptools is always imported before distutils.
[2023-12-30T12:32:29.801+0500] {subprocess.py:93} INFO -   warnings.warn(
[2023-12-30T12:32:29.801+0500] {subprocess.py:93} INFO - /home/kda/ML_lab3/MLops_lab3/lab3/lib/python3.10/site-packages/_distutils_hack/__init__.py:33: UserWarning: Setuptools is replacing distutils.
[2023-12-30T12:32:29.802+0500] {subprocess.py:93} INFO -   warnings.warn("Setuptools is replacing distutils.")
[2023-12-30T12:32:29.880+0500] {subprocess.py:93} INFO - Registered model 'tree' already exists. Creating a new version of this model...
[2023-12-30T12:32:29.950+0500] {subprocess.py:93} INFO - 2023/12/30 12:32:29 INFO mlflow.store.model_registry.abstract_store: Waiting up to 300 seconds for model version to finish creation. Model name: tree, version 125
[2023-12-30T12:32:29.951+0500] {subprocess.py:93} INFO - Created version '125' of model 'tree'.
[2023-12-30T12:32:33.281+0500] {subprocess.py:93} INFO - /home/kda/ML_lab3/MLops_lab3/lab3/lib/python3.10/site-packages/_distutils_hack/__init__.py:18: UserWarning: Distutils was imported before Setuptools, but importing Setuptools also replaces the `distutils` module in `sys.modules`. This may lead to undesirable behaviors or errors. To avoid these issues, avoid using distutils directly, ensure that setuptools is installed in the traditional way (e.g. not an editable install), and/or make sure that setuptools is always imported before distutils.
[2023-12-30T12:32:33.281+0500] {subprocess.py:93} INFO -   warnings.warn(
[2023-12-30T12:32:33.281+0500] {subprocess.py:93} INFO - /home/kda/ML_lab3/MLops_lab3/lab3/lib/python3.10/site-packages/_distutils_hack/__init__.py:33: UserWarning: Setuptools is replacing distutils.
[2023-12-30T12:32:33.281+0500] {subprocess.py:93} INFO -   warnings.warn("Setuptools is replacing distutils.")
[2023-12-30T12:32:33.367+0500] {subprocess.py:93} INFO - Registered model 'tree' already exists. Creating a new version of this model...
[2023-12-30T12:32:33.440+0500] {subprocess.py:93} INFO - 2023/12/30 12:32:33 INFO mlflow.store.model_registry.abstract_store: Waiting up to 300 seconds for model version to finish creation. Model name: tree, version 126
[2023-12-30T12:32:33.440+0500] {subprocess.py:93} INFO - Created version '126' of model 'tree'.
[2023-12-30T12:32:36.467+0500] {subprocess.py:93} INFO - /home/kda/ML_lab3/MLops_lab3/lab3/lib/python3.10/site-packages/_distutils_hack/__init__.py:18: UserWarning: Distutils was imported before Setuptools, but importing Setuptools also replaces the `distutils` module in `sys.modules`. This may lead to undesirable behaviors or errors. To avoid these issues, avoid using distutils directly, ensure that setuptools is installed in the traditional way (e.g. not an editable install), and/or make sure that setuptools is always imported before distutils.
[2023-12-30T12:32:36.467+0500] {subprocess.py:93} INFO -   warnings.warn(
[2023-12-30T12:32:36.468+0500] {subprocess.py:93} INFO - /home/kda/ML_lab3/MLops_lab3/lab3/lib/python3.10/site-packages/_distutils_hack/__init__.py:33: UserWarning: Setuptools is replacing distutils.
[2023-12-30T12:32:36.468+0500] {subprocess.py:93} INFO -   warnings.warn("Setuptools is replacing distutils.")
[2023-12-30T12:32:36.539+0500] {subprocess.py:93} INFO - Registered model 'tree' already exists. Creating a new version of this model...
[2023-12-30T12:32:36.628+0500] {subprocess.py:93} INFO - 2023/12/30 12:32:36 INFO mlflow.store.model_registry.abstract_store: Waiting up to 300 seconds for model version to finish creation. Model name: tree, version 127
[2023-12-30T12:32:36.628+0500] {subprocess.py:93} INFO - Created version '127' of model 'tree'.
[2023-12-30T12:32:39.702+0500] {subprocess.py:93} INFO - /home/kda/ML_lab3/MLops_lab3/lab3/lib/python3.10/site-packages/_distutils_hack/__init__.py:18: UserWarning: Distutils was imported before Setuptools, but importing Setuptools also replaces the `distutils` module in `sys.modules`. This may lead to undesirable behaviors or errors. To avoid these issues, avoid using distutils directly, ensure that setuptools is installed in the traditional way (e.g. not an editable install), and/or make sure that setuptools is always imported before distutils.
[2023-12-30T12:32:39.703+0500] {subprocess.py:93} INFO -   warnings.warn(
[2023-12-30T12:32:39.703+0500] {subprocess.py:93} INFO - /home/kda/ML_lab3/MLops_lab3/lab3/lib/python3.10/site-packages/_distutils_hack/__init__.py:33: UserWarning: Setuptools is replacing distutils.
[2023-12-30T12:32:39.704+0500] {subprocess.py:93} INFO -   warnings.warn("Setuptools is replacing distutils.")
[2023-12-30T12:32:39.808+0500] {subprocess.py:93} INFO - Registered model 'tree' already exists. Creating a new version of this model...
[2023-12-30T12:32:39.917+0500] {subprocess.py:93} INFO - 2023/12/30 12:32:39 INFO mlflow.store.model_registry.abstract_store: Waiting up to 300 seconds for model version to finish creation. Model name: tree, version 128
[2023-12-30T12:32:39.917+0500] {subprocess.py:93} INFO - Created version '128' of model 'tree'.
[2023-12-30T12:32:42.850+0500] {subprocess.py:93} INFO - /home/kda/ML_lab3/MLops_lab3/lab3/lib/python3.10/site-packages/_distutils_hack/__init__.py:18: UserWarning: Distutils was imported before Setuptools, but importing Setuptools also replaces the `distutils` module in `sys.modules`. This may lead to undesirable behaviors or errors. To avoid these issues, avoid using distutils directly, ensure that setuptools is installed in the traditional way (e.g. not an editable install), and/or make sure that setuptools is always imported before distutils.
[2023-12-30T12:32:42.850+0500] {subprocess.py:93} INFO -   warnings.warn(
[2023-12-30T12:32:42.851+0500] {subprocess.py:93} INFO - /home/kda/ML_lab3/MLops_lab3/lab3/lib/python3.10/site-packages/_distutils_hack/__init__.py:33: UserWarning: Setuptools is replacing distutils.
[2023-12-30T12:32:42.851+0500] {subprocess.py:93} INFO -   warnings.warn("Setuptools is replacing distutils.")
[2023-12-30T12:32:42.945+0500] {subprocess.py:93} INFO - Registered model 'tree' already exists. Creating a new version of this model...
[2023-12-30T12:32:43.028+0500] {subprocess.py:93} INFO - 2023/12/30 12:32:43 INFO mlflow.store.model_registry.abstract_store: Waiting up to 300 seconds for model version to finish creation. Model name: tree, version 129
[2023-12-30T12:32:43.028+0500] {subprocess.py:93} INFO - Created version '129' of model 'tree'.
[2023-12-30T12:32:45.073+0500] {subprocess.py:93} INFO - /home/kda/ML_lab3/MLops_lab3/lab3/lib/python3.10/site-packages/_distutils_hack/__init__.py:18: UserWarning: Distutils was imported before Setuptools, but importing Setuptools also replaces the `distutils` module in `sys.modules`. This may lead to undesirable behaviors or errors. To avoid these issues, avoid using distutils directly, ensure that setuptools is installed in the traditional way (e.g. not an editable install), and/or make sure that setuptools is always imported before distutils.
[2023-12-30T12:32:45.073+0500] {subprocess.py:93} INFO -   warnings.warn(
[2023-12-30T12:32:45.073+0500] {subprocess.py:93} INFO - /home/kda/ML_lab3/MLops_lab3/lab3/lib/python3.10/site-packages/_distutils_hack/__init__.py:33: UserWarning: Setuptools is replacing distutils.
[2023-12-30T12:32:45.073+0500] {subprocess.py:93} INFO -   warnings.warn("Setuptools is replacing distutils.")
[2023-12-30T12:32:45.153+0500] {subprocess.py:93} INFO - Registered model 'tree' already exists. Creating a new version of this model...
[2023-12-30T12:32:45.222+0500] {subprocess.py:93} INFO - 2023/12/30 12:32:45 INFO mlflow.store.model_registry.abstract_store: Waiting up to 300 seconds for model version to finish creation. Model name: tree, version 130
[2023-12-30T12:32:45.223+0500] {subprocess.py:93} INFO - Created version '130' of model 'tree'.
[2023-12-30T12:32:48.439+0500] {subprocess.py:93} INFO - /home/kda/ML_lab3/MLops_lab3/lab3/lib/python3.10/site-packages/_distutils_hack/__init__.py:18: UserWarning: Distutils was imported before Setuptools, but importing Setuptools also replaces the `distutils` module in `sys.modules`. This may lead to undesirable behaviors or errors. To avoid these issues, avoid using distutils directly, ensure that setuptools is installed in the traditional way (e.g. not an editable install), and/or make sure that setuptools is always imported before distutils.
[2023-12-30T12:32:48.440+0500] {subprocess.py:93} INFO -   warnings.warn(
[2023-12-30T12:32:48.440+0500] {subprocess.py:93} INFO - /home/kda/ML_lab3/MLops_lab3/lab3/lib/python3.10/site-packages/_distutils_hack/__init__.py:33: UserWarning: Setuptools is replacing distutils.
[2023-12-30T12:32:48.440+0500] {subprocess.py:93} INFO -   warnings.warn("Setuptools is replacing distutils.")
[2023-12-30T12:32:48.512+0500] {subprocess.py:93} INFO - Registered model 'tree' already exists. Creating a new version of this model...
[2023-12-30T12:32:48.579+0500] {subprocess.py:93} INFO - 2023/12/30 12:32:48 INFO mlflow.store.model_registry.abstract_store: Waiting up to 300 seconds for model version to finish creation. Model name: tree, version 131
[2023-12-30T12:32:48.579+0500] {subprocess.py:93} INFO - Created version '131' of model 'tree'.
[2023-12-30T12:32:51.607+0500] {subprocess.py:93} INFO - /home/kda/ML_lab3/MLops_lab3/lab3/lib/python3.10/site-packages/_distutils_hack/__init__.py:18: UserWarning: Distutils was imported before Setuptools, but importing Setuptools also replaces the `distutils` module in `sys.modules`. This may lead to undesirable behaviors or errors. To avoid these issues, avoid using distutils directly, ensure that setuptools is installed in the traditional way (e.g. not an editable install), and/or make sure that setuptools is always imported before distutils.
[2023-12-30T12:32:51.608+0500] {subprocess.py:93} INFO -   warnings.warn(
[2023-12-30T12:32:51.608+0500] {subprocess.py:93} INFO - /home/kda/ML_lab3/MLops_lab3/lab3/lib/python3.10/site-packages/_distutils_hack/__init__.py:33: UserWarning: Setuptools is replacing distutils.
[2023-12-30T12:32:51.608+0500] {subprocess.py:93} INFO -   warnings.warn("Setuptools is replacing distutils.")
[2023-12-30T12:32:51.714+0500] {subprocess.py:93} INFO - Registered model 'tree' already exists. Creating a new version of this model...
[2023-12-30T12:32:51.769+0500] {subprocess.py:93} INFO - 2023/12/30 12:32:51 INFO mlflow.store.model_registry.abstract_store: Waiting up to 300 seconds for model version to finish creation. Model name: tree, version 132
[2023-12-30T12:32:51.769+0500] {subprocess.py:93} INFO - Created version '132' of model 'tree'.
[2023-12-30T12:32:53.572+0500] {subprocess.py:93} INFO - /home/kda/ML_lab3/MLops_lab3/lab3/lib/python3.10/site-packages/_distutils_hack/__init__.py:18: UserWarning: Distutils was imported before Setuptools, but importing Setuptools also replaces the `distutils` module in `sys.modules`. This may lead to undesirable behaviors or errors. To avoid these issues, avoid using distutils directly, ensure that setuptools is installed in the traditional way (e.g. not an editable install), and/or make sure that setuptools is always imported before distutils.
[2023-12-30T12:32:53.572+0500] {subprocess.py:93} INFO -   warnings.warn(
[2023-12-30T12:32:53.573+0500] {subprocess.py:93} INFO - /home/kda/ML_lab3/MLops_lab3/lab3/lib/python3.10/site-packages/_distutils_hack/__init__.py:33: UserWarning: Setuptools is replacing distutils.
[2023-12-30T12:32:53.573+0500] {subprocess.py:93} INFO -   warnings.warn("Setuptools is replacing distutils.")
[2023-12-30T12:32:53.658+0500] {subprocess.py:93} INFO - Registered model 'tree' already exists. Creating a new version of this model...
[2023-12-30T12:32:53.731+0500] {subprocess.py:93} INFO - 2023/12/30 12:32:53 INFO mlflow.store.model_registry.abstract_store: Waiting up to 300 seconds for model version to finish creation. Model name: tree, version 133
[2023-12-30T12:32:53.732+0500] {subprocess.py:93} INFO - Created version '133' of model 'tree'.
[2023-12-30T12:32:56.911+0500] {subprocess.py:93} INFO - /home/kda/ML_lab3/MLops_lab3/lab3/lib/python3.10/site-packages/_distutils_hack/__init__.py:18: UserWarning: Distutils was imported before Setuptools, but importing Setuptools also replaces the `distutils` module in `sys.modules`. This may lead to undesirable behaviors or errors. To avoid these issues, avoid using distutils directly, ensure that setuptools is installed in the traditional way (e.g. not an editable install), and/or make sure that setuptools is always imported before distutils.
[2023-12-30T12:32:56.913+0500] {subprocess.py:93} INFO -   warnings.warn(
[2023-12-30T12:32:56.913+0500] {subprocess.py:93} INFO - /home/kda/ML_lab3/MLops_lab3/lab3/lib/python3.10/site-packages/_distutils_hack/__init__.py:33: UserWarning: Setuptools is replacing distutils.
[2023-12-30T12:32:56.913+0500] {subprocess.py:93} INFO -   warnings.warn("Setuptools is replacing distutils.")
[2023-12-30T12:32:57.063+0500] {subprocess.py:93} INFO - Registered model 'tree' already exists. Creating a new version of this model...
[2023-12-30T12:32:57.142+0500] {subprocess.py:93} INFO - 2023/12/30 12:32:57 INFO mlflow.store.model_registry.abstract_store: Waiting up to 300 seconds for model version to finish creation. Model name: tree, version 134
[2023-12-30T12:32:57.143+0500] {subprocess.py:93} INFO - Created version '134' of model 'tree'.
[2023-12-30T12:33:00.017+0500] {subprocess.py:93} INFO - /home/kda/ML_lab3/MLops_lab3/lab3/lib/python3.10/site-packages/_distutils_hack/__init__.py:18: UserWarning: Distutils was imported before Setuptools, but importing Setuptools also replaces the `distutils` module in `sys.modules`. This may lead to undesirable behaviors or errors. To avoid these issues, avoid using distutils directly, ensure that setuptools is installed in the traditional way (e.g. not an editable install), and/or make sure that setuptools is always imported before distutils.
[2023-12-30T12:33:00.017+0500] {subprocess.py:93} INFO -   warnings.warn(
[2023-12-30T12:33:00.017+0500] {subprocess.py:93} INFO - /home/kda/ML_lab3/MLops_lab3/lab3/lib/python3.10/site-packages/_distutils_hack/__init__.py:33: UserWarning: Setuptools is replacing distutils.
[2023-12-30T12:33:00.017+0500] {subprocess.py:93} INFO -   warnings.warn("Setuptools is replacing distutils.")
[2023-12-30T12:33:00.140+0500] {subprocess.py:93} INFO - Registered model 'tree' already exists. Creating a new version of this model...
[2023-12-30T12:33:00.213+0500] {subprocess.py:93} INFO - 2023/12/30 12:33:00 INFO mlflow.store.model_registry.abstract_store: Waiting up to 300 seconds for model version to finish creation. Model name: tree, version 135
[2023-12-30T12:33:00.213+0500] {subprocess.py:93} INFO - Created version '135' of model 'tree'.
[2023-12-30T12:33:01.201+0500] {subprocess.py:93} INFO - <class 'pandas.core.frame.DataFrame'>
[2023-12-30T12:33:01.201+0500] {subprocess.py:93} INFO - RangeIndex: 704 entries, 0 to 703
[2023-12-30T12:33:01.201+0500] {subprocess.py:93} INFO - Columns: 220 entries, Price (in USD) to i8
[2023-12-30T12:33:01.201+0500] {subprocess.py:93} INFO - dtypes: bool(212), float64(2), int64(6)
[2023-12-30T12:33:01.201+0500] {subprocess.py:93} INFO - memory usage: 189.9 KB
[2023-12-30T12:33:01.201+0500] {subprocess.py:93} INFO - {'max_depth': 10, 'max_features': 10, 'min_samples_leaf': 5}
[2023-12-30T12:33:01.201+0500] {subprocess.py:93} INFO - 0.15625
[2023-12-30T12:33:01.201+0500] {subprocess.py:93} INFO - {'max_depth': 10, 'max_features': 10, 'min_samples_leaf': 10}
[2023-12-30T12:33:01.202+0500] {subprocess.py:93} INFO - 0.16477272727272727
[2023-12-30T12:33:01.202+0500] {subprocess.py:93} INFO - {'max_depth': 10, 'max_features': 10, 'min_samples_leaf': 15}
[2023-12-30T12:33:01.202+0500] {subprocess.py:93} INFO - 0.09943181818181818
[2023-12-30T12:33:01.202+0500] {subprocess.py:93} INFO - {'max_depth': 10, 'max_features': 20, 'min_samples_leaf': 5}
[2023-12-30T12:33:01.202+0500] {subprocess.py:93} INFO - 0.1846590909090909
[2023-12-30T12:33:01.202+0500] {subprocess.py:93} INFO - {'max_depth': 10, 'max_features': 20, 'min_samples_leaf': 10}
[2023-12-30T12:33:01.202+0500] {subprocess.py:93} INFO - 0.17897727272727273
[2023-12-30T12:33:01.202+0500] {subprocess.py:93} INFO - {'max_depth': 10, 'max_features': 20, 'min_samples_leaf': 15}
[2023-12-30T12:33:01.202+0500] {subprocess.py:93} INFO - 0.1846590909090909
[2023-12-30T12:33:01.202+0500] {subprocess.py:93} INFO - {'max_depth': 10, 'max_features': 30, 'min_samples_leaf': 5}
[2023-12-30T12:33:01.202+0500] {subprocess.py:93} INFO - 0.15767045454545456
[2023-12-30T12:33:01.202+0500] {subprocess.py:93} INFO - {'max_depth': 10, 'max_features': 30, 'min_samples_leaf': 10}
[2023-12-30T12:33:01.202+0500] {subprocess.py:93} INFO - 0.18892045454545456
[2023-12-30T12:33:01.202+0500] {subprocess.py:93} INFO - {'max_depth': 10, 'max_features': 30, 'min_samples_leaf': 15}
[2023-12-30T12:33:01.202+0500] {subprocess.py:93} INFO - 0.17045454545454544
[2023-12-30T12:33:01.202+0500] {subprocess.py:93} INFO - {'max_depth': 20, 'max_features': 10, 'min_samples_leaf': 5}
[2023-12-30T12:33:01.202+0500] {subprocess.py:93} INFO - 0.24147727272727273
[2023-12-30T12:33:01.202+0500] {subprocess.py:93} INFO - {'max_depth': 20, 'max_features': 10, 'min_samples_leaf': 10}
[2023-12-30T12:33:01.203+0500] {subprocess.py:93} INFO - 0.09517045454545454
[2023-12-30T12:33:01.203+0500] {subprocess.py:93} INFO - {'max_depth': 20, 'max_features': 10, 'min_samples_leaf': 15}
[2023-12-30T12:33:01.203+0500] {subprocess.py:93} INFO - 0.061079545454545456
[2023-12-30T12:33:01.203+0500] {subprocess.py:93} INFO - {'max_depth': 20, 'max_features': 20, 'min_samples_leaf': 5}
[2023-12-30T12:33:01.203+0500] {subprocess.py:93} INFO - 0.29829545454545453
[2023-12-30T12:33:01.204+0500] {subprocess.py:93} INFO - {'max_depth': 20, 'max_features': 20, 'min_samples_leaf': 10}
[2023-12-30T12:33:01.204+0500] {subprocess.py:93} INFO - 0.2556818181818182
[2023-12-30T12:33:01.204+0500] {subprocess.py:93} INFO - {'max_depth': 20, 'max_features': 20, 'min_samples_leaf': 15}
[2023-12-30T12:33:01.204+0500] {subprocess.py:93} INFO - 0.16193181818181818
[2023-12-30T12:33:01.204+0500] {subprocess.py:93} INFO - {'max_depth': 20, 'max_features': 30, 'min_samples_leaf': 5}
[2023-12-30T12:33:01.204+0500] {subprocess.py:93} INFO - 0.2755681818181818
[2023-12-30T12:33:01.204+0500] {subprocess.py:93} INFO - {'max_depth': 20, 'max_features': 30, 'min_samples_leaf': 10}
[2023-12-30T12:33:01.204+0500] {subprocess.py:93} INFO - 0.3068181818181818
[2023-12-30T12:33:01.204+0500] {subprocess.py:93} INFO - {'max_depth': 20, 'max_features': 30, 'min_samples_leaf': 15}
[2023-12-30T12:33:01.204+0500] {subprocess.py:93} INFO - 0.24573863636363635
[2023-12-30T12:33:01.204+0500] {subprocess.py:93} INFO - {'max_depth': 30, 'max_features': 10, 'min_samples_leaf': 5}
[2023-12-30T12:33:01.204+0500] {subprocess.py:93} INFO - 0.3153409090909091
[2023-12-30T12:33:01.204+0500] {subprocess.py:93} INFO - {'max_depth': 30, 'max_features': 10, 'min_samples_leaf': 10}
[2023-12-30T12:33:01.204+0500] {subprocess.py:93} INFO - 0.1434659090909091
[2023-12-30T12:33:01.206+0500] {subprocess.py:93} INFO - {'max_depth': 30, 'max_features': 10, 'min_samples_leaf': 15}
[2023-12-30T12:33:01.206+0500] {subprocess.py:93} INFO - 0.09943181818181818
[2023-12-30T12:33:01.206+0500] {subprocess.py:93} INFO - {'max_depth': 30, 'max_features': 20, 'min_samples_leaf': 5}
[2023-12-30T12:33:01.206+0500] {subprocess.py:93} INFO - 0.26988636363636365
[2023-12-30T12:33:01.206+0500] {subprocess.py:93} INFO - {'max_depth': 30, 'max_features': 20, 'min_samples_leaf': 10}
[2023-12-30T12:33:01.206+0500] {subprocess.py:93} INFO - 0.2372159090909091
[2023-12-30T12:33:01.206+0500] {subprocess.py:93} INFO - {'max_depth': 30, 'max_features': 20, 'min_samples_leaf': 15}
[2023-12-30T12:33:01.206+0500] {subprocess.py:93} INFO - 0.23863636363636365
[2023-12-30T12:33:01.206+0500] {subprocess.py:93} INFO - {'max_depth': 30, 'max_features': 30, 'min_samples_leaf': 5}
[2023-12-30T12:33:01.206+0500] {subprocess.py:93} INFO - 0.4190340909090909
[2023-12-30T12:33:01.206+0500] {subprocess.py:93} INFO - {'max_depth': 30, 'max_features': 30, 'min_samples_leaf': 10}
[2023-12-30T12:33:01.206+0500] {subprocess.py:93} INFO - 0.3338068181818182
[2023-12-30T12:33:01.206+0500] {subprocess.py:93} INFO - {'max_depth': 30, 'max_features': 30, 'min_samples_leaf': 15}
[2023-12-30T12:33:01.207+0500] {subprocess.py:93} INFO - 0.21306818181818182
[2023-12-30T12:33:01.207+0500] {subprocess.py:93} INFO - run_id                                            f7cb07aa01b34a5b874d24aab1f6c792
[2023-12-30T12:33:01.207+0500] {subprocess.py:93} INFO - experiment_id                                                                    4
[2023-12-30T12:33:01.207+0500] {subprocess.py:93} INFO - status                                                                    FINISHED
[2023-12-30T12:33:01.207+0500] {subprocess.py:93} INFO - artifact_uri                     /home/kda/ML_lab3/MLops_lab3/mlflow/4/f7cb07aa...
[2023-12-30T12:33:01.207+0500] {subprocess.py:93} INFO - start_time                                        2023-12-30 07:24:02.496000+00:00
[2023-12-30T12:33:01.207+0500] {subprocess.py:93} INFO - end_time                                          2023-12-30 07:24:04.924000+00:00
[2023-12-30T12:33:01.207+0500] {subprocess.py:93} INFO - metrics.score                                                             0.455966
[2023-12-30T12:33:01.207+0500] {subprocess.py:93} INFO - params.max_depth                                                                30
[2023-12-30T12:33:01.207+0500] {subprocess.py:93} INFO - params.max_features                                                             30
[2023-12-30T12:33:01.208+0500] {subprocess.py:93} INFO - params.min_samples_leaf                                                          5
[2023-12-30T12:33:01.208+0500] {subprocess.py:93} INFO - tags.mlflow.runName                                             efficient-rook-956
[2023-12-30T12:33:01.208+0500] {subprocess.py:93} INFO - tags.mlflow.user                                                               kda
[2023-12-30T12:33:01.209+0500] {subprocess.py:93} INFO - tags.mlflow.source.type                                                      LOCAL
[2023-12-30T12:33:01.209+0500] {subprocess.py:93} INFO - tags.mlflow.source.name          /home/kda/ML_lab3/MLops_lab3/scripts/model_lea...
[2023-12-30T12:33:01.209+0500] {subprocess.py:93} INFO - tags.mlflow.source.git.commit             ce45304099bf333bf81eec48dc8c38207a9a353e
[2023-12-30T12:33:01.209+0500] {subprocess.py:93} INFO - tags.mlflow.log-model.history    [{"run_id": "f7cb07aa01b34a5b874d24aab1f6c792"...
[2023-12-30T12:33:01.209+0500] {subprocess.py:93} INFO - Name: 0, dtype: object
[2023-12-30T12:33:01.838+0500] {subprocess.py:97} INFO - Command exited with return code 0
[2023-12-30T12:33:01.908+0500] {taskinstance.py:1400} INFO - Marking task as SUCCESS. dag_id=KOH, task_id=data_ml, execution_date=20231230T073104, start_date=20231230T073127, end_date=20231230T073301
[2023-12-30T12:33:01.993+0500] {local_task_job_runner.py:228} INFO - Task exited with return code 0
[2023-12-30T12:33:02.016+0500] {taskinstance.py:2778} INFO - 1 downstream tasks scheduled from follow-on schedule check
