[2023-12-28T00:15:26.212+0500] {taskinstance.py:1159} INFO - Dependencies all met for dep_context=non-requeueable deps ti=<TaskInstance: KOH.evaluate manual__2023-12-27T19:14:56.357801+00:00 [queued]>
[2023-12-28T00:15:26.218+0500] {taskinstance.py:1159} INFO - Dependencies all met for dep_context=requeueable deps ti=<TaskInstance: KOH.evaluate manual__2023-12-27T19:14:56.357801+00:00 [queued]>
[2023-12-28T00:15:26.218+0500] {taskinstance.py:1361} INFO - Starting attempt 1 of 2
[2023-12-28T00:15:26.293+0500] {taskinstance.py:1382} INFO - Executing <Task(BashOperator): evaluate> on 2023-12-27 19:14:56.357801+00:00
[2023-12-28T00:15:26.299+0500] {standard_task_runner.py:57} INFO - Started process 8266 to run task
[2023-12-28T00:15:26.303+0500] {standard_task_runner.py:84} INFO - Running: ['airflow', 'tasks', 'run', 'KOH', 'evaluate', 'manual__2023-12-27T19:14:56.357801+00:00', '--job-id', '244', '--raw', '--subdir', 'DAGS_FOLDER/text.py', '--cfg-path', '/tmp/tmpcbsykax7']
[2023-12-28T00:15:26.305+0500] {standard_task_runner.py:85} INFO - Job 244: Subtask evaluate
[2023-12-28T00:15:26.460+0500] {task_command.py:416} INFO - Running <TaskInstance: KOH.evaluate manual__2023-12-27T19:14:56.357801+00:00 [running]> on host vm2.myguest.virtualbox.org
[2023-12-28T00:15:26.578+0500] {taskinstance.py:1662} INFO - Exporting env vars: AIRFLOW_CTX_DAG_OWNER='Admin' AIRFLOW_CTX_DAG_ID='KOH' AIRFLOW_CTX_TASK_ID='evaluate' AIRFLOW_CTX_EXECUTION_DATE='2023-12-27T19:14:56.357801+00:00' AIRFLOW_CTX_TRY_NUMBER='1' AIRFLOW_CTX_DAG_RUN_ID='manual__2023-12-27T19:14:56.357801+00:00'
[2023-12-28T00:15:26.579+0500] {subprocess.py:63} INFO - Tmp dir root location: /tmp
[2023-12-28T00:15:26.580+0500] {subprocess.py:75} INFO - Running command: ['/usr/bin/bash', '-c', 'cd /home/kda/ML_lab3/MLops_lab3/ && python /home/kda/ML_lab3/MLops_lab3/scripts/evaluate.py']
[2023-12-28T00:15:26.595+0500] {subprocess.py:86} INFO - Output:
[2023-12-28T00:15:30.901+0500] {subprocess.py:93} INFO - Registered model 'clf' already exists. Creating a new version of this model...
[2023-12-28T00:15:31.004+0500] {subprocess.py:93} INFO - Created version '100' of model 'clf'.
[2023-12-28T00:15:32.524+0500] {subprocess.py:93} INFO - /home/kda/ML_lab3/MLops_lab3/lab3/lib/python3.10/site-packages/_distutils_hack/__init__.py:18: UserWarning: Distutils was imported before Setuptools, but importing Setuptools also replaces the `distutils` module in `sys.modules`. This may lead to undesirable behaviors or errors. To avoid these issues, avoid using distutils directly, ensure that setuptools is installed in the traditional way (e.g. not an editable install), and/or make sure that setuptools is always imported before distutils.
[2023-12-28T00:15:32.525+0500] {subprocess.py:93} INFO -   warnings.warn(
[2023-12-28T00:15:32.525+0500] {subprocess.py:93} INFO - /home/kda/ML_lab3/MLops_lab3/lab3/lib/python3.10/site-packages/_distutils_hack/__init__.py:33: UserWarning: Setuptools is replacing distutils.
[2023-12-28T00:15:32.525+0500] {subprocess.py:93} INFO -   warnings.warn("Setuptools is replacing distutils.")
[2023-12-28T00:15:32.536+0500] {subprocess.py:93} INFO - Registered model 'clf' already exists. Creating a new version of this model...
[2023-12-28T00:15:32.670+0500] {subprocess.py:93} INFO - Created version '101' of model 'clf'.
[2023-12-28T00:15:35.403+0500] {subprocess.py:93} INFO - /home/kda/ML_lab3/MLops_lab3/lab3/lib/python3.10/site-packages/_distutils_hack/__init__.py:18: UserWarning: Distutils was imported before Setuptools, but importing Setuptools also replaces the `distutils` module in `sys.modules`. This may lead to undesirable behaviors or errors. To avoid these issues, avoid using distutils directly, ensure that setuptools is installed in the traditional way (e.g. not an editable install), and/or make sure that setuptools is always imported before distutils.
[2023-12-28T00:15:35.404+0500] {subprocess.py:93} INFO -   warnings.warn(
[2023-12-28T00:15:35.404+0500] {subprocess.py:93} INFO - /home/kda/ML_lab3/MLops_lab3/lab3/lib/python3.10/site-packages/_distutils_hack/__init__.py:33: UserWarning: Setuptools is replacing distutils.
[2023-12-28T00:15:35.404+0500] {subprocess.py:93} INFO -   warnings.warn("Setuptools is replacing distutils.")
[2023-12-28T00:15:35.413+0500] {subprocess.py:93} INFO - Registered model 'clf' already exists. Creating a new version of this model...
[2023-12-28T00:15:35.533+0500] {subprocess.py:93} INFO - Created version '102' of model 'clf'.
[2023-12-28T00:15:37.175+0500] {subprocess.py:93} INFO - /home/kda/ML_lab3/MLops_lab3/lab3/lib/python3.10/site-packages/_distutils_hack/__init__.py:18: UserWarning: Distutils was imported before Setuptools, but importing Setuptools also replaces the `distutils` module in `sys.modules`. This may lead to undesirable behaviors or errors. To avoid these issues, avoid using distutils directly, ensure that setuptools is installed in the traditional way (e.g. not an editable install), and/or make sure that setuptools is always imported before distutils.
[2023-12-28T00:15:37.175+0500] {subprocess.py:93} INFO -   warnings.warn(
[2023-12-28T00:15:37.176+0500] {subprocess.py:93} INFO - /home/kda/ML_lab3/MLops_lab3/lab3/lib/python3.10/site-packages/_distutils_hack/__init__.py:33: UserWarning: Setuptools is replacing distutils.
[2023-12-28T00:15:37.176+0500] {subprocess.py:93} INFO -   warnings.warn("Setuptools is replacing distutils.")
[2023-12-28T00:15:37.185+0500] {subprocess.py:93} INFO - Registered model 'clf' already exists. Creating a new version of this model...
[2023-12-28T00:15:37.291+0500] {subprocess.py:93} INFO - Created version '103' of model 'clf'.
[2023-12-28T00:15:39.790+0500] {subprocess.py:93} INFO - /home/kda/ML_lab3/MLops_lab3/lab3/lib/python3.10/site-packages/_distutils_hack/__init__.py:18: UserWarning: Distutils was imported before Setuptools, but importing Setuptools also replaces the `distutils` module in `sys.modules`. This may lead to undesirable behaviors or errors. To avoid these issues, avoid using distutils directly, ensure that setuptools is installed in the traditional way (e.g. not an editable install), and/or make sure that setuptools is always imported before distutils.
[2023-12-28T00:15:39.791+0500] {subprocess.py:93} INFO -   warnings.warn(
[2023-12-28T00:15:39.791+0500] {subprocess.py:93} INFO - /home/kda/ML_lab3/MLops_lab3/lab3/lib/python3.10/site-packages/_distutils_hack/__init__.py:33: UserWarning: Setuptools is replacing distutils.
[2023-12-28T00:15:39.791+0500] {subprocess.py:93} INFO -   warnings.warn("Setuptools is replacing distutils.")
[2023-12-28T00:15:39.799+0500] {subprocess.py:93} INFO - Registered model 'clf' already exists. Creating a new version of this model...
[2023-12-28T00:15:39.902+0500] {subprocess.py:93} INFO - Created version '104' of model 'clf'.
[2023-12-28T00:15:42.574+0500] {subprocess.py:93} INFO - /home/kda/ML_lab3/MLops_lab3/lab3/lib/python3.10/site-packages/_distutils_hack/__init__.py:18: UserWarning: Distutils was imported before Setuptools, but importing Setuptools also replaces the `distutils` module in `sys.modules`. This may lead to undesirable behaviors or errors. To avoid these issues, avoid using distutils directly, ensure that setuptools is installed in the traditional way (e.g. not an editable install), and/or make sure that setuptools is always imported before distutils.
[2023-12-28T00:15:42.574+0500] {subprocess.py:93} INFO -   warnings.warn(
[2023-12-28T00:15:42.575+0500] {subprocess.py:93} INFO - /home/kda/ML_lab3/MLops_lab3/lab3/lib/python3.10/site-packages/_distutils_hack/__init__.py:33: UserWarning: Setuptools is replacing distutils.
[2023-12-28T00:15:42.575+0500] {subprocess.py:93} INFO -   warnings.warn("Setuptools is replacing distutils.")
[2023-12-28T00:15:42.587+0500] {subprocess.py:93} INFO - Registered model 'clf' already exists. Creating a new version of this model...
[2023-12-28T00:15:42.695+0500] {subprocess.py:93} INFO - Created version '105' of model 'clf'.
[2023-12-28T00:15:45.258+0500] {subprocess.py:93} INFO - /home/kda/ML_lab3/MLops_lab3/lab3/lib/python3.10/site-packages/_distutils_hack/__init__.py:18: UserWarning: Distutils was imported before Setuptools, but importing Setuptools also replaces the `distutils` module in `sys.modules`. This may lead to undesirable behaviors or errors. To avoid these issues, avoid using distutils directly, ensure that setuptools is installed in the traditional way (e.g. not an editable install), and/or make sure that setuptools is always imported before distutils.
[2023-12-28T00:15:45.259+0500] {subprocess.py:93} INFO -   warnings.warn(
[2023-12-28T00:15:45.259+0500] {subprocess.py:93} INFO - /home/kda/ML_lab3/MLops_lab3/lab3/lib/python3.10/site-packages/_distutils_hack/__init__.py:33: UserWarning: Setuptools is replacing distutils.
[2023-12-28T00:15:45.259+0500] {subprocess.py:93} INFO -   warnings.warn("Setuptools is replacing distutils.")
[2023-12-28T00:15:45.280+0500] {subprocess.py:93} INFO - Registered model 'clf' already exists. Creating a new version of this model...
[2023-12-28T00:15:45.452+0500] {subprocess.py:93} INFO - Created version '106' of model 'clf'.
[2023-12-28T00:15:48.161+0500] {subprocess.py:93} INFO - /home/kda/ML_lab3/MLops_lab3/lab3/lib/python3.10/site-packages/_distutils_hack/__init__.py:18: UserWarning: Distutils was imported before Setuptools, but importing Setuptools also replaces the `distutils` module in `sys.modules`. This may lead to undesirable behaviors or errors. To avoid these issues, avoid using distutils directly, ensure that setuptools is installed in the traditional way (e.g. not an editable install), and/or make sure that setuptools is always imported before distutils.
[2023-12-28T00:15:48.161+0500] {subprocess.py:93} INFO -   warnings.warn(
[2023-12-28T00:15:48.166+0500] {subprocess.py:93} INFO - /home/kda/ML_lab3/MLops_lab3/lab3/lib/python3.10/site-packages/_distutils_hack/__init__.py:33: UserWarning: Setuptools is replacing distutils.
[2023-12-28T00:15:48.167+0500] {subprocess.py:93} INFO -   warnings.warn("Setuptools is replacing distutils.")
[2023-12-28T00:15:48.241+0500] {subprocess.py:93} INFO - Registered model 'clf' already exists. Creating a new version of this model...
[2023-12-28T00:15:48.343+0500] {subprocess.py:93} INFO - Created version '107' of model 'clf'.
[2023-12-28T00:15:51.032+0500] {subprocess.py:93} INFO - /home/kda/ML_lab3/MLops_lab3/lab3/lib/python3.10/site-packages/_distutils_hack/__init__.py:18: UserWarning: Distutils was imported before Setuptools, but importing Setuptools also replaces the `distutils` module in `sys.modules`. This may lead to undesirable behaviors or errors. To avoid these issues, avoid using distutils directly, ensure that setuptools is installed in the traditional way (e.g. not an editable install), and/or make sure that setuptools is always imported before distutils.
[2023-12-28T00:15:51.033+0500] {subprocess.py:93} INFO -   warnings.warn(
[2023-12-28T00:15:51.033+0500] {subprocess.py:93} INFO - /home/kda/ML_lab3/MLops_lab3/lab3/lib/python3.10/site-packages/_distutils_hack/__init__.py:33: UserWarning: Setuptools is replacing distutils.
[2023-12-28T00:15:51.033+0500] {subprocess.py:93} INFO -   warnings.warn("Setuptools is replacing distutils.")
[2023-12-28T00:15:51.048+0500] {subprocess.py:93} INFO - Registered model 'clf' already exists. Creating a new version of this model...
[2023-12-28T00:15:51.216+0500] {subprocess.py:93} INFO - Created version '108' of model 'clf'.
[2023-12-28T00:15:52.838+0500] {subprocess.py:93} INFO - /home/kda/ML_lab3/MLops_lab3/lab3/lib/python3.10/site-packages/_distutils_hack/__init__.py:18: UserWarning: Distutils was imported before Setuptools, but importing Setuptools also replaces the `distutils` module in `sys.modules`. This may lead to undesirable behaviors or errors. To avoid these issues, avoid using distutils directly, ensure that setuptools is installed in the traditional way (e.g. not an editable install), and/or make sure that setuptools is always imported before distutils.
[2023-12-28T00:15:52.838+0500] {subprocess.py:93} INFO -   warnings.warn(
[2023-12-28T00:15:52.838+0500] {subprocess.py:93} INFO - /home/kda/ML_lab3/MLops_lab3/lab3/lib/python3.10/site-packages/_distutils_hack/__init__.py:33: UserWarning: Setuptools is replacing distutils.
[2023-12-28T00:15:52.838+0500] {subprocess.py:93} INFO -   warnings.warn("Setuptools is replacing distutils.")
[2023-12-28T00:15:52.848+0500] {subprocess.py:93} INFO - Registered model 'clf' already exists. Creating a new version of this model...
[2023-12-28T00:15:52.954+0500] {subprocess.py:93} INFO - Created version '109' of model 'clf'.
[2023-12-28T00:15:55.112+0500] {subprocess.py:93} INFO - /home/kda/ML_lab3/MLops_lab3/lab3/lib/python3.10/site-packages/_distutils_hack/__init__.py:18: UserWarning: Distutils was imported before Setuptools, but importing Setuptools also replaces the `distutils` module in `sys.modules`. This may lead to undesirable behaviors or errors. To avoid these issues, avoid using distutils directly, ensure that setuptools is installed in the traditional way (e.g. not an editable install), and/or make sure that setuptools is always imported before distutils.
[2023-12-28T00:15:55.113+0500] {subprocess.py:93} INFO -   warnings.warn(
[2023-12-28T00:15:55.114+0500] {subprocess.py:93} INFO - /home/kda/ML_lab3/MLops_lab3/lab3/lib/python3.10/site-packages/_distutils_hack/__init__.py:33: UserWarning: Setuptools is replacing distutils.
[2023-12-28T00:15:55.114+0500] {subprocess.py:93} INFO -   warnings.warn("Setuptools is replacing distutils.")
[2023-12-28T00:15:55.122+0500] {subprocess.py:93} INFO - Registered model 'clf' already exists. Creating a new version of this model...
[2023-12-28T00:15:55.231+0500] {subprocess.py:93} INFO - Created version '110' of model 'clf'.
[2023-12-28T00:15:57.007+0500] {subprocess.py:93} INFO - /home/kda/ML_lab3/MLops_lab3/lab3/lib/python3.10/site-packages/_distutils_hack/__init__.py:18: UserWarning: Distutils was imported before Setuptools, but importing Setuptools also replaces the `distutils` module in `sys.modules`. This may lead to undesirable behaviors or errors. To avoid these issues, avoid using distutils directly, ensure that setuptools is installed in the traditional way (e.g. not an editable install), and/or make sure that setuptools is always imported before distutils.
[2023-12-28T00:15:57.007+0500] {subprocess.py:93} INFO -   warnings.warn(
[2023-12-28T00:15:57.007+0500] {subprocess.py:93} INFO - /home/kda/ML_lab3/MLops_lab3/lab3/lib/python3.10/site-packages/_distutils_hack/__init__.py:33: UserWarning: Setuptools is replacing distutils.
[2023-12-28T00:15:57.008+0500] {subprocess.py:93} INFO -   warnings.warn("Setuptools is replacing distutils.")
[2023-12-28T00:15:57.026+0500] {subprocess.py:93} INFO - Registered model 'clf' already exists. Creating a new version of this model...
[2023-12-28T00:15:57.191+0500] {subprocess.py:93} INFO - Created version '111' of model 'clf'.
[2023-12-28T00:15:58.916+0500] {subprocess.py:93} INFO - /home/kda/ML_lab3/MLops_lab3/lab3/lib/python3.10/site-packages/_distutils_hack/__init__.py:18: UserWarning: Distutils was imported before Setuptools, but importing Setuptools also replaces the `distutils` module in `sys.modules`. This may lead to undesirable behaviors or errors. To avoid these issues, avoid using distutils directly, ensure that setuptools is installed in the traditional way (e.g. not an editable install), and/or make sure that setuptools is always imported before distutils.
[2023-12-28T00:15:58.916+0500] {subprocess.py:93} INFO -   warnings.warn(
[2023-12-28T00:15:58.916+0500] {subprocess.py:93} INFO - /home/kda/ML_lab3/MLops_lab3/lab3/lib/python3.10/site-packages/_distutils_hack/__init__.py:33: UserWarning: Setuptools is replacing distutils.
[2023-12-28T00:15:58.916+0500] {subprocess.py:93} INFO -   warnings.warn("Setuptools is replacing distutils.")
[2023-12-28T00:15:58.923+0500] {subprocess.py:93} INFO - Registered model 'clf' already exists. Creating a new version of this model...
[2023-12-28T00:15:59.068+0500] {subprocess.py:93} INFO - Created version '112' of model 'clf'.
[2023-12-28T00:16:01.547+0500] {subprocess.py:93} INFO - /home/kda/ML_lab3/MLops_lab3/lab3/lib/python3.10/site-packages/_distutils_hack/__init__.py:18: UserWarning: Distutils was imported before Setuptools, but importing Setuptools also replaces the `distutils` module in `sys.modules`. This may lead to undesirable behaviors or errors. To avoid these issues, avoid using distutils directly, ensure that setuptools is installed in the traditional way (e.g. not an editable install), and/or make sure that setuptools is always imported before distutils.
[2023-12-28T00:16:01.548+0500] {subprocess.py:93} INFO -   warnings.warn(
[2023-12-28T00:16:01.548+0500] {subprocess.py:93} INFO - /home/kda/ML_lab3/MLops_lab3/lab3/lib/python3.10/site-packages/_distutils_hack/__init__.py:33: UserWarning: Setuptools is replacing distutils.
[2023-12-28T00:16:01.548+0500] {subprocess.py:93} INFO -   warnings.warn("Setuptools is replacing distutils.")
[2023-12-28T00:16:01.578+0500] {subprocess.py:93} INFO - Registered model 'clf' already exists. Creating a new version of this model...
[2023-12-28T00:16:01.752+0500] {subprocess.py:93} INFO - Created version '113' of model 'clf'.
[2023-12-28T00:16:04.293+0500] {subprocess.py:93} INFO - /home/kda/ML_lab3/MLops_lab3/lab3/lib/python3.10/site-packages/_distutils_hack/__init__.py:18: UserWarning: Distutils was imported before Setuptools, but importing Setuptools also replaces the `distutils` module in `sys.modules`. This may lead to undesirable behaviors or errors. To avoid these issues, avoid using distutils directly, ensure that setuptools is installed in the traditional way (e.g. not an editable install), and/or make sure that setuptools is always imported before distutils.
[2023-12-28T00:16:04.294+0500] {subprocess.py:93} INFO -   warnings.warn(
[2023-12-28T00:16:04.294+0500] {subprocess.py:93} INFO - /home/kda/ML_lab3/MLops_lab3/lab3/lib/python3.10/site-packages/_distutils_hack/__init__.py:33: UserWarning: Setuptools is replacing distutils.
[2023-12-28T00:16:04.294+0500] {subprocess.py:93} INFO -   warnings.warn("Setuptools is replacing distutils.")
[2023-12-28T00:16:04.315+0500] {subprocess.py:93} INFO - Registered model 'clf' already exists. Creating a new version of this model...
[2023-12-28T00:16:04.455+0500] {subprocess.py:93} INFO - Created version '114' of model 'clf'.
[2023-12-28T00:16:06.959+0500] {subprocess.py:93} INFO - /home/kda/ML_lab3/MLops_lab3/lab3/lib/python3.10/site-packages/_distutils_hack/__init__.py:18: UserWarning: Distutils was imported before Setuptools, but importing Setuptools also replaces the `distutils` module in `sys.modules`. This may lead to undesirable behaviors or errors. To avoid these issues, avoid using distutils directly, ensure that setuptools is installed in the traditional way (e.g. not an editable install), and/or make sure that setuptools is always imported before distutils.
[2023-12-28T00:16:06.959+0500] {subprocess.py:93} INFO -   warnings.warn(
[2023-12-28T00:16:06.959+0500] {subprocess.py:93} INFO - /home/kda/ML_lab3/MLops_lab3/lab3/lib/python3.10/site-packages/_distutils_hack/__init__.py:33: UserWarning: Setuptools is replacing distutils.
[2023-12-28T00:16:06.959+0500] {subprocess.py:93} INFO -   warnings.warn("Setuptools is replacing distutils.")
[2023-12-28T00:16:06.972+0500] {subprocess.py:93} INFO - Registered model 'clf' already exists. Creating a new version of this model...
[2023-12-28T00:16:07.119+0500] {subprocess.py:93} INFO - Created version '115' of model 'clf'.
[2023-12-28T00:16:09.762+0500] {subprocess.py:93} INFO - /home/kda/ML_lab3/MLops_lab3/lab3/lib/python3.10/site-packages/_distutils_hack/__init__.py:18: UserWarning: Distutils was imported before Setuptools, but importing Setuptools also replaces the `distutils` module in `sys.modules`. This may lead to undesirable behaviors or errors. To avoid these issues, avoid using distutils directly, ensure that setuptools is installed in the traditional way (e.g. not an editable install), and/or make sure that setuptools is always imported before distutils.
[2023-12-28T00:16:09.762+0500] {subprocess.py:93} INFO -   warnings.warn(
[2023-12-28T00:16:09.762+0500] {subprocess.py:93} INFO - /home/kda/ML_lab3/MLops_lab3/lab3/lib/python3.10/site-packages/_distutils_hack/__init__.py:33: UserWarning: Setuptools is replacing distutils.
[2023-12-28T00:16:09.762+0500] {subprocess.py:93} INFO -   warnings.warn("Setuptools is replacing distutils.")
[2023-12-28T00:16:09.774+0500] {subprocess.py:93} INFO - Registered model 'clf' already exists. Creating a new version of this model...
[2023-12-28T00:16:09.961+0500] {subprocess.py:93} INFO - Created version '116' of model 'clf'.
[2023-12-28T00:16:12.661+0500] {subprocess.py:93} INFO - /home/kda/ML_lab3/MLops_lab3/lab3/lib/python3.10/site-packages/_distutils_hack/__init__.py:18: UserWarning: Distutils was imported before Setuptools, but importing Setuptools also replaces the `distutils` module in `sys.modules`. This may lead to undesirable behaviors or errors. To avoid these issues, avoid using distutils directly, ensure that setuptools is installed in the traditional way (e.g. not an editable install), and/or make sure that setuptools is always imported before distutils.
[2023-12-28T00:16:12.663+0500] {subprocess.py:93} INFO -   warnings.warn(
[2023-12-28T00:16:12.663+0500] {subprocess.py:93} INFO - /home/kda/ML_lab3/MLops_lab3/lab3/lib/python3.10/site-packages/_distutils_hack/__init__.py:33: UserWarning: Setuptools is replacing distutils.
[2023-12-28T00:16:12.663+0500] {subprocess.py:93} INFO -   warnings.warn("Setuptools is replacing distutils.")
[2023-12-28T00:16:12.679+0500] {subprocess.py:93} INFO - Registered model 'clf' already exists. Creating a new version of this model...
[2023-12-28T00:16:12.806+0500] {subprocess.py:93} INFO - Created version '117' of model 'clf'.
[2023-12-28T00:16:15.573+0500] {subprocess.py:93} INFO - /home/kda/ML_lab3/MLops_lab3/lab3/lib/python3.10/site-packages/_distutils_hack/__init__.py:18: UserWarning: Distutils was imported before Setuptools, but importing Setuptools also replaces the `distutils` module in `sys.modules`. This may lead to undesirable behaviors or errors. To avoid these issues, avoid using distutils directly, ensure that setuptools is installed in the traditional way (e.g. not an editable install), and/or make sure that setuptools is always imported before distutils.
[2023-12-28T00:16:15.573+0500] {subprocess.py:93} INFO -   warnings.warn(
[2023-12-28T00:16:15.573+0500] {subprocess.py:93} INFO - /home/kda/ML_lab3/MLops_lab3/lab3/lib/python3.10/site-packages/_distutils_hack/__init__.py:33: UserWarning: Setuptools is replacing distutils.
[2023-12-28T00:16:15.573+0500] {subprocess.py:93} INFO -   warnings.warn("Setuptools is replacing distutils.")
[2023-12-28T00:16:15.593+0500] {subprocess.py:93} INFO - Registered model 'clf' already exists. Creating a new version of this model...
[2023-12-28T00:16:15.736+0500] {subprocess.py:93} INFO - Created version '118' of model 'clf'.
[2023-12-28T00:16:18.635+0500] {subprocess.py:93} INFO - /home/kda/ML_lab3/MLops_lab3/lab3/lib/python3.10/site-packages/_distutils_hack/__init__.py:18: UserWarning: Distutils was imported before Setuptools, but importing Setuptools also replaces the `distutils` module in `sys.modules`. This may lead to undesirable behaviors or errors. To avoid these issues, avoid using distutils directly, ensure that setuptools is installed in the traditional way (e.g. not an editable install), and/or make sure that setuptools is always imported before distutils.
[2023-12-28T00:16:18.636+0500] {subprocess.py:93} INFO -   warnings.warn(
[2023-12-28T00:16:18.636+0500] {subprocess.py:93} INFO - /home/kda/ML_lab3/MLops_lab3/lab3/lib/python3.10/site-packages/_distutils_hack/__init__.py:33: UserWarning: Setuptools is replacing distutils.
[2023-12-28T00:16:18.636+0500] {subprocess.py:93} INFO -   warnings.warn("Setuptools is replacing distutils.")
[2023-12-28T00:16:18.648+0500] {subprocess.py:93} INFO - Registered model 'clf' already exists. Creating a new version of this model...
[2023-12-28T00:16:18.779+0500] {subprocess.py:93} INFO - Created version '119' of model 'clf'.
[2023-12-28T00:16:21.394+0500] {subprocess.py:93} INFO - /home/kda/ML_lab3/MLops_lab3/lab3/lib/python3.10/site-packages/_distutils_hack/__init__.py:18: UserWarning: Distutils was imported before Setuptools, but importing Setuptools also replaces the `distutils` module in `sys.modules`. This may lead to undesirable behaviors or errors. To avoid these issues, avoid using distutils directly, ensure that setuptools is installed in the traditional way (e.g. not an editable install), and/or make sure that setuptools is always imported before distutils.
[2023-12-28T00:16:21.394+0500] {subprocess.py:93} INFO -   warnings.warn(
[2023-12-28T00:16:21.394+0500] {subprocess.py:93} INFO - /home/kda/ML_lab3/MLops_lab3/lab3/lib/python3.10/site-packages/_distutils_hack/__init__.py:33: UserWarning: Setuptools is replacing distutils.
[2023-12-28T00:16:21.395+0500] {subprocess.py:93} INFO -   warnings.warn("Setuptools is replacing distutils.")
[2023-12-28T00:16:21.404+0500] {subprocess.py:93} INFO - Registered model 'clf' already exists. Creating a new version of this model...
[2023-12-28T00:16:21.546+0500] {subprocess.py:93} INFO - Created version '120' of model 'clf'.
[2023-12-28T00:16:24.301+0500] {subprocess.py:93} INFO - /home/kda/ML_lab3/MLops_lab3/lab3/lib/python3.10/site-packages/_distutils_hack/__init__.py:18: UserWarning: Distutils was imported before Setuptools, but importing Setuptools also replaces the `distutils` module in `sys.modules`. This may lead to undesirable behaviors or errors. To avoid these issues, avoid using distutils directly, ensure that setuptools is installed in the traditional way (e.g. not an editable install), and/or make sure that setuptools is always imported before distutils.
[2023-12-28T00:16:24.302+0500] {subprocess.py:93} INFO -   warnings.warn(
[2023-12-28T00:16:24.302+0500] {subprocess.py:93} INFO - /home/kda/ML_lab3/MLops_lab3/lab3/lib/python3.10/site-packages/_distutils_hack/__init__.py:33: UserWarning: Setuptools is replacing distutils.
[2023-12-28T00:16:24.302+0500] {subprocess.py:93} INFO -   warnings.warn("Setuptools is replacing distutils.")
[2023-12-28T00:16:24.314+0500] {subprocess.py:93} INFO - Registered model 'clf' already exists. Creating a new version of this model...
[2023-12-28T00:16:24.437+0500] {subprocess.py:93} INFO - Created version '121' of model 'clf'.
[2023-12-28T00:16:26.076+0500] {subprocess.py:93} INFO - /home/kda/ML_lab3/MLops_lab3/lab3/lib/python3.10/site-packages/_distutils_hack/__init__.py:18: UserWarning: Distutils was imported before Setuptools, but importing Setuptools also replaces the `distutils` module in `sys.modules`. This may lead to undesirable behaviors or errors. To avoid these issues, avoid using distutils directly, ensure that setuptools is installed in the traditional way (e.g. not an editable install), and/or make sure that setuptools is always imported before distutils.
[2023-12-28T00:16:26.077+0500] {subprocess.py:93} INFO -   warnings.warn(
[2023-12-28T00:16:26.077+0500] {subprocess.py:93} INFO - /home/kda/ML_lab3/MLops_lab3/lab3/lib/python3.10/site-packages/_distutils_hack/__init__.py:33: UserWarning: Setuptools is replacing distutils.
[2023-12-28T00:16:26.077+0500] {subprocess.py:93} INFO -   warnings.warn("Setuptools is replacing distutils.")
[2023-12-28T00:16:26.093+0500] {subprocess.py:93} INFO - Registered model 'clf' already exists. Creating a new version of this model...
[2023-12-28T00:16:26.228+0500] {subprocess.py:93} INFO - Created version '122' of model 'clf'.
[2023-12-28T00:16:27.900+0500] {subprocess.py:93} INFO - /home/kda/ML_lab3/MLops_lab3/lab3/lib/python3.10/site-packages/_distutils_hack/__init__.py:18: UserWarning: Distutils was imported before Setuptools, but importing Setuptools also replaces the `distutils` module in `sys.modules`. This may lead to undesirable behaviors or errors. To avoid these issues, avoid using distutils directly, ensure that setuptools is installed in the traditional way (e.g. not an editable install), and/or make sure that setuptools is always imported before distutils.
[2023-12-28T00:16:27.900+0500] {subprocess.py:93} INFO -   warnings.warn(
[2023-12-28T00:16:27.901+0500] {subprocess.py:93} INFO - /home/kda/ML_lab3/MLops_lab3/lab3/lib/python3.10/site-packages/_distutils_hack/__init__.py:33: UserWarning: Setuptools is replacing distutils.
[2023-12-28T00:16:27.901+0500] {subprocess.py:93} INFO -   warnings.warn("Setuptools is replacing distutils.")
[2023-12-28T00:16:27.919+0500] {subprocess.py:93} INFO - Registered model 'clf' already exists. Creating a new version of this model...
[2023-12-28T00:16:28.139+0500] {subprocess.py:93} INFO - Created version '123' of model 'clf'.
[2023-12-28T00:16:30.661+0500] {subprocess.py:93} INFO - /home/kda/ML_lab3/MLops_lab3/lab3/lib/python3.10/site-packages/_distutils_hack/__init__.py:18: UserWarning: Distutils was imported before Setuptools, but importing Setuptools also replaces the `distutils` module in `sys.modules`. This may lead to undesirable behaviors or errors. To avoid these issues, avoid using distutils directly, ensure that setuptools is installed in the traditional way (e.g. not an editable install), and/or make sure that setuptools is always imported before distutils.
[2023-12-28T00:16:30.662+0500] {subprocess.py:93} INFO -   warnings.warn(
[2023-12-28T00:16:30.663+0500] {subprocess.py:93} INFO - /home/kda/ML_lab3/MLops_lab3/lab3/lib/python3.10/site-packages/_distutils_hack/__init__.py:33: UserWarning: Setuptools is replacing distutils.
[2023-12-28T00:16:30.663+0500] {subprocess.py:93} INFO -   warnings.warn("Setuptools is replacing distutils.")
[2023-12-28T00:16:30.682+0500] {subprocess.py:93} INFO - Registered model 'clf' already exists. Creating a new version of this model...
[2023-12-28T00:16:30.853+0500] {subprocess.py:93} INFO - Created version '124' of model 'clf'.
[2023-12-28T00:16:32.528+0500] {subprocess.py:93} INFO - /home/kda/ML_lab3/MLops_lab3/lab3/lib/python3.10/site-packages/_distutils_hack/__init__.py:18: UserWarning: Distutils was imported before Setuptools, but importing Setuptools also replaces the `distutils` module in `sys.modules`. This may lead to undesirable behaviors or errors. To avoid these issues, avoid using distutils directly, ensure that setuptools is installed in the traditional way (e.g. not an editable install), and/or make sure that setuptools is always imported before distutils.
[2023-12-28T00:16:32.528+0500] {subprocess.py:93} INFO -   warnings.warn(
[2023-12-28T00:16:32.529+0500] {subprocess.py:93} INFO - /home/kda/ML_lab3/MLops_lab3/lab3/lib/python3.10/site-packages/_distutils_hack/__init__.py:33: UserWarning: Setuptools is replacing distutils.
[2023-12-28T00:16:32.529+0500] {subprocess.py:93} INFO -   warnings.warn("Setuptools is replacing distutils.")
[2023-12-28T00:16:32.539+0500] {subprocess.py:93} INFO - Registered model 'clf' already exists. Creating a new version of this model...
[2023-12-28T00:16:32.686+0500] {subprocess.py:93} INFO - Created version '125' of model 'clf'.
[2023-12-28T00:16:35.151+0500] {subprocess.py:93} INFO - /home/kda/ML_lab3/MLops_lab3/lab3/lib/python3.10/site-packages/_distutils_hack/__init__.py:18: UserWarning: Distutils was imported before Setuptools, but importing Setuptools also replaces the `distutils` module in `sys.modules`. This may lead to undesirable behaviors or errors. To avoid these issues, avoid using distutils directly, ensure that setuptools is installed in the traditional way (e.g. not an editable install), and/or make sure that setuptools is always imported before distutils.
[2023-12-28T00:16:35.152+0500] {subprocess.py:93} INFO -   warnings.warn(
[2023-12-28T00:16:35.152+0500] {subprocess.py:93} INFO - /home/kda/ML_lab3/MLops_lab3/lab3/lib/python3.10/site-packages/_distutils_hack/__init__.py:33: UserWarning: Setuptools is replacing distutils.
[2023-12-28T00:16:35.152+0500] {subprocess.py:93} INFO -   warnings.warn("Setuptools is replacing distutils.")
[2023-12-28T00:16:35.160+0500] {subprocess.py:93} INFO - Registered model 'clf' already exists. Creating a new version of this model...
[2023-12-28T00:16:35.298+0500] {subprocess.py:93} INFO - Created version '126' of model 'clf'.
[2023-12-28T00:16:35.370+0500] {subprocess.py:93} INFO - <class 'pandas.core.frame.DataFrame'>
[2023-12-28T00:16:35.371+0500] {subprocess.py:93} INFO - RangeIndex: 704 entries, 0 to 703
[2023-12-28T00:16:35.372+0500] {subprocess.py:93} INFO - Columns: 220 entries, Price (in USD) to i8
[2023-12-28T00:16:35.372+0500] {subprocess.py:93} INFO - dtypes: bool(212), float64(2), int64(6)
[2023-12-28T00:16:35.372+0500] {subprocess.py:93} INFO - memory usage: 189.9 KB
[2023-12-28T00:16:35.373+0500] {subprocess.py:93} INFO - {'max_depth': 10, 'max_features': 10, 'min_samples_leaf': 5}
[2023-12-28T00:16:35.373+0500] {subprocess.py:93} INFO - 0.18181818181818182
[2023-12-28T00:16:35.373+0500] {subprocess.py:93} INFO - {'max_depth': 10, 'max_features': 10, 'min_samples_leaf': 10}
[2023-12-28T00:16:35.373+0500] {subprocess.py:93} INFO - 0.10795454545454546
[2023-12-28T00:16:35.374+0500] {subprocess.py:93} INFO - {'max_depth': 10, 'max_features': 10, 'min_samples_leaf': 15}
[2023-12-28T00:16:35.374+0500] {subprocess.py:93} INFO - 0.109375
[2023-12-28T00:16:35.374+0500] {subprocess.py:93} INFO - {'max_depth': 10, 'max_features': 20, 'min_samples_leaf': 5}
[2023-12-28T00:16:35.374+0500] {subprocess.py:93} INFO - 0.21306818181818182
[2023-12-28T00:16:35.374+0500] {subprocess.py:93} INFO - {'max_depth': 10, 'max_features': 20, 'min_samples_leaf': 10}
[2023-12-28T00:16:35.374+0500] {subprocess.py:93} INFO - 0.17045454545454544
[2023-12-28T00:16:35.374+0500] {subprocess.py:93} INFO - {'max_depth': 10, 'max_features': 20, 'min_samples_leaf': 15}
[2023-12-28T00:16:35.374+0500] {subprocess.py:93} INFO - 0.171875
[2023-12-28T00:16:35.374+0500] {subprocess.py:93} INFO - {'max_depth': 10, 'max_features': 30, 'min_samples_leaf': 5}
[2023-12-28T00:16:35.374+0500] {subprocess.py:93} INFO - 0.22017045454545456
[2023-12-28T00:16:35.374+0500] {subprocess.py:93} INFO - {'max_depth': 10, 'max_features': 30, 'min_samples_leaf': 10}
[2023-12-28T00:16:35.374+0500] {subprocess.py:93} INFO - 0.21164772727272727
[2023-12-28T00:16:35.374+0500] {subprocess.py:93} INFO - {'max_depth': 10, 'max_features': 30, 'min_samples_leaf': 15}
[2023-12-28T00:16:35.374+0500] {subprocess.py:93} INFO - 0.21306818181818182
[2023-12-28T00:16:35.375+0500] {subprocess.py:93} INFO - {'max_depth': 20, 'max_features': 10, 'min_samples_leaf': 5}
[2023-12-28T00:16:35.375+0500] {subprocess.py:93} INFO - 0.19460227272727273
[2023-12-28T00:16:35.375+0500] {subprocess.py:93} INFO - {'max_depth': 20, 'max_features': 10, 'min_samples_leaf': 10}
[2023-12-28T00:16:35.375+0500] {subprocess.py:93} INFO - 0.13210227272727273
[2023-12-28T00:16:35.375+0500] {subprocess.py:93} INFO - {'max_depth': 20, 'max_features': 10, 'min_samples_leaf': 15}
[2023-12-28T00:16:35.375+0500] {subprocess.py:93} INFO - 0.048295454545454544
[2023-12-28T00:16:35.375+0500] {subprocess.py:93} INFO - {'max_depth': 20, 'max_features': 20, 'min_samples_leaf': 5}
[2023-12-28T00:16:35.375+0500] {subprocess.py:93} INFO - 0.2840909090909091
[2023-12-28T00:16:35.375+0500] {subprocess.py:93} INFO - {'max_depth': 20, 'max_features': 20, 'min_samples_leaf': 10}
[2023-12-28T00:16:35.375+0500] {subprocess.py:93} INFO - 0.296875
[2023-12-28T00:16:35.375+0500] {subprocess.py:93} INFO - {'max_depth': 20, 'max_features': 20, 'min_samples_leaf': 15}
[2023-12-28T00:16:35.375+0500] {subprocess.py:93} INFO - 0.10795454545454546
[2023-12-28T00:16:35.375+0500] {subprocess.py:93} INFO - {'max_depth': 20, 'max_features': 30, 'min_samples_leaf': 5}
[2023-12-28T00:16:35.375+0500] {subprocess.py:93} INFO - 0.3309659090909091
[2023-12-28T00:16:35.375+0500] {subprocess.py:93} INFO - {'max_depth': 20, 'max_features': 30, 'min_samples_leaf': 10}
[2023-12-28T00:16:35.375+0500] {subprocess.py:93} INFO - 0.29545454545454547
[2023-12-28T00:16:35.375+0500] {subprocess.py:93} INFO - {'max_depth': 20, 'max_features': 30, 'min_samples_leaf': 15}
[2023-12-28T00:16:35.375+0500] {subprocess.py:93} INFO - 0.2159090909090909
[2023-12-28T00:16:35.376+0500] {subprocess.py:93} INFO - {'max_depth': 30, 'max_features': 10, 'min_samples_leaf': 5}
[2023-12-28T00:16:35.376+0500] {subprocess.py:93} INFO - 0.09517045454545454
[2023-12-28T00:16:35.376+0500] {subprocess.py:93} INFO - {'max_depth': 30, 'max_features': 10, 'min_samples_leaf': 10}
[2023-12-28T00:16:35.376+0500] {subprocess.py:93} INFO - 0.19460227272727273
[2023-12-28T00:16:35.376+0500] {subprocess.py:93} INFO - {'max_depth': 30, 'max_features': 10, 'min_samples_leaf': 15}
[2023-12-28T00:16:35.376+0500] {subprocess.py:93} INFO - 0.13210227272727273
[2023-12-28T00:16:35.376+0500] {subprocess.py:93} INFO - {'max_depth': 30, 'max_features': 20, 'min_samples_leaf': 5}
[2023-12-28T00:16:35.376+0500] {subprocess.py:93} INFO - 0.2897727272727273
[2023-12-28T00:16:35.376+0500] {subprocess.py:93} INFO - {'max_depth': 30, 'max_features': 20, 'min_samples_leaf': 10}
[2023-12-28T00:16:35.376+0500] {subprocess.py:93} INFO - 0.29829545454545453
[2023-12-28T00:16:35.376+0500] {subprocess.py:93} INFO - {'max_depth': 30, 'max_features': 20, 'min_samples_leaf': 15}
[2023-12-28T00:16:35.376+0500] {subprocess.py:93} INFO - 0.07386363636363637
[2023-12-28T00:16:35.376+0500] {subprocess.py:93} INFO - {'max_depth': 30, 'max_features': 30, 'min_samples_leaf': 5}
[2023-12-28T00:16:35.376+0500] {subprocess.py:93} INFO - 0.3096590909090909
[2023-12-28T00:16:35.376+0500] {subprocess.py:93} INFO - {'max_depth': 30, 'max_features': 30, 'min_samples_leaf': 10}
[2023-12-28T00:16:35.376+0500] {subprocess.py:93} INFO - 0.3153409090909091
[2023-12-28T00:16:35.376+0500] {subprocess.py:93} INFO - {'max_depth': 30, 'max_features': 30, 'min_samples_leaf': 15}
[2023-12-28T00:16:35.377+0500] {subprocess.py:93} INFO - 0.22727272727272727
[2023-12-28T00:16:35.377+0500] {subprocess.py:93} INFO -      Price (in USD)  Unnamed: 0.2  Unnamed: 0.1  ...  Z4 M40i  Z4 Roadster     i8
[2023-12-28T00:16:35.377+0500] {subprocess.py:93} INFO - 0             67600           912           912  ...    False        False  False
[2023-12-28T00:16:35.377+0500] {subprocess.py:93} INFO - 1             81250           843           843  ...    False        False  False
[2023-12-28T00:16:35.377+0500] {subprocess.py:93} INFO - 2             69000           293           293  ...    False        False  False
[2023-12-28T00:16:35.377+0500] {subprocess.py:93} INFO - 3            180000           554           554  ...    False        False  False
[2023-12-28T00:16:35.377+0500] {subprocess.py:93} INFO - 4             64695           581           581  ...    False        False  False
[2023-12-28T00:16:35.377+0500] {subprocess.py:93} INFO - ..              ...           ...           ...  ...      ...          ...    ...
[2023-12-28T00:16:35.377+0500] {subprocess.py:93} INFO - 298          250000           951           951  ...    False        False  False
[2023-12-28T00:16:35.377+0500] {subprocess.py:93} INFO - 299         2600000           523           523  ...    False        False  False
[2023-12-28T00:16:35.377+0500] {subprocess.py:93} INFO - 300          103500            61            61  ...    False        False  False
[2023-12-28T00:16:35.377+0500] {subprocess.py:93} INFO - 301          157500           355           355  ...    False        False  False
[2023-12-28T00:16:35.377+0500] {subprocess.py:93} INFO - 302          200000           335           335  ...    False        False  False
[2023-12-28T00:16:35.377+0500] {subprocess.py:93} INFO - 
[2023-12-28T00:16:35.377+0500] {subprocess.py:93} INFO - [303 rows x 220 columns]
[2023-12-28T00:16:35.668+0500] {subprocess.py:97} INFO - Command exited with return code 0
[2023-12-28T00:16:35.732+0500] {taskinstance.py:1400} INFO - Marking task as SUCCESS. dag_id=KOH, task_id=evaluate, execution_date=20231227T191456, start_date=20231227T191526, end_date=20231227T191635
[2023-12-28T00:16:35.780+0500] {local_task_job_runner.py:228} INFO - Task exited with return code 0
[2023-12-28T00:16:35.795+0500] {taskinstance.py:2778} INFO - 0 downstream tasks scheduled from follow-on schedule check
