[2023-12-26T23:31:28.187+0500] {taskinstance.py:1159} INFO - Dependencies all met for dep_context=non-requeueable deps ti=<TaskInstance: KOH.data_ml manual__2023-12-26T18:30:46.214702+00:00 [queued]>
[2023-12-26T23:31:28.217+0500] {taskinstance.py:1159} INFO - Dependencies all met for dep_context=requeueable deps ti=<TaskInstance: KOH.data_ml manual__2023-12-26T18:30:46.214702+00:00 [queued]>
[2023-12-26T23:31:28.218+0500] {taskinstance.py:1361} INFO - Starting attempt 1 of 2
[2023-12-26T23:31:28.466+0500] {taskinstance.py:1382} INFO - Executing <Task(BashOperator): data_ml> on 2023-12-26 18:30:46.214702+00:00
[2023-12-26T23:31:28.474+0500] {standard_task_runner.py:57} INFO - Started process 12621 to run task
[2023-12-26T23:31:28.492+0500] {standard_task_runner.py:84} INFO - Running: ['airflow', 'tasks', 'run', 'KOH', 'data_ml', 'manual__2023-12-26T18:30:46.214702+00:00', '--job-id', '107', '--raw', '--subdir', 'DAGS_FOLDER/text.py', '--cfg-path', '/tmp/tmpn864508j']
[2023-12-26T23:31:28.495+0500] {standard_task_runner.py:85} INFO - Job 107: Subtask data_ml
[2023-12-26T23:31:28.670+0500] {task_command.py:416} INFO - Running <TaskInstance: KOH.data_ml manual__2023-12-26T18:30:46.214702+00:00 [running]> on host vm2.myguest.virtualbox.org
[2023-12-26T23:31:28.863+0500] {taskinstance.py:1662} INFO - Exporting env vars: AIRFLOW_CTX_DAG_OWNER='Admin' AIRFLOW_CTX_DAG_ID='KOH' AIRFLOW_CTX_TASK_ID='data_ml' AIRFLOW_CTX_EXECUTION_DATE='2023-12-26T18:30:46.214702+00:00' AIRFLOW_CTX_TRY_NUMBER='1' AIRFLOW_CTX_DAG_RUN_ID='manual__2023-12-26T18:30:46.214702+00:00'
[2023-12-26T23:31:28.866+0500] {subprocess.py:63} INFO - Tmp dir root location: /tmp
[2023-12-26T23:31:28.866+0500] {subprocess.py:75} INFO - Running command: ['/usr/bin/bash', '-c', 'cd /home/kda/ML_lab3/MLops_lab3/ && python /home/kda/ML_lab3/MLops_lab3/scripts/model_learn.py']
[2023-12-26T23:31:28.900+0500] {subprocess.py:86} INFO - Output:
[2023-12-26T23:31:49.235+0500] {subprocess.py:93} INFO - Registered model 'lr' already exists. Creating a new version of this model...
[2023-12-26T23:31:49.496+0500] {subprocess.py:93} INFO - 2023/12/26 23:31:49 INFO mlflow.store.model_registry.abstract_store: Waiting up to 300 seconds for model version to finish creation. Model name: lr, version 11
[2023-12-26T23:31:49.497+0500] {subprocess.py:93} INFO - Created version '11' of model 'lr'.
[2023-12-26T23:31:49.776+0500] {subprocess.py:93} INFO - <class 'pandas.core.frame.DataFrame'>
[2023-12-26T23:31:49.777+0500] {subprocess.py:93} INFO - RangeIndex: 704 entries, 0 to 703
[2023-12-26T23:31:49.777+0500] {subprocess.py:93} INFO - Columns: 220 entries, Price (in USD) to i8
[2023-12-26T23:31:49.777+0500] {subprocess.py:93} INFO - dtypes: bool(212), float64(2), int64(6)
[2023-12-26T23:31:49.777+0500] {subprocess.py:93} INFO - memory usage: 189.9 KB
[2023-12-26T23:31:51.641+0500] {subprocess.py:97} INFO - Command exited with return code 0
[2023-12-26T23:31:51.766+0500] {taskinstance.py:1400} INFO - Marking task as SUCCESS. dag_id=KOH, task_id=data_ml, execution_date=20231226T183046, start_date=20231226T183128, end_date=20231226T183151
[2023-12-26T23:31:51.868+0500] {local_task_job_runner.py:228} INFO - Task exited with return code 0
[2023-12-26T23:31:51.904+0500] {taskinstance.py:2778} INFO - 1 downstream tasks scheduled from follow-on schedule check
