[2023-12-27T21:52:55.388+0500] {taskinstance.py:1159} INFO - Dependencies all met for dep_context=non-requeueable deps ti=<TaskInstance: KOH.evaluate manual__2023-12-27T16:51:31.165266+00:00 [queued]>
[2023-12-27T21:52:55.410+0500] {taskinstance.py:1159} INFO - Dependencies all met for dep_context=requeueable deps ti=<TaskInstance: KOH.evaluate manual__2023-12-27T16:51:31.165266+00:00 [queued]>
[2023-12-27T21:52:55.413+0500] {taskinstance.py:1361} INFO - Starting attempt 1 of 2
[2023-12-27T21:52:55.523+0500] {taskinstance.py:1382} INFO - Executing <Task(BashOperator): evaluate> on 2023-12-27 16:51:31.165266+00:00
[2023-12-27T21:52:55.533+0500] {standard_task_runner.py:57} INFO - Started process 5160 to run task
[2023-12-27T21:52:55.545+0500] {standard_task_runner.py:84} INFO - Running: ['airflow', 'tasks', 'run', 'KOH', 'evaluate', 'manual__2023-12-27T16:51:31.165266+00:00', '--job-id', '149', '--raw', '--subdir', 'DAGS_FOLDER/text.py', '--cfg-path', '/tmp/tmpzhbyzd_d']
[2023-12-27T21:52:55.548+0500] {standard_task_runner.py:85} INFO - Job 149: Subtask evaluate
[2023-12-27T21:52:55.701+0500] {task_command.py:416} INFO - Running <TaskInstance: KOH.evaluate manual__2023-12-27T16:51:31.165266+00:00 [running]> on host vm2.myguest.virtualbox.org
[2023-12-27T21:52:56.033+0500] {taskinstance.py:1662} INFO - Exporting env vars: AIRFLOW_CTX_DAG_OWNER='Admin' AIRFLOW_CTX_DAG_ID='KOH' AIRFLOW_CTX_TASK_ID='evaluate' AIRFLOW_CTX_EXECUTION_DATE='2023-12-27T16:51:31.165266+00:00' AIRFLOW_CTX_TRY_NUMBER='1' AIRFLOW_CTX_DAG_RUN_ID='manual__2023-12-27T16:51:31.165266+00:00'
[2023-12-27T21:52:56.034+0500] {subprocess.py:63} INFO - Tmp dir root location: /tmp
[2023-12-27T21:52:56.034+0500] {subprocess.py:75} INFO - Running command: ['/usr/bin/bash', '-c', 'cd /home/kda/ML_lab3/MLops_lab3/ && python /home/kda/ML_lab3/MLops_lab3/scripts/evaluate.py']
[2023-12-27T21:52:56.060+0500] {subprocess.py:86} INFO - Output:
[2023-12-27T21:53:06.384+0500] {subprocess.py:93} INFO - Registered model 'eval' already exists. Creating a new version of this model...
[2023-12-27T21:53:06.487+0500] {subprocess.py:93} INFO - 2023/12/27 21:53:06 INFO mlflow.store.model_registry.abstract_store: Waiting up to 300 seconds for model version to finish creation. Model name: eval, version 5
[2023-12-27T21:53:06.488+0500] {subprocess.py:93} INFO - Created version '5' of model 'eval'.
[2023-12-27T21:53:06.669+0500] {subprocess.py:93} INFO - <class 'pandas.core.frame.DataFrame'>
[2023-12-27T21:53:06.669+0500] {subprocess.py:93} INFO - RangeIndex: 704 entries, 0 to 703
[2023-12-27T21:53:06.669+0500] {subprocess.py:93} INFO - Columns: 220 entries, Price (in USD) to i8
[2023-12-27T21:53:06.669+0500] {subprocess.py:93} INFO - dtypes: bool(212), float64(2), int64(6)
[2023-12-27T21:53:06.669+0500] {subprocess.py:93} INFO - memory usage: 189.9 KB
[2023-12-27T21:53:06.669+0500] {subprocess.py:93} INFO -      Price (in USD)  Unnamed: 0.2  Unnamed: 0.1  ...  Z4 M40i  Z4 Roadster     i8
[2023-12-27T21:53:06.670+0500] {subprocess.py:93} INFO - 0             67600           912           912  ...    False        False  False
[2023-12-27T21:53:06.670+0500] {subprocess.py:93} INFO - 1             81250           843           843  ...    False        False  False
[2023-12-27T21:53:06.670+0500] {subprocess.py:93} INFO - 2             69000           293           293  ...    False        False  False
[2023-12-27T21:53:06.670+0500] {subprocess.py:93} INFO - 3            180000           554           554  ...    False        False  False
[2023-12-27T21:53:06.670+0500] {subprocess.py:93} INFO - 4             64695           581           581  ...    False        False  False
[2023-12-27T21:53:06.670+0500] {subprocess.py:93} INFO - ..              ...           ...           ...  ...      ...          ...    ...
[2023-12-27T21:53:06.672+0500] {subprocess.py:93} INFO - 298          250000           951           951  ...    False        False  False
[2023-12-27T21:53:06.672+0500] {subprocess.py:93} INFO - 299         2600000           523           523  ...    False        False  False
[2023-12-27T21:53:06.672+0500] {subprocess.py:93} INFO - 300          103500            61            61  ...    False        False  False
[2023-12-27T21:53:06.672+0500] {subprocess.py:93} INFO - 301          157500           355           355  ...    False        False  False
[2023-12-27T21:53:06.672+0500] {subprocess.py:93} INFO - 302          200000           335           335  ...    False        False  False
[2023-12-27T21:53:06.672+0500] {subprocess.py:93} INFO - 
[2023-12-27T21:53:06.672+0500] {subprocess.py:93} INFO - [303 rows x 220 columns]
[2023-12-27T21:53:06.672+0500] {subprocess.py:93} INFO - 0.1353135313531353
[2023-12-27T21:53:08.063+0500] {subprocess.py:97} INFO - Command exited with return code 0
[2023-12-27T21:53:08.200+0500] {taskinstance.py:1400} INFO - Marking task as SUCCESS. dag_id=KOH, task_id=evaluate, execution_date=20231227T165131, start_date=20231227T165255, end_date=20231227T165308
[2023-12-27T21:53:08.306+0500] {local_task_job_runner.py:228} INFO - Task exited with return code 0
[2023-12-27T21:53:08.333+0500] {taskinstance.py:2778} INFO - 0 downstream tasks scheduled from follow-on schedule check
