[2023-12-27T21:52:25.728+0500] {taskinstance.py:1159} INFO - Dependencies all met for dep_context=non-requeueable deps ti=<TaskInstance: KOH.data_1 manual__2023-12-27T16:51:31.165266+00:00 [queued]>
[2023-12-27T21:52:25.745+0500] {taskinstance.py:1159} INFO - Dependencies all met for dep_context=requeueable deps ti=<TaskInstance: KOH.data_1 manual__2023-12-27T16:51:31.165266+00:00 [queued]>
[2023-12-27T21:52:25.745+0500] {taskinstance.py:1361} INFO - Starting attempt 1 of 2
[2023-12-27T21:52:25.876+0500] {taskinstance.py:1382} INFO - Executing <Task(BashOperator): data_1> on 2023-12-27 16:51:31.165266+00:00
[2023-12-27T21:52:25.885+0500] {standard_task_runner.py:57} INFO - Started process 5113 to run task
[2023-12-27T21:52:25.910+0500] {standard_task_runner.py:84} INFO - Running: ['airflow', 'tasks', 'run', 'KOH', 'data_1', 'manual__2023-12-27T16:51:31.165266+00:00', '--job-id', '145', '--raw', '--subdir', 'DAGS_FOLDER/text.py', '--cfg-path', '/tmp/tmpgbzrb1b7']
[2023-12-27T21:52:25.913+0500] {standard_task_runner.py:85} INFO - Job 145: Subtask data_1
[2023-12-27T21:52:26.117+0500] {task_command.py:416} INFO - Running <TaskInstance: KOH.data_1 manual__2023-12-27T16:51:31.165266+00:00 [running]> on host vm2.myguest.virtualbox.org
[2023-12-27T21:52:26.418+0500] {taskinstance.py:1662} INFO - Exporting env vars: AIRFLOW_CTX_DAG_OWNER='Admin' AIRFLOW_CTX_DAG_ID='KOH' AIRFLOW_CTX_TASK_ID='data_1' AIRFLOW_CTX_EXECUTION_DATE='2023-12-27T16:51:31.165266+00:00' AIRFLOW_CTX_TRY_NUMBER='1' AIRFLOW_CTX_DAG_RUN_ID='manual__2023-12-27T16:51:31.165266+00:00'
[2023-12-27T21:52:26.423+0500] {subprocess.py:63} INFO - Tmp dir root location: /tmp
[2023-12-27T21:52:26.432+0500] {subprocess.py:75} INFO - Running command: ['/usr/bin/bash', '-c', 'python /home/kda/ML_lab3/MLops_lab3/scripts/script1.py']
[2023-12-27T21:52:26.450+0500] {subprocess.py:86} INFO - Output:
[2023-12-27T21:52:27.377+0500] {subprocess.py:93} INFO - Engine Size (L)
[2023-12-27T21:52:27.377+0500] {subprocess.py:93} INFO - Gas         974
[2023-12-27T21:52:27.377+0500] {subprocess.py:93} INFO - Electric     33
[2023-12-27T21:52:27.377+0500] {subprocess.py:93} INFO - Name: count, dtype: int64
[2023-12-27T21:52:27.377+0500] {subprocess.py:93} INFO - Car Make                   0
[2023-12-27T21:52:27.377+0500] {subprocess.py:93} INFO - Car Model                  0
[2023-12-27T21:52:27.378+0500] {subprocess.py:93} INFO - Year                       0
[2023-12-27T21:52:27.378+0500] {subprocess.py:93} INFO - Engine Size (L)            0
[2023-12-27T21:52:27.378+0500] {subprocess.py:93} INFO - Horsepower                 0
[2023-12-27T21:52:27.378+0500] {subprocess.py:93} INFO - Torque (lb-ft)             3
[2023-12-27T21:52:27.378+0500] {subprocess.py:93} INFO - 0-60 MPH Time (seconds)    0
[2023-12-27T21:52:27.378+0500] {subprocess.py:93} INFO - Price (in USD)             0
[2023-12-27T21:52:27.378+0500] {subprocess.py:93} INFO - dtype: int64
[2023-12-27T21:52:27.378+0500] {subprocess.py:93} INFO -      Car Make      Car Model  ...  0-60 MPH Time (seconds) Price (in USD)
[2023-12-27T21:52:27.378+0500] {subprocess.py:93} INFO - 642     Tesla  Model S Plaid  ...                      1.9        139,990
[2023-12-27T21:52:27.378+0500] {subprocess.py:93} INFO - 878  Maserati    GranTurismo  ...                      2.8        200,000
[2023-12-27T21:52:27.378+0500] {subprocess.py:93} INFO - 916     Tesla       Roadster  ...                      1.9        200,000
[2023-12-27T21:52:27.378+0500] {subprocess.py:93} INFO - 
[2023-12-27T21:52:27.378+0500] {subprocess.py:93} INFO - [3 rows x 8 columns]
[2023-12-27T21:52:27.378+0500] {subprocess.py:93} INFO - Car Make                    0
[2023-12-27T21:52:27.378+0500] {subprocess.py:93} INFO - Car Model                   0
[2023-12-27T21:52:27.378+0500] {subprocess.py:93} INFO - Year                       18
[2023-12-27T21:52:27.379+0500] {subprocess.py:93} INFO - Engine Size (L)             0
[2023-12-27T21:52:27.379+0500] {subprocess.py:93} INFO - Horsepower                  0
[2023-12-27T21:52:27.379+0500] {subprocess.py:93} INFO - Torque (lb-ft)              1
[2023-12-27T21:52:27.379+0500] {subprocess.py:93} INFO - 0-60 MPH Time (seconds)     0
[2023-12-27T21:52:27.379+0500] {subprocess.py:93} INFO - Price (in USD)              0
[2023-12-27T21:52:27.379+0500] {subprocess.py:93} INFO - dtype: int64
[2023-12-27T21:52:27.379+0500] {subprocess.py:93} INFO - Car Make                   0
[2023-12-27T21:52:27.379+0500] {subprocess.py:93} INFO - Car Model                  0
[2023-12-27T21:52:27.379+0500] {subprocess.py:93} INFO - Year                       0
[2023-12-27T21:52:27.379+0500] {subprocess.py:93} INFO - Engine Size (L)            0
[2023-12-27T21:52:27.379+0500] {subprocess.py:93} INFO - Horsepower                 0
[2023-12-27T21:52:27.379+0500] {subprocess.py:93} INFO - Torque (lb-ft)             1
[2023-12-27T21:52:27.379+0500] {subprocess.py:93} INFO - 0-60 MPH Time (seconds)    0
[2023-12-27T21:52:27.379+0500] {subprocess.py:93} INFO - Price (in USD)             0
[2023-12-27T21:52:27.380+0500] {subprocess.py:93} INFO - dtype: int64
[2023-12-27T21:52:27.609+0500] {subprocess.py:97} INFO - Command exited with return code 0
[2023-12-27T21:52:27.709+0500] {taskinstance.py:1400} INFO - Marking task as SUCCESS. dag_id=KOH, task_id=data_1, execution_date=20231227T165131, start_date=20231227T165225, end_date=20231227T165227
[2023-12-27T21:52:27.867+0500] {local_task_job_runner.py:228} INFO - Task exited with return code 0
[2023-12-27T21:52:27.945+0500] {taskinstance.py:2778} INFO - 1 downstream tasks scheduled from follow-on schedule check
