[2023-12-10T18:20:14.156+0500] {taskinstance.py:1159} INFO - Dependencies all met for dep_context=non-requeueable deps ti=<TaskInstance: KOH.data_ml manual__2023-12-10T13:14:24.765983+00:00 [queued]>
[2023-12-10T18:20:14.173+0500] {taskinstance.py:1159} INFO - Dependencies all met for dep_context=requeueable deps ti=<TaskInstance: KOH.data_ml manual__2023-12-10T13:14:24.765983+00:00 [queued]>
[2023-12-10T18:20:14.173+0500] {taskinstance.py:1361} INFO - Starting attempt 1 of 2
[2023-12-10T18:20:14.232+0500] {taskinstance.py:1382} INFO - Executing <Task(BashOperator): data_ml> on 2023-12-10 13:14:24.765983+00:00
[2023-12-10T18:20:14.235+0500] {standard_task_runner.py:57} INFO - Started process 5901 to run task
[2023-12-10T18:20:14.240+0500] {standard_task_runner.py:84} INFO - Running: ['airflow', 'tasks', 'run', 'KOH', 'data_ml', 'manual__2023-12-10T13:14:24.765983+00:00', '--job-id', '38', '--raw', '--subdir', 'DAGS_FOLDER/text.py', '--cfg-path', '/tmp/tmpqo6i70zh']
[2023-12-10T18:20:14.241+0500] {standard_task_runner.py:85} INFO - Job 38: Subtask data_ml
[2023-12-10T18:20:14.390+0500] {task_command.py:416} INFO - Running <TaskInstance: KOH.data_ml manual__2023-12-10T13:14:24.765983+00:00 [running]> on host vm2.myguest.virtualbox.org
[2023-12-10T18:20:14.653+0500] {taskinstance.py:1662} INFO - Exporting env vars: AIRFLOW_CTX_DAG_OWNER='Admin' AIRFLOW_CTX_DAG_ID='KOH' AIRFLOW_CTX_TASK_ID='data_ml' AIRFLOW_CTX_EXECUTION_DATE='2023-12-10T13:14:24.765983+00:00' AIRFLOW_CTX_TRY_NUMBER='1' AIRFLOW_CTX_DAG_RUN_ID='manual__2023-12-10T13:14:24.765983+00:00'
[2023-12-10T18:20:14.659+0500] {subprocess.py:63} INFO - Tmp dir root location: /tmp
[2023-12-10T18:20:14.659+0500] {subprocess.py:75} INFO - Running command: ['/usr/bin/bash', '-c', 'cd /home/kda/ML_lab3/MLops_lab3/ && python /home/kda/ML_lab3/MLops_lab3/scripts/model_learn.py']
[2023-12-10T18:20:14.694+0500] {subprocess.py:86} INFO - Output:
[2023-12-10T18:20:17.550+0500] {subprocess.py:93} INFO - <class 'pandas.core.frame.DataFrame'>
[2023-12-10T18:20:17.552+0500] {subprocess.py:93} INFO - RangeIndex: 704 entries, 0 to 703
[2023-12-10T18:20:17.554+0500] {subprocess.py:93} INFO - Columns: 220 entries, Price (in USD) to i8
[2023-12-10T18:20:17.555+0500] {subprocess.py:93} INFO - dtypes: bool(212), float64(2), int64(6)
[2023-12-10T18:20:17.555+0500] {subprocess.py:93} INFO - memory usage: 189.9 KB
[2023-12-10T18:20:18.291+0500] {subprocess.py:97} INFO - Command exited with return code 0
[2023-12-10T18:20:18.391+0500] {taskinstance.py:1400} INFO - Marking task as SUCCESS. dag_id=KOH, task_id=data_ml, execution_date=20231210T131424, start_date=20231210T132014, end_date=20231210T132018
[2023-12-10T18:20:18.496+0500] {local_task_job_runner.py:228} INFO - Task exited with return code 0
[2023-12-10T18:20:18.530+0500] {taskinstance.py:2778} INFO - 0 downstream tasks scheduled from follow-on schedule check
