[2023-12-26T23:13:16.339+0500] {taskinstance.py:1159} INFO - Dependencies all met for dep_context=non-requeueable deps ti=<TaskInstance: KOH.data_1 manual__2023-12-26T18:13:06.942726+00:00 [queued]>
[2023-12-26T23:13:16.360+0500] {taskinstance.py:1159} INFO - Dependencies all met for dep_context=requeueable deps ti=<TaskInstance: KOH.data_1 manual__2023-12-26T18:13:06.942726+00:00 [queued]>
[2023-12-26T23:13:16.360+0500] {taskinstance.py:1361} INFO - Starting attempt 1 of 2
[2023-12-26T23:13:16.406+0500] {taskinstance.py:1382} INFO - Executing <Task(BashOperator): data_1> on 2023-12-26 18:13:06.942726+00:00
[2023-12-26T23:13:16.422+0500] {standard_task_runner.py:57} INFO - Started process 12025 to run task
[2023-12-26T23:13:16.427+0500] {standard_task_runner.py:84} INFO - Running: ['airflow', 'tasks', 'run', 'KOH', 'data_1', 'manual__2023-12-26T18:13:06.942726+00:00', '--job-id', '79', '--raw', '--subdir', 'DAGS_FOLDER/text.py', '--cfg-path', '/tmp/tmpifpa1f_k']
[2023-12-26T23:13:16.429+0500] {standard_task_runner.py:85} INFO - Job 79: Subtask data_1
[2023-12-26T23:13:16.566+0500] {task_command.py:416} INFO - Running <TaskInstance: KOH.data_1 manual__2023-12-26T18:13:06.942726+00:00 [running]> on host vm2.myguest.virtualbox.org
[2023-12-26T23:13:16.768+0500] {taskinstance.py:1662} INFO - Exporting env vars: AIRFLOW_CTX_DAG_OWNER='Admin' AIRFLOW_CTX_DAG_ID='KOH' AIRFLOW_CTX_TASK_ID='data_1' AIRFLOW_CTX_EXECUTION_DATE='2023-12-26T18:13:06.942726+00:00' AIRFLOW_CTX_TRY_NUMBER='1' AIRFLOW_CTX_DAG_RUN_ID='manual__2023-12-26T18:13:06.942726+00:00'
[2023-12-26T23:13:16.773+0500] {subprocess.py:63} INFO - Tmp dir root location: /tmp
[2023-12-26T23:13:16.775+0500] {subprocess.py:75} INFO - Running command: ['/usr/bin/bash', '-c', 'python /home/kda/ML_lab3/MLops_lab3/scripts/script1.py']
[2023-12-26T23:13:16.790+0500] {subprocess.py:86} INFO - Output:
[2023-12-26T23:13:18.222+0500] {subprocess.py:93} INFO - Engine Size (L)
[2023-12-26T23:13:18.223+0500] {subprocess.py:93} INFO - Gas         974
[2023-12-26T23:13:18.223+0500] {subprocess.py:93} INFO - Electric     33
[2023-12-26T23:13:18.223+0500] {subprocess.py:93} INFO - Name: count, dtype: int64
[2023-12-26T23:13:18.223+0500] {subprocess.py:93} INFO - Car Make                   0
[2023-12-26T23:13:18.224+0500] {subprocess.py:93} INFO - Car Model                  0
[2023-12-26T23:13:18.224+0500] {subprocess.py:93} INFO - Year                       0
[2023-12-26T23:13:18.224+0500] {subprocess.py:93} INFO - Engine Size (L)            0
[2023-12-26T23:13:18.224+0500] {subprocess.py:93} INFO - Horsepower                 0
[2023-12-26T23:13:18.224+0500] {subprocess.py:93} INFO - Torque (lb-ft)             3
[2023-12-26T23:13:18.224+0500] {subprocess.py:93} INFO - 0-60 MPH Time (seconds)    0
[2023-12-26T23:13:18.224+0500] {subprocess.py:93} INFO - Price (in USD)             0
[2023-12-26T23:13:18.224+0500] {subprocess.py:93} INFO - dtype: int64
[2023-12-26T23:13:18.224+0500] {subprocess.py:93} INFO -      Car Make      Car Model  ...  0-60 MPH Time (seconds) Price (in USD)
[2023-12-26T23:13:18.224+0500] {subprocess.py:93} INFO - 642     Tesla  Model S Plaid  ...                      1.9        139,990
[2023-12-26T23:13:18.225+0500] {subprocess.py:93} INFO - 878  Maserati    GranTurismo  ...                      2.8        200,000
[2023-12-26T23:13:18.225+0500] {subprocess.py:93} INFO - 916     Tesla       Roadster  ...                      1.9        200,000
[2023-12-26T23:13:18.225+0500] {subprocess.py:93} INFO - 
[2023-12-26T23:13:18.225+0500] {subprocess.py:93} INFO - [3 rows x 8 columns]
[2023-12-26T23:13:18.225+0500] {subprocess.py:93} INFO - Car Make                    0
[2023-12-26T23:13:18.225+0500] {subprocess.py:93} INFO - Car Model                   0
[2023-12-26T23:13:18.225+0500] {subprocess.py:93} INFO - Year                       18
[2023-12-26T23:13:18.225+0500] {subprocess.py:93} INFO - Engine Size (L)             0
[2023-12-26T23:13:18.225+0500] {subprocess.py:93} INFO - Horsepower                  0
[2023-12-26T23:13:18.228+0500] {subprocess.py:93} INFO - Torque (lb-ft)              1
[2023-12-26T23:13:18.228+0500] {subprocess.py:93} INFO - 0-60 MPH Time (seconds)     0
[2023-12-26T23:13:18.228+0500] {subprocess.py:93} INFO - Price (in USD)              0
[2023-12-26T23:13:18.228+0500] {subprocess.py:93} INFO - dtype: int64
[2023-12-26T23:13:18.228+0500] {subprocess.py:93} INFO - Car Make                   0
[2023-12-26T23:13:18.228+0500] {subprocess.py:93} INFO - Car Model                  0
[2023-12-26T23:13:18.228+0500] {subprocess.py:93} INFO - Year                       0
[2023-12-26T23:13:18.229+0500] {subprocess.py:93} INFO - Engine Size (L)            0
[2023-12-26T23:13:18.229+0500] {subprocess.py:93} INFO - Horsepower                 0
[2023-12-26T23:13:18.230+0500] {subprocess.py:93} INFO - Torque (lb-ft)             1
[2023-12-26T23:13:18.232+0500] {subprocess.py:93} INFO - 0-60 MPH Time (seconds)    0
[2023-12-26T23:13:18.232+0500] {subprocess.py:93} INFO - Price (in USD)             0
[2023-12-26T23:13:18.232+0500] {subprocess.py:93} INFO - dtype: int64
[2023-12-26T23:13:18.501+0500] {subprocess.py:97} INFO - Command exited with return code 0
[2023-12-26T23:13:18.585+0500] {taskinstance.py:1400} INFO - Marking task as SUCCESS. dag_id=KOH, task_id=data_1, execution_date=20231226T181306, start_date=20231226T181316, end_date=20231226T181318
[2023-12-26T23:13:18.696+0500] {local_task_job_runner.py:228} INFO - Task exited with return code 0
[2023-12-26T23:13:18.731+0500] {taskinstance.py:2778} INFO - 1 downstream tasks scheduled from follow-on schedule check
