[2023-12-30T13:35:35.643+0500] {taskinstance.py:1159} INFO - Dependencies all met for dep_context=non-requeueable deps ti=<TaskInstance: KOH.data_ml manual__2023-12-30T08:28:25.360524+00:00 [queued]>
[2023-12-30T13:35:35.653+0500] {taskinstance.py:1159} INFO - Dependencies all met for dep_context=requeueable deps ti=<TaskInstance: KOH.data_ml manual__2023-12-30T08:28:25.360524+00:00 [queued]>
[2023-12-30T13:35:35.654+0500] {taskinstance.py:1361} INFO - Starting attempt 2 of 2
[2023-12-30T13:35:35.685+0500] {taskinstance.py:1382} INFO - Executing <Task(BashOperator): data_ml> on 2023-12-30 08:28:25.360524+00:00
[2023-12-30T13:35:35.688+0500] {standard_task_runner.py:57} INFO - Started process 21139 to run task
[2023-12-30T13:35:35.691+0500] {standard_task_runner.py:84} INFO - Running: ['airflow', 'tasks', 'run', 'KOH', 'data_ml', 'manual__2023-12-30T08:28:25.360524+00:00', '--job-id', '334', '--raw', '--subdir', 'DAGS_FOLDER/text.py', '--cfg-path', '/tmp/tmp6tu54mz5']
[2023-12-30T13:35:35.692+0500] {standard_task_runner.py:85} INFO - Job 334: Subtask data_ml
[2023-12-30T13:35:35.749+0500] {task_command.py:416} INFO - Running <TaskInstance: KOH.data_ml manual__2023-12-30T08:28:25.360524+00:00 [running]> on host vm2.myguest.virtualbox.org
[2023-12-30T13:35:35.831+0500] {taskinstance.py:1662} INFO - Exporting env vars: AIRFLOW_CTX_DAG_OWNER='Admin' AIRFLOW_CTX_DAG_ID='KOH' AIRFLOW_CTX_TASK_ID='data_ml' AIRFLOW_CTX_EXECUTION_DATE='2023-12-30T08:28:25.360524+00:00' AIRFLOW_CTX_TRY_NUMBER='2' AIRFLOW_CTX_DAG_RUN_ID='manual__2023-12-30T08:28:25.360524+00:00'
[2023-12-30T13:35:35.832+0500] {subprocess.py:63} INFO - Tmp dir root location: /tmp
[2023-12-30T13:35:35.833+0500] {subprocess.py:75} INFO - Running command: ['/usr/bin/bash', '-c', 'cd /home/kda/ML_lab3/MLops_lab3/ && python /home/kda/ML_lab3/MLops_lab3/scripts/model_learn.py']
[2023-12-30T13:35:35.844+0500] {subprocess.py:86} INFO - Output:
[2023-12-30T13:35:42.258+0500] {subprocess.py:93} INFO - Registered model 'tree' already exists. Creating a new version of this model...
[2023-12-30T13:35:42.352+0500] {subprocess.py:93} INFO - 2023/12/30 13:35:42 INFO mlflow.store.model_registry.abstract_store: Waiting up to 300 seconds for model version to finish creation. Model name: tree, version 190
[2023-12-30T13:35:42.353+0500] {subprocess.py:93} INFO - Created version '190' of model 'tree'.
[2023-12-30T13:35:45.639+0500] {subprocess.py:93} INFO - /home/kda/ML_lab3/MLops_lab3/lab3/lib/python3.10/site-packages/_distutils_hack/__init__.py:18: UserWarning: Distutils was imported before Setuptools, but importing Setuptools also replaces the `distutils` module in `sys.modules`. This may lead to undesirable behaviors or errors. To avoid these issues, avoid using distutils directly, ensure that setuptools is installed in the traditional way (e.g. not an editable install), and/or make sure that setuptools is always imported before distutils.
[2023-12-30T13:35:45.639+0500] {subprocess.py:93} INFO -   warnings.warn(
[2023-12-30T13:35:45.639+0500] {subprocess.py:93} INFO - /home/kda/ML_lab3/MLops_lab3/lab3/lib/python3.10/site-packages/_distutils_hack/__init__.py:33: UserWarning: Setuptools is replacing distutils.
[2023-12-30T13:35:45.639+0500] {subprocess.py:93} INFO -   warnings.warn("Setuptools is replacing distutils.")
[2023-12-30T13:35:45.729+0500] {subprocess.py:93} INFO - Registered model 'tree' already exists. Creating a new version of this model...
[2023-12-30T13:35:45.834+0500] {subprocess.py:93} INFO - 2023/12/30 13:35:45 INFO mlflow.store.model_registry.abstract_store: Waiting up to 300 seconds for model version to finish creation. Model name: tree, version 191
[2023-12-30T13:35:45.834+0500] {subprocess.py:93} INFO - Created version '191' of model 'tree'.
[2023-12-30T13:35:48.965+0500] {subprocess.py:93} INFO - /home/kda/ML_lab3/MLops_lab3/lab3/lib/python3.10/site-packages/_distutils_hack/__init__.py:18: UserWarning: Distutils was imported before Setuptools, but importing Setuptools also replaces the `distutils` module in `sys.modules`. This may lead to undesirable behaviors or errors. To avoid these issues, avoid using distutils directly, ensure that setuptools is installed in the traditional way (e.g. not an editable install), and/or make sure that setuptools is always imported before distutils.
[2023-12-30T13:35:48.965+0500] {subprocess.py:93} INFO -   warnings.warn(
[2023-12-30T13:35:48.965+0500] {subprocess.py:93} INFO - /home/kda/ML_lab3/MLops_lab3/lab3/lib/python3.10/site-packages/_distutils_hack/__init__.py:33: UserWarning: Setuptools is replacing distutils.
[2023-12-30T13:35:48.965+0500] {subprocess.py:93} INFO -   warnings.warn("Setuptools is replacing distutils.")
[2023-12-30T13:35:49.086+0500] {subprocess.py:93} INFO - Registered model 'tree' already exists. Creating a new version of this model...
[2023-12-30T13:35:49.199+0500] {subprocess.py:93} INFO - 2023/12/30 13:35:49 INFO mlflow.store.model_registry.abstract_store: Waiting up to 300 seconds for model version to finish creation. Model name: tree, version 192
[2023-12-30T13:35:49.199+0500] {subprocess.py:93} INFO - Created version '192' of model 'tree'.
[2023-12-30T13:35:51.874+0500] {subprocess.py:93} INFO - /home/kda/ML_lab3/MLops_lab3/lab3/lib/python3.10/site-packages/_distutils_hack/__init__.py:18: UserWarning: Distutils was imported before Setuptools, but importing Setuptools also replaces the `distutils` module in `sys.modules`. This may lead to undesirable behaviors or errors. To avoid these issues, avoid using distutils directly, ensure that setuptools is installed in the traditional way (e.g. not an editable install), and/or make sure that setuptools is always imported before distutils.
[2023-12-30T13:35:51.875+0500] {subprocess.py:93} INFO -   warnings.warn(
[2023-12-30T13:35:51.875+0500] {subprocess.py:93} INFO - /home/kda/ML_lab3/MLops_lab3/lab3/lib/python3.10/site-packages/_distutils_hack/__init__.py:33: UserWarning: Setuptools is replacing distutils.
[2023-12-30T13:35:51.875+0500] {subprocess.py:93} INFO -   warnings.warn("Setuptools is replacing distutils.")
[2023-12-30T13:35:51.921+0500] {subprocess.py:93} INFO - Registered model 'tree' already exists. Creating a new version of this model...
[2023-12-30T13:35:52.183+0500] {subprocess.py:93} INFO - 2023/12/30 13:35:52 INFO mlflow.store.model_registry.abstract_store: Waiting up to 300 seconds for model version to finish creation. Model name: tree, version 193
[2023-12-30T13:35:52.183+0500] {subprocess.py:93} INFO - Created version '193' of model 'tree'.
[2023-12-30T13:35:55.227+0500] {subprocess.py:93} INFO - /home/kda/ML_lab3/MLops_lab3/lab3/lib/python3.10/site-packages/_distutils_hack/__init__.py:18: UserWarning: Distutils was imported before Setuptools, but importing Setuptools also replaces the `distutils` module in `sys.modules`. This may lead to undesirable behaviors or errors. To avoid these issues, avoid using distutils directly, ensure that setuptools is installed in the traditional way (e.g. not an editable install), and/or make sure that setuptools is always imported before distutils.
[2023-12-30T13:35:55.228+0500] {subprocess.py:93} INFO -   warnings.warn(
[2023-12-30T13:35:55.228+0500] {subprocess.py:93} INFO - /home/kda/ML_lab3/MLops_lab3/lab3/lib/python3.10/site-packages/_distutils_hack/__init__.py:33: UserWarning: Setuptools is replacing distutils.
[2023-12-30T13:35:55.228+0500] {subprocess.py:93} INFO -   warnings.warn("Setuptools is replacing distutils.")
[2023-12-30T13:35:55.317+0500] {subprocess.py:93} INFO - Registered model 'tree' already exists. Creating a new version of this model...
[2023-12-30T13:35:55.399+0500] {subprocess.py:93} INFO - 2023/12/30 13:35:55 INFO mlflow.store.model_registry.abstract_store: Waiting up to 300 seconds for model version to finish creation. Model name: tree, version 194
[2023-12-30T13:35:55.399+0500] {subprocess.py:93} INFO - Created version '194' of model 'tree'.
[2023-12-30T13:35:58.581+0500] {subprocess.py:93} INFO - /home/kda/ML_lab3/MLops_lab3/lab3/lib/python3.10/site-packages/_distutils_hack/__init__.py:18: UserWarning: Distutils was imported before Setuptools, but importing Setuptools also replaces the `distutils` module in `sys.modules`. This may lead to undesirable behaviors or errors. To avoid these issues, avoid using distutils directly, ensure that setuptools is installed in the traditional way (e.g. not an editable install), and/or make sure that setuptools is always imported before distutils.
[2023-12-30T13:35:58.581+0500] {subprocess.py:93} INFO -   warnings.warn(
[2023-12-30T13:35:58.581+0500] {subprocess.py:93} INFO - /home/kda/ML_lab3/MLops_lab3/lab3/lib/python3.10/site-packages/_distutils_hack/__init__.py:33: UserWarning: Setuptools is replacing distutils.
[2023-12-30T13:35:58.581+0500] {subprocess.py:93} INFO -   warnings.warn("Setuptools is replacing distutils.")
[2023-12-30T13:35:58.851+0500] {subprocess.py:93} INFO - Registered model 'tree' already exists. Creating a new version of this model...
[2023-12-30T13:35:59.022+0500] {subprocess.py:93} INFO - 2023/12/30 13:35:59 INFO mlflow.store.model_registry.abstract_store: Waiting up to 300 seconds for model version to finish creation. Model name: tree, version 195
[2023-12-30T13:35:59.022+0500] {subprocess.py:93} INFO - Created version '195' of model 'tree'.
[2023-12-30T13:36:02.446+0500] {subprocess.py:93} INFO - /home/kda/ML_lab3/MLops_lab3/lab3/lib/python3.10/site-packages/_distutils_hack/__init__.py:18: UserWarning: Distutils was imported before Setuptools, but importing Setuptools also replaces the `distutils` module in `sys.modules`. This may lead to undesirable behaviors or errors. To avoid these issues, avoid using distutils directly, ensure that setuptools is installed in the traditional way (e.g. not an editable install), and/or make sure that setuptools is always imported before distutils.
[2023-12-30T13:36:02.446+0500] {subprocess.py:93} INFO -   warnings.warn(
[2023-12-30T13:36:02.446+0500] {subprocess.py:93} INFO - /home/kda/ML_lab3/MLops_lab3/lab3/lib/python3.10/site-packages/_distutils_hack/__init__.py:33: UserWarning: Setuptools is replacing distutils.
[2023-12-30T13:36:02.446+0500] {subprocess.py:93} INFO -   warnings.warn("Setuptools is replacing distutils.")
[2023-12-30T13:36:02.564+0500] {subprocess.py:93} INFO - Registered model 'tree' already exists. Creating a new version of this model...
[2023-12-30T13:36:02.640+0500] {subprocess.py:93} INFO - 2023/12/30 13:36:02 INFO mlflow.store.model_registry.abstract_store: Waiting up to 300 seconds for model version to finish creation. Model name: tree, version 196
[2023-12-30T13:36:02.640+0500] {subprocess.py:93} INFO - Created version '196' of model 'tree'.
[2023-12-30T13:36:04.625+0500] {subprocess.py:93} INFO - /home/kda/ML_lab3/MLops_lab3/lab3/lib/python3.10/site-packages/_distutils_hack/__init__.py:18: UserWarning: Distutils was imported before Setuptools, but importing Setuptools also replaces the `distutils` module in `sys.modules`. This may lead to undesirable behaviors or errors. To avoid these issues, avoid using distutils directly, ensure that setuptools is installed in the traditional way (e.g. not an editable install), and/or make sure that setuptools is always imported before distutils.
[2023-12-30T13:36:04.625+0500] {subprocess.py:93} INFO -   warnings.warn(
[2023-12-30T13:36:04.625+0500] {subprocess.py:93} INFO - /home/kda/ML_lab3/MLops_lab3/lab3/lib/python3.10/site-packages/_distutils_hack/__init__.py:33: UserWarning: Setuptools is replacing distutils.
[2023-12-30T13:36:04.625+0500] {subprocess.py:93} INFO -   warnings.warn("Setuptools is replacing distutils.")
[2023-12-30T13:36:04.691+0500] {subprocess.py:93} INFO - Registered model 'tree' already exists. Creating a new version of this model...
[2023-12-30T13:36:04.756+0500] {subprocess.py:93} INFO - 2023/12/30 13:36:04 INFO mlflow.store.model_registry.abstract_store: Waiting up to 300 seconds for model version to finish creation. Model name: tree, version 197
[2023-12-30T13:36:04.757+0500] {subprocess.py:93} INFO - Created version '197' of model 'tree'.
[2023-12-30T13:36:07.675+0500] {subprocess.py:93} INFO - /home/kda/ML_lab3/MLops_lab3/lab3/lib/python3.10/site-packages/_distutils_hack/__init__.py:18: UserWarning: Distutils was imported before Setuptools, but importing Setuptools also replaces the `distutils` module in `sys.modules`. This may lead to undesirable behaviors or errors. To avoid these issues, avoid using distutils directly, ensure that setuptools is installed in the traditional way (e.g. not an editable install), and/or make sure that setuptools is always imported before distutils.
[2023-12-30T13:36:07.676+0500] {subprocess.py:93} INFO -   warnings.warn(
[2023-12-30T13:36:07.676+0500] {subprocess.py:93} INFO - /home/kda/ML_lab3/MLops_lab3/lab3/lib/python3.10/site-packages/_distutils_hack/__init__.py:33: UserWarning: Setuptools is replacing distutils.
[2023-12-30T13:36:07.676+0500] {subprocess.py:93} INFO -   warnings.warn("Setuptools is replacing distutils.")
[2023-12-30T13:36:07.773+0500] {subprocess.py:93} INFO - Registered model 'tree' already exists. Creating a new version of this model...
[2023-12-30T13:36:07.829+0500] {subprocess.py:93} INFO - 2023/12/30 13:36:07 INFO mlflow.store.model_registry.abstract_store: Waiting up to 300 seconds for model version to finish creation. Model name: tree, version 198
[2023-12-30T13:36:07.830+0500] {subprocess.py:93} INFO - Created version '198' of model 'tree'.
[2023-12-30T13:36:11.245+0500] {subprocess.py:93} INFO - /home/kda/ML_lab3/MLops_lab3/lab3/lib/python3.10/site-packages/_distutils_hack/__init__.py:18: UserWarning: Distutils was imported before Setuptools, but importing Setuptools also replaces the `distutils` module in `sys.modules`. This may lead to undesirable behaviors or errors. To avoid these issues, avoid using distutils directly, ensure that setuptools is installed in the traditional way (e.g. not an editable install), and/or make sure that setuptools is always imported before distutils.
[2023-12-30T13:36:11.246+0500] {subprocess.py:93} INFO -   warnings.warn(
[2023-12-30T13:36:11.246+0500] {subprocess.py:93} INFO - /home/kda/ML_lab3/MLops_lab3/lab3/lib/python3.10/site-packages/_distutils_hack/__init__.py:33: UserWarning: Setuptools is replacing distutils.
[2023-12-30T13:36:11.247+0500] {subprocess.py:93} INFO -   warnings.warn("Setuptools is replacing distutils.")
[2023-12-30T13:36:11.335+0500] {subprocess.py:93} INFO - Registered model 'tree' already exists. Creating a new version of this model...
[2023-12-30T13:36:11.401+0500] {subprocess.py:93} INFO - 2023/12/30 13:36:11 INFO mlflow.store.model_registry.abstract_store: Waiting up to 300 seconds for model version to finish creation. Model name: tree, version 199
[2023-12-30T13:36:11.404+0500] {subprocess.py:93} INFO - Created version '199' of model 'tree'.
[2023-12-30T13:36:14.761+0500] {subprocess.py:93} INFO - /home/kda/ML_lab3/MLops_lab3/lab3/lib/python3.10/site-packages/_distutils_hack/__init__.py:18: UserWarning: Distutils was imported before Setuptools, but importing Setuptools also replaces the `distutils` module in `sys.modules`. This may lead to undesirable behaviors or errors. To avoid these issues, avoid using distutils directly, ensure that setuptools is installed in the traditional way (e.g. not an editable install), and/or make sure that setuptools is always imported before distutils.
[2023-12-30T13:36:14.761+0500] {subprocess.py:93} INFO -   warnings.warn(
[2023-12-30T13:36:14.761+0500] {subprocess.py:93} INFO - /home/kda/ML_lab3/MLops_lab3/lab3/lib/python3.10/site-packages/_distutils_hack/__init__.py:33: UserWarning: Setuptools is replacing distutils.
[2023-12-30T13:36:14.761+0500] {subprocess.py:93} INFO -   warnings.warn("Setuptools is replacing distutils.")
[2023-12-30T13:36:14.967+0500] {subprocess.py:93} INFO - Registered model 'tree' already exists. Creating a new version of this model...
[2023-12-30T13:36:15.151+0500] {subprocess.py:93} INFO - 2023/12/30 13:36:15 INFO mlflow.store.model_registry.abstract_store: Waiting up to 300 seconds for model version to finish creation. Model name: tree, version 200
[2023-12-30T13:36:15.151+0500] {subprocess.py:93} INFO - Created version '200' of model 'tree'.
[2023-12-30T13:36:18.133+0500] {subprocess.py:93} INFO - /home/kda/ML_lab3/MLops_lab3/lab3/lib/python3.10/site-packages/_distutils_hack/__init__.py:18: UserWarning: Distutils was imported before Setuptools, but importing Setuptools also replaces the `distutils` module in `sys.modules`. This may lead to undesirable behaviors or errors. To avoid these issues, avoid using distutils directly, ensure that setuptools is installed in the traditional way (e.g. not an editable install), and/or make sure that setuptools is always imported before distutils.
[2023-12-30T13:36:18.133+0500] {subprocess.py:93} INFO -   warnings.warn(
[2023-12-30T13:36:18.133+0500] {subprocess.py:93} INFO - /home/kda/ML_lab3/MLops_lab3/lab3/lib/python3.10/site-packages/_distutils_hack/__init__.py:33: UserWarning: Setuptools is replacing distutils.
[2023-12-30T13:36:18.133+0500] {subprocess.py:93} INFO -   warnings.warn("Setuptools is replacing distutils.")
[2023-12-30T13:36:18.244+0500] {subprocess.py:93} INFO - Registered model 'tree' already exists. Creating a new version of this model...
[2023-12-30T13:36:18.356+0500] {subprocess.py:93} INFO - 2023/12/30 13:36:18 INFO mlflow.store.model_registry.abstract_store: Waiting up to 300 seconds for model version to finish creation. Model name: tree, version 201
[2023-12-30T13:36:18.356+0500] {subprocess.py:93} INFO - Created version '201' of model 'tree'.
[2023-12-30T13:36:21.380+0500] {subprocess.py:93} INFO - /home/kda/ML_lab3/MLops_lab3/lab3/lib/python3.10/site-packages/_distutils_hack/__init__.py:18: UserWarning: Distutils was imported before Setuptools, but importing Setuptools also replaces the `distutils` module in `sys.modules`. This may lead to undesirable behaviors or errors. To avoid these issues, avoid using distutils directly, ensure that setuptools is installed in the traditional way (e.g. not an editable install), and/or make sure that setuptools is always imported before distutils.
[2023-12-30T13:36:21.380+0500] {subprocess.py:93} INFO -   warnings.warn(
[2023-12-30T13:36:21.381+0500] {subprocess.py:93} INFO - /home/kda/ML_lab3/MLops_lab3/lab3/lib/python3.10/site-packages/_distutils_hack/__init__.py:33: UserWarning: Setuptools is replacing distutils.
[2023-12-30T13:36:21.381+0500] {subprocess.py:93} INFO -   warnings.warn("Setuptools is replacing distutils.")
[2023-12-30T13:36:21.466+0500] {subprocess.py:93} INFO - Registered model 'tree' already exists. Creating a new version of this model...
[2023-12-30T13:36:21.564+0500] {subprocess.py:93} INFO - 2023/12/30 13:36:21 INFO mlflow.store.model_registry.abstract_store: Waiting up to 300 seconds for model version to finish creation. Model name: tree, version 202
[2023-12-30T13:36:21.564+0500] {subprocess.py:93} INFO - Created version '202' of model 'tree'.
[2023-12-30T13:36:24.576+0500] {subprocess.py:93} INFO - /home/kda/ML_lab3/MLops_lab3/lab3/lib/python3.10/site-packages/_distutils_hack/__init__.py:18: UserWarning: Distutils was imported before Setuptools, but importing Setuptools also replaces the `distutils` module in `sys.modules`. This may lead to undesirable behaviors or errors. To avoid these issues, avoid using distutils directly, ensure that setuptools is installed in the traditional way (e.g. not an editable install), and/or make sure that setuptools is always imported before distutils.
[2023-12-30T13:36:24.576+0500] {subprocess.py:93} INFO -   warnings.warn(
[2023-12-30T13:36:24.577+0500] {subprocess.py:93} INFO - /home/kda/ML_lab3/MLops_lab3/lab3/lib/python3.10/site-packages/_distutils_hack/__init__.py:33: UserWarning: Setuptools is replacing distutils.
[2023-12-30T13:36:24.577+0500] {subprocess.py:93} INFO -   warnings.warn("Setuptools is replacing distutils.")
[2023-12-30T13:36:24.678+0500] {subprocess.py:93} INFO - Registered model 'tree' already exists. Creating a new version of this model...
[2023-12-30T13:36:24.773+0500] {subprocess.py:93} INFO - 2023/12/30 13:36:24 INFO mlflow.store.model_registry.abstract_store: Waiting up to 300 seconds for model version to finish creation. Model name: tree, version 203
[2023-12-30T13:36:24.773+0500] {subprocess.py:93} INFO - Created version '203' of model 'tree'.
[2023-12-30T13:36:27.705+0500] {subprocess.py:93} INFO - /home/kda/ML_lab3/MLops_lab3/lab3/lib/python3.10/site-packages/_distutils_hack/__init__.py:18: UserWarning: Distutils was imported before Setuptools, but importing Setuptools also replaces the `distutils` module in `sys.modules`. This may lead to undesirable behaviors or errors. To avoid these issues, avoid using distutils directly, ensure that setuptools is installed in the traditional way (e.g. not an editable install), and/or make sure that setuptools is always imported before distutils.
[2023-12-30T13:36:27.705+0500] {subprocess.py:93} INFO -   warnings.warn(
[2023-12-30T13:36:27.705+0500] {subprocess.py:93} INFO - /home/kda/ML_lab3/MLops_lab3/lab3/lib/python3.10/site-packages/_distutils_hack/__init__.py:33: UserWarning: Setuptools is replacing distutils.
[2023-12-30T13:36:27.705+0500] {subprocess.py:93} INFO -   warnings.warn("Setuptools is replacing distutils.")
[2023-12-30T13:36:27.803+0500] {subprocess.py:93} INFO - Registered model 'tree' already exists. Creating a new version of this model...
[2023-12-30T13:36:27.913+0500] {subprocess.py:93} INFO - 2023/12/30 13:36:27 INFO mlflow.store.model_registry.abstract_store: Waiting up to 300 seconds for model version to finish creation. Model name: tree, version 204
[2023-12-30T13:36:27.914+0500] {subprocess.py:93} INFO - Created version '204' of model 'tree'.
[2023-12-30T13:36:30.952+0500] {subprocess.py:93} INFO - /home/kda/ML_lab3/MLops_lab3/lab3/lib/python3.10/site-packages/_distutils_hack/__init__.py:18: UserWarning: Distutils was imported before Setuptools, but importing Setuptools also replaces the `distutils` module in `sys.modules`. This may lead to undesirable behaviors or errors. To avoid these issues, avoid using distutils directly, ensure that setuptools is installed in the traditional way (e.g. not an editable install), and/or make sure that setuptools is always imported before distutils.
[2023-12-30T13:36:30.957+0500] {subprocess.py:93} INFO -   warnings.warn(
[2023-12-30T13:36:30.957+0500] {subprocess.py:93} INFO - /home/kda/ML_lab3/MLops_lab3/lab3/lib/python3.10/site-packages/_distutils_hack/__init__.py:33: UserWarning: Setuptools is replacing distutils.
[2023-12-30T13:36:30.957+0500] {subprocess.py:93} INFO -   warnings.warn("Setuptools is replacing distutils.")
[2023-12-30T13:36:31.105+0500] {subprocess.py:93} INFO - Registered model 'tree' already exists. Creating a new version of this model...
[2023-12-30T13:36:31.164+0500] {subprocess.py:93} INFO - 2023/12/30 13:36:31 INFO mlflow.store.model_registry.abstract_store: Waiting up to 300 seconds for model version to finish creation. Model name: tree, version 205
[2023-12-30T13:36:31.169+0500] {subprocess.py:93} INFO - Created version '205' of model 'tree'.
[2023-12-30T13:36:34.075+0500] {subprocess.py:93} INFO - /home/kda/ML_lab3/MLops_lab3/lab3/lib/python3.10/site-packages/_distutils_hack/__init__.py:18: UserWarning: Distutils was imported before Setuptools, but importing Setuptools also replaces the `distutils` module in `sys.modules`. This may lead to undesirable behaviors or errors. To avoid these issues, avoid using distutils directly, ensure that setuptools is installed in the traditional way (e.g. not an editable install), and/or make sure that setuptools is always imported before distutils.
[2023-12-30T13:36:34.076+0500] {subprocess.py:93} INFO -   warnings.warn(
[2023-12-30T13:36:34.077+0500] {subprocess.py:93} INFO - /home/kda/ML_lab3/MLops_lab3/lab3/lib/python3.10/site-packages/_distutils_hack/__init__.py:33: UserWarning: Setuptools is replacing distutils.
[2023-12-30T13:36:34.077+0500] {subprocess.py:93} INFO -   warnings.warn("Setuptools is replacing distutils.")
[2023-12-30T13:36:34.189+0500] {subprocess.py:93} INFO - Registered model 'tree' already exists. Creating a new version of this model...
[2023-12-30T13:36:34.281+0500] {subprocess.py:93} INFO - 2023/12/30 13:36:34 INFO mlflow.store.model_registry.abstract_store: Waiting up to 300 seconds for model version to finish creation. Model name: tree, version 206
[2023-12-30T13:36:34.281+0500] {subprocess.py:93} INFO - Created version '206' of model 'tree'.
[2023-12-30T13:36:36.737+0500] {subprocess.py:93} INFO - /home/kda/ML_lab3/MLops_lab3/lab3/lib/python3.10/site-packages/_distutils_hack/__init__.py:18: UserWarning: Distutils was imported before Setuptools, but importing Setuptools also replaces the `distutils` module in `sys.modules`. This may lead to undesirable behaviors or errors. To avoid these issues, avoid using distutils directly, ensure that setuptools is installed in the traditional way (e.g. not an editable install), and/or make sure that setuptools is always imported before distutils.
[2023-12-30T13:36:36.737+0500] {subprocess.py:93} INFO -   warnings.warn(
[2023-12-30T13:36:36.737+0500] {subprocess.py:93} INFO - /home/kda/ML_lab3/MLops_lab3/lab3/lib/python3.10/site-packages/_distutils_hack/__init__.py:33: UserWarning: Setuptools is replacing distutils.
[2023-12-30T13:36:36.737+0500] {subprocess.py:93} INFO -   warnings.warn("Setuptools is replacing distutils.")
[2023-12-30T13:36:36.838+0500] {subprocess.py:93} INFO - Registered model 'tree' already exists. Creating a new version of this model...
[2023-12-30T13:36:36.961+0500] {subprocess.py:93} INFO - 2023/12/30 13:36:36 INFO mlflow.store.model_registry.abstract_store: Waiting up to 300 seconds for model version to finish creation. Model name: tree, version 207
[2023-12-30T13:36:36.961+0500] {subprocess.py:93} INFO - Created version '207' of model 'tree'.
[2023-12-30T13:36:39.909+0500] {subprocess.py:93} INFO - /home/kda/ML_lab3/MLops_lab3/lab3/lib/python3.10/site-packages/_distutils_hack/__init__.py:18: UserWarning: Distutils was imported before Setuptools, but importing Setuptools also replaces the `distutils` module in `sys.modules`. This may lead to undesirable behaviors or errors. To avoid these issues, avoid using distutils directly, ensure that setuptools is installed in the traditional way (e.g. not an editable install), and/or make sure that setuptools is always imported before distutils.
[2023-12-30T13:36:39.914+0500] {subprocess.py:93} INFO -   warnings.warn(
[2023-12-30T13:36:39.914+0500] {subprocess.py:93} INFO - /home/kda/ML_lab3/MLops_lab3/lab3/lib/python3.10/site-packages/_distutils_hack/__init__.py:33: UserWarning: Setuptools is replacing distutils.
[2023-12-30T13:36:39.914+0500] {subprocess.py:93} INFO -   warnings.warn("Setuptools is replacing distutils.")
[2023-12-30T13:36:40.020+0500] {subprocess.py:93} INFO - Registered model 'tree' already exists. Creating a new version of this model...
[2023-12-30T13:36:40.096+0500] {subprocess.py:93} INFO - 2023/12/30 13:36:40 INFO mlflow.store.model_registry.abstract_store: Waiting up to 300 seconds for model version to finish creation. Model name: tree, version 208
[2023-12-30T13:36:40.096+0500] {subprocess.py:93} INFO - Created version '208' of model 'tree'.
[2023-12-30T13:36:43.073+0500] {subprocess.py:93} INFO - /home/kda/ML_lab3/MLops_lab3/lab3/lib/python3.10/site-packages/_distutils_hack/__init__.py:18: UserWarning: Distutils was imported before Setuptools, but importing Setuptools also replaces the `distutils` module in `sys.modules`. This may lead to undesirable behaviors or errors. To avoid these issues, avoid using distutils directly, ensure that setuptools is installed in the traditional way (e.g. not an editable install), and/or make sure that setuptools is always imported before distutils.
[2023-12-30T13:36:43.073+0500] {subprocess.py:93} INFO -   warnings.warn(
[2023-12-30T13:36:43.076+0500] {subprocess.py:93} INFO - /home/kda/ML_lab3/MLops_lab3/lab3/lib/python3.10/site-packages/_distutils_hack/__init__.py:33: UserWarning: Setuptools is replacing distutils.
[2023-12-30T13:36:43.076+0500] {subprocess.py:93} INFO -   warnings.warn("Setuptools is replacing distutils.")
[2023-12-30T13:36:43.188+0500] {subprocess.py:93} INFO - Registered model 'tree' already exists. Creating a new version of this model...
[2023-12-30T13:36:43.325+0500] {subprocess.py:93} INFO - 2023/12/30 13:36:43 INFO mlflow.store.model_registry.abstract_store: Waiting up to 300 seconds for model version to finish creation. Model name: tree, version 209
[2023-12-30T13:36:43.325+0500] {subprocess.py:93} INFO - Created version '209' of model 'tree'.
[2023-12-30T13:36:46.399+0500] {subprocess.py:93} INFO - /home/kda/ML_lab3/MLops_lab3/lab3/lib/python3.10/site-packages/_distutils_hack/__init__.py:18: UserWarning: Distutils was imported before Setuptools, but importing Setuptools also replaces the `distutils` module in `sys.modules`. This may lead to undesirable behaviors or errors. To avoid these issues, avoid using distutils directly, ensure that setuptools is installed in the traditional way (e.g. not an editable install), and/or make sure that setuptools is always imported before distutils.
[2023-12-30T13:36:46.400+0500] {subprocess.py:93} INFO -   warnings.warn(
[2023-12-30T13:36:46.400+0500] {subprocess.py:93} INFO - /home/kda/ML_lab3/MLops_lab3/lab3/lib/python3.10/site-packages/_distutils_hack/__init__.py:33: UserWarning: Setuptools is replacing distutils.
[2023-12-30T13:36:46.400+0500] {subprocess.py:93} INFO -   warnings.warn("Setuptools is replacing distutils.")
[2023-12-30T13:36:46.487+0500] {subprocess.py:93} INFO - Registered model 'tree' already exists. Creating a new version of this model...
[2023-12-30T13:36:46.599+0500] {subprocess.py:93} INFO - 2023/12/30 13:36:46 INFO mlflow.store.model_registry.abstract_store: Waiting up to 300 seconds for model version to finish creation. Model name: tree, version 210
[2023-12-30T13:36:46.600+0500] {subprocess.py:93} INFO - Created version '210' of model 'tree'.
[2023-12-30T13:36:49.631+0500] {subprocess.py:93} INFO - /home/kda/ML_lab3/MLops_lab3/lab3/lib/python3.10/site-packages/_distutils_hack/__init__.py:18: UserWarning: Distutils was imported before Setuptools, but importing Setuptools also replaces the `distutils` module in `sys.modules`. This may lead to undesirable behaviors or errors. To avoid these issues, avoid using distutils directly, ensure that setuptools is installed in the traditional way (e.g. not an editable install), and/or make sure that setuptools is always imported before distutils.
[2023-12-30T13:36:49.632+0500] {subprocess.py:93} INFO -   warnings.warn(
[2023-12-30T13:36:49.632+0500] {subprocess.py:93} INFO - /home/kda/ML_lab3/MLops_lab3/lab3/lib/python3.10/site-packages/_distutils_hack/__init__.py:33: UserWarning: Setuptools is replacing distutils.
[2023-12-30T13:36:49.632+0500] {subprocess.py:93} INFO -   warnings.warn("Setuptools is replacing distutils.")
[2023-12-30T13:36:49.713+0500] {subprocess.py:93} INFO - Registered model 'tree' already exists. Creating a new version of this model...
[2023-12-30T13:36:49.781+0500] {subprocess.py:93} INFO - 2023/12/30 13:36:49 INFO mlflow.store.model_registry.abstract_store: Waiting up to 300 seconds for model version to finish creation. Model name: tree, version 211
[2023-12-30T13:36:49.781+0500] {subprocess.py:93} INFO - Created version '211' of model 'tree'.
[2023-12-30T13:36:52.528+0500] {subprocess.py:93} INFO - /home/kda/ML_lab3/MLops_lab3/lab3/lib/python3.10/site-packages/_distutils_hack/__init__.py:18: UserWarning: Distutils was imported before Setuptools, but importing Setuptools also replaces the `distutils` module in `sys.modules`. This may lead to undesirable behaviors or errors. To avoid these issues, avoid using distutils directly, ensure that setuptools is installed in the traditional way (e.g. not an editable install), and/or make sure that setuptools is always imported before distutils.
[2023-12-30T13:36:52.529+0500] {subprocess.py:93} INFO -   warnings.warn(
[2023-12-30T13:36:52.529+0500] {subprocess.py:93} INFO - /home/kda/ML_lab3/MLops_lab3/lab3/lib/python3.10/site-packages/_distutils_hack/__init__.py:33: UserWarning: Setuptools is replacing distutils.
[2023-12-30T13:36:52.529+0500] {subprocess.py:93} INFO -   warnings.warn("Setuptools is replacing distutils.")
[2023-12-30T13:36:52.578+0500] {subprocess.py:93} INFO - Registered model 'tree' already exists. Creating a new version of this model...
[2023-12-30T13:36:52.689+0500] {subprocess.py:93} INFO - 2023/12/30 13:36:52 INFO mlflow.store.model_registry.abstract_store: Waiting up to 300 seconds for model version to finish creation. Model name: tree, version 212
[2023-12-30T13:36:52.693+0500] {subprocess.py:93} INFO - Created version '212' of model 'tree'.
[2023-12-30T13:36:55.868+0500] {subprocess.py:93} INFO - /home/kda/ML_lab3/MLops_lab3/lab3/lib/python3.10/site-packages/_distutils_hack/__init__.py:18: UserWarning: Distutils was imported before Setuptools, but importing Setuptools also replaces the `distutils` module in `sys.modules`. This may lead to undesirable behaviors or errors. To avoid these issues, avoid using distutils directly, ensure that setuptools is installed in the traditional way (e.g. not an editable install), and/or make sure that setuptools is always imported before distutils.
[2023-12-30T13:36:55.869+0500] {subprocess.py:93} INFO -   warnings.warn(
[2023-12-30T13:36:55.869+0500] {subprocess.py:93} INFO - /home/kda/ML_lab3/MLops_lab3/lab3/lib/python3.10/site-packages/_distutils_hack/__init__.py:33: UserWarning: Setuptools is replacing distutils.
[2023-12-30T13:36:55.869+0500] {subprocess.py:93} INFO -   warnings.warn("Setuptools is replacing distutils.")
[2023-12-30T13:36:56.023+0500] {subprocess.py:93} INFO - Registered model 'tree' already exists. Creating a new version of this model...
[2023-12-30T13:36:56.155+0500] {subprocess.py:93} INFO - 2023/12/30 13:36:56 INFO mlflow.store.model_registry.abstract_store: Waiting up to 300 seconds for model version to finish creation. Model name: tree, version 213
[2023-12-30T13:36:56.155+0500] {subprocess.py:93} INFO - Created version '213' of model 'tree'.
[2023-12-30T13:36:59.286+0500] {subprocess.py:93} INFO - /home/kda/ML_lab3/MLops_lab3/lab3/lib/python3.10/site-packages/_distutils_hack/__init__.py:18: UserWarning: Distutils was imported before Setuptools, but importing Setuptools also replaces the `distutils` module in `sys.modules`. This may lead to undesirable behaviors or errors. To avoid these issues, avoid using distutils directly, ensure that setuptools is installed in the traditional way (e.g. not an editable install), and/or make sure that setuptools is always imported before distutils.
[2023-12-30T13:36:59.286+0500] {subprocess.py:93} INFO -   warnings.warn(
[2023-12-30T13:36:59.287+0500] {subprocess.py:93} INFO - /home/kda/ML_lab3/MLops_lab3/lab3/lib/python3.10/site-packages/_distutils_hack/__init__.py:33: UserWarning: Setuptools is replacing distutils.
[2023-12-30T13:36:59.287+0500] {subprocess.py:93} INFO -   warnings.warn("Setuptools is replacing distutils.")
[2023-12-30T13:36:59.442+0500] {subprocess.py:93} INFO - Registered model 'tree' already exists. Creating a new version of this model...
[2023-12-30T13:36:59.566+0500] {subprocess.py:93} INFO - 2023/12/30 13:36:59 INFO mlflow.store.model_registry.abstract_store: Waiting up to 300 seconds for model version to finish creation. Model name: tree, version 214
[2023-12-30T13:36:59.566+0500] {subprocess.py:93} INFO - Created version '214' of model 'tree'.
[2023-12-30T13:37:02.631+0500] {subprocess.py:93} INFO - /home/kda/ML_lab3/MLops_lab3/lab3/lib/python3.10/site-packages/_distutils_hack/__init__.py:18: UserWarning: Distutils was imported before Setuptools, but importing Setuptools also replaces the `distutils` module in `sys.modules`. This may lead to undesirable behaviors or errors. To avoid these issues, avoid using distutils directly, ensure that setuptools is installed in the traditional way (e.g. not an editable install), and/or make sure that setuptools is always imported before distutils.
[2023-12-30T13:37:02.631+0500] {subprocess.py:93} INFO -   warnings.warn(
[2023-12-30T13:37:02.633+0500] {subprocess.py:93} INFO - /home/kda/ML_lab3/MLops_lab3/lab3/lib/python3.10/site-packages/_distutils_hack/__init__.py:33: UserWarning: Setuptools is replacing distutils.
[2023-12-30T13:37:02.633+0500] {subprocess.py:93} INFO -   warnings.warn("Setuptools is replacing distutils.")
[2023-12-30T13:37:02.721+0500] {subprocess.py:93} INFO - Registered model 'tree' already exists. Creating a new version of this model...
[2023-12-30T13:37:02.814+0500] {subprocess.py:93} INFO - 2023/12/30 13:37:02 INFO mlflow.store.model_registry.abstract_store: Waiting up to 300 seconds for model version to finish creation. Model name: tree, version 215
[2023-12-30T13:37:02.814+0500] {subprocess.py:93} INFO - Created version '215' of model 'tree'.
[2023-12-30T13:37:05.668+0500] {subprocess.py:93} INFO - /home/kda/ML_lab3/MLops_lab3/lab3/lib/python3.10/site-packages/_distutils_hack/__init__.py:18: UserWarning: Distutils was imported before Setuptools, but importing Setuptools also replaces the `distutils` module in `sys.modules`. This may lead to undesirable behaviors or errors. To avoid these issues, avoid using distutils directly, ensure that setuptools is installed in the traditional way (e.g. not an editable install), and/or make sure that setuptools is always imported before distutils.
[2023-12-30T13:37:05.669+0500] {subprocess.py:93} INFO -   warnings.warn(
[2023-12-30T13:37:05.669+0500] {subprocess.py:93} INFO - /home/kda/ML_lab3/MLops_lab3/lab3/lib/python3.10/site-packages/_distutils_hack/__init__.py:33: UserWarning: Setuptools is replacing distutils.
[2023-12-30T13:37:05.669+0500] {subprocess.py:93} INFO -   warnings.warn("Setuptools is replacing distutils.")
[2023-12-30T13:37:05.735+0500] {subprocess.py:93} INFO - Registered model 'tree' already exists. Creating a new version of this model...
[2023-12-30T13:37:05.782+0500] {subprocess.py:93} INFO - 2023/12/30 13:37:05 INFO mlflow.store.model_registry.abstract_store: Waiting up to 300 seconds for model version to finish creation. Model name: tree, version 216
[2023-12-30T13:37:05.795+0500] {subprocess.py:93} INFO - Created version '216' of model 'tree'.
[2023-12-30T13:37:08.653+0500] {subprocess.py:93} INFO - /home/kda/ML_lab3/MLops_lab3/lab3/lib/python3.10/site-packages/_distutils_hack/__init__.py:18: UserWarning: Distutils was imported before Setuptools, but importing Setuptools also replaces the `distutils` module in `sys.modules`. This may lead to undesirable behaviors or errors. To avoid these issues, avoid using distutils directly, ensure that setuptools is installed in the traditional way (e.g. not an editable install), and/or make sure that setuptools is always imported before distutils.
[2023-12-30T13:37:08.654+0500] {subprocess.py:93} INFO -   warnings.warn(
[2023-12-30T13:37:08.654+0500] {subprocess.py:93} INFO - /home/kda/ML_lab3/MLops_lab3/lab3/lib/python3.10/site-packages/_distutils_hack/__init__.py:33: UserWarning: Setuptools is replacing distutils.
[2023-12-30T13:37:08.654+0500] {subprocess.py:93} INFO -   warnings.warn("Setuptools is replacing distutils.")
[2023-12-30T13:37:08.768+0500] {subprocess.py:93} INFO - Registered model 'best_tree' already exists. Creating a new version of this model...
[2023-12-30T13:37:08.856+0500] {subprocess.py:93} INFO - 2023/12/30 13:37:08 INFO mlflow.store.model_registry.abstract_store: Waiting up to 300 seconds for model version to finish creation. Model name: best_tree, version 3
[2023-12-30T13:37:08.856+0500] {subprocess.py:93} INFO - Created version '3' of model 'best_tree'.
[2023-12-30T13:37:08.932+0500] {subprocess.py:93} INFO - <class 'pandas.core.frame.DataFrame'>
[2023-12-30T13:37:08.933+0500] {subprocess.py:93} INFO - RangeIndex: 704 entries, 0 to 703
[2023-12-30T13:37:08.933+0500] {subprocess.py:93} INFO - Columns: 220 entries, Price (in USD) to i8
[2023-12-30T13:37:08.933+0500] {subprocess.py:93} INFO - dtypes: bool(212), float64(2), int64(6)
[2023-12-30T13:37:08.933+0500] {subprocess.py:93} INFO - memory usage: 189.9 KB
[2023-12-30T13:37:08.933+0500] {subprocess.py:93} INFO - {'max_depth': 10, 'max_features': 10, 'min_samples_leaf': 5}
[2023-12-30T13:37:08.933+0500] {subprocess.py:93} INFO - 0.15625
[2023-12-30T13:37:08.933+0500] {subprocess.py:93} INFO - {'max_depth': 10, 'max_features': 10, 'min_samples_leaf': 10}
[2023-12-30T13:37:08.933+0500] {subprocess.py:93} INFO - 0.1690340909090909
[2023-12-30T13:37:08.933+0500] {subprocess.py:93} INFO - {'max_depth': 10, 'max_features': 10, 'min_samples_leaf': 15}
[2023-12-30T13:37:08.934+0500] {subprocess.py:93} INFO - 0.05823863636363636
[2023-12-30T13:37:08.934+0500] {subprocess.py:93} INFO - {'max_depth': 10, 'max_features': 20, 'min_samples_leaf': 5}
[2023-12-30T13:37:08.934+0500] {subprocess.py:93} INFO - 0.21875
[2023-12-30T13:37:08.934+0500] {subprocess.py:93} INFO - {'max_depth': 10, 'max_features': 20, 'min_samples_leaf': 10}
[2023-12-30T13:37:08.934+0500] {subprocess.py:93} INFO - 0.17897727272727273
[2023-12-30T13:37:08.934+0500] {subprocess.py:93} INFO - {'max_depth': 10, 'max_features': 20, 'min_samples_leaf': 15}
[2023-12-30T13:37:08.934+0500] {subprocess.py:93} INFO - 0.1590909090909091
[2023-12-30T13:37:08.934+0500] {subprocess.py:93} INFO - {'max_depth': 10, 'max_features': 30, 'min_samples_leaf': 5}
[2023-12-30T13:37:08.934+0500] {subprocess.py:93} INFO - 0.18323863636363635
[2023-12-30T13:37:08.934+0500] {subprocess.py:93} INFO - {'max_depth': 10, 'max_features': 30, 'min_samples_leaf': 10}
[2023-12-30T13:37:08.934+0500] {subprocess.py:93} INFO - 0.20738636363636365
[2023-12-30T13:37:08.934+0500] {subprocess.py:93} INFO - {'max_depth': 10, 'max_features': 30, 'min_samples_leaf': 15}
[2023-12-30T13:37:08.934+0500] {subprocess.py:93} INFO - 0.16761363636363635
[2023-12-30T13:37:08.934+0500] {subprocess.py:93} INFO - {'max_depth': 20, 'max_features': 10, 'min_samples_leaf': 5}
[2023-12-30T13:37:08.934+0500] {subprocess.py:93} INFO - 0.2741477272727273
[2023-12-30T13:37:08.935+0500] {subprocess.py:93} INFO - {'max_depth': 20, 'max_features': 10, 'min_samples_leaf': 10}
[2023-12-30T13:37:08.935+0500] {subprocess.py:93} INFO - 0.17897727272727273
[2023-12-30T13:37:08.935+0500] {subprocess.py:93} INFO - {'max_depth': 20, 'max_features': 10, 'min_samples_leaf': 15}
[2023-12-30T13:37:08.935+0500] {subprocess.py:93} INFO - 0.1590909090909091
[2023-12-30T13:37:08.935+0500] {subprocess.py:93} INFO - {'max_depth': 20, 'max_features': 20, 'min_samples_leaf': 5}
[2023-12-30T13:37:08.935+0500] {subprocess.py:93} INFO - 0.35511363636363635
[2023-12-30T13:37:08.935+0500] {subprocess.py:93} INFO - {'max_depth': 20, 'max_features': 20, 'min_samples_leaf': 10}
[2023-12-30T13:37:08.935+0500] {subprocess.py:93} INFO - 0.25
[2023-12-30T13:37:08.935+0500] {subprocess.py:93} INFO - {'max_depth': 20, 'max_features': 20, 'min_samples_leaf': 15}
[2023-12-30T13:37:08.935+0500] {subprocess.py:93} INFO - 0.17613636363636365
[2023-12-30T13:37:08.935+0500] {subprocess.py:93} INFO - {'max_depth': 20, 'max_features': 30, 'min_samples_leaf': 5}
[2023-12-30T13:37:08.935+0500] {subprocess.py:93} INFO - 0.3025568181818182
[2023-12-30T13:37:08.935+0500] {subprocess.py:93} INFO - {'max_depth': 20, 'max_features': 30, 'min_samples_leaf': 10}
[2023-12-30T13:37:08.935+0500] {subprocess.py:93} INFO - 0.27698863636363635
[2023-12-30T13:37:08.935+0500] {subprocess.py:93} INFO - {'max_depth': 20, 'max_features': 30, 'min_samples_leaf': 15}
[2023-12-30T13:37:08.935+0500] {subprocess.py:93} INFO - 0.2840909090909091
[2023-12-30T13:37:08.935+0500] {subprocess.py:93} INFO - {'max_depth': 30, 'max_features': 10, 'min_samples_leaf': 5}
[2023-12-30T13:37:08.935+0500] {subprocess.py:93} INFO - 0.22301136363636365
[2023-12-30T13:37:08.936+0500] {subprocess.py:93} INFO - {'max_depth': 30, 'max_features': 10, 'min_samples_leaf': 10}
[2023-12-30T13:37:08.936+0500] {subprocess.py:93} INFO - 0.25142045454545453
[2023-12-30T13:37:08.936+0500] {subprocess.py:93} INFO - {'max_depth': 30, 'max_features': 10, 'min_samples_leaf': 15}
[2023-12-30T13:37:08.936+0500] {subprocess.py:93} INFO - 0.16761363636363635
[2023-12-30T13:37:08.936+0500] {subprocess.py:93} INFO - {'max_depth': 30, 'max_features': 20, 'min_samples_leaf': 5}
[2023-12-30T13:37:08.936+0500] {subprocess.py:93} INFO - 0.3522727272727273
[2023-12-30T13:37:08.936+0500] {subprocess.py:93} INFO - {'max_depth': 30, 'max_features': 20, 'min_samples_leaf': 10}
[2023-12-30T13:37:08.936+0500] {subprocess.py:93} INFO - 0.3252840909090909
[2023-12-30T13:37:08.936+0500] {subprocess.py:93} INFO - {'max_depth': 30, 'max_features': 20, 'min_samples_leaf': 15}
[2023-12-30T13:37:08.936+0500] {subprocess.py:93} INFO - 0.14488636363636365
[2023-12-30T13:37:08.936+0500] {subprocess.py:93} INFO - {'max_depth': 30, 'max_features': 30, 'min_samples_leaf': 5}
[2023-12-30T13:37:08.936+0500] {subprocess.py:93} INFO - 0.40482954545454547
[2023-12-30T13:37:08.936+0500] {subprocess.py:93} INFO - {'max_depth': 30, 'max_features': 30, 'min_samples_leaf': 10}
[2023-12-30T13:37:08.937+0500] {subprocess.py:93} INFO - 0.3224431818181818
[2023-12-30T13:37:08.937+0500] {subprocess.py:93} INFO - {'max_depth': 30, 'max_features': 30, 'min_samples_leaf': 15}
[2023-12-30T13:37:08.937+0500] {subprocess.py:93} INFO - 0.234375
[2023-12-30T13:37:08.937+0500] {subprocess.py:93} INFO - TESTEST BEST EXPEREMENT:      f7cb07aa01b34a5b874d24aab1f6c792
[2023-12-30T13:37:09.588+0500] {subprocess.py:97} INFO - Command exited with return code 0
[2023-12-30T13:37:09.746+0500] {taskinstance.py:1400} INFO - Marking task as SUCCESS. dag_id=KOH, task_id=data_ml, execution_date=20231230T082825, start_date=20231230T083535, end_date=20231230T083709
[2023-12-30T13:37:09.901+0500] {local_task_job_runner.py:228} INFO - Task exited with return code 0
[2023-12-30T13:37:09.915+0500] {taskinstance.py:2778} INFO - 1 downstream tasks scheduled from follow-on schedule check
