[2023-12-28T21:04:59.582+0500] {taskinstance.py:1159} INFO - Dependencies all met for dep_context=non-requeueable deps ti=<TaskInstance: KOH.evaluate manual__2023-12-28T16:04:19.941108+00:00 [queued]>
[2023-12-28T21:04:59.588+0500] {taskinstance.py:1159} INFO - Dependencies all met for dep_context=requeueable deps ti=<TaskInstance: KOH.evaluate manual__2023-12-28T16:04:19.941108+00:00 [queued]>
[2023-12-28T21:04:59.588+0500] {taskinstance.py:1361} INFO - Starting attempt 1 of 2
[2023-12-28T21:04:59.608+0500] {taskinstance.py:1382} INFO - Executing <Task(BashOperator): evaluate> on 2023-12-28 16:04:19.941108+00:00
[2023-12-28T21:04:59.610+0500] {standard_task_runner.py:57} INFO - Started process 15246 to run task
[2023-12-28T21:04:59.613+0500] {standard_task_runner.py:84} INFO - Running: ['airflow', 'tasks', 'run', 'KOH', 'evaluate', 'manual__2023-12-28T16:04:19.941108+00:00', '--job-id', '274', '--raw', '--subdir', 'DAGS_FOLDER/text.py', '--cfg-path', '/tmp/tmpb1ke3aer']
[2023-12-28T21:04:59.614+0500] {standard_task_runner.py:85} INFO - Job 274: Subtask evaluate
[2023-12-28T21:04:59.645+0500] {task_command.py:416} INFO - Running <TaskInstance: KOH.evaluate manual__2023-12-28T16:04:19.941108+00:00 [running]> on host vm2.myguest.virtualbox.org
[2023-12-28T21:04:59.699+0500] {taskinstance.py:1662} INFO - Exporting env vars: AIRFLOW_CTX_DAG_OWNER='Admin' AIRFLOW_CTX_DAG_ID='KOH' AIRFLOW_CTX_TASK_ID='evaluate' AIRFLOW_CTX_EXECUTION_DATE='2023-12-28T16:04:19.941108+00:00' AIRFLOW_CTX_TRY_NUMBER='1' AIRFLOW_CTX_DAG_RUN_ID='manual__2023-12-28T16:04:19.941108+00:00'
[2023-12-28T21:04:59.700+0500] {subprocess.py:63} INFO - Tmp dir root location: /tmp
[2023-12-28T21:04:59.700+0500] {subprocess.py:75} INFO - Running command: ['/usr/bin/bash', '-c', 'cd /home/kda/ML_lab3/MLops_lab3/ && python /home/kda/ML_lab3/MLops_lab3/scripts/evaluate.py']
[2023-12-28T21:04:59.706+0500] {subprocess.py:86} INFO - Output:
[2023-12-28T21:05:03.961+0500] {subprocess.py:93} INFO - Registered model 'tree' already exists. Creating a new version of this model...
[2023-12-28T21:05:04.101+0500] {subprocess.py:93} INFO - 2023/12/28 21:05:04 INFO mlflow.store.model_registry.abstract_store: Waiting up to 300 seconds for model version to finish creation. Model name: tree, version 84
[2023-12-28T21:05:04.101+0500] {subprocess.py:93} INFO - Created version '84' of model 'tree'.
[2023-12-28T21:05:05.822+0500] {subprocess.py:93} INFO - /home/kda/ML_lab3/MLops_lab3/lab3/lib/python3.10/site-packages/_distutils_hack/__init__.py:18: UserWarning: Distutils was imported before Setuptools, but importing Setuptools also replaces the `distutils` module in `sys.modules`. This may lead to undesirable behaviors or errors. To avoid these issues, avoid using distutils directly, ensure that setuptools is installed in the traditional way (e.g. not an editable install), and/or make sure that setuptools is always imported before distutils.
[2023-12-28T21:05:05.822+0500] {subprocess.py:93} INFO -   warnings.warn(
[2023-12-28T21:05:05.822+0500] {subprocess.py:93} INFO - /home/kda/ML_lab3/MLops_lab3/lab3/lib/python3.10/site-packages/_distutils_hack/__init__.py:33: UserWarning: Setuptools is replacing distutils.
[2023-12-28T21:05:05.823+0500] {subprocess.py:93} INFO -   warnings.warn("Setuptools is replacing distutils.")
[2023-12-28T21:05:05.941+0500] {subprocess.py:93} INFO - Registered model 'tree' already exists. Creating a new version of this model...
[2023-12-28T21:05:06.036+0500] {subprocess.py:93} INFO - 2023/12/28 21:05:06 INFO mlflow.store.model_registry.abstract_store: Waiting up to 300 seconds for model version to finish creation. Model name: tree, version 85
[2023-12-28T21:05:06.036+0500] {subprocess.py:93} INFO - Created version '85' of model 'tree'.
[2023-12-28T21:05:07.736+0500] {subprocess.py:93} INFO - /home/kda/ML_lab3/MLops_lab3/lab3/lib/python3.10/site-packages/_distutils_hack/__init__.py:18: UserWarning: Distutils was imported before Setuptools, but importing Setuptools also replaces the `distutils` module in `sys.modules`. This may lead to undesirable behaviors or errors. To avoid these issues, avoid using distutils directly, ensure that setuptools is installed in the traditional way (e.g. not an editable install), and/or make sure that setuptools is always imported before distutils.
[2023-12-28T21:05:07.737+0500] {subprocess.py:93} INFO -   warnings.warn(
[2023-12-28T21:05:07.737+0500] {subprocess.py:93} INFO - /home/kda/ML_lab3/MLops_lab3/lab3/lib/python3.10/site-packages/_distutils_hack/__init__.py:33: UserWarning: Setuptools is replacing distutils.
[2023-12-28T21:05:07.737+0500] {subprocess.py:93} INFO -   warnings.warn("Setuptools is replacing distutils.")
[2023-12-28T21:05:07.783+0500] {subprocess.py:93} INFO - Registered model 'tree' already exists. Creating a new version of this model...
[2023-12-28T21:05:07.826+0500] {subprocess.py:93} INFO - 2023/12/28 21:05:07 INFO mlflow.store.model_registry.abstract_store: Waiting up to 300 seconds for model version to finish creation. Model name: tree, version 86
[2023-12-28T21:05:07.826+0500] {subprocess.py:93} INFO - Created version '86' of model 'tree'.
[2023-12-28T21:05:09.522+0500] {subprocess.py:93} INFO - /home/kda/ML_lab3/MLops_lab3/lab3/lib/python3.10/site-packages/_distutils_hack/__init__.py:18: UserWarning: Distutils was imported before Setuptools, but importing Setuptools also replaces the `distutils` module in `sys.modules`. This may lead to undesirable behaviors or errors. To avoid these issues, avoid using distutils directly, ensure that setuptools is installed in the traditional way (e.g. not an editable install), and/or make sure that setuptools is always imported before distutils.
[2023-12-28T21:05:09.523+0500] {subprocess.py:93} INFO -   warnings.warn(
[2023-12-28T21:05:09.523+0500] {subprocess.py:93} INFO - /home/kda/ML_lab3/MLops_lab3/lab3/lib/python3.10/site-packages/_distutils_hack/__init__.py:33: UserWarning: Setuptools is replacing distutils.
[2023-12-28T21:05:09.523+0500] {subprocess.py:93} INFO -   warnings.warn("Setuptools is replacing distutils.")
[2023-12-28T21:05:09.606+0500] {subprocess.py:93} INFO - Registered model 'tree' already exists. Creating a new version of this model...
[2023-12-28T21:05:09.696+0500] {subprocess.py:93} INFO - 2023/12/28 21:05:09 INFO mlflow.store.model_registry.abstract_store: Waiting up to 300 seconds for model version to finish creation. Model name: tree, version 87
[2023-12-28T21:05:09.697+0500] {subprocess.py:93} INFO - Created version '87' of model 'tree'.
[2023-12-28T21:05:11.325+0500] {subprocess.py:93} INFO - /home/kda/ML_lab3/MLops_lab3/lab3/lib/python3.10/site-packages/_distutils_hack/__init__.py:18: UserWarning: Distutils was imported before Setuptools, but importing Setuptools also replaces the `distutils` module in `sys.modules`. This may lead to undesirable behaviors or errors. To avoid these issues, avoid using distutils directly, ensure that setuptools is installed in the traditional way (e.g. not an editable install), and/or make sure that setuptools is always imported before distutils.
[2023-12-28T21:05:11.325+0500] {subprocess.py:93} INFO -   warnings.warn(
[2023-12-28T21:05:11.326+0500] {subprocess.py:93} INFO - /home/kda/ML_lab3/MLops_lab3/lab3/lib/python3.10/site-packages/_distutils_hack/__init__.py:33: UserWarning: Setuptools is replacing distutils.
[2023-12-28T21:05:11.326+0500] {subprocess.py:93} INFO -   warnings.warn("Setuptools is replacing distutils.")
[2023-12-28T21:05:11.362+0500] {subprocess.py:93} INFO - Registered model 'tree' already exists. Creating a new version of this model...
[2023-12-28T21:05:11.394+0500] {subprocess.py:93} INFO - 2023/12/28 21:05:11 INFO mlflow.store.model_registry.abstract_store: Waiting up to 300 seconds for model version to finish creation. Model name: tree, version 88
[2023-12-28T21:05:11.394+0500] {subprocess.py:93} INFO - Created version '88' of model 'tree'.
[2023-12-28T21:05:12.975+0500] {subprocess.py:93} INFO - /home/kda/ML_lab3/MLops_lab3/lab3/lib/python3.10/site-packages/_distutils_hack/__init__.py:18: UserWarning: Distutils was imported before Setuptools, but importing Setuptools also replaces the `distutils` module in `sys.modules`. This may lead to undesirable behaviors or errors. To avoid these issues, avoid using distutils directly, ensure that setuptools is installed in the traditional way (e.g. not an editable install), and/or make sure that setuptools is always imported before distutils.
[2023-12-28T21:05:12.976+0500] {subprocess.py:93} INFO -   warnings.warn(
[2023-12-28T21:05:12.976+0500] {subprocess.py:93} INFO - /home/kda/ML_lab3/MLops_lab3/lab3/lib/python3.10/site-packages/_distutils_hack/__init__.py:33: UserWarning: Setuptools is replacing distutils.
[2023-12-28T21:05:12.976+0500] {subprocess.py:93} INFO -   warnings.warn("Setuptools is replacing distutils.")
[2023-12-28T21:05:13.011+0500] {subprocess.py:93} INFO - Registered model 'tree' already exists. Creating a new version of this model...
[2023-12-28T21:05:13.043+0500] {subprocess.py:93} INFO - 2023/12/28 21:05:13 INFO mlflow.store.model_registry.abstract_store: Waiting up to 300 seconds for model version to finish creation. Model name: tree, version 89
[2023-12-28T21:05:13.043+0500] {subprocess.py:93} INFO - Created version '89' of model 'tree'.
[2023-12-28T21:05:14.892+0500] {subprocess.py:93} INFO - /home/kda/ML_lab3/MLops_lab3/lab3/lib/python3.10/site-packages/_distutils_hack/__init__.py:18: UserWarning: Distutils was imported before Setuptools, but importing Setuptools also replaces the `distutils` module in `sys.modules`. This may lead to undesirable behaviors or errors. To avoid these issues, avoid using distutils directly, ensure that setuptools is installed in the traditional way (e.g. not an editable install), and/or make sure that setuptools is always imported before distutils.
[2023-12-28T21:05:14.892+0500] {subprocess.py:93} INFO -   warnings.warn(
[2023-12-28T21:05:14.893+0500] {subprocess.py:93} INFO - /home/kda/ML_lab3/MLops_lab3/lab3/lib/python3.10/site-packages/_distutils_hack/__init__.py:33: UserWarning: Setuptools is replacing distutils.
[2023-12-28T21:05:14.893+0500] {subprocess.py:93} INFO -   warnings.warn("Setuptools is replacing distutils.")
[2023-12-28T21:05:14.937+0500] {subprocess.py:93} INFO - Registered model 'tree' already exists. Creating a new version of this model...
[2023-12-28T21:05:14.988+0500] {subprocess.py:93} INFO - 2023/12/28 21:05:14 INFO mlflow.store.model_registry.abstract_store: Waiting up to 300 seconds for model version to finish creation. Model name: tree, version 90
[2023-12-28T21:05:14.989+0500] {subprocess.py:93} INFO - Created version '90' of model 'tree'.
[2023-12-28T21:05:16.740+0500] {subprocess.py:93} INFO - /home/kda/ML_lab3/MLops_lab3/lab3/lib/python3.10/site-packages/_distutils_hack/__init__.py:18: UserWarning: Distutils was imported before Setuptools, but importing Setuptools also replaces the `distutils` module in `sys.modules`. This may lead to undesirable behaviors or errors. To avoid these issues, avoid using distutils directly, ensure that setuptools is installed in the traditional way (e.g. not an editable install), and/or make sure that setuptools is always imported before distutils.
[2023-12-28T21:05:16.740+0500] {subprocess.py:93} INFO -   warnings.warn(
[2023-12-28T21:05:16.740+0500] {subprocess.py:93} INFO - /home/kda/ML_lab3/MLops_lab3/lab3/lib/python3.10/site-packages/_distutils_hack/__init__.py:33: UserWarning: Setuptools is replacing distutils.
[2023-12-28T21:05:16.740+0500] {subprocess.py:93} INFO -   warnings.warn("Setuptools is replacing distutils.")
[2023-12-28T21:05:16.778+0500] {subprocess.py:93} INFO - Registered model 'tree' already exists. Creating a new version of this model...
[2023-12-28T21:05:16.812+0500] {subprocess.py:93} INFO - 2023/12/28 21:05:16 INFO mlflow.store.model_registry.abstract_store: Waiting up to 300 seconds for model version to finish creation. Model name: tree, version 91
[2023-12-28T21:05:16.812+0500] {subprocess.py:93} INFO - Created version '91' of model 'tree'.
[2023-12-28T21:05:18.456+0500] {subprocess.py:93} INFO - /home/kda/ML_lab3/MLops_lab3/lab3/lib/python3.10/site-packages/_distutils_hack/__init__.py:18: UserWarning: Distutils was imported before Setuptools, but importing Setuptools also replaces the `distutils` module in `sys.modules`. This may lead to undesirable behaviors or errors. To avoid these issues, avoid using distutils directly, ensure that setuptools is installed in the traditional way (e.g. not an editable install), and/or make sure that setuptools is always imported before distutils.
[2023-12-28T21:05:18.456+0500] {subprocess.py:93} INFO -   warnings.warn(
[2023-12-28T21:05:18.457+0500] {subprocess.py:93} INFO - /home/kda/ML_lab3/MLops_lab3/lab3/lib/python3.10/site-packages/_distutils_hack/__init__.py:33: UserWarning: Setuptools is replacing distutils.
[2023-12-28T21:05:18.457+0500] {subprocess.py:93} INFO -   warnings.warn("Setuptools is replacing distutils.")
[2023-12-28T21:05:18.507+0500] {subprocess.py:93} INFO - Registered model 'tree' already exists. Creating a new version of this model...
[2023-12-28T21:05:18.540+0500] {subprocess.py:93} INFO - 2023/12/28 21:05:18 INFO mlflow.store.model_registry.abstract_store: Waiting up to 300 seconds for model version to finish creation. Model name: tree, version 92
[2023-12-28T21:05:18.540+0500] {subprocess.py:93} INFO - Created version '92' of model 'tree'.
[2023-12-28T21:05:20.078+0500] {subprocess.py:93} INFO - /home/kda/ML_lab3/MLops_lab3/lab3/lib/python3.10/site-packages/_distutils_hack/__init__.py:18: UserWarning: Distutils was imported before Setuptools, but importing Setuptools also replaces the `distutils` module in `sys.modules`. This may lead to undesirable behaviors or errors. To avoid these issues, avoid using distutils directly, ensure that setuptools is installed in the traditional way (e.g. not an editable install), and/or make sure that setuptools is always imported before distutils.
[2023-12-28T21:05:20.079+0500] {subprocess.py:93} INFO -   warnings.warn(
[2023-12-28T21:05:20.079+0500] {subprocess.py:93} INFO - /home/kda/ML_lab3/MLops_lab3/lab3/lib/python3.10/site-packages/_distutils_hack/__init__.py:33: UserWarning: Setuptools is replacing distutils.
[2023-12-28T21:05:20.079+0500] {subprocess.py:93} INFO -   warnings.warn("Setuptools is replacing distutils.")
[2023-12-28T21:05:20.115+0500] {subprocess.py:93} INFO - Registered model 'tree' already exists. Creating a new version of this model...
[2023-12-28T21:05:20.151+0500] {subprocess.py:93} INFO - 2023/12/28 21:05:20 INFO mlflow.store.model_registry.abstract_store: Waiting up to 300 seconds for model version to finish creation. Model name: tree, version 93
[2023-12-28T21:05:20.151+0500] {subprocess.py:93} INFO - Created version '93' of model 'tree'.
[2023-12-28T21:05:21.721+0500] {subprocess.py:93} INFO - /home/kda/ML_lab3/MLops_lab3/lab3/lib/python3.10/site-packages/_distutils_hack/__init__.py:18: UserWarning: Distutils was imported before Setuptools, but importing Setuptools also replaces the `distutils` module in `sys.modules`. This may lead to undesirable behaviors or errors. To avoid these issues, avoid using distutils directly, ensure that setuptools is installed in the traditional way (e.g. not an editable install), and/or make sure that setuptools is always imported before distutils.
[2023-12-28T21:05:21.721+0500] {subprocess.py:93} INFO -   warnings.warn(
[2023-12-28T21:05:21.721+0500] {subprocess.py:93} INFO - /home/kda/ML_lab3/MLops_lab3/lab3/lib/python3.10/site-packages/_distutils_hack/__init__.py:33: UserWarning: Setuptools is replacing distutils.
[2023-12-28T21:05:21.721+0500] {subprocess.py:93} INFO -   warnings.warn("Setuptools is replacing distutils.")
[2023-12-28T21:05:21.758+0500] {subprocess.py:93} INFO - Registered model 'tree' already exists. Creating a new version of this model...
[2023-12-28T21:05:21.789+0500] {subprocess.py:93} INFO - 2023/12/28 21:05:21 INFO mlflow.store.model_registry.abstract_store: Waiting up to 300 seconds for model version to finish creation. Model name: tree, version 94
[2023-12-28T21:05:21.789+0500] {subprocess.py:93} INFO - Created version '94' of model 'tree'.
[2023-12-28T21:05:23.336+0500] {subprocess.py:93} INFO - /home/kda/ML_lab3/MLops_lab3/lab3/lib/python3.10/site-packages/_distutils_hack/__init__.py:18: UserWarning: Distutils was imported before Setuptools, but importing Setuptools also replaces the `distutils` module in `sys.modules`. This may lead to undesirable behaviors or errors. To avoid these issues, avoid using distutils directly, ensure that setuptools is installed in the traditional way (e.g. not an editable install), and/or make sure that setuptools is always imported before distutils.
[2023-12-28T21:05:23.336+0500] {subprocess.py:93} INFO -   warnings.warn(
[2023-12-28T21:05:23.336+0500] {subprocess.py:93} INFO - /home/kda/ML_lab3/MLops_lab3/lab3/lib/python3.10/site-packages/_distutils_hack/__init__.py:33: UserWarning: Setuptools is replacing distutils.
[2023-12-28T21:05:23.336+0500] {subprocess.py:93} INFO -   warnings.warn("Setuptools is replacing distutils.")
[2023-12-28T21:05:23.373+0500] {subprocess.py:93} INFO - Registered model 'tree' already exists. Creating a new version of this model...
[2023-12-28T21:05:23.404+0500] {subprocess.py:93} INFO - 2023/12/28 21:05:23 INFO mlflow.store.model_registry.abstract_store: Waiting up to 300 seconds for model version to finish creation. Model name: tree, version 95
[2023-12-28T21:05:23.404+0500] {subprocess.py:93} INFO - Created version '95' of model 'tree'.
[2023-12-28T21:05:25.079+0500] {subprocess.py:93} INFO - /home/kda/ML_lab3/MLops_lab3/lab3/lib/python3.10/site-packages/_distutils_hack/__init__.py:18: UserWarning: Distutils was imported before Setuptools, but importing Setuptools also replaces the `distutils` module in `sys.modules`. This may lead to undesirable behaviors or errors. To avoid these issues, avoid using distutils directly, ensure that setuptools is installed in the traditional way (e.g. not an editable install), and/or make sure that setuptools is always imported before distutils.
[2023-12-28T21:05:25.079+0500] {subprocess.py:93} INFO -   warnings.warn(
[2023-12-28T21:05:25.080+0500] {subprocess.py:93} INFO - /home/kda/ML_lab3/MLops_lab3/lab3/lib/python3.10/site-packages/_distutils_hack/__init__.py:33: UserWarning: Setuptools is replacing distutils.
[2023-12-28T21:05:25.080+0500] {subprocess.py:93} INFO -   warnings.warn("Setuptools is replacing distutils.")
[2023-12-28T21:05:25.120+0500] {subprocess.py:93} INFO - Registered model 'tree' already exists. Creating a new version of this model...
[2023-12-28T21:05:25.155+0500] {subprocess.py:93} INFO - 2023/12/28 21:05:25 INFO mlflow.store.model_registry.abstract_store: Waiting up to 300 seconds for model version to finish creation. Model name: tree, version 96
[2023-12-28T21:05:25.155+0500] {subprocess.py:93} INFO - Created version '96' of model 'tree'.
[2023-12-28T21:05:26.895+0500] {subprocess.py:93} INFO - /home/kda/ML_lab3/MLops_lab3/lab3/lib/python3.10/site-packages/_distutils_hack/__init__.py:18: UserWarning: Distutils was imported before Setuptools, but importing Setuptools also replaces the `distutils` module in `sys.modules`. This may lead to undesirable behaviors or errors. To avoid these issues, avoid using distutils directly, ensure that setuptools is installed in the traditional way (e.g. not an editable install), and/or make sure that setuptools is always imported before distutils.
[2023-12-28T21:05:26.896+0500] {subprocess.py:93} INFO -   warnings.warn(
[2023-12-28T21:05:26.896+0500] {subprocess.py:93} INFO - /home/kda/ML_lab3/MLops_lab3/lab3/lib/python3.10/site-packages/_distutils_hack/__init__.py:33: UserWarning: Setuptools is replacing distutils.
[2023-12-28T21:05:26.896+0500] {subprocess.py:93} INFO -   warnings.warn("Setuptools is replacing distutils.")
[2023-12-28T21:05:27.055+0500] {subprocess.py:93} INFO - Registered model 'tree' already exists. Creating a new version of this model...
[2023-12-28T21:05:27.143+0500] {subprocess.py:93} INFO - 2023/12/28 21:05:27 INFO mlflow.store.model_registry.abstract_store: Waiting up to 300 seconds for model version to finish creation. Model name: tree, version 97
[2023-12-28T21:05:27.143+0500] {subprocess.py:93} INFO - Created version '97' of model 'tree'.
[2023-12-28T21:05:29.046+0500] {subprocess.py:93} INFO - /home/kda/ML_lab3/MLops_lab3/lab3/lib/python3.10/site-packages/_distutils_hack/__init__.py:18: UserWarning: Distutils was imported before Setuptools, but importing Setuptools also replaces the `distutils` module in `sys.modules`. This may lead to undesirable behaviors or errors. To avoid these issues, avoid using distutils directly, ensure that setuptools is installed in the traditional way (e.g. not an editable install), and/or make sure that setuptools is always imported before distutils.
[2023-12-28T21:05:29.046+0500] {subprocess.py:93} INFO -   warnings.warn(
[2023-12-28T21:05:29.046+0500] {subprocess.py:93} INFO - /home/kda/ML_lab3/MLops_lab3/lab3/lib/python3.10/site-packages/_distutils_hack/__init__.py:33: UserWarning: Setuptools is replacing distutils.
[2023-12-28T21:05:29.046+0500] {subprocess.py:93} INFO -   warnings.warn("Setuptools is replacing distutils.")
[2023-12-28T21:05:29.080+0500] {subprocess.py:93} INFO - Registered model 'tree' already exists. Creating a new version of this model...
[2023-12-28T21:05:29.112+0500] {subprocess.py:93} INFO - 2023/12/28 21:05:29 INFO mlflow.store.model_registry.abstract_store: Waiting up to 300 seconds for model version to finish creation. Model name: tree, version 98
[2023-12-28T21:05:29.112+0500] {subprocess.py:93} INFO - Created version '98' of model 'tree'.
[2023-12-28T21:05:30.776+0500] {subprocess.py:93} INFO - /home/kda/ML_lab3/MLops_lab3/lab3/lib/python3.10/site-packages/_distutils_hack/__init__.py:18: UserWarning: Distutils was imported before Setuptools, but importing Setuptools also replaces the `distutils` module in `sys.modules`. This may lead to undesirable behaviors or errors. To avoid these issues, avoid using distutils directly, ensure that setuptools is installed in the traditional way (e.g. not an editable install), and/or make sure that setuptools is always imported before distutils.
[2023-12-28T21:05:30.776+0500] {subprocess.py:93} INFO -   warnings.warn(
[2023-12-28T21:05:30.776+0500] {subprocess.py:93} INFO - /home/kda/ML_lab3/MLops_lab3/lab3/lib/python3.10/site-packages/_distutils_hack/__init__.py:33: UserWarning: Setuptools is replacing distutils.
[2023-12-28T21:05:30.776+0500] {subprocess.py:93} INFO -   warnings.warn("Setuptools is replacing distutils.")
[2023-12-28T21:05:30.813+0500] {subprocess.py:93} INFO - Registered model 'tree' already exists. Creating a new version of this model...
[2023-12-28T21:05:30.850+0500] {subprocess.py:93} INFO - 2023/12/28 21:05:30 INFO mlflow.store.model_registry.abstract_store: Waiting up to 300 seconds for model version to finish creation. Model name: tree, version 99
[2023-12-28T21:05:30.850+0500] {subprocess.py:93} INFO - Created version '99' of model 'tree'.
[2023-12-28T21:05:32.467+0500] {subprocess.py:93} INFO - /home/kda/ML_lab3/MLops_lab3/lab3/lib/python3.10/site-packages/_distutils_hack/__init__.py:18: UserWarning: Distutils was imported before Setuptools, but importing Setuptools also replaces the `distutils` module in `sys.modules`. This may lead to undesirable behaviors or errors. To avoid these issues, avoid using distutils directly, ensure that setuptools is installed in the traditional way (e.g. not an editable install), and/or make sure that setuptools is always imported before distutils.
[2023-12-28T21:05:32.467+0500] {subprocess.py:93} INFO -   warnings.warn(
[2023-12-28T21:05:32.468+0500] {subprocess.py:93} INFO - /home/kda/ML_lab3/MLops_lab3/lab3/lib/python3.10/site-packages/_distutils_hack/__init__.py:33: UserWarning: Setuptools is replacing distutils.
[2023-12-28T21:05:32.468+0500] {subprocess.py:93} INFO -   warnings.warn("Setuptools is replacing distutils.")
[2023-12-28T21:05:32.501+0500] {subprocess.py:93} INFO - Registered model 'tree' already exists. Creating a new version of this model...
[2023-12-28T21:05:32.534+0500] {subprocess.py:93} INFO - 2023/12/28 21:05:32 INFO mlflow.store.model_registry.abstract_store: Waiting up to 300 seconds for model version to finish creation. Model name: tree, version 100
[2023-12-28T21:05:32.535+0500] {subprocess.py:93} INFO - Created version '100' of model 'tree'.
[2023-12-28T21:05:34.170+0500] {subprocess.py:93} INFO - /home/kda/ML_lab3/MLops_lab3/lab3/lib/python3.10/site-packages/_distutils_hack/__init__.py:18: UserWarning: Distutils was imported before Setuptools, but importing Setuptools also replaces the `distutils` module in `sys.modules`. This may lead to undesirable behaviors or errors. To avoid these issues, avoid using distutils directly, ensure that setuptools is installed in the traditional way (e.g. not an editable install), and/or make sure that setuptools is always imported before distutils.
[2023-12-28T21:05:34.170+0500] {subprocess.py:93} INFO -   warnings.warn(
[2023-12-28T21:05:34.170+0500] {subprocess.py:93} INFO - /home/kda/ML_lab3/MLops_lab3/lab3/lib/python3.10/site-packages/_distutils_hack/__init__.py:33: UserWarning: Setuptools is replacing distutils.
[2023-12-28T21:05:34.170+0500] {subprocess.py:93} INFO -   warnings.warn("Setuptools is replacing distutils.")
[2023-12-28T21:05:34.205+0500] {subprocess.py:93} INFO - Registered model 'tree' already exists. Creating a new version of this model...
[2023-12-28T21:05:34.239+0500] {subprocess.py:93} INFO - 2023/12/28 21:05:34 INFO mlflow.store.model_registry.abstract_store: Waiting up to 300 seconds for model version to finish creation. Model name: tree, version 101
[2023-12-28T21:05:34.240+0500] {subprocess.py:93} INFO - Created version '101' of model 'tree'.
[2023-12-28T21:05:35.890+0500] {subprocess.py:93} INFO - /home/kda/ML_lab3/MLops_lab3/lab3/lib/python3.10/site-packages/_distutils_hack/__init__.py:18: UserWarning: Distutils was imported before Setuptools, but importing Setuptools also replaces the `distutils` module in `sys.modules`. This may lead to undesirable behaviors or errors. To avoid these issues, avoid using distutils directly, ensure that setuptools is installed in the traditional way (e.g. not an editable install), and/or make sure that setuptools is always imported before distutils.
[2023-12-28T21:05:35.890+0500] {subprocess.py:93} INFO -   warnings.warn(
[2023-12-28T21:05:35.890+0500] {subprocess.py:93} INFO - /home/kda/ML_lab3/MLops_lab3/lab3/lib/python3.10/site-packages/_distutils_hack/__init__.py:33: UserWarning: Setuptools is replacing distutils.
[2023-12-28T21:05:35.890+0500] {subprocess.py:93} INFO -   warnings.warn("Setuptools is replacing distutils.")
[2023-12-28T21:05:35.921+0500] {subprocess.py:93} INFO - Registered model 'tree' already exists. Creating a new version of this model...
[2023-12-28T21:05:35.956+0500] {subprocess.py:93} INFO - 2023/12/28 21:05:35 INFO mlflow.store.model_registry.abstract_store: Waiting up to 300 seconds for model version to finish creation. Model name: tree, version 102
[2023-12-28T21:05:35.956+0500] {subprocess.py:93} INFO - Created version '102' of model 'tree'.
[2023-12-28T21:05:37.610+0500] {subprocess.py:93} INFO - /home/kda/ML_lab3/MLops_lab3/lab3/lib/python3.10/site-packages/_distutils_hack/__init__.py:18: UserWarning: Distutils was imported before Setuptools, but importing Setuptools also replaces the `distutils` module in `sys.modules`. This may lead to undesirable behaviors or errors. To avoid these issues, avoid using distutils directly, ensure that setuptools is installed in the traditional way (e.g. not an editable install), and/or make sure that setuptools is always imported before distutils.
[2023-12-28T21:05:37.610+0500] {subprocess.py:93} INFO -   warnings.warn(
[2023-12-28T21:05:37.610+0500] {subprocess.py:93} INFO - /home/kda/ML_lab3/MLops_lab3/lab3/lib/python3.10/site-packages/_distutils_hack/__init__.py:33: UserWarning: Setuptools is replacing distutils.
[2023-12-28T21:05:37.610+0500] {subprocess.py:93} INFO -   warnings.warn("Setuptools is replacing distutils.")
[2023-12-28T21:05:37.641+0500] {subprocess.py:93} INFO - Registered model 'tree' already exists. Creating a new version of this model...
[2023-12-28T21:05:37.678+0500] {subprocess.py:93} INFO - 2023/12/28 21:05:37 INFO mlflow.store.model_registry.abstract_store: Waiting up to 300 seconds for model version to finish creation. Model name: tree, version 103
[2023-12-28T21:05:37.678+0500] {subprocess.py:93} INFO - Created version '103' of model 'tree'.
[2023-12-28T21:05:39.258+0500] {subprocess.py:93} INFO - /home/kda/ML_lab3/MLops_lab3/lab3/lib/python3.10/site-packages/_distutils_hack/__init__.py:18: UserWarning: Distutils was imported before Setuptools, but importing Setuptools also replaces the `distutils` module in `sys.modules`. This may lead to undesirable behaviors or errors. To avoid these issues, avoid using distutils directly, ensure that setuptools is installed in the traditional way (e.g. not an editable install), and/or make sure that setuptools is always imported before distutils.
[2023-12-28T21:05:39.259+0500] {subprocess.py:93} INFO -   warnings.warn(
[2023-12-28T21:05:39.259+0500] {subprocess.py:93} INFO - /home/kda/ML_lab3/MLops_lab3/lab3/lib/python3.10/site-packages/_distutils_hack/__init__.py:33: UserWarning: Setuptools is replacing distutils.
[2023-12-28T21:05:39.259+0500] {subprocess.py:93} INFO -   warnings.warn("Setuptools is replacing distutils.")
[2023-12-28T21:05:39.301+0500] {subprocess.py:93} INFO - Registered model 'tree' already exists. Creating a new version of this model...
[2023-12-28T21:05:39.334+0500] {subprocess.py:93} INFO - 2023/12/28 21:05:39 INFO mlflow.store.model_registry.abstract_store: Waiting up to 300 seconds for model version to finish creation. Model name: tree, version 104
[2023-12-28T21:05:39.335+0500] {subprocess.py:93} INFO - Created version '104' of model 'tree'.
[2023-12-28T21:05:41.014+0500] {subprocess.py:93} INFO - /home/kda/ML_lab3/MLops_lab3/lab3/lib/python3.10/site-packages/_distutils_hack/__init__.py:18: UserWarning: Distutils was imported before Setuptools, but importing Setuptools also replaces the `distutils` module in `sys.modules`. This may lead to undesirable behaviors or errors. To avoid these issues, avoid using distutils directly, ensure that setuptools is installed in the traditional way (e.g. not an editable install), and/or make sure that setuptools is always imported before distutils.
[2023-12-28T21:05:41.015+0500] {subprocess.py:93} INFO -   warnings.warn(
[2023-12-28T21:05:41.015+0500] {subprocess.py:93} INFO - /home/kda/ML_lab3/MLops_lab3/lab3/lib/python3.10/site-packages/_distutils_hack/__init__.py:33: UserWarning: Setuptools is replacing distutils.
[2023-12-28T21:05:41.015+0500] {subprocess.py:93} INFO -   warnings.warn("Setuptools is replacing distutils.")
[2023-12-28T21:05:41.050+0500] {subprocess.py:93} INFO - Registered model 'tree' already exists. Creating a new version of this model...
[2023-12-28T21:05:41.081+0500] {subprocess.py:93} INFO - 2023/12/28 21:05:41 INFO mlflow.store.model_registry.abstract_store: Waiting up to 300 seconds for model version to finish creation. Model name: tree, version 105
[2023-12-28T21:05:41.081+0500] {subprocess.py:93} INFO - Created version '105' of model 'tree'.
[2023-12-28T21:05:42.686+0500] {subprocess.py:93} INFO - /home/kda/ML_lab3/MLops_lab3/lab3/lib/python3.10/site-packages/_distutils_hack/__init__.py:18: UserWarning: Distutils was imported before Setuptools, but importing Setuptools also replaces the `distutils` module in `sys.modules`. This may lead to undesirable behaviors or errors. To avoid these issues, avoid using distutils directly, ensure that setuptools is installed in the traditional way (e.g. not an editable install), and/or make sure that setuptools is always imported before distutils.
[2023-12-28T21:05:42.686+0500] {subprocess.py:93} INFO -   warnings.warn(
[2023-12-28T21:05:42.687+0500] {subprocess.py:93} INFO - /home/kda/ML_lab3/MLops_lab3/lab3/lib/python3.10/site-packages/_distutils_hack/__init__.py:33: UserWarning: Setuptools is replacing distutils.
[2023-12-28T21:05:42.687+0500] {subprocess.py:93} INFO -   warnings.warn("Setuptools is replacing distutils.")
[2023-12-28T21:05:42.722+0500] {subprocess.py:93} INFO - Registered model 'tree' already exists. Creating a new version of this model...
[2023-12-28T21:05:42.754+0500] {subprocess.py:93} INFO - 2023/12/28 21:05:42 INFO mlflow.store.model_registry.abstract_store: Waiting up to 300 seconds for model version to finish creation. Model name: tree, version 106
[2023-12-28T21:05:42.754+0500] {subprocess.py:93} INFO - Created version '106' of model 'tree'.
[2023-12-28T21:05:44.313+0500] {subprocess.py:93} INFO - /home/kda/ML_lab3/MLops_lab3/lab3/lib/python3.10/site-packages/_distutils_hack/__init__.py:18: UserWarning: Distutils was imported before Setuptools, but importing Setuptools also replaces the `distutils` module in `sys.modules`. This may lead to undesirable behaviors or errors. To avoid these issues, avoid using distutils directly, ensure that setuptools is installed in the traditional way (e.g. not an editable install), and/or make sure that setuptools is always imported before distutils.
[2023-12-28T21:05:44.314+0500] {subprocess.py:93} INFO -   warnings.warn(
[2023-12-28T21:05:44.314+0500] {subprocess.py:93} INFO - /home/kda/ML_lab3/MLops_lab3/lab3/lib/python3.10/site-packages/_distutils_hack/__init__.py:33: UserWarning: Setuptools is replacing distutils.
[2023-12-28T21:05:44.314+0500] {subprocess.py:93} INFO -   warnings.warn("Setuptools is replacing distutils.")
[2023-12-28T21:05:44.347+0500] {subprocess.py:93} INFO - Registered model 'tree' already exists. Creating a new version of this model...
[2023-12-28T21:05:44.377+0500] {subprocess.py:93} INFO - 2023/12/28 21:05:44 INFO mlflow.store.model_registry.abstract_store: Waiting up to 300 seconds for model version to finish creation. Model name: tree, version 107
[2023-12-28T21:05:44.377+0500] {subprocess.py:93} INFO - Created version '107' of model 'tree'.
[2023-12-28T21:05:46.077+0500] {subprocess.py:93} INFO - /home/kda/ML_lab3/MLops_lab3/lab3/lib/python3.10/site-packages/_distutils_hack/__init__.py:18: UserWarning: Distutils was imported before Setuptools, but importing Setuptools also replaces the `distutils` module in `sys.modules`. This may lead to undesirable behaviors or errors. To avoid these issues, avoid using distutils directly, ensure that setuptools is installed in the traditional way (e.g. not an editable install), and/or make sure that setuptools is always imported before distutils.
[2023-12-28T21:05:46.077+0500] {subprocess.py:93} INFO -   warnings.warn(
[2023-12-28T21:05:46.078+0500] {subprocess.py:93} INFO - /home/kda/ML_lab3/MLops_lab3/lab3/lib/python3.10/site-packages/_distutils_hack/__init__.py:33: UserWarning: Setuptools is replacing distutils.
[2023-12-28T21:05:46.078+0500] {subprocess.py:93} INFO -   warnings.warn("Setuptools is replacing distutils.")
[2023-12-28T21:05:46.191+0500] {subprocess.py:93} INFO - Registered model 'tree' already exists. Creating a new version of this model...
[2023-12-28T21:05:46.233+0500] {subprocess.py:93} INFO - 2023/12/28 21:05:46 INFO mlflow.store.model_registry.abstract_store: Waiting up to 300 seconds for model version to finish creation. Model name: tree, version 108
[2023-12-28T21:05:46.233+0500] {subprocess.py:93} INFO - Created version '108' of model 'tree'.
[2023-12-28T21:05:47.861+0500] {subprocess.py:93} INFO - /home/kda/ML_lab3/MLops_lab3/lab3/lib/python3.10/site-packages/_distutils_hack/__init__.py:18: UserWarning: Distutils was imported before Setuptools, but importing Setuptools also replaces the `distutils` module in `sys.modules`. This may lead to undesirable behaviors or errors. To avoid these issues, avoid using distutils directly, ensure that setuptools is installed in the traditional way (e.g. not an editable install), and/or make sure that setuptools is always imported before distutils.
[2023-12-28T21:05:47.861+0500] {subprocess.py:93} INFO -   warnings.warn(
[2023-12-28T21:05:47.862+0500] {subprocess.py:93} INFO - /home/kda/ML_lab3/MLops_lab3/lab3/lib/python3.10/site-packages/_distutils_hack/__init__.py:33: UserWarning: Setuptools is replacing distutils.
[2023-12-28T21:05:47.862+0500] {subprocess.py:93} INFO -   warnings.warn("Setuptools is replacing distutils.")
[2023-12-28T21:05:47.900+0500] {subprocess.py:93} INFO - Registered model 'tree' already exists. Creating a new version of this model...
[2023-12-28T21:05:47.929+0500] {subprocess.py:93} INFO - 2023/12/28 21:05:47 INFO mlflow.store.model_registry.abstract_store: Waiting up to 300 seconds for model version to finish creation. Model name: tree, version 109
[2023-12-28T21:05:47.930+0500] {subprocess.py:93} INFO - Created version '109' of model 'tree'.
[2023-12-28T21:05:49.662+0500] {subprocess.py:93} INFO - /home/kda/ML_lab3/MLops_lab3/lab3/lib/python3.10/site-packages/_distutils_hack/__init__.py:18: UserWarning: Distutils was imported before Setuptools, but importing Setuptools also replaces the `distutils` module in `sys.modules`. This may lead to undesirable behaviors or errors. To avoid these issues, avoid using distutils directly, ensure that setuptools is installed in the traditional way (e.g. not an editable install), and/or make sure that setuptools is always imported before distutils.
[2023-12-28T21:05:49.662+0500] {subprocess.py:93} INFO -   warnings.warn(
[2023-12-28T21:05:49.662+0500] {subprocess.py:93} INFO - /home/kda/ML_lab3/MLops_lab3/lab3/lib/python3.10/site-packages/_distutils_hack/__init__.py:33: UserWarning: Setuptools is replacing distutils.
[2023-12-28T21:05:49.662+0500] {subprocess.py:93} INFO -   warnings.warn("Setuptools is replacing distutils.")
[2023-12-28T21:05:49.693+0500] {subprocess.py:93} INFO - Registered model 'tree' already exists. Creating a new version of this model...
[2023-12-28T21:05:49.726+0500] {subprocess.py:93} INFO - 2023/12/28 21:05:49 INFO mlflow.store.model_registry.abstract_store: Waiting up to 300 seconds for model version to finish creation. Model name: tree, version 110
[2023-12-28T21:05:49.726+0500] {subprocess.py:93} INFO - Created version '110' of model 'tree'.
[2023-12-28T21:05:49.835+0500] {subprocess.py:93} INFO - <class 'pandas.core.frame.DataFrame'>
[2023-12-28T21:05:49.836+0500] {subprocess.py:93} INFO - RangeIndex: 704 entries, 0 to 703
[2023-12-28T21:05:49.836+0500] {subprocess.py:93} INFO - Columns: 220 entries, Price (in USD) to i8
[2023-12-28T21:05:49.836+0500] {subprocess.py:93} INFO - dtypes: bool(212), float64(2), int64(6)
[2023-12-28T21:05:49.836+0500] {subprocess.py:93} INFO - memory usage: 189.9 KB
[2023-12-28T21:05:49.836+0500] {subprocess.py:93} INFO - {'max_depth': 10, 'max_features': 10, 'min_samples_leaf': 5}
[2023-12-28T21:05:49.836+0500] {subprocess.py:93} INFO - 0.09801136363636363
[2023-12-28T21:05:49.836+0500] {subprocess.py:93} INFO - {'max_depth': 10, 'max_features': 10, 'min_samples_leaf': 10}
[2023-12-28T21:05:49.836+0500] {subprocess.py:93} INFO - 0.13494318181818182
[2023-12-28T21:05:49.836+0500] {subprocess.py:93} INFO - {'max_depth': 10, 'max_features': 10, 'min_samples_leaf': 15}
[2023-12-28T21:05:49.836+0500] {subprocess.py:93} INFO - 0.12357954545454546
[2023-12-28T21:05:49.836+0500] {subprocess.py:93} INFO - {'max_depth': 10, 'max_features': 20, 'min_samples_leaf': 5}
[2023-12-28T21:05:49.836+0500] {subprocess.py:93} INFO - 0.2215909090909091
[2023-12-28T21:05:49.836+0500] {subprocess.py:93} INFO - {'max_depth': 10, 'max_features': 20, 'min_samples_leaf': 10}
[2023-12-28T21:05:49.836+0500] {subprocess.py:93} INFO - 0.18181818181818182
[2023-12-28T21:05:49.836+0500] {subprocess.py:93} INFO - {'max_depth': 10, 'max_features': 20, 'min_samples_leaf': 15}
[2023-12-28T21:05:49.836+0500] {subprocess.py:93} INFO - 0.18039772727272727
[2023-12-28T21:05:49.837+0500] {subprocess.py:93} INFO - {'max_depth': 10, 'max_features': 30, 'min_samples_leaf': 5}
[2023-12-28T21:05:49.837+0500] {subprocess.py:93} INFO - 0.1747159090909091
[2023-12-28T21:05:49.837+0500] {subprocess.py:93} INFO - {'max_depth': 10, 'max_features': 30, 'min_samples_leaf': 10}
[2023-12-28T21:05:49.837+0500] {subprocess.py:93} INFO - 0.20454545454545456
[2023-12-28T21:05:49.837+0500] {subprocess.py:93} INFO - {'max_depth': 10, 'max_features': 30, 'min_samples_leaf': 15}
[2023-12-28T21:05:49.837+0500] {subprocess.py:93} INFO - 0.19744318181818182
[2023-12-28T21:05:49.837+0500] {subprocess.py:93} INFO - {'max_depth': 20, 'max_features': 10, 'min_samples_leaf': 5}
[2023-12-28T21:05:49.837+0500] {subprocess.py:93} INFO - 0.2571022727272727
[2023-12-28T21:05:49.837+0500] {subprocess.py:93} INFO - {'max_depth': 20, 'max_features': 10, 'min_samples_leaf': 10}
[2023-12-28T21:05:49.837+0500] {subprocess.py:93} INFO - 0.2315340909090909
[2023-12-28T21:05:49.837+0500] {subprocess.py:93} INFO - {'max_depth': 20, 'max_features': 10, 'min_samples_leaf': 15}
[2023-12-28T21:05:49.837+0500] {subprocess.py:93} INFO - 0.032670454545454544
[2023-12-28T21:05:49.837+0500] {subprocess.py:93} INFO - {'max_depth': 20, 'max_features': 20, 'min_samples_leaf': 5}
[2023-12-28T21:05:49.837+0500] {subprocess.py:93} INFO - 0.2911931818181818
[2023-12-28T21:05:49.837+0500] {subprocess.py:93} INFO - {'max_depth': 20, 'max_features': 20, 'min_samples_leaf': 10}
[2023-12-28T21:05:49.837+0500] {subprocess.py:93} INFO - 0.2869318181818182
[2023-12-28T21:05:49.837+0500] {subprocess.py:93} INFO - {'max_depth': 20, 'max_features': 20, 'min_samples_leaf': 15}
[2023-12-28T21:05:49.837+0500] {subprocess.py:93} INFO - 0.14914772727272727
[2023-12-28T21:05:49.838+0500] {subprocess.py:93} INFO - {'max_depth': 20, 'max_features': 30, 'min_samples_leaf': 5}
[2023-12-28T21:05:49.838+0500] {subprocess.py:93} INFO - 0.36363636363636365
[2023-12-28T21:05:49.838+0500] {subprocess.py:93} INFO - {'max_depth': 20, 'max_features': 30, 'min_samples_leaf': 10}
[2023-12-28T21:05:49.838+0500] {subprocess.py:93} INFO - 0.3125
[2023-12-28T21:05:49.838+0500] {subprocess.py:93} INFO - {'max_depth': 20, 'max_features': 30, 'min_samples_leaf': 15}
[2023-12-28T21:05:49.838+0500] {subprocess.py:93} INFO - 0.2627840909090909
[2023-12-28T21:05:49.838+0500] {subprocess.py:93} INFO - {'max_depth': 30, 'max_features': 10, 'min_samples_leaf': 5}
[2023-12-28T21:05:49.838+0500] {subprocess.py:93} INFO - 0.19886363636363635
[2023-12-28T21:05:49.838+0500] {subprocess.py:93} INFO - {'max_depth': 30, 'max_features': 10, 'min_samples_leaf': 10}
[2023-12-28T21:05:49.838+0500] {subprocess.py:93} INFO - 0.09232954545454546
[2023-12-28T21:05:49.838+0500] {subprocess.py:93} INFO - {'max_depth': 30, 'max_features': 10, 'min_samples_leaf': 15}
[2023-12-28T21:05:49.838+0500] {subprocess.py:93} INFO - 0.032670454545454544
[2023-12-28T21:05:49.838+0500] {subprocess.py:93} INFO - {'max_depth': 30, 'max_features': 20, 'min_samples_leaf': 5}
[2023-12-28T21:05:49.838+0500] {subprocess.py:93} INFO - 0.359375
[2023-12-28T21:05:49.838+0500] {subprocess.py:93} INFO - {'max_depth': 30, 'max_features': 20, 'min_samples_leaf': 10}
[2023-12-28T21:05:49.838+0500] {subprocess.py:93} INFO - 0.2883522727272727
[2023-12-28T21:05:49.838+0500] {subprocess.py:93} INFO - {'max_depth': 30, 'max_features': 20, 'min_samples_leaf': 15}
[2023-12-28T21:05:49.838+0500] {subprocess.py:93} INFO - 0.18892045454545456
[2023-12-28T21:05:49.839+0500] {subprocess.py:93} INFO - {'max_depth': 30, 'max_features': 30, 'min_samples_leaf': 5}
[2023-12-28T21:05:49.839+0500] {subprocess.py:93} INFO - 0.13352272727272727
[2023-12-28T21:05:49.839+0500] {subprocess.py:93} INFO - {'max_depth': 30, 'max_features': 30, 'min_samples_leaf': 10}
[2023-12-28T21:05:49.839+0500] {subprocess.py:93} INFO - 0.30113636363636365
[2023-12-28T21:05:49.839+0500] {subprocess.py:93} INFO - {'max_depth': 30, 'max_features': 30, 'min_samples_leaf': 15}
[2023-12-28T21:05:49.839+0500] {subprocess.py:93} INFO - 0.1590909090909091
[2023-12-28T21:05:49.839+0500] {subprocess.py:93} INFO -      Price (in USD)  Unnamed: 0.2  Unnamed: 0.1  ...  Z4 M40i  Z4 Roadster     i8
[2023-12-28T21:05:49.839+0500] {subprocess.py:93} INFO - 0             67600           912           912  ...    False        False  False
[2023-12-28T21:05:49.839+0500] {subprocess.py:93} INFO - 1             81250           843           843  ...    False        False  False
[2023-12-28T21:05:49.839+0500] {subprocess.py:93} INFO - 2             69000           293           293  ...    False        False  False
[2023-12-28T21:05:49.839+0500] {subprocess.py:93} INFO - 3            180000           554           554  ...    False        False  False
[2023-12-28T21:05:49.839+0500] {subprocess.py:93} INFO - 4             64695           581           581  ...    False        False  False
[2023-12-28T21:05:49.839+0500] {subprocess.py:93} INFO - ..              ...           ...           ...  ...      ...          ...    ...
[2023-12-28T21:05:49.839+0500] {subprocess.py:93} INFO - 298          250000           951           951  ...    False        False  False
[2023-12-28T21:05:49.839+0500] {subprocess.py:93} INFO - 299         2600000           523           523  ...    False        False  False
[2023-12-28T21:05:49.840+0500] {subprocess.py:93} INFO - 300          103500            61            61  ...    False        False  False
[2023-12-28T21:05:49.840+0500] {subprocess.py:93} INFO - 301          157500           355           355  ...    False        False  False
[2023-12-28T21:05:49.840+0500] {subprocess.py:93} INFO - 302          200000           335           335  ...    False        False  False
[2023-12-28T21:05:49.840+0500] {subprocess.py:93} INFO - 
[2023-12-28T21:05:49.840+0500] {subprocess.py:93} INFO - [303 rows x 220 columns]
[2023-12-28T21:05:50.149+0500] {subprocess.py:97} INFO - Command exited with return code 0
[2023-12-28T21:05:50.171+0500] {taskinstance.py:1400} INFO - Marking task as SUCCESS. dag_id=KOH, task_id=evaluate, execution_date=20231228T160419, start_date=20231228T160459, end_date=20231228T160550
[2023-12-28T21:05:50.215+0500] {local_task_job_runner.py:228} INFO - Task exited with return code 0
[2023-12-28T21:05:50.230+0500] {taskinstance.py:2778} INFO - 0 downstream tasks scheduled from follow-on schedule check
