[2023-12-28T20:47:07.598+0500] {taskinstance.py:1159} INFO - Dependencies all met for dep_context=non-requeueable deps ti=<TaskInstance: KOH.evaluate manual__2023-12-28T15:46:05.383663+00:00 [queued]>
[2023-12-28T20:47:07.606+0500] {taskinstance.py:1159} INFO - Dependencies all met for dep_context=requeueable deps ti=<TaskInstance: KOH.evaluate manual__2023-12-28T15:46:05.383663+00:00 [queued]>
[2023-12-28T20:47:07.607+0500] {taskinstance.py:1361} INFO - Starting attempt 1 of 2
[2023-12-28T20:47:07.632+0500] {taskinstance.py:1382} INFO - Executing <Task(BashOperator): evaluate> on 2023-12-28 15:46:05.383663+00:00
[2023-12-28T20:47:07.638+0500] {standard_task_runner.py:57} INFO - Started process 13105 to run task
[2023-12-28T20:47:07.644+0500] {standard_task_runner.py:84} INFO - Running: ['airflow', 'tasks', 'run', 'KOH', 'evaluate', 'manual__2023-12-28T15:46:05.383663+00:00', '--job-id', '259', '--raw', '--subdir', 'DAGS_FOLDER/text.py', '--cfg-path', '/tmp/tmphn9_ja68']
[2023-12-28T20:47:07.645+0500] {standard_task_runner.py:85} INFO - Job 259: Subtask evaluate
[2023-12-28T20:47:07.717+0500] {task_command.py:416} INFO - Running <TaskInstance: KOH.evaluate manual__2023-12-28T15:46:05.383663+00:00 [running]> on host vm2.myguest.virtualbox.org
[2023-12-28T20:47:07.841+0500] {taskinstance.py:1662} INFO - Exporting env vars: AIRFLOW_CTX_DAG_OWNER='Admin' AIRFLOW_CTX_DAG_ID='KOH' AIRFLOW_CTX_TASK_ID='evaluate' AIRFLOW_CTX_EXECUTION_DATE='2023-12-28T15:46:05.383663+00:00' AIRFLOW_CTX_TRY_NUMBER='1' AIRFLOW_CTX_DAG_RUN_ID='manual__2023-12-28T15:46:05.383663+00:00'
[2023-12-28T20:47:07.842+0500] {subprocess.py:63} INFO - Tmp dir root location: /tmp
[2023-12-28T20:47:07.843+0500] {subprocess.py:75} INFO - Running command: ['/usr/bin/bash', '-c', 'cd /home/kda/ML_lab3/MLops_lab3/ && python /home/kda/ML_lab3/MLops_lab3/scripts/evaluate.py']
[2023-12-28T20:47:07.856+0500] {subprocess.py:86} INFO - Output:
[2023-12-28T20:47:10.213+0500] {subprocess.py:93} INFO - 2023/12/28 20:47:10 INFO mlflow.tracking.fluent: Experiment with name 'tree_model' does not exist. Creating a new experiment.
[2023-12-28T20:47:15.476+0500] {subprocess.py:93} INFO - Successfully registered model 'tree'.
[2023-12-28T20:47:15.572+0500] {subprocess.py:93} INFO - 2023/12/28 20:47:15 INFO mlflow.store.model_registry.abstract_store: Waiting up to 300 seconds for model version to finish creation. Model name: tree, version 1
[2023-12-28T20:47:15.573+0500] {subprocess.py:93} INFO - Created version '1' of model 'tree'.
[2023-12-28T20:47:19.592+0500] {subprocess.py:93} INFO - /home/kda/ML_lab3/MLops_lab3/lab3/lib/python3.10/site-packages/_distutils_hack/__init__.py:18: UserWarning: Distutils was imported before Setuptools, but importing Setuptools also replaces the `distutils` module in `sys.modules`. This may lead to undesirable behaviors or errors. To avoid these issues, avoid using distutils directly, ensure that setuptools is installed in the traditional way (e.g. not an editable install), and/or make sure that setuptools is always imported before distutils.
[2023-12-28T20:47:19.593+0500] {subprocess.py:93} INFO -   warnings.warn(
[2023-12-28T20:47:19.593+0500] {subprocess.py:93} INFO - /home/kda/ML_lab3/MLops_lab3/lab3/lib/python3.10/site-packages/_distutils_hack/__init__.py:33: UserWarning: Setuptools is replacing distutils.
[2023-12-28T20:47:19.593+0500] {subprocess.py:93} INFO -   warnings.warn("Setuptools is replacing distutils.")
[2023-12-28T20:47:20.059+0500] {subprocess.py:93} INFO - Registered model 'tree' already exists. Creating a new version of this model...
[2023-12-28T20:47:20.121+0500] {subprocess.py:93} INFO - 2023/12/28 20:47:20 INFO mlflow.store.model_registry.abstract_store: Waiting up to 300 seconds for model version to finish creation. Model name: tree, version 2
[2023-12-28T20:47:20.121+0500] {subprocess.py:93} INFO - Created version '2' of model 'tree'.
[2023-12-28T20:47:22.023+0500] {subprocess.py:93} INFO - /home/kda/ML_lab3/MLops_lab3/lab3/lib/python3.10/site-packages/_distutils_hack/__init__.py:18: UserWarning: Distutils was imported before Setuptools, but importing Setuptools also replaces the `distutils` module in `sys.modules`. This may lead to undesirable behaviors or errors. To avoid these issues, avoid using distutils directly, ensure that setuptools is installed in the traditional way (e.g. not an editable install), and/or make sure that setuptools is always imported before distutils.
[2023-12-28T20:47:22.026+0500] {subprocess.py:93} INFO -   warnings.warn(
[2023-12-28T20:47:22.029+0500] {subprocess.py:93} INFO - /home/kda/ML_lab3/MLops_lab3/lab3/lib/python3.10/site-packages/_distutils_hack/__init__.py:33: UserWarning: Setuptools is replacing distutils.
[2023-12-28T20:47:22.029+0500] {subprocess.py:93} INFO -   warnings.warn("Setuptools is replacing distutils.")
[2023-12-28T20:47:22.114+0500] {subprocess.py:93} INFO - Registered model 'tree' already exists. Creating a new version of this model...
[2023-12-28T20:47:22.182+0500] {subprocess.py:93} INFO - 2023/12/28 20:47:22 INFO mlflow.store.model_registry.abstract_store: Waiting up to 300 seconds for model version to finish creation. Model name: tree, version 3
[2023-12-28T20:47:22.183+0500] {subprocess.py:93} INFO - Created version '3' of model 'tree'.
[2023-12-28T20:47:25.484+0500] {subprocess.py:93} INFO - /home/kda/ML_lab3/MLops_lab3/lab3/lib/python3.10/site-packages/_distutils_hack/__init__.py:18: UserWarning: Distutils was imported before Setuptools, but importing Setuptools also replaces the `distutils` module in `sys.modules`. This may lead to undesirable behaviors or errors. To avoid these issues, avoid using distutils directly, ensure that setuptools is installed in the traditional way (e.g. not an editable install), and/or make sure that setuptools is always imported before distutils.
[2023-12-28T20:47:25.484+0500] {subprocess.py:93} INFO -   warnings.warn(
[2023-12-28T20:47:25.485+0500] {subprocess.py:93} INFO - /home/kda/ML_lab3/MLops_lab3/lab3/lib/python3.10/site-packages/_distutils_hack/__init__.py:33: UserWarning: Setuptools is replacing distutils.
[2023-12-28T20:47:25.485+0500] {subprocess.py:93} INFO -   warnings.warn("Setuptools is replacing distutils.")
[2023-12-28T20:47:25.562+0500] {subprocess.py:93} INFO - Registered model 'tree' already exists. Creating a new version of this model...
[2023-12-28T20:47:25.895+0500] {subprocess.py:93} INFO - 2023/12/28 20:47:25 INFO mlflow.store.model_registry.abstract_store: Waiting up to 300 seconds for model version to finish creation. Model name: tree, version 4
[2023-12-28T20:47:25.895+0500] {subprocess.py:93} INFO - Created version '4' of model 'tree'.
[2023-12-28T20:47:27.812+0500] {subprocess.py:93} INFO - /home/kda/ML_lab3/MLops_lab3/lab3/lib/python3.10/site-packages/_distutils_hack/__init__.py:18: UserWarning: Distutils was imported before Setuptools, but importing Setuptools also replaces the `distutils` module in `sys.modules`. This may lead to undesirable behaviors or errors. To avoid these issues, avoid using distutils directly, ensure that setuptools is installed in the traditional way (e.g. not an editable install), and/or make sure that setuptools is always imported before distutils.
[2023-12-28T20:47:27.813+0500] {subprocess.py:93} INFO -   warnings.warn(
[2023-12-28T20:47:27.813+0500] {subprocess.py:93} INFO - /home/kda/ML_lab3/MLops_lab3/lab3/lib/python3.10/site-packages/_distutils_hack/__init__.py:33: UserWarning: Setuptools is replacing distutils.
[2023-12-28T20:47:27.813+0500] {subprocess.py:93} INFO -   warnings.warn("Setuptools is replacing distutils.")
[2023-12-28T20:47:27.901+0500] {subprocess.py:93} INFO - Registered model 'tree' already exists. Creating a new version of this model...
[2023-12-28T20:47:28.015+0500] {subprocess.py:93} INFO - 2023/12/28 20:47:28 INFO mlflow.store.model_registry.abstract_store: Waiting up to 300 seconds for model version to finish creation. Model name: tree, version 5
[2023-12-28T20:47:28.016+0500] {subprocess.py:93} INFO - Created version '5' of model 'tree'.
[2023-12-28T20:47:30.599+0500] {subprocess.py:93} INFO - /home/kda/ML_lab3/MLops_lab3/lab3/lib/python3.10/site-packages/_distutils_hack/__init__.py:18: UserWarning: Distutils was imported before Setuptools, but importing Setuptools also replaces the `distutils` module in `sys.modules`. This may lead to undesirable behaviors or errors. To avoid these issues, avoid using distutils directly, ensure that setuptools is installed in the traditional way (e.g. not an editable install), and/or make sure that setuptools is always imported before distutils.
[2023-12-28T20:47:30.599+0500] {subprocess.py:93} INFO -   warnings.warn(
[2023-12-28T20:47:30.599+0500] {subprocess.py:93} INFO - /home/kda/ML_lab3/MLops_lab3/lab3/lib/python3.10/site-packages/_distutils_hack/__init__.py:33: UserWarning: Setuptools is replacing distutils.
[2023-12-28T20:47:30.599+0500] {subprocess.py:93} INFO -   warnings.warn("Setuptools is replacing distutils.")
[2023-12-28T20:47:30.721+0500] {subprocess.py:93} INFO - Registered model 'tree' already exists. Creating a new version of this model...
[2023-12-28T20:47:30.796+0500] {subprocess.py:93} INFO - 2023/12/28 20:47:30 INFO mlflow.store.model_registry.abstract_store: Waiting up to 300 seconds for model version to finish creation. Model name: tree, version 6
[2023-12-28T20:47:30.796+0500] {subprocess.py:93} INFO - Created version '6' of model 'tree'.
[2023-12-28T20:47:33.717+0500] {subprocess.py:93} INFO - /home/kda/ML_lab3/MLops_lab3/lab3/lib/python3.10/site-packages/_distutils_hack/__init__.py:18: UserWarning: Distutils was imported before Setuptools, but importing Setuptools also replaces the `distutils` module in `sys.modules`. This may lead to undesirable behaviors or errors. To avoid these issues, avoid using distutils directly, ensure that setuptools is installed in the traditional way (e.g. not an editable install), and/or make sure that setuptools is always imported before distutils.
[2023-12-28T20:47:33.717+0500] {subprocess.py:93} INFO -   warnings.warn(
[2023-12-28T20:47:33.717+0500] {subprocess.py:93} INFO - /home/kda/ML_lab3/MLops_lab3/lab3/lib/python3.10/site-packages/_distutils_hack/__init__.py:33: UserWarning: Setuptools is replacing distutils.
[2023-12-28T20:47:33.717+0500] {subprocess.py:93} INFO -   warnings.warn("Setuptools is replacing distutils.")
[2023-12-28T20:47:33.869+0500] {subprocess.py:93} INFO - Registered model 'tree' already exists. Creating a new version of this model...
[2023-12-28T20:47:33.950+0500] {subprocess.py:93} INFO - 2023/12/28 20:47:33 INFO mlflow.store.model_registry.abstract_store: Waiting up to 300 seconds for model version to finish creation. Model name: tree, version 7
[2023-12-28T20:47:33.950+0500] {subprocess.py:93} INFO - Created version '7' of model 'tree'.
[2023-12-28T20:47:36.620+0500] {subprocess.py:93} INFO - /home/kda/ML_lab3/MLops_lab3/lab3/lib/python3.10/site-packages/_distutils_hack/__init__.py:18: UserWarning: Distutils was imported before Setuptools, but importing Setuptools also replaces the `distutils` module in `sys.modules`. This may lead to undesirable behaviors or errors. To avoid these issues, avoid using distutils directly, ensure that setuptools is installed in the traditional way (e.g. not an editable install), and/or make sure that setuptools is always imported before distutils.
[2023-12-28T20:47:36.620+0500] {subprocess.py:93} INFO -   warnings.warn(
[2023-12-28T20:47:36.620+0500] {subprocess.py:93} INFO - /home/kda/ML_lab3/MLops_lab3/lab3/lib/python3.10/site-packages/_distutils_hack/__init__.py:33: UserWarning: Setuptools is replacing distutils.
[2023-12-28T20:47:36.620+0500] {subprocess.py:93} INFO -   warnings.warn("Setuptools is replacing distutils.")
[2023-12-28T20:47:36.736+0500] {subprocess.py:93} INFO - Registered model 'tree' already exists. Creating a new version of this model...
[2023-12-28T20:47:36.840+0500] {subprocess.py:93} INFO - 2023/12/28 20:47:36 INFO mlflow.store.model_registry.abstract_store: Waiting up to 300 seconds for model version to finish creation. Model name: tree, version 8
[2023-12-28T20:47:36.841+0500] {subprocess.py:93} INFO - Created version '8' of model 'tree'.
[2023-12-28T20:47:39.881+0500] {subprocess.py:93} INFO - /home/kda/ML_lab3/MLops_lab3/lab3/lib/python3.10/site-packages/_distutils_hack/__init__.py:18: UserWarning: Distutils was imported before Setuptools, but importing Setuptools also replaces the `distutils` module in `sys.modules`. This may lead to undesirable behaviors or errors. To avoid these issues, avoid using distutils directly, ensure that setuptools is installed in the traditional way (e.g. not an editable install), and/or make sure that setuptools is always imported before distutils.
[2023-12-28T20:47:39.882+0500] {subprocess.py:93} INFO -   warnings.warn(
[2023-12-28T20:47:39.882+0500] {subprocess.py:93} INFO - /home/kda/ML_lab3/MLops_lab3/lab3/lib/python3.10/site-packages/_distutils_hack/__init__.py:33: UserWarning: Setuptools is replacing distutils.
[2023-12-28T20:47:39.882+0500] {subprocess.py:93} INFO -   warnings.warn("Setuptools is replacing distutils.")
[2023-12-28T20:47:39.986+0500] {subprocess.py:93} INFO - Registered model 'tree' already exists. Creating a new version of this model...
[2023-12-28T20:47:40.040+0500] {subprocess.py:93} INFO - 2023/12/28 20:47:40 INFO mlflow.store.model_registry.abstract_store: Waiting up to 300 seconds for model version to finish creation. Model name: tree, version 9
[2023-12-28T20:47:40.040+0500] {subprocess.py:93} INFO - Created version '9' of model 'tree'.
[2023-12-28T20:47:42.684+0500] {subprocess.py:93} INFO - /home/kda/ML_lab3/MLops_lab3/lab3/lib/python3.10/site-packages/_distutils_hack/__init__.py:18: UserWarning: Distutils was imported before Setuptools, but importing Setuptools also replaces the `distutils` module in `sys.modules`. This may lead to undesirable behaviors or errors. To avoid these issues, avoid using distutils directly, ensure that setuptools is installed in the traditional way (e.g. not an editable install), and/or make sure that setuptools is always imported before distutils.
[2023-12-28T20:47:42.685+0500] {subprocess.py:93} INFO -   warnings.warn(
[2023-12-28T20:47:42.685+0500] {subprocess.py:93} INFO - /home/kda/ML_lab3/MLops_lab3/lab3/lib/python3.10/site-packages/_distutils_hack/__init__.py:33: UserWarning: Setuptools is replacing distutils.
[2023-12-28T20:47:42.685+0500] {subprocess.py:93} INFO -   warnings.warn("Setuptools is replacing distutils.")
[2023-12-28T20:47:42.740+0500] {subprocess.py:93} INFO - Registered model 'tree' already exists. Creating a new version of this model...
[2023-12-28T20:47:42.816+0500] {subprocess.py:93} INFO - 2023/12/28 20:47:42 INFO mlflow.store.model_registry.abstract_store: Waiting up to 300 seconds for model version to finish creation. Model name: tree, version 10
[2023-12-28T20:47:42.816+0500] {subprocess.py:93} INFO - Created version '10' of model 'tree'.
[2023-12-28T20:47:45.372+0500] {subprocess.py:93} INFO - /home/kda/ML_lab3/MLops_lab3/lab3/lib/python3.10/site-packages/_distutils_hack/__init__.py:18: UserWarning: Distutils was imported before Setuptools, but importing Setuptools also replaces the `distutils` module in `sys.modules`. This may lead to undesirable behaviors or errors. To avoid these issues, avoid using distutils directly, ensure that setuptools is installed in the traditional way (e.g. not an editable install), and/or make sure that setuptools is always imported before distutils.
[2023-12-28T20:47:45.373+0500] {subprocess.py:93} INFO -   warnings.warn(
[2023-12-28T20:47:45.373+0500] {subprocess.py:93} INFO - /home/kda/ML_lab3/MLops_lab3/lab3/lib/python3.10/site-packages/_distutils_hack/__init__.py:33: UserWarning: Setuptools is replacing distutils.
[2023-12-28T20:47:45.373+0500] {subprocess.py:93} INFO -   warnings.warn("Setuptools is replacing distutils.")
[2023-12-28T20:47:45.487+0500] {subprocess.py:93} INFO - Registered model 'tree' already exists. Creating a new version of this model...
[2023-12-28T20:47:45.583+0500] {subprocess.py:93} INFO - 2023/12/28 20:47:45 INFO mlflow.store.model_registry.abstract_store: Waiting up to 300 seconds for model version to finish creation. Model name: tree, version 11
[2023-12-28T20:47:45.584+0500] {subprocess.py:93} INFO - Created version '11' of model 'tree'.
[2023-12-28T20:47:48.590+0500] {subprocess.py:93} INFO - /home/kda/ML_lab3/MLops_lab3/lab3/lib/python3.10/site-packages/_distutils_hack/__init__.py:18: UserWarning: Distutils was imported before Setuptools, but importing Setuptools also replaces the `distutils` module in `sys.modules`. This may lead to undesirable behaviors or errors. To avoid these issues, avoid using distutils directly, ensure that setuptools is installed in the traditional way (e.g. not an editable install), and/or make sure that setuptools is always imported before distutils.
[2023-12-28T20:47:48.591+0500] {subprocess.py:93} INFO -   warnings.warn(
[2023-12-28T20:47:48.591+0500] {subprocess.py:93} INFO - /home/kda/ML_lab3/MLops_lab3/lab3/lib/python3.10/site-packages/_distutils_hack/__init__.py:33: UserWarning: Setuptools is replacing distutils.
[2023-12-28T20:47:48.591+0500] {subprocess.py:93} INFO -   warnings.warn("Setuptools is replacing distutils.")
[2023-12-28T20:47:48.720+0500] {subprocess.py:93} INFO - Registered model 'tree' already exists. Creating a new version of this model...
[2023-12-28T20:47:48.787+0500] {subprocess.py:93} INFO - 2023/12/28 20:47:48 INFO mlflow.store.model_registry.abstract_store: Waiting up to 300 seconds for model version to finish creation. Model name: tree, version 12
[2023-12-28T20:47:48.787+0500] {subprocess.py:93} INFO - Created version '12' of model 'tree'.
[2023-12-28T20:47:51.863+0500] {subprocess.py:93} INFO - /home/kda/ML_lab3/MLops_lab3/lab3/lib/python3.10/site-packages/_distutils_hack/__init__.py:18: UserWarning: Distutils was imported before Setuptools, but importing Setuptools also replaces the `distutils` module in `sys.modules`. This may lead to undesirable behaviors or errors. To avoid these issues, avoid using distutils directly, ensure that setuptools is installed in the traditional way (e.g. not an editable install), and/or make sure that setuptools is always imported before distutils.
[2023-12-28T20:47:51.863+0500] {subprocess.py:93} INFO -   warnings.warn(
[2023-12-28T20:47:51.863+0500] {subprocess.py:93} INFO - /home/kda/ML_lab3/MLops_lab3/lab3/lib/python3.10/site-packages/_distutils_hack/__init__.py:33: UserWarning: Setuptools is replacing distutils.
[2023-12-28T20:47:51.863+0500] {subprocess.py:93} INFO -   warnings.warn("Setuptools is replacing distutils.")
[2023-12-28T20:47:52.011+0500] {subprocess.py:93} INFO - Registered model 'tree' already exists. Creating a new version of this model...
[2023-12-28T20:47:52.131+0500] {subprocess.py:93} INFO - 2023/12/28 20:47:52 INFO mlflow.store.model_registry.abstract_store: Waiting up to 300 seconds for model version to finish creation. Model name: tree, version 13
[2023-12-28T20:47:52.132+0500] {subprocess.py:93} INFO - Created version '13' of model 'tree'.
[2023-12-28T20:47:55.832+0500] {subprocess.py:93} INFO - /home/kda/ML_lab3/MLops_lab3/lab3/lib/python3.10/site-packages/_distutils_hack/__init__.py:18: UserWarning: Distutils was imported before Setuptools, but importing Setuptools also replaces the `distutils` module in `sys.modules`. This may lead to undesirable behaviors or errors. To avoid these issues, avoid using distutils directly, ensure that setuptools is installed in the traditional way (e.g. not an editable install), and/or make sure that setuptools is always imported before distutils.
[2023-12-28T20:47:55.832+0500] {subprocess.py:93} INFO -   warnings.warn(
[2023-12-28T20:47:55.832+0500] {subprocess.py:93} INFO - /home/kda/ML_lab3/MLops_lab3/lab3/lib/python3.10/site-packages/_distutils_hack/__init__.py:33: UserWarning: Setuptools is replacing distutils.
[2023-12-28T20:47:55.832+0500] {subprocess.py:93} INFO -   warnings.warn("Setuptools is replacing distutils.")
[2023-12-28T20:47:55.918+0500] {subprocess.py:93} INFO - Registered model 'tree' already exists. Creating a new version of this model...
[2023-12-28T20:47:55.964+0500] {subprocess.py:93} INFO - 2023/12/28 20:47:55 INFO mlflow.store.model_registry.abstract_store: Waiting up to 300 seconds for model version to finish creation. Model name: tree, version 14
[2023-12-28T20:47:55.964+0500] {subprocess.py:93} INFO - Created version '14' of model 'tree'.
[2023-12-28T20:47:58.753+0500] {subprocess.py:93} INFO - /home/kda/ML_lab3/MLops_lab3/lab3/lib/python3.10/site-packages/_distutils_hack/__init__.py:18: UserWarning: Distutils was imported before Setuptools, but importing Setuptools also replaces the `distutils` module in `sys.modules`. This may lead to undesirable behaviors or errors. To avoid these issues, avoid using distutils directly, ensure that setuptools is installed in the traditional way (e.g. not an editable install), and/or make sure that setuptools is always imported before distutils.
[2023-12-28T20:47:58.753+0500] {subprocess.py:93} INFO -   warnings.warn(
[2023-12-28T20:47:58.753+0500] {subprocess.py:93} INFO - /home/kda/ML_lab3/MLops_lab3/lab3/lib/python3.10/site-packages/_distutils_hack/__init__.py:33: UserWarning: Setuptools is replacing distutils.
[2023-12-28T20:47:58.753+0500] {subprocess.py:93} INFO -   warnings.warn("Setuptools is replacing distutils.")
[2023-12-28T20:47:58.836+0500] {subprocess.py:93} INFO - Registered model 'tree' already exists. Creating a new version of this model...
[2023-12-28T20:47:58.965+0500] {subprocess.py:93} INFO - 2023/12/28 20:47:58 INFO mlflow.store.model_registry.abstract_store: Waiting up to 300 seconds for model version to finish creation. Model name: tree, version 15
[2023-12-28T20:47:58.965+0500] {subprocess.py:93} INFO - Created version '15' of model 'tree'.
[2023-12-28T20:48:01.806+0500] {subprocess.py:93} INFO - /home/kda/ML_lab3/MLops_lab3/lab3/lib/python3.10/site-packages/_distutils_hack/__init__.py:18: UserWarning: Distutils was imported before Setuptools, but importing Setuptools also replaces the `distutils` module in `sys.modules`. This may lead to undesirable behaviors or errors. To avoid these issues, avoid using distutils directly, ensure that setuptools is installed in the traditional way (e.g. not an editable install), and/or make sure that setuptools is always imported before distutils.
[2023-12-28T20:48:01.806+0500] {subprocess.py:93} INFO -   warnings.warn(
[2023-12-28T20:48:01.806+0500] {subprocess.py:93} INFO - /home/kda/ML_lab3/MLops_lab3/lab3/lib/python3.10/site-packages/_distutils_hack/__init__.py:33: UserWarning: Setuptools is replacing distutils.
[2023-12-28T20:48:01.806+0500] {subprocess.py:93} INFO -   warnings.warn("Setuptools is replacing distutils.")
[2023-12-28T20:48:01.918+0500] {subprocess.py:93} INFO - Registered model 'tree' already exists. Creating a new version of this model...
[2023-12-28T20:48:02.022+0500] {subprocess.py:93} INFO - 2023/12/28 20:48:02 INFO mlflow.store.model_registry.abstract_store: Waiting up to 300 seconds for model version to finish creation. Model name: tree, version 16
[2023-12-28T20:48:02.023+0500] {subprocess.py:93} INFO - Created version '16' of model 'tree'.
[2023-12-28T20:48:04.855+0500] {subprocess.py:93} INFO - /home/kda/ML_lab3/MLops_lab3/lab3/lib/python3.10/site-packages/_distutils_hack/__init__.py:18: UserWarning: Distutils was imported before Setuptools, but importing Setuptools also replaces the `distutils` module in `sys.modules`. This may lead to undesirable behaviors or errors. To avoid these issues, avoid using distutils directly, ensure that setuptools is installed in the traditional way (e.g. not an editable install), and/or make sure that setuptools is always imported before distutils.
[2023-12-28T20:48:04.855+0500] {subprocess.py:93} INFO -   warnings.warn(
[2023-12-28T20:48:04.855+0500] {subprocess.py:93} INFO - /home/kda/ML_lab3/MLops_lab3/lab3/lib/python3.10/site-packages/_distutils_hack/__init__.py:33: UserWarning: Setuptools is replacing distutils.
[2023-12-28T20:48:04.855+0500] {subprocess.py:93} INFO -   warnings.warn("Setuptools is replacing distutils.")
[2023-12-28T20:48:04.986+0500] {subprocess.py:93} INFO - Registered model 'tree' already exists. Creating a new version of this model...
[2023-12-28T20:48:05.085+0500] {subprocess.py:93} INFO - 2023/12/28 20:48:05 INFO mlflow.store.model_registry.abstract_store: Waiting up to 300 seconds for model version to finish creation. Model name: tree, version 17
[2023-12-28T20:48:05.085+0500] {subprocess.py:93} INFO - Created version '17' of model 'tree'.
[2023-12-28T20:48:07.105+0500] {subprocess.py:93} INFO - /home/kda/ML_lab3/MLops_lab3/lab3/lib/python3.10/site-packages/_distutils_hack/__init__.py:18: UserWarning: Distutils was imported before Setuptools, but importing Setuptools also replaces the `distutils` module in `sys.modules`. This may lead to undesirable behaviors or errors. To avoid these issues, avoid using distutils directly, ensure that setuptools is installed in the traditional way (e.g. not an editable install), and/or make sure that setuptools is always imported before distutils.
[2023-12-28T20:48:07.105+0500] {subprocess.py:93} INFO -   warnings.warn(
[2023-12-28T20:48:07.105+0500] {subprocess.py:93} INFO - /home/kda/ML_lab3/MLops_lab3/lab3/lib/python3.10/site-packages/_distutils_hack/__init__.py:33: UserWarning: Setuptools is replacing distutils.
[2023-12-28T20:48:07.105+0500] {subprocess.py:93} INFO -   warnings.warn("Setuptools is replacing distutils.")
[2023-12-28T20:48:07.180+0500] {subprocess.py:93} INFO - Registered model 'tree' already exists. Creating a new version of this model...
[2023-12-28T20:48:07.280+0500] {subprocess.py:93} INFO - 2023/12/28 20:48:07 INFO mlflow.store.model_registry.abstract_store: Waiting up to 300 seconds for model version to finish creation. Model name: tree, version 18
[2023-12-28T20:48:07.281+0500] {subprocess.py:93} INFO - Created version '18' of model 'tree'.
[2023-12-28T20:48:10.484+0500] {subprocess.py:93} INFO - /home/kda/ML_lab3/MLops_lab3/lab3/lib/python3.10/site-packages/_distutils_hack/__init__.py:18: UserWarning: Distutils was imported before Setuptools, but importing Setuptools also replaces the `distutils` module in `sys.modules`. This may lead to undesirable behaviors or errors. To avoid these issues, avoid using distutils directly, ensure that setuptools is installed in the traditional way (e.g. not an editable install), and/or make sure that setuptools is always imported before distutils.
[2023-12-28T20:48:10.484+0500] {subprocess.py:93} INFO -   warnings.warn(
[2023-12-28T20:48:10.485+0500] {subprocess.py:93} INFO - /home/kda/ML_lab3/MLops_lab3/lab3/lib/python3.10/site-packages/_distutils_hack/__init__.py:33: UserWarning: Setuptools is replacing distutils.
[2023-12-28T20:48:10.485+0500] {subprocess.py:93} INFO -   warnings.warn("Setuptools is replacing distutils.")
[2023-12-28T20:48:10.582+0500] {subprocess.py:93} INFO - Registered model 'tree' already exists. Creating a new version of this model...
[2023-12-28T20:48:10.700+0500] {subprocess.py:93} INFO - 2023/12/28 20:48:10 INFO mlflow.store.model_registry.abstract_store: Waiting up to 300 seconds for model version to finish creation. Model name: tree, version 19
[2023-12-28T20:48:10.700+0500] {subprocess.py:93} INFO - Created version '19' of model 'tree'.
[2023-12-28T20:48:13.685+0500] {subprocess.py:93} INFO - /home/kda/ML_lab3/MLops_lab3/lab3/lib/python3.10/site-packages/_distutils_hack/__init__.py:18: UserWarning: Distutils was imported before Setuptools, but importing Setuptools also replaces the `distutils` module in `sys.modules`. This may lead to undesirable behaviors or errors. To avoid these issues, avoid using distutils directly, ensure that setuptools is installed in the traditional way (e.g. not an editable install), and/or make sure that setuptools is always imported before distutils.
[2023-12-28T20:48:13.685+0500] {subprocess.py:93} INFO -   warnings.warn(
[2023-12-28T20:48:13.690+0500] {subprocess.py:93} INFO - /home/kda/ML_lab3/MLops_lab3/lab3/lib/python3.10/site-packages/_distutils_hack/__init__.py:33: UserWarning: Setuptools is replacing distutils.
[2023-12-28T20:48:13.690+0500] {subprocess.py:93} INFO -   warnings.warn("Setuptools is replacing distutils.")
[2023-12-28T20:48:13.801+0500] {subprocess.py:93} INFO - Registered model 'tree' already exists. Creating a new version of this model...
[2023-12-28T20:48:13.891+0500] {subprocess.py:93} INFO - 2023/12/28 20:48:13 INFO mlflow.store.model_registry.abstract_store: Waiting up to 300 seconds for model version to finish creation. Model name: tree, version 20
[2023-12-28T20:48:13.891+0500] {subprocess.py:93} INFO - Created version '20' of model 'tree'.
[2023-12-28T20:48:15.739+0500] {subprocess.py:93} INFO - /home/kda/ML_lab3/MLops_lab3/lab3/lib/python3.10/site-packages/_distutils_hack/__init__.py:18: UserWarning: Distutils was imported before Setuptools, but importing Setuptools also replaces the `distutils` module in `sys.modules`. This may lead to undesirable behaviors or errors. To avoid these issues, avoid using distutils directly, ensure that setuptools is installed in the traditional way (e.g. not an editable install), and/or make sure that setuptools is always imported before distutils.
[2023-12-28T20:48:15.740+0500] {subprocess.py:93} INFO -   warnings.warn(
[2023-12-28T20:48:15.740+0500] {subprocess.py:93} INFO - /home/kda/ML_lab3/MLops_lab3/lab3/lib/python3.10/site-packages/_distutils_hack/__init__.py:33: UserWarning: Setuptools is replacing distutils.
[2023-12-28T20:48:15.740+0500] {subprocess.py:93} INFO -   warnings.warn("Setuptools is replacing distutils.")
[2023-12-28T20:48:15.790+0500] {subprocess.py:93} INFO - Registered model 'tree' already exists. Creating a new version of this model...
[2023-12-28T20:48:15.837+0500] {subprocess.py:93} INFO - 2023/12/28 20:48:15 INFO mlflow.store.model_registry.abstract_store: Waiting up to 300 seconds for model version to finish creation. Model name: tree, version 21
[2023-12-28T20:48:15.837+0500] {subprocess.py:93} INFO - Created version '21' of model 'tree'.
[2023-12-28T20:48:18.478+0500] {subprocess.py:93} INFO - /home/kda/ML_lab3/MLops_lab3/lab3/lib/python3.10/site-packages/_distutils_hack/__init__.py:18: UserWarning: Distutils was imported before Setuptools, but importing Setuptools also replaces the `distutils` module in `sys.modules`. This may lead to undesirable behaviors or errors. To avoid these issues, avoid using distutils directly, ensure that setuptools is installed in the traditional way (e.g. not an editable install), and/or make sure that setuptools is always imported before distutils.
[2023-12-28T20:48:18.478+0500] {subprocess.py:93} INFO -   warnings.warn(
[2023-12-28T20:48:18.478+0500] {subprocess.py:93} INFO - /home/kda/ML_lab3/MLops_lab3/lab3/lib/python3.10/site-packages/_distutils_hack/__init__.py:33: UserWarning: Setuptools is replacing distutils.
[2023-12-28T20:48:18.478+0500] {subprocess.py:93} INFO -   warnings.warn("Setuptools is replacing distutils.")
[2023-12-28T20:48:18.538+0500] {subprocess.py:93} INFO - Registered model 'tree' already exists. Creating a new version of this model...
[2023-12-28T20:48:18.587+0500] {subprocess.py:93} INFO - 2023/12/28 20:48:18 INFO mlflow.store.model_registry.abstract_store: Waiting up to 300 seconds for model version to finish creation. Model name: tree, version 22
[2023-12-28T20:48:18.587+0500] {subprocess.py:93} INFO - Created version '22' of model 'tree'.
[2023-12-28T20:48:21.257+0500] {subprocess.py:93} INFO - /home/kda/ML_lab3/MLops_lab3/lab3/lib/python3.10/site-packages/_distutils_hack/__init__.py:18: UserWarning: Distutils was imported before Setuptools, but importing Setuptools also replaces the `distutils` module in `sys.modules`. This may lead to undesirable behaviors or errors. To avoid these issues, avoid using distutils directly, ensure that setuptools is installed in the traditional way (e.g. not an editable install), and/or make sure that setuptools is always imported before distutils.
[2023-12-28T20:48:21.257+0500] {subprocess.py:93} INFO -   warnings.warn(
[2023-12-28T20:48:21.257+0500] {subprocess.py:93} INFO - /home/kda/ML_lab3/MLops_lab3/lab3/lib/python3.10/site-packages/_distutils_hack/__init__.py:33: UserWarning: Setuptools is replacing distutils.
[2023-12-28T20:48:21.258+0500] {subprocess.py:93} INFO -   warnings.warn("Setuptools is replacing distutils.")
[2023-12-28T20:48:21.321+0500] {subprocess.py:93} INFO - Registered model 'tree' already exists. Creating a new version of this model...
[2023-12-28T20:48:21.372+0500] {subprocess.py:93} INFO - 2023/12/28 20:48:21 INFO mlflow.store.model_registry.abstract_store: Waiting up to 300 seconds for model version to finish creation. Model name: tree, version 23
[2023-12-28T20:48:21.373+0500] {subprocess.py:93} INFO - Created version '23' of model 'tree'.
[2023-12-28T20:48:23.178+0500] {subprocess.py:93} INFO - /home/kda/ML_lab3/MLops_lab3/lab3/lib/python3.10/site-packages/_distutils_hack/__init__.py:18: UserWarning: Distutils was imported before Setuptools, but importing Setuptools also replaces the `distutils` module in `sys.modules`. This may lead to undesirable behaviors or errors. To avoid these issues, avoid using distutils directly, ensure that setuptools is installed in the traditional way (e.g. not an editable install), and/or make sure that setuptools is always imported before distutils.
[2023-12-28T20:48:23.179+0500] {subprocess.py:93} INFO -   warnings.warn(
[2023-12-28T20:48:23.179+0500] {subprocess.py:93} INFO - /home/kda/ML_lab3/MLops_lab3/lab3/lib/python3.10/site-packages/_distutils_hack/__init__.py:33: UserWarning: Setuptools is replacing distutils.
[2023-12-28T20:48:23.179+0500] {subprocess.py:93} INFO -   warnings.warn("Setuptools is replacing distutils.")
[2023-12-28T20:48:23.299+0500] {subprocess.py:93} INFO - Registered model 'tree' already exists. Creating a new version of this model...
[2023-12-28T20:48:23.360+0500] {subprocess.py:93} INFO - 2023/12/28 20:48:23 INFO mlflow.store.model_registry.abstract_store: Waiting up to 300 seconds for model version to finish creation. Model name: tree, version 24
[2023-12-28T20:48:23.360+0500] {subprocess.py:93} INFO - Created version '24' of model 'tree'.
[2023-12-28T20:48:26.072+0500] {subprocess.py:93} INFO - /home/kda/ML_lab3/MLops_lab3/lab3/lib/python3.10/site-packages/_distutils_hack/__init__.py:18: UserWarning: Distutils was imported before Setuptools, but importing Setuptools also replaces the `distutils` module in `sys.modules`. This may lead to undesirable behaviors or errors. To avoid these issues, avoid using distutils directly, ensure that setuptools is installed in the traditional way (e.g. not an editable install), and/or make sure that setuptools is always imported before distutils.
[2023-12-28T20:48:26.072+0500] {subprocess.py:93} INFO -   warnings.warn(
[2023-12-28T20:48:26.072+0500] {subprocess.py:93} INFO - /home/kda/ML_lab3/MLops_lab3/lab3/lib/python3.10/site-packages/_distutils_hack/__init__.py:33: UserWarning: Setuptools is replacing distutils.
[2023-12-28T20:48:26.072+0500] {subprocess.py:93} INFO -   warnings.warn("Setuptools is replacing distutils.")
[2023-12-28T20:48:26.221+0500] {subprocess.py:93} INFO - Registered model 'tree' already exists. Creating a new version of this model...
[2023-12-28T20:48:26.335+0500] {subprocess.py:93} INFO - 2023/12/28 20:48:26 INFO mlflow.store.model_registry.abstract_store: Waiting up to 300 seconds for model version to finish creation. Model name: tree, version 25
[2023-12-28T20:48:26.336+0500] {subprocess.py:93} INFO - Created version '25' of model 'tree'.
[2023-12-28T20:48:29.278+0500] {subprocess.py:93} INFO - /home/kda/ML_lab3/MLops_lab3/lab3/lib/python3.10/site-packages/_distutils_hack/__init__.py:18: UserWarning: Distutils was imported before Setuptools, but importing Setuptools also replaces the `distutils` module in `sys.modules`. This may lead to undesirable behaviors or errors. To avoid these issues, avoid using distutils directly, ensure that setuptools is installed in the traditional way (e.g. not an editable install), and/or make sure that setuptools is always imported before distutils.
[2023-12-28T20:48:29.281+0500] {subprocess.py:93} INFO -   warnings.warn(
[2023-12-28T20:48:29.281+0500] {subprocess.py:93} INFO - /home/kda/ML_lab3/MLops_lab3/lab3/lib/python3.10/site-packages/_distutils_hack/__init__.py:33: UserWarning: Setuptools is replacing distutils.
[2023-12-28T20:48:29.281+0500] {subprocess.py:93} INFO -   warnings.warn("Setuptools is replacing distutils.")
[2023-12-28T20:48:29.411+0500] {subprocess.py:93} INFO - Registered model 'tree' already exists. Creating a new version of this model...
[2023-12-28T20:48:29.507+0500] {subprocess.py:93} INFO - 2023/12/28 20:48:29 INFO mlflow.store.model_registry.abstract_store: Waiting up to 300 seconds for model version to finish creation. Model name: tree, version 26
[2023-12-28T20:48:29.507+0500] {subprocess.py:93} INFO - Created version '26' of model 'tree'.
[2023-12-28T20:48:32.602+0500] {subprocess.py:93} INFO - /home/kda/ML_lab3/MLops_lab3/lab3/lib/python3.10/site-packages/_distutils_hack/__init__.py:18: UserWarning: Distutils was imported before Setuptools, but importing Setuptools also replaces the `distutils` module in `sys.modules`. This may lead to undesirable behaviors or errors. To avoid these issues, avoid using distutils directly, ensure that setuptools is installed in the traditional way (e.g. not an editable install), and/or make sure that setuptools is always imported before distutils.
[2023-12-28T20:48:32.603+0500] {subprocess.py:93} INFO -   warnings.warn(
[2023-12-28T20:48:32.603+0500] {subprocess.py:93} INFO - /home/kda/ML_lab3/MLops_lab3/lab3/lib/python3.10/site-packages/_distutils_hack/__init__.py:33: UserWarning: Setuptools is replacing distutils.
[2023-12-28T20:48:32.603+0500] {subprocess.py:93} INFO -   warnings.warn("Setuptools is replacing distutils.")
[2023-12-28T20:48:32.744+0500] {subprocess.py:93} INFO - Registered model 'tree' already exists. Creating a new version of this model...
[2023-12-28T20:48:32.863+0500] {subprocess.py:93} INFO - 2023/12/28 20:48:32 INFO mlflow.store.model_registry.abstract_store: Waiting up to 300 seconds for model version to finish creation. Model name: tree, version 27
[2023-12-28T20:48:32.864+0500] {subprocess.py:93} INFO - Created version '27' of model 'tree'.
[2023-12-28T20:48:33.421+0500] {subprocess.py:93} INFO - <class 'pandas.core.frame.DataFrame'>
[2023-12-28T20:48:33.421+0500] {subprocess.py:93} INFO - RangeIndex: 704 entries, 0 to 703
[2023-12-28T20:48:33.421+0500] {subprocess.py:93} INFO - Columns: 220 entries, Price (in USD) to i8
[2023-12-28T20:48:33.421+0500] {subprocess.py:93} INFO - dtypes: bool(212), float64(2), int64(6)
[2023-12-28T20:48:33.421+0500] {subprocess.py:93} INFO - memory usage: 189.9 KB
[2023-12-28T20:48:33.421+0500] {subprocess.py:93} INFO - {'max_depth': 10, 'max_features': 10, 'min_samples_leaf': 5}
[2023-12-28T20:48:33.421+0500] {subprocess.py:93} INFO - 0.18039772727272727
[2023-12-28T20:48:33.421+0500] {subprocess.py:93} INFO - {'max_depth': 10, 'max_features': 10, 'min_samples_leaf': 10}
[2023-12-28T20:48:33.421+0500] {subprocess.py:93} INFO - 0.203125
[2023-12-28T20:48:33.421+0500] {subprocess.py:93} INFO - {'max_depth': 10, 'max_features': 10, 'min_samples_leaf': 15}
[2023-12-28T20:48:33.422+0500] {subprocess.py:93} INFO - 0.10795454545454546
[2023-12-28T20:48:33.422+0500] {subprocess.py:93} INFO - {'max_depth': 10, 'max_features': 20, 'min_samples_leaf': 5}
[2023-12-28T20:48:33.422+0500] {subprocess.py:93} INFO - 0.18181818181818182
[2023-12-28T20:48:33.422+0500] {subprocess.py:93} INFO - {'max_depth': 10, 'max_features': 20, 'min_samples_leaf': 10}
[2023-12-28T20:48:33.422+0500] {subprocess.py:93} INFO - 0.19460227272727273
[2023-12-28T20:48:33.422+0500] {subprocess.py:93} INFO - {'max_depth': 10, 'max_features': 20, 'min_samples_leaf': 15}
[2023-12-28T20:48:33.422+0500] {subprocess.py:93} INFO - 0.18181818181818182
[2023-12-28T20:48:33.422+0500] {subprocess.py:93} INFO - {'max_depth': 10, 'max_features': 30, 'min_samples_leaf': 5}
[2023-12-28T20:48:33.422+0500] {subprocess.py:93} INFO - 0.19176136363636365
[2023-12-28T20:48:33.422+0500] {subprocess.py:93} INFO - {'max_depth': 10, 'max_features': 30, 'min_samples_leaf': 10}
[2023-12-28T20:48:33.422+0500] {subprocess.py:93} INFO - 0.19744318181818182
[2023-12-28T20:48:33.422+0500] {subprocess.py:93} INFO - {'max_depth': 10, 'max_features': 30, 'min_samples_leaf': 15}
[2023-12-28T20:48:33.422+0500] {subprocess.py:93} INFO - 0.2002840909090909
[2023-12-28T20:48:33.422+0500] {subprocess.py:93} INFO - {'max_depth': 20, 'max_features': 10, 'min_samples_leaf': 5}
[2023-12-28T20:48:33.422+0500] {subprocess.py:93} INFO - 0.2556818181818182
[2023-12-28T20:48:33.423+0500] {subprocess.py:93} INFO - {'max_depth': 20, 'max_features': 10, 'min_samples_leaf': 10}
[2023-12-28T20:48:33.424+0500] {subprocess.py:93} INFO - 0.1747159090909091
[2023-12-28T20:48:33.424+0500] {subprocess.py:93} INFO - {'max_depth': 20, 'max_features': 10, 'min_samples_leaf': 15}
[2023-12-28T20:48:33.424+0500] {subprocess.py:93} INFO - 0.09232954545454546
[2023-12-28T20:48:33.424+0500] {subprocess.py:93} INFO - {'max_depth': 20, 'max_features': 20, 'min_samples_leaf': 5}
[2023-12-28T20:48:33.424+0500] {subprocess.py:93} INFO - 0.2585227272727273
[2023-12-28T20:48:33.424+0500] {subprocess.py:93} INFO - {'max_depth': 20, 'max_features': 20, 'min_samples_leaf': 10}
[2023-12-28T20:48:33.424+0500] {subprocess.py:93} INFO - 0.2840909090909091
[2023-12-28T20:48:33.424+0500] {subprocess.py:93} INFO - {'max_depth': 20, 'max_features': 20, 'min_samples_leaf': 15}
[2023-12-28T20:48:33.424+0500] {subprocess.py:93} INFO - 0.15056818181818182
[2023-12-28T20:48:33.425+0500] {subprocess.py:93} INFO - {'max_depth': 20, 'max_features': 30, 'min_samples_leaf': 5}
[2023-12-28T20:48:33.425+0500] {subprocess.py:93} INFO - 0.328125
[2023-12-28T20:48:33.425+0500] {subprocess.py:93} INFO - {'max_depth': 20, 'max_features': 30, 'min_samples_leaf': 10}
[2023-12-28T20:48:33.425+0500] {subprocess.py:93} INFO - 0.2840909090909091
[2023-12-28T20:48:33.425+0500] {subprocess.py:93} INFO - {'max_depth': 20, 'max_features': 30, 'min_samples_leaf': 15}
[2023-12-28T20:48:33.425+0500] {subprocess.py:93} INFO - 0.2159090909090909
[2023-12-28T20:48:33.425+0500] {subprocess.py:93} INFO - {'max_depth': 30, 'max_features': 10, 'min_samples_leaf': 5}
[2023-12-28T20:48:33.425+0500] {subprocess.py:93} INFO - 0.34801136363636365
[2023-12-28T20:48:33.425+0500] {subprocess.py:93} INFO - {'max_depth': 30, 'max_features': 10, 'min_samples_leaf': 10}
[2023-12-28T20:48:33.425+0500] {subprocess.py:93} INFO - 0.27698863636363635
[2023-12-28T20:48:33.425+0500] {subprocess.py:93} INFO - {'max_depth': 30, 'max_features': 10, 'min_samples_leaf': 15}
[2023-12-28T20:48:33.425+0500] {subprocess.py:93} INFO - 0.11789772727272728
[2023-12-28T20:48:33.425+0500] {subprocess.py:93} INFO - {'max_depth': 30, 'max_features': 20, 'min_samples_leaf': 5}
[2023-12-28T20:48:33.425+0500] {subprocess.py:93} INFO - 0.29545454545454547
[2023-12-28T20:48:33.425+0500] {subprocess.py:93} INFO - {'max_depth': 30, 'max_features': 20, 'min_samples_leaf': 10}
[2023-12-28T20:48:33.425+0500] {subprocess.py:93} INFO - 0.3210227272727273
[2023-12-28T20:48:33.425+0500] {subprocess.py:93} INFO - {'max_depth': 30, 'max_features': 20, 'min_samples_leaf': 15}
[2023-12-28T20:48:33.425+0500] {subprocess.py:93} INFO - 0.18039772727272727
[2023-12-28T20:48:33.426+0500] {subprocess.py:93} INFO - {'max_depth': 30, 'max_features': 30, 'min_samples_leaf': 5}
[2023-12-28T20:48:33.426+0500] {subprocess.py:93} INFO - 0.39488636363636365
[2023-12-28T20:48:33.426+0500] {subprocess.py:93} INFO - {'max_depth': 30, 'max_features': 30, 'min_samples_leaf': 10}
[2023-12-28T20:48:33.426+0500] {subprocess.py:93} INFO - 0.32954545454545453
[2023-12-28T20:48:33.426+0500] {subprocess.py:93} INFO - {'max_depth': 30, 'max_features': 30, 'min_samples_leaf': 15}
[2023-12-28T20:48:33.426+0500] {subprocess.py:93} INFO - 0.2599431818181818
[2023-12-28T20:48:33.426+0500] {subprocess.py:93} INFO - Traceback (most recent call last):
[2023-12-28T20:48:33.426+0500] {subprocess.py:93} INFO -   File "/home/kda/ML_lab3/MLops_lab3/scripts/evaluate.py", line 75, in <module>
[2023-12-28T20:48:33.426+0500] {subprocess.py:93} INFO -     print(df_metr[["metrocs.score","params.max_depth","params.max_features","params.min_samples_leaf","run_id"]])
[2023-12-28T20:48:33.426+0500] {subprocess.py:93} INFO -   File "/home/kda/ML_lab3/MLops_lab3/lab3/lib/python3.10/site-packages/pandas/core/frame.py", line 3899, in __getitem__
[2023-12-28T20:48:33.470+0500] {subprocess.py:93} INFO -     indexer = self.columns._get_indexer_strict(key, "columns")[1]
[2023-12-28T20:48:33.471+0500] {subprocess.py:93} INFO -   File "/home/kda/ML_lab3/MLops_lab3/lab3/lib/python3.10/site-packages/pandas/core/indexes/base.py", line 6115, in _get_indexer_strict
[2023-12-28T20:48:33.490+0500] {subprocess.py:93} INFO -     self._raise_if_missing(keyarr, indexer, axis_name)
[2023-12-28T20:48:33.490+0500] {subprocess.py:93} INFO -   File "/home/kda/ML_lab3/MLops_lab3/lab3/lib/python3.10/site-packages/pandas/core/indexes/base.py", line 6179, in _raise_if_missing
[2023-12-28T20:48:33.490+0500] {subprocess.py:93} INFO -     raise KeyError(f"{not_found} not in index")
[2023-12-28T20:48:33.490+0500] {subprocess.py:93} INFO - KeyError: "['metrocs.score'] not in index"
[2023-12-28T20:48:33.835+0500] {subprocess.py:97} INFO - Command exited with return code 1
[2023-12-28T20:48:33.844+0500] {taskinstance.py:1937} ERROR - Task failed with exception
Traceback (most recent call last):
  File "/home/kda/ML_lab3/MLops_lab3/lab3/lib/python3.10/site-packages/airflow/operators/bash.py", line 210, in execute
    raise AirflowException(
airflow.exceptions.AirflowException: Bash command failed. The command returned a non-zero exit code 1.
[2023-12-28T20:48:33.849+0500] {taskinstance.py:1400} INFO - Marking task as UP_FOR_RETRY. dag_id=KOH, task_id=evaluate, execution_date=20231228T154605, start_date=20231228T154707, end_date=20231228T154833
[2023-12-28T20:48:33.875+0500] {standard_task_runner.py:104} ERROR - Failed to execute job 259 for task evaluate (Bash command failed. The command returned a non-zero exit code 1.; 13105)
[2023-12-28T20:48:33.896+0500] {local_task_job_runner.py:228} INFO - Task exited with return code 1
[2023-12-28T20:48:33.906+0500] {taskinstance.py:2778} INFO - 0 downstream tasks scheduled from follow-on schedule check
