[2023-12-28T20:53:35.657+0500] {taskinstance.py:1159} INFO - Dependencies all met for dep_context=non-requeueable deps ti=<TaskInstance: KOH.evaluate manual__2023-12-28T15:46:05.383663+00:00 [queued]>
[2023-12-28T20:53:35.667+0500] {taskinstance.py:1159} INFO - Dependencies all met for dep_context=requeueable deps ti=<TaskInstance: KOH.evaluate manual__2023-12-28T15:46:05.383663+00:00 [queued]>
[2023-12-28T20:53:35.667+0500] {taskinstance.py:1361} INFO - Starting attempt 2 of 2
[2023-12-28T20:53:35.701+0500] {taskinstance.py:1382} INFO - Executing <Task(BashOperator): evaluate> on 2023-12-28 15:46:05.383663+00:00
[2023-12-28T20:53:35.705+0500] {standard_task_runner.py:57} INFO - Started process 13818 to run task
[2023-12-28T20:53:35.710+0500] {standard_task_runner.py:84} INFO - Running: ['airflow', 'tasks', 'run', 'KOH', 'evaluate', 'manual__2023-12-28T15:46:05.383663+00:00', '--job-id', '267', '--raw', '--subdir', 'DAGS_FOLDER/text.py', '--cfg-path', '/tmp/tmp1qp5v57q']
[2023-12-28T20:53:35.713+0500] {standard_task_runner.py:85} INFO - Job 267: Subtask evaluate
[2023-12-28T20:53:35.790+0500] {task_command.py:416} INFO - Running <TaskInstance: KOH.evaluate manual__2023-12-28T15:46:05.383663+00:00 [running]> on host vm2.myguest.virtualbox.org
[2023-12-28T20:53:35.883+0500] {taskinstance.py:1662} INFO - Exporting env vars: AIRFLOW_CTX_DAG_OWNER='Admin' AIRFLOW_CTX_DAG_ID='KOH' AIRFLOW_CTX_TASK_ID='evaluate' AIRFLOW_CTX_EXECUTION_DATE='2023-12-28T15:46:05.383663+00:00' AIRFLOW_CTX_TRY_NUMBER='2' AIRFLOW_CTX_DAG_RUN_ID='manual__2023-12-28T15:46:05.383663+00:00'
[2023-12-28T20:53:35.885+0500] {subprocess.py:63} INFO - Tmp dir root location: /tmp
[2023-12-28T20:53:35.886+0500] {subprocess.py:75} INFO - Running command: ['/usr/bin/bash', '-c', 'cd /home/kda/ML_lab3/MLops_lab3/ && python /home/kda/ML_lab3/MLops_lab3/scripts/evaluate.py']
[2023-12-28T20:53:35.897+0500] {subprocess.py:86} INFO - Output:
[2023-12-28T20:53:49.369+0500] {subprocess.py:93} INFO - Registered model 'tree' already exists. Creating a new version of this model...
[2023-12-28T20:53:49.410+0500] {subprocess.py:93} INFO - 2023/12/28 20:53:49 INFO mlflow.store.model_registry.abstract_store: Waiting up to 300 seconds for model version to finish creation. Model name: tree, version 56
[2023-12-28T20:53:49.410+0500] {subprocess.py:93} INFO - Created version '56' of model 'tree'.
[2023-12-28T20:53:53.165+0500] {subprocess.py:93} INFO - /home/kda/ML_lab3/MLops_lab3/lab3/lib/python3.10/site-packages/_distutils_hack/__init__.py:18: UserWarning: Distutils was imported before Setuptools, but importing Setuptools also replaces the `distutils` module in `sys.modules`. This may lead to undesirable behaviors or errors. To avoid these issues, avoid using distutils directly, ensure that setuptools is installed in the traditional way (e.g. not an editable install), and/or make sure that setuptools is always imported before distutils.
[2023-12-28T20:53:53.166+0500] {subprocess.py:93} INFO -   warnings.warn(
[2023-12-28T20:53:53.174+0500] {subprocess.py:93} INFO - /home/kda/ML_lab3/MLops_lab3/lab3/lib/python3.10/site-packages/_distutils_hack/__init__.py:33: UserWarning: Setuptools is replacing distutils.
[2023-12-28T20:53:53.176+0500] {subprocess.py:93} INFO -   warnings.warn("Setuptools is replacing distutils.")
[2023-12-28T20:53:53.272+0500] {subprocess.py:93} INFO - Registered model 'tree' already exists. Creating a new version of this model...
[2023-12-28T20:53:53.340+0500] {subprocess.py:93} INFO - 2023/12/28 20:53:53 INFO mlflow.store.model_registry.abstract_store: Waiting up to 300 seconds for model version to finish creation. Model name: tree, version 57
[2023-12-28T20:53:53.340+0500] {subprocess.py:93} INFO - Created version '57' of model 'tree'.
[2023-12-28T20:53:57.750+0500] {subprocess.py:93} INFO - /home/kda/ML_lab3/MLops_lab3/lab3/lib/python3.10/site-packages/_distutils_hack/__init__.py:18: UserWarning: Distutils was imported before Setuptools, but importing Setuptools also replaces the `distutils` module in `sys.modules`. This may lead to undesirable behaviors or errors. To avoid these issues, avoid using distutils directly, ensure that setuptools is installed in the traditional way (e.g. not an editable install), and/or make sure that setuptools is always imported before distutils.
[2023-12-28T20:53:57.750+0500] {subprocess.py:93} INFO -   warnings.warn(
[2023-12-28T20:53:57.750+0500] {subprocess.py:93} INFO - /home/kda/ML_lab3/MLops_lab3/lab3/lib/python3.10/site-packages/_distutils_hack/__init__.py:33: UserWarning: Setuptools is replacing distutils.
[2023-12-28T20:53:57.750+0500] {subprocess.py:93} INFO -   warnings.warn("Setuptools is replacing distutils.")
[2023-12-28T20:53:57.873+0500] {subprocess.py:93} INFO - Registered model 'tree' already exists. Creating a new version of this model...
[2023-12-28T20:53:57.996+0500] {subprocess.py:93} INFO - 2023/12/28 20:53:57 INFO mlflow.store.model_registry.abstract_store: Waiting up to 300 seconds for model version to finish creation. Model name: tree, version 58
[2023-12-28T20:53:58.003+0500] {subprocess.py:93} INFO - Created version '58' of model 'tree'.
[2023-12-28T20:54:03.914+0500] {subprocess.py:93} INFO - /home/kda/ML_lab3/MLops_lab3/lab3/lib/python3.10/site-packages/_distutils_hack/__init__.py:18: UserWarning: Distutils was imported before Setuptools, but importing Setuptools also replaces the `distutils` module in `sys.modules`. This may lead to undesirable behaviors or errors. To avoid these issues, avoid using distutils directly, ensure that setuptools is installed in the traditional way (e.g. not an editable install), and/or make sure that setuptools is always imported before distutils.
[2023-12-28T20:54:03.914+0500] {subprocess.py:93} INFO -   warnings.warn(
[2023-12-28T20:54:03.915+0500] {subprocess.py:93} INFO - /home/kda/ML_lab3/MLops_lab3/lab3/lib/python3.10/site-packages/_distutils_hack/__init__.py:33: UserWarning: Setuptools is replacing distutils.
[2023-12-28T20:54:03.915+0500] {subprocess.py:93} INFO -   warnings.warn("Setuptools is replacing distutils.")
[2023-12-28T20:54:04.007+0500] {subprocess.py:93} INFO - Registered model 'tree' already exists. Creating a new version of this model...
[2023-12-28T20:54:04.054+0500] {subprocess.py:93} INFO - 2023/12/28 20:54:04 INFO mlflow.store.model_registry.abstract_store: Waiting up to 300 seconds for model version to finish creation. Model name: tree, version 59
[2023-12-28T20:54:04.055+0500] {subprocess.py:93} INFO - Created version '59' of model 'tree'.
[2023-12-28T20:54:08.375+0500] {subprocess.py:93} INFO - /home/kda/ML_lab3/MLops_lab3/lab3/lib/python3.10/site-packages/_distutils_hack/__init__.py:18: UserWarning: Distutils was imported before Setuptools, but importing Setuptools also replaces the `distutils` module in `sys.modules`. This may lead to undesirable behaviors or errors. To avoid these issues, avoid using distutils directly, ensure that setuptools is installed in the traditional way (e.g. not an editable install), and/or make sure that setuptools is always imported before distutils.
[2023-12-28T20:54:08.376+0500] {subprocess.py:93} INFO -   warnings.warn(
[2023-12-28T20:54:08.377+0500] {subprocess.py:93} INFO - /home/kda/ML_lab3/MLops_lab3/lab3/lib/python3.10/site-packages/_distutils_hack/__init__.py:33: UserWarning: Setuptools is replacing distutils.
[2023-12-28T20:54:08.377+0500] {subprocess.py:93} INFO -   warnings.warn("Setuptools is replacing distutils.")
[2023-12-28T20:54:08.463+0500] {subprocess.py:93} INFO - Registered model 'tree' already exists. Creating a new version of this model...
[2023-12-28T20:54:08.519+0500] {subprocess.py:93} INFO - 2023/12/28 20:54:08 INFO mlflow.store.model_registry.abstract_store: Waiting up to 300 seconds for model version to finish creation. Model name: tree, version 60
[2023-12-28T20:54:08.520+0500] {subprocess.py:93} INFO - Created version '60' of model 'tree'.
[2023-12-28T20:54:13.165+0500] {subprocess.py:93} INFO - /home/kda/ML_lab3/MLops_lab3/lab3/lib/python3.10/site-packages/_distutils_hack/__init__.py:18: UserWarning: Distutils was imported before Setuptools, but importing Setuptools also replaces the `distutils` module in `sys.modules`. This may lead to undesirable behaviors or errors. To avoid these issues, avoid using distutils directly, ensure that setuptools is installed in the traditional way (e.g. not an editable install), and/or make sure that setuptools is always imported before distutils.
[2023-12-28T20:54:13.165+0500] {subprocess.py:93} INFO -   warnings.warn(
[2023-12-28T20:54:13.165+0500] {subprocess.py:93} INFO - /home/kda/ML_lab3/MLops_lab3/lab3/lib/python3.10/site-packages/_distutils_hack/__init__.py:33: UserWarning: Setuptools is replacing distutils.
[2023-12-28T20:54:13.165+0500] {subprocess.py:93} INFO -   warnings.warn("Setuptools is replacing distutils.")
[2023-12-28T20:54:13.307+0500] {subprocess.py:93} INFO - Registered model 'tree' already exists. Creating a new version of this model...
[2023-12-28T20:54:13.399+0500] {subprocess.py:93} INFO - 2023/12/28 20:54:13 INFO mlflow.store.model_registry.abstract_store: Waiting up to 300 seconds for model version to finish creation. Model name: tree, version 61
[2023-12-28T20:54:13.399+0500] {subprocess.py:93} INFO - Created version '61' of model 'tree'.
[2023-12-28T20:54:17.105+0500] {subprocess.py:93} INFO - /home/kda/ML_lab3/MLops_lab3/lab3/lib/python3.10/site-packages/_distutils_hack/__init__.py:18: UserWarning: Distutils was imported before Setuptools, but importing Setuptools also replaces the `distutils` module in `sys.modules`. This may lead to undesirable behaviors or errors. To avoid these issues, avoid using distutils directly, ensure that setuptools is installed in the traditional way (e.g. not an editable install), and/or make sure that setuptools is always imported before distutils.
[2023-12-28T20:54:17.106+0500] {subprocess.py:93} INFO -   warnings.warn(
[2023-12-28T20:54:17.106+0500] {subprocess.py:93} INFO - /home/kda/ML_lab3/MLops_lab3/lab3/lib/python3.10/site-packages/_distutils_hack/__init__.py:33: UserWarning: Setuptools is replacing distutils.
[2023-12-28T20:54:17.106+0500] {subprocess.py:93} INFO -   warnings.warn("Setuptools is replacing distutils.")
[2023-12-28T20:54:17.273+0500] {subprocess.py:93} INFO - Registered model 'tree' already exists. Creating a new version of this model...
[2023-12-28T20:54:17.354+0500] {subprocess.py:93} INFO - 2023/12/28 20:54:17 INFO mlflow.store.model_registry.abstract_store: Waiting up to 300 seconds for model version to finish creation. Model name: tree, version 62
[2023-12-28T20:54:17.356+0500] {subprocess.py:93} INFO - Created version '62' of model 'tree'.
[2023-12-28T20:54:20.549+0500] {subprocess.py:93} INFO - /home/kda/ML_lab3/MLops_lab3/lab3/lib/python3.10/site-packages/_distutils_hack/__init__.py:18: UserWarning: Distutils was imported before Setuptools, but importing Setuptools also replaces the `distutils` module in `sys.modules`. This may lead to undesirable behaviors or errors. To avoid these issues, avoid using distutils directly, ensure that setuptools is installed in the traditional way (e.g. not an editable install), and/or make sure that setuptools is always imported before distutils.
[2023-12-28T20:54:20.549+0500] {subprocess.py:93} INFO -   warnings.warn(
[2023-12-28T20:54:20.562+0500] {subprocess.py:93} INFO - /home/kda/ML_lab3/MLops_lab3/lab3/lib/python3.10/site-packages/_distutils_hack/__init__.py:33: UserWarning: Setuptools is replacing distutils.
[2023-12-28T20:54:20.564+0500] {subprocess.py:93} INFO -   warnings.warn("Setuptools is replacing distutils.")
[2023-12-28T20:54:20.754+0500] {subprocess.py:93} INFO - Registered model 'tree' already exists. Creating a new version of this model...
[2023-12-28T20:54:20.910+0500] {subprocess.py:93} INFO - 2023/12/28 20:54:20 INFO mlflow.store.model_registry.abstract_store: Waiting up to 300 seconds for model version to finish creation. Model name: tree, version 63
[2023-12-28T20:54:20.910+0500] {subprocess.py:93} INFO - Created version '63' of model 'tree'.
[2023-12-28T20:54:23.814+0500] {subprocess.py:93} INFO - /home/kda/ML_lab3/MLops_lab3/lab3/lib/python3.10/site-packages/_distutils_hack/__init__.py:18: UserWarning: Distutils was imported before Setuptools, but importing Setuptools also replaces the `distutils` module in `sys.modules`. This may lead to undesirable behaviors or errors. To avoid these issues, avoid using distutils directly, ensure that setuptools is installed in the traditional way (e.g. not an editable install), and/or make sure that setuptools is always imported before distutils.
[2023-12-28T20:54:23.815+0500] {subprocess.py:93} INFO -   warnings.warn(
[2023-12-28T20:54:23.816+0500] {subprocess.py:93} INFO - /home/kda/ML_lab3/MLops_lab3/lab3/lib/python3.10/site-packages/_distutils_hack/__init__.py:33: UserWarning: Setuptools is replacing distutils.
[2023-12-28T20:54:23.816+0500] {subprocess.py:93} INFO -   warnings.warn("Setuptools is replacing distutils.")
[2023-12-28T20:54:23.969+0500] {subprocess.py:93} INFO - Registered model 'tree' already exists. Creating a new version of this model...
[2023-12-28T20:54:24.065+0500] {subprocess.py:93} INFO - 2023/12/28 20:54:24 INFO mlflow.store.model_registry.abstract_store: Waiting up to 300 seconds for model version to finish creation. Model name: tree, version 64
[2023-12-28T20:54:24.066+0500] {subprocess.py:93} INFO - Created version '64' of model 'tree'.
[2023-12-28T20:54:27.317+0500] {subprocess.py:93} INFO - /home/kda/ML_lab3/MLops_lab3/lab3/lib/python3.10/site-packages/_distutils_hack/__init__.py:18: UserWarning: Distutils was imported before Setuptools, but importing Setuptools also replaces the `distutils` module in `sys.modules`. This may lead to undesirable behaviors or errors. To avoid these issues, avoid using distutils directly, ensure that setuptools is installed in the traditional way (e.g. not an editable install), and/or make sure that setuptools is always imported before distutils.
[2023-12-28T20:54:27.317+0500] {subprocess.py:93} INFO -   warnings.warn(
[2023-12-28T20:54:27.318+0500] {subprocess.py:93} INFO - /home/kda/ML_lab3/MLops_lab3/lab3/lib/python3.10/site-packages/_distutils_hack/__init__.py:33: UserWarning: Setuptools is replacing distutils.
[2023-12-28T20:54:27.318+0500] {subprocess.py:93} INFO -   warnings.warn("Setuptools is replacing distutils.")
[2023-12-28T20:54:27.442+0500] {subprocess.py:93} INFO - Registered model 'tree' already exists. Creating a new version of this model...
[2023-12-28T20:54:27.500+0500] {subprocess.py:93} INFO - 2023/12/28 20:54:27 INFO mlflow.store.model_registry.abstract_store: Waiting up to 300 seconds for model version to finish creation. Model name: tree, version 65
[2023-12-28T20:54:27.500+0500] {subprocess.py:93} INFO - Created version '65' of model 'tree'.
[2023-12-28T20:54:30.851+0500] {subprocess.py:93} INFO - /home/kda/ML_lab3/MLops_lab3/lab3/lib/python3.10/site-packages/_distutils_hack/__init__.py:18: UserWarning: Distutils was imported before Setuptools, but importing Setuptools also replaces the `distutils` module in `sys.modules`. This may lead to undesirable behaviors or errors. To avoid these issues, avoid using distutils directly, ensure that setuptools is installed in the traditional way (e.g. not an editable install), and/or make sure that setuptools is always imported before distutils.
[2023-12-28T20:54:30.851+0500] {subprocess.py:93} INFO -   warnings.warn(
[2023-12-28T20:54:30.853+0500] {subprocess.py:93} INFO - /home/kda/ML_lab3/MLops_lab3/lab3/lib/python3.10/site-packages/_distutils_hack/__init__.py:33: UserWarning: Setuptools is replacing distutils.
[2023-12-28T20:54:30.853+0500] {subprocess.py:93} INFO -   warnings.warn("Setuptools is replacing distutils.")
[2023-12-28T20:54:30.914+0500] {subprocess.py:93} INFO - Registered model 'tree' already exists. Creating a new version of this model...
[2023-12-28T20:54:30.980+0500] {subprocess.py:93} INFO - 2023/12/28 20:54:30 INFO mlflow.store.model_registry.abstract_store: Waiting up to 300 seconds for model version to finish creation. Model name: tree, version 66
[2023-12-28T20:54:30.980+0500] {subprocess.py:93} INFO - Created version '66' of model 'tree'.
[2023-12-28T20:54:33.895+0500] {subprocess.py:93} INFO - /home/kda/ML_lab3/MLops_lab3/lab3/lib/python3.10/site-packages/_distutils_hack/__init__.py:18: UserWarning: Distutils was imported before Setuptools, but importing Setuptools also replaces the `distutils` module in `sys.modules`. This may lead to undesirable behaviors or errors. To avoid these issues, avoid using distutils directly, ensure that setuptools is installed in the traditional way (e.g. not an editable install), and/or make sure that setuptools is always imported before distutils.
[2023-12-28T20:54:33.895+0500] {subprocess.py:93} INFO -   warnings.warn(
[2023-12-28T20:54:33.895+0500] {subprocess.py:93} INFO - /home/kda/ML_lab3/MLops_lab3/lab3/lib/python3.10/site-packages/_distutils_hack/__init__.py:33: UserWarning: Setuptools is replacing distutils.
[2023-12-28T20:54:33.895+0500] {subprocess.py:93} INFO -   warnings.warn("Setuptools is replacing distutils.")
[2023-12-28T20:54:34.013+0500] {subprocess.py:93} INFO - Registered model 'tree' already exists. Creating a new version of this model...
[2023-12-28T20:54:34.070+0500] {subprocess.py:93} INFO - 2023/12/28 20:54:34 INFO mlflow.store.model_registry.abstract_store: Waiting up to 300 seconds for model version to finish creation. Model name: tree, version 67
[2023-12-28T20:54:34.070+0500] {subprocess.py:93} INFO - Created version '67' of model 'tree'.
[2023-12-28T20:54:37.287+0500] {subprocess.py:93} INFO - /home/kda/ML_lab3/MLops_lab3/lab3/lib/python3.10/site-packages/_distutils_hack/__init__.py:18: UserWarning: Distutils was imported before Setuptools, but importing Setuptools also replaces the `distutils` module in `sys.modules`. This may lead to undesirable behaviors or errors. To avoid these issues, avoid using distutils directly, ensure that setuptools is installed in the traditional way (e.g. not an editable install), and/or make sure that setuptools is always imported before distutils.
[2023-12-28T20:54:37.287+0500] {subprocess.py:93} INFO -   warnings.warn(
[2023-12-28T20:54:37.287+0500] {subprocess.py:93} INFO - /home/kda/ML_lab3/MLops_lab3/lab3/lib/python3.10/site-packages/_distutils_hack/__init__.py:33: UserWarning: Setuptools is replacing distutils.
[2023-12-28T20:54:37.287+0500] {subprocess.py:93} INFO -   warnings.warn("Setuptools is replacing distutils.")
[2023-12-28T20:54:37.359+0500] {subprocess.py:93} INFO - Registered model 'tree' already exists. Creating a new version of this model...
[2023-12-28T20:54:37.419+0500] {subprocess.py:93} INFO - 2023/12/28 20:54:37 INFO mlflow.store.model_registry.abstract_store: Waiting up to 300 seconds for model version to finish creation. Model name: tree, version 68
[2023-12-28T20:54:37.419+0500] {subprocess.py:93} INFO - Created version '68' of model 'tree'.
[2023-12-28T20:54:40.622+0500] {subprocess.py:93} INFO - /home/kda/ML_lab3/MLops_lab3/lab3/lib/python3.10/site-packages/_distutils_hack/__init__.py:18: UserWarning: Distutils was imported before Setuptools, but importing Setuptools also replaces the `distutils` module in `sys.modules`. This may lead to undesirable behaviors or errors. To avoid these issues, avoid using distutils directly, ensure that setuptools is installed in the traditional way (e.g. not an editable install), and/or make sure that setuptools is always imported before distutils.
[2023-12-28T20:54:40.623+0500] {subprocess.py:93} INFO -   warnings.warn(
[2023-12-28T20:54:40.623+0500] {subprocess.py:93} INFO - /home/kda/ML_lab3/MLops_lab3/lab3/lib/python3.10/site-packages/_distutils_hack/__init__.py:33: UserWarning: Setuptools is replacing distutils.
[2023-12-28T20:54:40.623+0500] {subprocess.py:93} INFO -   warnings.warn("Setuptools is replacing distutils.")
[2023-12-28T20:54:40.736+0500] {subprocess.py:93} INFO - Registered model 'tree' already exists. Creating a new version of this model...
[2023-12-28T20:54:40.792+0500] {subprocess.py:93} INFO - 2023/12/28 20:54:40 INFO mlflow.store.model_registry.abstract_store: Waiting up to 300 seconds for model version to finish creation. Model name: tree, version 69
[2023-12-28T20:54:40.792+0500] {subprocess.py:93} INFO - Created version '69' of model 'tree'.
[2023-12-28T20:54:49.140+0500] {subprocess.py:93} INFO - /home/kda/ML_lab3/MLops_lab3/lab3/lib/python3.10/site-packages/_distutils_hack/__init__.py:18: UserWarning: Distutils was imported before Setuptools, but importing Setuptools also replaces the `distutils` module in `sys.modules`. This may lead to undesirable behaviors or errors. To avoid these issues, avoid using distutils directly, ensure that setuptools is installed in the traditional way (e.g. not an editable install), and/or make sure that setuptools is always imported before distutils.
[2023-12-28T20:54:49.140+0500] {subprocess.py:93} INFO -   warnings.warn(
[2023-12-28T20:54:49.140+0500] {subprocess.py:93} INFO - /home/kda/ML_lab3/MLops_lab3/lab3/lib/python3.10/site-packages/_distutils_hack/__init__.py:33: UserWarning: Setuptools is replacing distutils.
[2023-12-28T20:54:49.140+0500] {subprocess.py:93} INFO -   warnings.warn("Setuptools is replacing distutils.")
[2023-12-28T20:54:49.238+0500] {subprocess.py:93} INFO - Registered model 'tree' already exists. Creating a new version of this model...
[2023-12-28T20:54:49.315+0500] {subprocess.py:93} INFO - 2023/12/28 20:54:49 INFO mlflow.store.model_registry.abstract_store: Waiting up to 300 seconds for model version to finish creation. Model name: tree, version 70
[2023-12-28T20:54:49.315+0500] {subprocess.py:93} INFO - Created version '70' of model 'tree'.
[2023-12-28T20:54:58.645+0500] {subprocess.py:93} INFO - /home/kda/ML_lab3/MLops_lab3/lab3/lib/python3.10/site-packages/_distutils_hack/__init__.py:18: UserWarning: Distutils was imported before Setuptools, but importing Setuptools also replaces the `distutils` module in `sys.modules`. This may lead to undesirable behaviors or errors. To avoid these issues, avoid using distutils directly, ensure that setuptools is installed in the traditional way (e.g. not an editable install), and/or make sure that setuptools is always imported before distutils.
[2023-12-28T20:54:58.646+0500] {subprocess.py:93} INFO -   warnings.warn(
[2023-12-28T20:54:58.646+0500] {subprocess.py:93} INFO - /home/kda/ML_lab3/MLops_lab3/lab3/lib/python3.10/site-packages/_distutils_hack/__init__.py:33: UserWarning: Setuptools is replacing distutils.
[2023-12-28T20:54:58.646+0500] {subprocess.py:93} INFO -   warnings.warn("Setuptools is replacing distutils.")
[2023-12-28T20:54:58.705+0500] {subprocess.py:93} INFO - Registered model 'tree' already exists. Creating a new version of this model...
[2023-12-28T20:54:58.747+0500] {subprocess.py:93} INFO - 2023/12/28 20:54:58 INFO mlflow.store.model_registry.abstract_store: Waiting up to 300 seconds for model version to finish creation. Model name: tree, version 71
[2023-12-28T20:54:58.747+0500] {subprocess.py:93} INFO - Created version '71' of model 'tree'.
[2023-12-28T20:55:15.422+0500] {subprocess.py:93} INFO - /home/kda/ML_lab3/MLops_lab3/lab3/lib/python3.10/site-packages/_distutils_hack/__init__.py:18: UserWarning: Distutils was imported before Setuptools, but importing Setuptools also replaces the `distutils` module in `sys.modules`. This may lead to undesirable behaviors or errors. To avoid these issues, avoid using distutils directly, ensure that setuptools is installed in the traditional way (e.g. not an editable install), and/or make sure that setuptools is always imported before distutils.
[2023-12-28T20:55:15.422+0500] {subprocess.py:93} INFO -   warnings.warn(
[2023-12-28T20:55:15.423+0500] {subprocess.py:93} INFO - /home/kda/ML_lab3/MLops_lab3/lab3/lib/python3.10/site-packages/_distutils_hack/__init__.py:33: UserWarning: Setuptools is replacing distutils.
[2023-12-28T20:55:15.423+0500] {subprocess.py:93} INFO -   warnings.warn("Setuptools is replacing distutils.")
[2023-12-28T20:55:15.598+0500] {subprocess.py:93} INFO - Registered model 'tree' already exists. Creating a new version of this model...
[2023-12-28T20:55:15.843+0500] {subprocess.py:93} INFO - 2023/12/28 20:55:15 INFO mlflow.store.model_registry.abstract_store: Waiting up to 300 seconds for model version to finish creation. Model name: tree, version 72
[2023-12-28T20:55:15.843+0500] {subprocess.py:93} INFO - Created version '72' of model 'tree'.
[2023-12-28T20:55:45.092+0500] {subprocess.py:93} INFO - /home/kda/ML_lab3/MLops_lab3/lab3/lib/python3.10/site-packages/_distutils_hack/__init__.py:18: UserWarning: Distutils was imported before Setuptools, but importing Setuptools also replaces the `distutils` module in `sys.modules`. This may lead to undesirable behaviors or errors. To avoid these issues, avoid using distutils directly, ensure that setuptools is installed in the traditional way (e.g. not an editable install), and/or make sure that setuptools is always imported before distutils.
[2023-12-28T20:55:45.097+0500] {subprocess.py:93} INFO -   warnings.warn(
[2023-12-28T20:55:45.098+0500] {subprocess.py:93} INFO - /home/kda/ML_lab3/MLops_lab3/lab3/lib/python3.10/site-packages/_distutils_hack/__init__.py:33: UserWarning: Setuptools is replacing distutils.
[2023-12-28T20:55:45.098+0500] {subprocess.py:93} INFO -   warnings.warn("Setuptools is replacing distutils.")
[2023-12-28T20:55:45.295+0500] {subprocess.py:93} INFO - Registered model 'tree' already exists. Creating a new version of this model...
[2023-12-28T20:55:45.497+0500] {subprocess.py:93} INFO - 2023/12/28 20:55:45 INFO mlflow.store.model_registry.abstract_store: Waiting up to 300 seconds for model version to finish creation. Model name: tree, version 73
[2023-12-28T20:55:45.498+0500] {subprocess.py:93} INFO - Created version '73' of model 'tree'.
[2023-12-28T20:56:16.938+0500] {subprocess.py:93} INFO - /home/kda/ML_lab3/MLops_lab3/lab3/lib/python3.10/site-packages/_distutils_hack/__init__.py:18: UserWarning: Distutils was imported before Setuptools, but importing Setuptools also replaces the `distutils` module in `sys.modules`. This may lead to undesirable behaviors or errors. To avoid these issues, avoid using distutils directly, ensure that setuptools is installed in the traditional way (e.g. not an editable install), and/or make sure that setuptools is always imported before distutils.
[2023-12-28T20:56:16.944+0500] {subprocess.py:93} INFO -   warnings.warn(
[2023-12-28T20:56:16.944+0500] {subprocess.py:93} INFO - /home/kda/ML_lab3/MLops_lab3/lab3/lib/python3.10/site-packages/_distutils_hack/__init__.py:33: UserWarning: Setuptools is replacing distutils.
[2023-12-28T20:56:16.944+0500] {subprocess.py:93} INFO -   warnings.warn("Setuptools is replacing distutils.")
[2023-12-28T20:56:17.242+0500] {subprocess.py:93} INFO - Registered model 'tree' already exists. Creating a new version of this model...
[2023-12-28T20:56:17.379+0500] {subprocess.py:93} INFO - 2023/12/28 20:56:17 INFO mlflow.store.model_registry.abstract_store: Waiting up to 300 seconds for model version to finish creation. Model name: tree, version 74
[2023-12-28T20:56:17.380+0500] {subprocess.py:93} INFO - Created version '74' of model 'tree'.
[2023-12-28T20:56:40.161+0500] {subprocess.py:93} INFO - /home/kda/ML_lab3/MLops_lab3/lab3/lib/python3.10/site-packages/_distutils_hack/__init__.py:18: UserWarning: Distutils was imported before Setuptools, but importing Setuptools also replaces the `distutils` module in `sys.modules`. This may lead to undesirable behaviors or errors. To avoid these issues, avoid using distutils directly, ensure that setuptools is installed in the traditional way (e.g. not an editable install), and/or make sure that setuptools is always imported before distutils.
[2023-12-28T20:56:40.195+0500] {subprocess.py:93} INFO -   warnings.warn(
[2023-12-28T20:56:40.196+0500] {subprocess.py:93} INFO - /home/kda/ML_lab3/MLops_lab3/lab3/lib/python3.10/site-packages/_distutils_hack/__init__.py:33: UserWarning: Setuptools is replacing distutils.
[2023-12-28T20:56:40.196+0500] {subprocess.py:93} INFO -   warnings.warn("Setuptools is replacing distutils.")
[2023-12-28T20:56:40.422+0500] {subprocess.py:93} INFO - Registered model 'tree' already exists. Creating a new version of this model...
[2023-12-28T20:56:40.559+0500] {subprocess.py:93} INFO - 2023/12/28 20:56:40 INFO mlflow.store.model_registry.abstract_store: Waiting up to 300 seconds for model version to finish creation. Model name: tree, version 75
[2023-12-28T20:56:40.560+0500] {subprocess.py:93} INFO - Created version '75' of model 'tree'.
[2023-12-28T20:57:07.356+0500] {subprocess.py:93} INFO - /home/kda/ML_lab3/MLops_lab3/lab3/lib/python3.10/site-packages/_distutils_hack/__init__.py:18: UserWarning: Distutils was imported before Setuptools, but importing Setuptools also replaces the `distutils` module in `sys.modules`. This may lead to undesirable behaviors or errors. To avoid these issues, avoid using distutils directly, ensure that setuptools is installed in the traditional way (e.g. not an editable install), and/or make sure that setuptools is always imported before distutils.
[2023-12-28T20:57:07.359+0500] {subprocess.py:93} INFO -   warnings.warn(
[2023-12-28T20:57:07.360+0500] {subprocess.py:93} INFO - /home/kda/ML_lab3/MLops_lab3/lab3/lib/python3.10/site-packages/_distutils_hack/__init__.py:33: UserWarning: Setuptools is replacing distutils.
[2023-12-28T20:57:07.360+0500] {subprocess.py:93} INFO -   warnings.warn("Setuptools is replacing distutils.")
[2023-12-28T20:57:07.555+0500] {subprocess.py:93} INFO - Registered model 'tree' already exists. Creating a new version of this model...
[2023-12-28T20:57:07.689+0500] {subprocess.py:93} INFO - 2023/12/28 20:57:07 INFO mlflow.store.model_registry.abstract_store: Waiting up to 300 seconds for model version to finish creation. Model name: tree, version 76
[2023-12-28T20:57:07.689+0500] {subprocess.py:93} INFO - Created version '76' of model 'tree'.
[2023-12-28T20:57:28.172+0500] {subprocess.py:93} INFO - /home/kda/ML_lab3/MLops_lab3/lab3/lib/python3.10/site-packages/_distutils_hack/__init__.py:18: UserWarning: Distutils was imported before Setuptools, but importing Setuptools also replaces the `distutils` module in `sys.modules`. This may lead to undesirable behaviors or errors. To avoid these issues, avoid using distutils directly, ensure that setuptools is installed in the traditional way (e.g. not an editable install), and/or make sure that setuptools is always imported before distutils.
[2023-12-28T20:57:28.194+0500] {subprocess.py:93} INFO -   warnings.warn(
[2023-12-28T20:57:28.196+0500] {subprocess.py:93} INFO - /home/kda/ML_lab3/MLops_lab3/lab3/lib/python3.10/site-packages/_distutils_hack/__init__.py:33: UserWarning: Setuptools is replacing distutils.
[2023-12-28T20:57:28.202+0500] {subprocess.py:93} INFO -   warnings.warn("Setuptools is replacing distutils.")
[2023-12-28T20:57:28.297+0500] {subprocess.py:93} INFO - Registered model 'tree' already exists. Creating a new version of this model...
[2023-12-28T20:57:28.364+0500] {subprocess.py:93} INFO - 2023/12/28 20:57:28 INFO mlflow.store.model_registry.abstract_store: Waiting up to 300 seconds for model version to finish creation. Model name: tree, version 77
[2023-12-28T20:57:28.366+0500] {subprocess.py:93} INFO - Created version '77' of model 'tree'.
[2023-12-28T20:57:52.337+0500] {subprocess.py:93} INFO - /home/kda/ML_lab3/MLops_lab3/lab3/lib/python3.10/site-packages/_distutils_hack/__init__.py:18: UserWarning: Distutils was imported before Setuptools, but importing Setuptools also replaces the `distutils` module in `sys.modules`. This may lead to undesirable behaviors or errors. To avoid these issues, avoid using distutils directly, ensure that setuptools is installed in the traditional way (e.g. not an editable install), and/or make sure that setuptools is always imported before distutils.
[2023-12-28T20:57:52.344+0500] {subprocess.py:93} INFO -   warnings.warn(
[2023-12-28T20:57:52.345+0500] {subprocess.py:93} INFO - /home/kda/ML_lab3/MLops_lab3/lab3/lib/python3.10/site-packages/_distutils_hack/__init__.py:33: UserWarning: Setuptools is replacing distutils.
[2023-12-28T20:57:52.345+0500] {subprocess.py:93} INFO -   warnings.warn("Setuptools is replacing distutils.")
[2023-12-28T20:57:52.631+0500] {subprocess.py:93} INFO - Registered model 'tree' already exists. Creating a new version of this model...
[2023-12-28T20:57:52.727+0500] {subprocess.py:93} INFO - 2023/12/28 20:57:52 INFO mlflow.store.model_registry.abstract_store: Waiting up to 300 seconds for model version to finish creation. Model name: tree, version 78
[2023-12-28T20:57:52.727+0500] {subprocess.py:93} INFO - Created version '78' of model 'tree'.
[2023-12-28T20:58:09.118+0500] {subprocess.py:93} INFO - /home/kda/ML_lab3/MLops_lab3/lab3/lib/python3.10/site-packages/_distutils_hack/__init__.py:18: UserWarning: Distutils was imported before Setuptools, but importing Setuptools also replaces the `distutils` module in `sys.modules`. This may lead to undesirable behaviors or errors. To avoid these issues, avoid using distutils directly, ensure that setuptools is installed in the traditional way (e.g. not an editable install), and/or make sure that setuptools is always imported before distutils.
[2023-12-28T20:58:09.125+0500] {subprocess.py:93} INFO -   warnings.warn(
[2023-12-28T20:58:09.125+0500] {subprocess.py:93} INFO - /home/kda/ML_lab3/MLops_lab3/lab3/lib/python3.10/site-packages/_distutils_hack/__init__.py:33: UserWarning: Setuptools is replacing distutils.
[2023-12-28T20:58:09.125+0500] {subprocess.py:93} INFO -   warnings.warn("Setuptools is replacing distutils.")
[2023-12-28T20:58:09.411+0500] {subprocess.py:93} INFO - Registered model 'tree' already exists. Creating a new version of this model...
[2023-12-28T20:58:09.494+0500] {subprocess.py:93} INFO - 2023/12/28 20:58:09 INFO mlflow.store.model_registry.abstract_store: Waiting up to 300 seconds for model version to finish creation. Model name: tree, version 79
[2023-12-28T20:58:09.495+0500] {subprocess.py:93} INFO - Created version '79' of model 'tree'.
[2023-12-28T20:58:36.989+0500] {subprocess.py:93} INFO - /home/kda/ML_lab3/MLops_lab3/lab3/lib/python3.10/site-packages/_distutils_hack/__init__.py:18: UserWarning: Distutils was imported before Setuptools, but importing Setuptools also replaces the `distutils` module in `sys.modules`. This may lead to undesirable behaviors or errors. To avoid these issues, avoid using distutils directly, ensure that setuptools is installed in the traditional way (e.g. not an editable install), and/or make sure that setuptools is always imported before distutils.
[2023-12-28T20:58:36.995+0500] {subprocess.py:93} INFO -   warnings.warn(
[2023-12-28T20:58:36.995+0500] {subprocess.py:93} INFO - /home/kda/ML_lab3/MLops_lab3/lab3/lib/python3.10/site-packages/_distutils_hack/__init__.py:33: UserWarning: Setuptools is replacing distutils.
[2023-12-28T20:58:36.995+0500] {subprocess.py:93} INFO -   warnings.warn("Setuptools is replacing distutils.")
[2023-12-28T20:58:37.220+0500] {subprocess.py:93} INFO - Registered model 'tree' already exists. Creating a new version of this model...
[2023-12-28T20:58:37.320+0500] {subprocess.py:93} INFO - 2023/12/28 20:58:37 INFO mlflow.store.model_registry.abstract_store: Waiting up to 300 seconds for model version to finish creation. Model name: tree, version 80
[2023-12-28T20:58:37.320+0500] {subprocess.py:93} INFO - Created version '80' of model 'tree'.
[2023-12-28T20:59:07.050+0500] {subprocess.py:93} INFO - /home/kda/ML_lab3/MLops_lab3/lab3/lib/python3.10/site-packages/_distutils_hack/__init__.py:18: UserWarning: Distutils was imported before Setuptools, but importing Setuptools also replaces the `distutils` module in `sys.modules`. This may lead to undesirable behaviors or errors. To avoid these issues, avoid using distutils directly, ensure that setuptools is installed in the traditional way (e.g. not an editable install), and/or make sure that setuptools is always imported before distutils.
[2023-12-28T20:59:07.054+0500] {subprocess.py:93} INFO -   warnings.warn(
[2023-12-28T20:59:07.054+0500] {subprocess.py:93} INFO - /home/kda/ML_lab3/MLops_lab3/lab3/lib/python3.10/site-packages/_distutils_hack/__init__.py:33: UserWarning: Setuptools is replacing distutils.
[2023-12-28T20:59:07.054+0500] {subprocess.py:93} INFO -   warnings.warn("Setuptools is replacing distutils.")
[2023-12-28T20:59:07.282+0500] {subprocess.py:93} INFO - Registered model 'tree' already exists. Creating a new version of this model...
[2023-12-28T20:59:07.341+0500] {subprocess.py:93} INFO - 2023/12/28 20:59:07 INFO mlflow.store.model_registry.abstract_store: Waiting up to 300 seconds for model version to finish creation. Model name: tree, version 81
[2023-12-28T20:59:07.341+0500] {subprocess.py:93} INFO - Created version '81' of model 'tree'.
[2023-12-28T20:59:41.707+0500] {subprocess.py:93} INFO - /home/kda/ML_lab3/MLops_lab3/lab3/lib/python3.10/site-packages/_distutils_hack/__init__.py:18: UserWarning: Distutils was imported before Setuptools, but importing Setuptools also replaces the `distutils` module in `sys.modules`. This may lead to undesirable behaviors or errors. To avoid these issues, avoid using distutils directly, ensure that setuptools is installed in the traditional way (e.g. not an editable install), and/or make sure that setuptools is always imported before distutils.
[2023-12-28T20:59:41.810+0500] {subprocess.py:93} INFO -   warnings.warn(
[2023-12-28T20:59:41.900+0500] {subprocess.py:93} INFO - /home/kda/ML_lab3/MLops_lab3/lab3/lib/python3.10/site-packages/_distutils_hack/__init__.py:33: UserWarning: Setuptools is replacing distutils.
[2023-12-28T20:59:41.901+0500] {subprocess.py:93} INFO -   warnings.warn("Setuptools is replacing distutils.")
[2023-12-28T20:59:43.063+0500] {subprocess.py:93} INFO - Registered model 'tree' already exists. Creating a new version of this model...
[2023-12-28T20:59:44.228+0500] {subprocess.py:93} INFO - 2023/12/28 20:59:44 INFO mlflow.store.model_registry.abstract_store: Waiting up to 300 seconds for model version to finish creation. Model name: tree, version 82
[2023-12-28T20:59:44.228+0500] {subprocess.py:93} INFO - Created version '82' of model 'tree'.
[2023-12-28T21:00:20.312+0500] {subprocess.py:93} INFO - /home/kda/ML_lab3/MLops_lab3/lab3/lib/python3.10/site-packages/_distutils_hack/__init__.py:18: UserWarning: Distutils was imported before Setuptools, but importing Setuptools also replaces the `distutils` module in `sys.modules`. This may lead to undesirable behaviors or errors. To avoid these issues, avoid using distutils directly, ensure that setuptools is installed in the traditional way (e.g. not an editable install), and/or make sure that setuptools is always imported before distutils.
[2023-12-28T21:00:20.336+0500] {subprocess.py:93} INFO -   warnings.warn(
[2023-12-28T21:00:20.336+0500] {subprocess.py:93} INFO - /home/kda/ML_lab3/MLops_lab3/lab3/lib/python3.10/site-packages/_distutils_hack/__init__.py:33: UserWarning: Setuptools is replacing distutils.
[2023-12-28T21:00:20.339+0500] {subprocess.py:93} INFO -   warnings.warn("Setuptools is replacing distutils.")
[2023-12-28T21:00:21.284+0500] {subprocess.py:93} INFO - Registered model 'tree' already exists. Creating a new version of this model...
[2023-12-28T21:00:21.540+0500] {subprocess.py:93} INFO - 2023/12/28 21:00:21 INFO mlflow.store.model_registry.abstract_store: Waiting up to 300 seconds for model version to finish creation. Model name: tree, version 83
[2023-12-28T21:00:21.540+0500] {subprocess.py:93} INFO - Created version '83' of model 'tree'.
[2023-12-28T21:00:23.263+0500] {subprocess.py:93} INFO - <class 'pandas.core.frame.DataFrame'>
[2023-12-28T21:00:23.295+0500] {subprocess.py:93} INFO - RangeIndex: 704 entries, 0 to 703
[2023-12-28T21:00:23.296+0500] {subprocess.py:93} INFO - Columns: 220 entries, Price (in USD) to i8
[2023-12-28T21:00:23.296+0500] {subprocess.py:93} INFO - dtypes: bool(212), float64(2), int64(6)
[2023-12-28T21:00:23.296+0500] {subprocess.py:93} INFO - memory usage: 189.9 KB
[2023-12-28T21:00:23.296+0500] {subprocess.py:93} INFO - {'max_depth': 10, 'max_features': 10, 'min_samples_leaf': 5}
[2023-12-28T21:00:23.296+0500] {subprocess.py:93} INFO - 0.1434659090909091
[2023-12-28T21:00:23.296+0500] {subprocess.py:93} INFO - {'max_depth': 10, 'max_features': 10, 'min_samples_leaf': 10}
[2023-12-28T21:00:23.296+0500] {subprocess.py:93} INFO - 0.04261363636363636
[2023-12-28T21:00:23.296+0500] {subprocess.py:93} INFO - {'max_depth': 10, 'max_features': 10, 'min_samples_leaf': 15}
[2023-12-28T21:00:23.296+0500] {subprocess.py:93} INFO - 0.04261363636363636
[2023-12-28T21:00:23.296+0500] {subprocess.py:93} INFO - {'max_depth': 10, 'max_features': 20, 'min_samples_leaf': 5}
[2023-12-28T21:00:23.297+0500] {subprocess.py:93} INFO - 0.2159090909090909
[2023-12-28T21:00:23.298+0500] {subprocess.py:93} INFO - {'max_depth': 10, 'max_features': 20, 'min_samples_leaf': 10}
[2023-12-28T21:00:23.298+0500] {subprocess.py:93} INFO - 0.1590909090909091
[2023-12-28T21:00:23.298+0500] {subprocess.py:93} INFO - {'max_depth': 10, 'max_features': 20, 'min_samples_leaf': 15}
[2023-12-28T21:00:23.298+0500] {subprocess.py:93} INFO - 0.20880681818181818
[2023-12-28T21:00:23.298+0500] {subprocess.py:93} INFO - {'max_depth': 10, 'max_features': 30, 'min_samples_leaf': 5}
[2023-12-28T21:00:23.298+0500] {subprocess.py:93} INFO - 0.2059659090909091
[2023-12-28T21:00:23.298+0500] {subprocess.py:93} INFO - {'max_depth': 10, 'max_features': 30, 'min_samples_leaf': 10}
[2023-12-28T21:00:23.298+0500] {subprocess.py:93} INFO - 0.2059659090909091
[2023-12-28T21:00:23.298+0500] {subprocess.py:93} INFO - {'max_depth': 10, 'max_features': 30, 'min_samples_leaf': 15}
[2023-12-28T21:00:23.298+0500] {subprocess.py:93} INFO - 0.20738636363636365
[2023-12-28T21:00:23.298+0500] {subprocess.py:93} INFO - {'max_depth': 20, 'max_features': 10, 'min_samples_leaf': 5}
[2023-12-28T21:00:23.298+0500] {subprocess.py:93} INFO - 0.21875
[2023-12-28T21:00:23.298+0500] {subprocess.py:93} INFO - {'max_depth': 20, 'max_features': 10, 'min_samples_leaf': 10}
[2023-12-28T21:00:23.298+0500] {subprocess.py:93} INFO - 0.06818181818181818
[2023-12-28T21:00:23.299+0500] {subprocess.py:93} INFO - {'max_depth': 20, 'max_features': 10, 'min_samples_leaf': 15}
[2023-12-28T21:00:23.299+0500] {subprocess.py:93} INFO - 0.032670454545454544
[2023-12-28T21:00:23.299+0500] {subprocess.py:93} INFO - {'max_depth': 20, 'max_features': 20, 'min_samples_leaf': 5}
[2023-12-28T21:00:23.299+0500] {subprocess.py:93} INFO - 0.2869318181818182
[2023-12-28T21:00:23.299+0500] {subprocess.py:93} INFO - {'max_depth': 20, 'max_features': 20, 'min_samples_leaf': 10}
[2023-12-28T21:00:23.299+0500] {subprocess.py:93} INFO - 0.24005681818181818
[2023-12-28T21:00:23.299+0500] {subprocess.py:93} INFO - {'max_depth': 20, 'max_features': 20, 'min_samples_leaf': 15}
[2023-12-28T21:00:23.299+0500] {subprocess.py:93} INFO - 0.23863636363636365
[2023-12-28T21:00:23.299+0500] {subprocess.py:93} INFO - {'max_depth': 20, 'max_features': 30, 'min_samples_leaf': 5}
[2023-12-28T21:00:23.299+0500] {subprocess.py:93} INFO - 0.32670454545454547
[2023-12-28T21:00:23.299+0500] {subprocess.py:93} INFO - {'max_depth': 20, 'max_features': 30, 'min_samples_leaf': 10}
[2023-12-28T21:00:23.299+0500] {subprocess.py:93} INFO - 0.29261363636363635
[2023-12-28T21:00:23.299+0500] {subprocess.py:93} INFO - {'max_depth': 20, 'max_features': 30, 'min_samples_leaf': 15}
[2023-12-28T21:00:23.300+0500] {subprocess.py:93} INFO - 0.26420454545454547
[2023-12-28T21:00:23.300+0500] {subprocess.py:93} INFO - {'max_depth': 30, 'max_features': 10, 'min_samples_leaf': 5}
[2023-12-28T21:00:23.300+0500] {subprocess.py:93} INFO - 0.14914772727272727
[2023-12-28T21:00:23.300+0500] {subprocess.py:93} INFO - {'max_depth': 30, 'max_features': 10, 'min_samples_leaf': 10}
[2023-12-28T21:00:23.300+0500] {subprocess.py:93} INFO - 0.17329545454545456
[2023-12-28T21:00:23.300+0500] {subprocess.py:93} INFO - {'max_depth': 30, 'max_features': 10, 'min_samples_leaf': 15}
[2023-12-28T21:00:23.300+0500] {subprocess.py:93} INFO - 0.11079545454545454
[2023-12-28T21:00:23.300+0500] {subprocess.py:93} INFO - {'max_depth': 30, 'max_features': 20, 'min_samples_leaf': 5}
[2023-12-28T21:00:23.300+0500] {subprocess.py:93} INFO - 0.3622159090909091
[2023-12-28T21:00:23.300+0500] {subprocess.py:93} INFO - {'max_depth': 30, 'max_features': 20, 'min_samples_leaf': 10}
[2023-12-28T21:00:23.300+0500] {subprocess.py:93} INFO - 0.26704545454545453
[2023-12-28T21:00:23.305+0500] {subprocess.py:93} INFO - {'max_depth': 30, 'max_features': 20, 'min_samples_leaf': 15}
[2023-12-28T21:00:23.305+0500] {subprocess.py:93} INFO - 0.2585227272727273
[2023-12-28T21:00:23.306+0500] {subprocess.py:93} INFO - {'max_depth': 30, 'max_features': 30, 'min_samples_leaf': 5}
[2023-12-28T21:00:23.309+0500] {subprocess.py:93} INFO - 0.37357954545454547
[2023-12-28T21:00:23.309+0500] {subprocess.py:93} INFO - {'max_depth': 30, 'max_features': 30, 'min_samples_leaf': 10}
[2023-12-28T21:00:23.309+0500] {subprocess.py:93} INFO - 0.31107954545454547
[2023-12-28T21:00:23.310+0500] {subprocess.py:93} INFO - {'max_depth': 30, 'max_features': 30, 'min_samples_leaf': 15}
[2023-12-28T21:00:23.310+0500] {subprocess.py:93} INFO - 0.21732954545454544
[2023-12-28T21:00:23.310+0500] {subprocess.py:93} INFO -     metrics.score  ...                            run_id
[2023-12-28T21:00:23.310+0500] {subprocess.py:93} INFO - 0        0.416193  ...  d4cd2fd39609494184aa60d4fc83de68
[2023-12-28T21:00:23.310+0500] {subprocess.py:93} INFO - 1        0.399148  ...  872793dabec244b1ad84baf4ac630402
[2023-12-28T21:00:23.312+0500] {subprocess.py:93} INFO - 2        0.394886  ...  0116c6bd1bee4500bd9619e05bb38483
[2023-12-28T21:00:23.312+0500] {subprocess.py:93} INFO - 3        0.373580  ...  8160ec62ddab4ed89b4a7b2cc17fecc6
[2023-12-28T21:00:23.312+0500] {subprocess.py:93} INFO - 4        0.362216  ...  c6447abef4e14236aab1d774b5369f83
[2023-12-28T21:00:23.312+0500] {subprocess.py:93} INFO - ..            ...  ...                               ...
[2023-12-28T21:00:23.313+0500] {subprocess.py:93} INFO - 79       0.042614  ...  bd807d8692d84d54b1342056e3aa8679
[2023-12-28T21:00:23.315+0500] {subprocess.py:93} INFO - 80       0.042614  ...  e5ef62d588d0496ab5e3789ad6056d85
[2023-12-28T21:00:23.315+0500] {subprocess.py:93} INFO - 81       0.032670  ...  8f8499080ac54a66ab4f6f02e9ef11b8
[2023-12-28T21:00:23.315+0500] {subprocess.py:93} INFO - 82            NaN  ...  138383f39cc54cc5b0e2082b5628c0b7
[2023-12-28T21:00:23.315+0500] {subprocess.py:93} INFO - 83            NaN  ...  4707cc78062044caa3044ae269131a5a
[2023-12-28T21:00:23.318+0500] {subprocess.py:93} INFO - 
[2023-12-28T21:00:23.318+0500] {subprocess.py:93} INFO - [84 rows x 5 columns]
[2023-12-28T21:00:23.318+0500] {subprocess.py:93} INFO -      Price (in USD)  Unnamed: 0.2  Unnamed: 0.1  ...  Z4 M40i  Z4 Roadster     i8
[2023-12-28T21:00:23.318+0500] {subprocess.py:93} INFO - 0             67600           912           912  ...    False        False  False
[2023-12-28T21:00:23.318+0500] {subprocess.py:93} INFO - 1             81250           843           843  ...    False        False  False
[2023-12-28T21:00:23.318+0500] {subprocess.py:93} INFO - 2             69000           293           293  ...    False        False  False
[2023-12-28T21:00:23.318+0500] {subprocess.py:93} INFO - 3            180000           554           554  ...    False        False  False
[2023-12-28T21:00:23.319+0500] {subprocess.py:93} INFO - 4             64695           581           581  ...    False        False  False
[2023-12-28T21:00:23.319+0500] {subprocess.py:93} INFO - ..              ...           ...           ...  ...      ...          ...    ...
[2023-12-28T21:00:23.319+0500] {subprocess.py:93} INFO - 298          250000           951           951  ...    False        False  False
[2023-12-28T21:00:23.319+0500] {subprocess.py:93} INFO - 299         2600000           523           523  ...    False        False  False
[2023-12-28T21:00:23.319+0500] {subprocess.py:93} INFO - 300          103500            61            61  ...    False        False  False
[2023-12-28T21:00:23.319+0500] {subprocess.py:93} INFO - 301          157500           355           355  ...    False        False  False
[2023-12-28T21:00:23.319+0500] {subprocess.py:93} INFO - 302          200000           335           335  ...    False        False  False
[2023-12-28T21:00:23.319+0500] {subprocess.py:93} INFO - 
[2023-12-28T21:00:23.319+0500] {subprocess.py:93} INFO - [303 rows x 220 columns]
[2023-12-28T21:01:22.571+0500] {subprocess.py:97} INFO - Command exited with return code 0
[2023-12-28T21:01:28.168+0500] {taskinstance.py:1400} INFO - Marking task as SUCCESS. dag_id=KOH, task_id=evaluate, execution_date=20231228T154605, start_date=20231228T155335, end_date=20231228T160128
[2023-12-28T21:01:29.981+0500] {local_task_job_runner.py:228} INFO - Task exited with return code 0
[2023-12-28T21:01:31.574+0500] {taskinstance.py:2778} INFO - 0 downstream tasks scheduled from follow-on schedule check
