[2023-12-26T22:58:41.487+0500] {taskinstance.py:1159} INFO - Dependencies all met for dep_context=non-requeueable deps ti=<TaskInstance: KOH.get_data manual__2023-12-26T17:58:14.599362+00:00 [queued]>
[2023-12-26T22:58:41.497+0500] {taskinstance.py:1159} INFO - Dependencies all met for dep_context=requeueable deps ti=<TaskInstance: KOH.get_data manual__2023-12-26T17:58:14.599362+00:00 [queued]>
[2023-12-26T22:58:41.498+0500] {taskinstance.py:1361} INFO - Starting attempt 1 of 2
[2023-12-26T22:58:41.592+0500] {taskinstance.py:1382} INFO - Executing <Task(BashOperator): get_data> on 2023-12-26 17:58:14.599362+00:00
[2023-12-26T22:58:41.600+0500] {standard_task_runner.py:57} INFO - Started process 11707 to run task
[2023-12-26T22:58:41.608+0500] {standard_task_runner.py:84} INFO - Running: ['airflow', 'tasks', 'run', 'KOH', 'get_data', 'manual__2023-12-26T17:58:14.599362+00:00', '--job-id', '65', '--raw', '--subdir', 'DAGS_FOLDER/text.py', '--cfg-path', '/tmp/tmpmmo4qnvm']
[2023-12-26T22:58:41.609+0500] {standard_task_runner.py:85} INFO - Job 65: Subtask get_data
[2023-12-26T22:58:41.758+0500] {task_command.py:416} INFO - Running <TaskInstance: KOH.get_data manual__2023-12-26T17:58:14.599362+00:00 [running]> on host vm2.myguest.virtualbox.org
[2023-12-26T22:58:42.014+0500] {taskinstance.py:1662} INFO - Exporting env vars: AIRFLOW_CTX_DAG_OWNER='Admin' AIRFLOW_CTX_DAG_ID='KOH' AIRFLOW_CTX_TASK_ID='get_data' AIRFLOW_CTX_EXECUTION_DATE='2023-12-26T17:58:14.599362+00:00' AIRFLOW_CTX_TRY_NUMBER='1' AIRFLOW_CTX_DAG_RUN_ID='manual__2023-12-26T17:58:14.599362+00:00'
[2023-12-26T22:58:42.023+0500] {subprocess.py:63} INFO - Tmp dir root location: /tmp
[2023-12-26T22:58:42.026+0500] {subprocess.py:75} INFO - Running command: ['/usr/bin/bash', '-c', 'cd /home/kda/ML_lab3/MLops_lab3/datasets && gdown 1X-mGhWO8DwPLljP1e0gkdAloD-GL8SLq']
[2023-12-26T22:58:42.048+0500] {subprocess.py:86} INFO - Output:
[2023-12-26T22:58:44.689+0500] {subprocess.py:93} INFO - Downloading...
[2023-12-26T22:58:44.689+0500] {subprocess.py:93} INFO - From: https://drive.google.com/uc?id=1X-mGhWO8DwPLljP1e0gkdAloD-GL8SLq
[2023-12-26T22:58:44.691+0500] {subprocess.py:93} INFO - To: /home/kda/ML_lab3/MLops_lab3/datasets/Sport_car_price.csv
[2023-12-26T22:58:44.779+0500] {subprocess.py:93} INFO -   0%|          | 0.00/49.2k [00:00<?, ?B/s]100%|##########| 49.2k/49.2k [00:00<00:00, 7.40MB/s]
[2023-12-26T22:58:44.876+0500] {subprocess.py:97} INFO - Command exited with return code 0
[2023-12-26T22:58:44.988+0500] {taskinstance.py:1400} INFO - Marking task as SUCCESS. dag_id=KOH, task_id=get_data, execution_date=20231226T175814, start_date=20231226T175841, end_date=20231226T175844
[2023-12-26T22:58:45.127+0500] {local_task_job_runner.py:228} INFO - Task exited with return code 0
[2023-12-26T22:58:45.179+0500] {taskinstance.py:2778} INFO - 1 downstream tasks scheduled from follow-on schedule check
